<?xml version="1.0" encoding="UTF-8"?>
<coverage generated="1637497888550" clover="3.2.0">
  <project timestamp="1637497888550" name="All files">
    <metrics statements="2123" coveredstatements="1528" conditionals="1495" coveredconditionals="766" methods="341" coveredmethods="263" elements="3959" coveredelements="2557" complexity="0" loc="2123" ncloc="2123" packages="5" files="9" classes="9"/>
    <package name="range-slider-fox">
      <metrics statements="39" coveredstatements="34" conditionals="32" coveredconditionals="15" methods="10" coveredmethods="9"/>
      <file name="observer.ts" path="E:\OSPanel\domains\MetaLamp_four_task\src\plugins\range-slider-fox\observer.ts">
        <metrics statements="30" coveredstatements="25" conditionals="30" coveredconditionals="14" methods="8" coveredmethods="7"/>
        <line num="2" count="4" type="cond" truecount="3" falsecount="0"/>
        <line num="3" count="115" type="cond" truecount="4" falsecount="0"/>
        <line num="4" count="115" type="cond" truecount="1" falsecount="1"/>
        <line num="5" count="0" type="cond" truecount="0" falsecount="4"/>
        <line num="7" count="0" type="cond" truecount="0" falsecount="4"/>
        <line num="8" count="0" type="cond" truecount="0" falsecount="2"/>
        <line num="11" count="0" type="cond" truecount="0" falsecount="2"/>
        <line num="13" count="4" type="stmt"/>
        <line num="14" count="4" type="stmt"/>
        <line num="15" count="4" type="stmt"/>
        <line num="17" count="17" type="stmt"/>
        <line num="19" count="4" type="stmt"/>
        <line num="20" count="53" type="cond" truecount="2" falsecount="0"/>
        <line num="21" count="52" type="stmt"/>
        <line num="22" count="52" type="stmt"/>
        <line num="24" count="1" type="stmt"/>
        <line num="26" count="4" type="stmt"/>
        <line num="27" count="3" type="stmt"/>
        <line num="28" count="2" type="stmt"/>
        <line num="30" count="4" type="stmt"/>
        <line num="32" count="115" type="stmt"/>
        <line num="33" count="115" type="stmt"/>
        <line num="34" count="631" type="stmt"/>
        <line num="35" count="631" type="stmt"/>
        <line num="38" count="0" type="stmt"/>
        <line num="40" count="115" type="stmt"/>
        <line num="41" count="115" type="cond" truecount="3" falsecount="2"/>
        <line num="43" count="115" type="cond" truecount="1" falsecount="1"/>
        <line num="46" count="4" type="stmt"/>
        <line num="48" count="4" type="stmt"/>
      </file>
      <file name="range-slider-fox.ts" path="E:\OSPanel\domains\MetaLamp_four_task\src\plugins\range-slider-fox\range-slider-fox.ts">
        <metrics statements="9" coveredstatements="9" conditionals="2" coveredconditionals="1" methods="2" coveredmethods="2"/>
        <line num="2" count="2" type="stmt"/>
        <line num="3" count="2" type="stmt"/>
        <line num="4" count="2" type="stmt"/>
        <line num="5" count="2" type="stmt"/>
        <line num="6" count="2" type="stmt"/>
        <line num="7" count="2" type="cond" truecount="1" falsecount="1"/>
        <line num="8" count="2" type="stmt"/>
        <line num="12" count="2" type="stmt"/>
        <line num="13" count="2" type="stmt"/>
      </file>
    </package>
    <package name="range-slider-fox.mvc.controller">
      <metrics statements="311" coveredstatements="250" conditionals="219" coveredconditionals="135" methods="57" coveredmethods="53"/>
      <file name="controller.ts" path="E:\OSPanel\domains\MetaLamp_four_task\src\plugins\range-slider-fox\mvc\controller\controller.ts">
        <metrics statements="311" coveredstatements="250" conditionals="219" coveredconditionals="135" methods="57" coveredmethods="53"/>
        <line num="2" count="2" type="cond" truecount="3" falsecount="0"/>
        <line num="3" count="40" type="cond" truecount="2" falsecount="0"/>
        <line num="4" count="99" type="cond" truecount="2" falsecount="0"/>
        <line num="5" count="40" type="stmt"/>
        <line num="6" count="0" type="stmt"/>
        <line num="7" count="139" type="cond" truecount="2" falsecount="0"/>
        <line num="8" count="99" type="cond" truecount="2" falsecount="0"/>
        <line num="11" count="2" type="cond" truecount="3" falsecount="0"/>
        <line num="12" count="99" type="cond" truecount="1" falsecount="1"/>
        <line num="13" count="99" type="cond" truecount="2" falsecount="0"/>
        <line num="14" count="297" type="stmt"/>
        <line num="16" count="139" type="cond" truecount="1" falsecount="1"/>
        <line num="17" count="284" type="stmt"/>
        <line num="18" count="284" type="cond" truecount="2" falsecount="11"/>
        <line num="19" count="284" type="cond" truecount="1" falsecount="1"/>
        <line num="20" count="284" type="cond" truecount="4" falsecount="2"/>
        <line num="21" count="139" type="stmt"/>
        <line num="22" count="40" type="stmt"/>
        <line num="23" count="0" type="stmt"/>
        <line num="24" count="0" type="stmt"/>
        <line num="26" count="105" type="cond" truecount="6" falsecount="1"/>
        <line num="27" count="6" type="cond" truecount="3" falsecount="3"/>
        <line num="28" count="0" type="cond" truecount="0" falsecount="4"/>
        <line num="29" count="0" type="cond" truecount="0" falsecount="4"/>
        <line num="30" count="0" type="cond" truecount="0" falsecount="2"/>
        <line num="31" count="0" type="stmt"/>
        <line num="33" count="145" type="stmt"/>
        <line num="34" count="284" type="stmt"/>
        <line num="35" count="99" type="cond" truecount="2" falsecount="2"/>
        <line num="38" count="2" type="cond" truecount="3" falsecount="0"/>
        <line num="39" count="4" type="cond" truecount="4" falsecount="0"/>
        <line num="40" count="4" type="cond" truecount="1" falsecount="1"/>
        <line num="41" count="0" type="cond" truecount="0" falsecount="4"/>
        <line num="43" count="0" type="cond" truecount="0" falsecount="4"/>
        <line num="44" count="0" type="cond" truecount="0" falsecount="2"/>
        <line num="47" count="0" type="cond" truecount="0" falsecount="2"/>
        <line num="49" count="2" type="stmt"/>
        <line num="50" count="2" type="stmt"/>
        <line num="51" count="2" type="stmt"/>
        <line num="52" count="2" type="stmt"/>
        <line num="53" count="2" type="stmt"/>
        <line num="54" count="2" type="stmt"/>
        <line num="55" count="2" type="stmt"/>
        <line num="57" count="2" type="stmt"/>
        <line num="58" count="2" type="stmt"/>
        <line num="59" count="2" type="stmt"/>
        <line num="60" count="2" type="stmt"/>
        <line num="61" count="2" type="stmt"/>
        <line num="62" count="2" type="stmt"/>
        <line num="64" count="1" type="stmt"/>
        <line num="65" count="3" type="cond" truecount="3" falsecount="0"/>
        <line num="67" count="1" type="cond" truecount="1" falsecount="1"/>
        <line num="68" count="0" type="stmt"/>
        <line num="69" count="1" type="stmt"/>
        <line num="70" count="1" type="stmt"/>
        <line num="72" count="1" type="stmt"/>
        <line num="73" count="1" type="stmt"/>
        <line num="75" count="1" type="stmt"/>
        <line num="76" count="1" type="stmt"/>
        <line num="77" count="1" type="stmt"/>
        <line num="81" count="2" type="stmt"/>
        <line num="82" count="1" type="stmt"/>
        <line num="83" count="1" type="stmt"/>
        <line num="84" count="1" type="cond" truecount="2" falsecount="2"/>
        <line num="85" count="0" type="cond" truecount="0" falsecount="2"/>
        <line num="86" count="0" type="stmt"/>
        <line num="87" count="1" type="stmt"/>
        <line num="88" count="1" type="stmt"/>
        <line num="90" count="45" type="stmt"/>
        <line num="92" count="45" type="stmt"/>
        <line num="93" count="51" type="cond" truecount="3" falsecount="0"/>
        <line num="95" count="45" type="stmt"/>
        <line num="96" count="45" type="cond" truecount="2" falsecount="0"/>
        <line num="97" count="42" type="stmt"/>
        <line num="98" count="3" type="stmt"/>
        <line num="100" count="3" type="stmt"/>
        <line num="101" count="3" type="stmt"/>
        <line num="103" count="3" type="stmt"/>
        <line num="104" count="3" type="stmt"/>
        <line num="105" count="3" type="stmt"/>
        <line num="109" count="2" type="stmt"/>
        <line num="110" count="11" type="stmt"/>
        <line num="111" count="11" type="cond" truecount="1" falsecount="1"/>
        <line num="112" count="11" type="stmt"/>
        <line num="113" count="0" type="stmt"/>
        <line num="114" count="0" type="stmt"/>
        <line num="116" count="0" type="stmt"/>
        <line num="118" count="2" type="stmt"/>
        <line num="119" count="45" type="stmt"/>
        <line num="120" count="45" type="cond" truecount="2" falsecount="0"/>
        <line num="121" count="41" type="stmt"/>
        <line num="122" count="4" type="stmt"/>
        <line num="123" count="4" type="cond" truecount="2" falsecount="0"/>
        <line num="124" count="4" type="cond" truecount="1" falsecount="1"/>
        <line num="125" count="0" type="stmt"/>
        <line num="126" count="4" type="stmt"/>
        <line num="127" count="4" type="cond" truecount="2" falsecount="2"/>
        <line num="128" count="0" type="stmt"/>
        <line num="129" count="0" type="stmt"/>
        <line num="130" count="0" type="stmt"/>
        <line num="132" count="4" type="stmt"/>
        <line num="133" count="4" type="stmt"/>
        <line num="135" count="2" type="stmt"/>
        <line num="136" count="45" type="stmt"/>
        <line num="137" count="45" type="cond" truecount="2" falsecount="0"/>
        <line num="138" count="41" type="stmt"/>
        <line num="139" count="4" type="stmt"/>
        <line num="140" count="4" type="stmt"/>
        <line num="142" count="2" type="stmt"/>
        <line num="143" count="11" type="stmt"/>
        <line num="144" count="11" type="cond" truecount="1" falsecount="1"/>
        <line num="145" count="11" type="stmt"/>
        <line num="146" count="0" type="cond" truecount="0" falsecount="2"/>
        <line num="147" count="0" type="stmt"/>
        <line num="148" count="0" type="stmt"/>
        <line num="149" count="0" type="stmt"/>
        <line num="151" count="2" type="stmt"/>
        <line num="152" count="45" type="stmt"/>
        <line num="153" count="45" type="cond" truecount="2" falsecount="0"/>
        <line num="154" count="40" type="stmt"/>
        <line num="155" count="5" type="stmt"/>
        <line num="156" count="5" type="cond" truecount="2" falsecount="0"/>
        <line num="157" count="5" type="stmt"/>
        <line num="158" count="5" type="stmt"/>
        <line num="159" count="5" type="stmt"/>
        <line num="160" count="5" type="cond" truecount="2" falsecount="0"/>
        <line num="161" count="1" type="stmt"/>
        <line num="162" count="1" type="stmt"/>
        <line num="164" count="5" type="stmt"/>
        <line num="166" count="5" type="cond" truecount="4" falsecount="0"/>
        <line num="167" count="1" type="stmt"/>
        <line num="168" count="5" type="cond" truecount="2" falsecount="0"/>
        <line num="169" count="1" type="stmt"/>
        <line num="172" count="5" type="cond" truecount="2" falsecount="0"/>
        <line num="173" count="1" type="stmt"/>
        <line num="174" count="1" type="stmt"/>
        <line num="177" count="5" type="stmt"/>
        <line num="178" count="5" type="stmt"/>
        <line num="180" count="2" type="stmt"/>
        <line num="181" count="11" type="stmt"/>
        <line num="182" count="11" type="cond" truecount="1" falsecount="1"/>
        <line num="183" count="11" type="stmt"/>
        <line num="184" count="0" type="cond" truecount="0" falsecount="2"/>
        <line num="185" count="0" type="stmt"/>
        <line num="186" count="0" type="stmt"/>
        <line num="193" count="0" type="stmt"/>
        <line num="195" count="2" type="stmt"/>
        <line num="196" count="45" type="stmt"/>
        <line num="197" count="45" type="cond" truecount="2" falsecount="0"/>
        <line num="198" count="41" type="stmt"/>
        <line num="199" count="4" type="stmt"/>
        <line num="200" count="4" type="stmt"/>
        <line num="202" count="2" type="stmt"/>
        <line num="203" count="45" type="stmt"/>
        <line num="204" count="45" type="cond" truecount="2" falsecount="0"/>
        <line num="205" count="41" type="stmt"/>
        <line num="206" count="4" type="cond" truecount="2" falsecount="0"/>
        <line num="207" count="4" type="cond" truecount="2" falsecount="0"/>
        <line num="208" count="1" type="stmt"/>
        <line num="209" count="1" type="cond" truecount="1" falsecount="1"/>
        <line num="210" count="1" type="stmt"/>
        <line num="211" count="1" type="stmt"/>
        <line num="214" count="4" type="stmt"/>
        <line num="216" count="45" type="stmt"/>
        <line num="218" count="45" type="stmt"/>
        <line num="219" count="53" type="cond" truecount="3" falsecount="0"/>
        <line num="221" count="45" type="stmt"/>
        <line num="222" count="45" type="cond" truecount="2" falsecount="0"/>
        <line num="223" count="41" type="stmt"/>
        <line num="224" count="4" type="stmt"/>
        <line num="226" count="4" type="stmt"/>
        <line num="227" count="4" type="stmt"/>
        <line num="229" count="4" type="stmt"/>
        <line num="230" count="4" type="stmt"/>
        <line num="232" count="4" type="cond" truecount="1" falsecount="1"/>
        <line num="233" count="0" type="stmt"/>
        <line num="234" count="0" type="stmt"/>
        <line num="235" count="0" type="stmt"/>
        <line num="237" count="4" type="stmt"/>
        <line num="241" count="2" type="stmt"/>
        <line num="242" count="45" type="stmt"/>
        <line num="243" count="45" type="cond" truecount="2" falsecount="0"/>
        <line num="244" count="41" type="stmt"/>
        <line num="245" count="4" type="stmt"/>
        <line num="246" count="4" type="stmt"/>
        <line num="248" count="2" type="stmt"/>
        <line num="249" count="45" type="stmt"/>
        <line num="250" count="45" type="cond" truecount="2" falsecount="0"/>
        <line num="251" count="41" type="stmt"/>
        <line num="252" count="4" type="stmt"/>
        <line num="253" count="4" type="stmt"/>
        <line num="254" count="4" type="stmt"/>
        <line num="255" count="4" type="cond" truecount="2" falsecount="0"/>
        <line num="256" count="4" type="cond" truecount="2" falsecount="0"/>
        <line num="257" count="1" type="stmt"/>
        <line num="258" count="4" type="stmt"/>
        <line num="260" count="2" type="stmt"/>
        <line num="261" count="45" type="stmt"/>
        <line num="262" count="45" type="cond" truecount="2" falsecount="0"/>
        <line num="263" count="41" type="stmt"/>
        <line num="264" count="4" type="stmt"/>
        <line num="265" count="4" type="stmt"/>
        <line num="266" count="4" type="stmt"/>
        <line num="268" count="2" type="stmt"/>
        <line num="269" count="11" type="stmt"/>
        <line num="270" count="11" type="cond" truecount="1" falsecount="1"/>
        <line num="271" count="11" type="stmt"/>
        <line num="272" count="0" type="cond" truecount="0" falsecount="2"/>
        <line num="273" count="0" type="stmt"/>
        <line num="274" count="0" type="stmt"/>
        <line num="275" count="0" type="stmt"/>
        <line num="277" count="2" type="stmt"/>
        <line num="278" count="11" type="stmt"/>
        <line num="279" count="11" type="cond" truecount="4" falsecount="0"/>
        <line num="280" count="3" type="stmt"/>
        <line num="281" count="8" type="stmt"/>
        <line num="282" count="8" type="stmt"/>
        <line num="284" count="2" type="stmt"/>
        <line num="285" count="45" type="stmt"/>
        <line num="286" count="45" type="cond" truecount="2" falsecount="0"/>
        <line num="287" count="41" type="stmt"/>
        <line num="288" count="4" type="stmt"/>
        <line num="289" count="4" type="stmt"/>
        <line num="290" count="4" type="stmt"/>
        <line num="291" count="4" type="stmt"/>
        <line num="293" count="2" type="stmt"/>
        <line num="294" count="11" type="stmt"/>
        <line num="295" count="11" type="cond" truecount="1" falsecount="1"/>
        <line num="296" count="11" type="stmt"/>
        <line num="297" count="0" type="cond" truecount="0" falsecount="2"/>
        <line num="298" count="0" type="stmt"/>
        <line num="299" count="0" type="stmt"/>
        <line num="300" count="0" type="stmt"/>
        <line num="302" count="2" type="stmt"/>
        <line num="303" count="45" type="stmt"/>
        <line num="304" count="45" type="cond" truecount="2" falsecount="0"/>
        <line num="305" count="44" type="stmt"/>
        <line num="306" count="1" type="stmt"/>
        <line num="307" count="1" type="stmt"/>
        <line num="309" count="2" type="stmt"/>
        <line num="310" count="11" type="stmt"/>
        <line num="311" count="11" type="cond" truecount="1" falsecount="1"/>
        <line num="312" count="11" type="stmt"/>
        <line num="313" count="0" type="cond" truecount="0" falsecount="2"/>
        <line num="314" count="0" type="stmt"/>
        <line num="315" count="0" type="stmt"/>
        <line num="316" count="0" type="stmt"/>
        <line num="318" count="2" type="stmt"/>
        <line num="319" count="11" type="stmt"/>
        <line num="320" count="11" type="cond" truecount="2" falsecount="0"/>
        <line num="321" count="10" type="stmt"/>
        <line num="322" count="1" type="stmt"/>
        <line num="323" count="1" type="stmt"/>
        <line num="325" count="2" type="stmt"/>
        <line num="326" count="2" type="stmt"/>
        <line num="327" count="2" type="stmt"/>
        <line num="329" count="2" type="stmt"/>
        <line num="330" count="2" type="stmt"/>
        <line num="331" count="2" type="stmt"/>
        <line num="332" count="8" type="cond" truecount="4" falsecount="0"/>
        <line num="333" count="2" type="stmt"/>
        <line num="335" count="2" type="stmt"/>
        <line num="336" count="2" type="stmt"/>
        <line num="338" count="2" type="stmt"/>
        <line num="339" count="2" type="stmt"/>
        <line num="341" count="2" type="stmt"/>
        <line num="342" count="2" type="stmt"/>
        <line num="347" count="2" type="stmt"/>
        <line num="348" count="2" type="stmt"/>
        <line num="350" count="4" type="stmt"/>
        <line num="351" count="4" type="stmt"/>
        <line num="352" count="40" type="stmt"/>
        <line num="353" count="40" type="stmt"/>
        <line num="356" count="0" type="stmt"/>
        <line num="358" count="4" type="stmt"/>
        <line num="359" count="4" type="cond" truecount="3" falsecount="2"/>
        <line num="361" count="4" type="cond" truecount="1" falsecount="1"/>
        <line num="364" count="2" type="stmt"/>
        <line num="378" count="2" type="stmt"/>
        <line num="379" count="2" type="stmt"/>
        <line num="388" count="2" type="stmt"/>
        <line num="390" count="2" type="stmt"/>
        <line num="391" count="6" type="stmt"/>
        <line num="393" count="6" type="stmt"/>
        <line num="394" count="30" type="cond" truecount="5" falsecount="7"/>
        <line num="395" count="6" type="stmt"/>
        <line num="397" count="6" type="stmt"/>
        <line num="398" count="6" type="stmt"/>
        <line num="400" count="6" type="stmt"/>
        <line num="401" count="6" type="cond" truecount="3" falsecount="1"/>
        <line num="402" count="0" type="stmt"/>
        <line num="404" count="0" type="stmt"/>
        <line num="405" count="0" type="stmt"/>
        <line num="406" count="0" type="stmt"/>
        <line num="407" count="0" type="cond" truecount="0" falsecount="2"/>
        <line num="408" count="0" type="stmt"/>
        <line num="410" count="0" type="stmt"/>
        <line num="411" count="0" type="stmt"/>
        <line num="413" count="0" type="stmt"/>
        <line num="414" count="0" type="stmt"/>
        <line num="415" count="0" type="stmt"/>
        <line num="417" count="0" type="stmt"/>
        <line num="418" count="0" type="stmt"/>
        <line num="419" count="0" type="stmt"/>
        <line num="425" count="0" type="stmt"/>
        <line num="426" count="0" type="stmt"/>
        <line num="427" count="6" type="stmt"/>
        <line num="429" count="6" type="stmt"/>
        <line num="430" count="6" type="stmt"/>
        <line num="435" count="2" type="stmt"/>
        <line num="437" count="2" type="stmt"/>
      </file>
    </package>
    <package name="range-slider-fox.mvc.model">
      <metrics statements="700" coveredstatements="420" conditionals="554" coveredconditionals="249" methods="85" coveredmethods="61"/>
      <file name="model.ts" path="E:\OSPanel\domains\MetaLamp_four_task\src\plugins\range-slider-fox\mvc\model\model.ts">
        <metrics statements="700" coveredstatements="420" conditionals="554" coveredconditionals="249" methods="85" coveredmethods="61"/>
        <line num="2" count="3" type="cond" truecount="3" falsecount="0"/>
        <line num="3" count="3" type="stmt"/>
        <line num="4" count="3" type="cond" truecount="1" falsecount="3"/>
        <line num="5" count="0" type="stmt"/>
        <line num="6" count="0" type="cond" truecount="0" falsecount="2"/>
        <line num="7" count="3" type="stmt"/>
        <line num="9" count="3" type="stmt"/>
        <line num="10" count="3" type="cond" truecount="2" falsecount="2"/>
        <line num="11" count="0" type="stmt"/>
        <line num="12" count="3" type="stmt"/>
        <line num="13" count="3" type="stmt"/>
        <line num="14" count="3" type="cond" truecount="1" falsecount="1"/>
        <line num="17" count="3" type="cond" truecount="3" falsecount="0"/>
        <line num="18" count="2" type="cond" truecount="1" falsecount="1"/>
        <line num="19" count="0" type="stmt"/>
        <line num="20" count="0" type="stmt"/>
        <line num="21" count="0" type="cond" truecount="0" falsecount="2"/>
        <line num="22" count="0" type="stmt"/>
        <line num="24" count="0" type="stmt"/>
        <line num="26" count="2" type="stmt"/>
        <line num="28" count="3" type="cond" truecount="3" falsecount="0"/>
        <line num="29" count="114" type="cond" truecount="2" falsecount="0"/>
        <line num="30" count="15" type="cond" truecount="2" falsecount="0"/>
        <line num="31" count="114" type="stmt"/>
        <line num="32" count="0" type="stmt"/>
        <line num="33" count="129" type="cond" truecount="2" falsecount="0"/>
        <line num="34" count="15" type="cond" truecount="2" falsecount="0"/>
        <line num="37" count="3" type="cond" truecount="3" falsecount="0"/>
        <line num="38" count="114" type="cond" truecount="1" falsecount="1"/>
        <line num="39" count="15" type="cond" truecount="2" falsecount="0"/>
        <line num="40" count="129" type="stmt"/>
        <line num="42" count="129" type="cond" truecount="1" falsecount="1"/>
        <line num="43" count="258" type="stmt"/>
        <line num="44" count="258" type="cond" truecount="2" falsecount="11"/>
        <line num="45" count="258" type="cond" truecount="1" falsecount="1"/>
        <line num="46" count="258" type="cond" truecount="4" falsecount="2"/>
        <line num="47" count="129" type="stmt"/>
        <line num="48" count="114" type="stmt"/>
        <line num="49" count="0" type="stmt"/>
        <line num="50" count="0" type="stmt"/>
        <line num="52" count="15" type="cond" truecount="5" falsecount="2"/>
        <line num="53" count="0" type="cond" truecount="0" falsecount="6"/>
        <line num="54" count="0" type="cond" truecount="0" falsecount="4"/>
        <line num="55" count="0" type="cond" truecount="0" falsecount="4"/>
        <line num="56" count="0" type="cond" truecount="0" falsecount="2"/>
        <line num="57" count="0" type="stmt"/>
        <line num="59" count="129" type="stmt"/>
        <line num="60" count="258" type="stmt"/>
        <line num="61" count="15" type="cond" truecount="2" falsecount="2"/>
        <line num="64" count="3" type="cond" truecount="3" falsecount="0"/>
        <line num="65" count="1" type="cond" truecount="2" falsecount="0"/>
        <line num="66" count="1" type="cond" truecount="1" falsecount="1"/>
        <line num="67" count="1" type="stmt"/>
        <line num="68" count="1" type="stmt"/>
        <line num="69" count="1" type="cond" truecount="2" falsecount="1"/>
        <line num="71" count="0" type="stmt"/>
        <line num="73" count="1" type="stmt"/>
        <line num="74" count="1" type="cond" truecount="3" falsecount="2"/>
        <line num="76" count="1" type="cond" truecount="1" falsecount="1"/>
        <line num="78" count="1" type="stmt"/>
        <line num="80" count="3" type="cond" truecount="3" falsecount="0"/>
        <line num="81" count="2" type="stmt"/>
        <line num="82" count="2" type="stmt"/>
        <line num="83" count="2" type="stmt"/>
        <line num="85" count="3" type="cond" truecount="3" falsecount="0"/>
        <line num="86" count="101" type="cond" truecount="4" falsecount="0"/>
        <line num="87" count="101" type="cond" truecount="1" falsecount="1"/>
        <line num="88" count="0" type="cond" truecount="0" falsecount="4"/>
        <line num="90" count="0" type="cond" truecount="0" falsecount="4"/>
        <line num="91" count="0" type="cond" truecount="0" falsecount="2"/>
        <line num="94" count="0" type="cond" truecount="0" falsecount="2"/>
        <line num="96" count="3" type="stmt"/>
        <line num="97" count="3" type="stmt"/>
        <line num="98" count="3" type="stmt"/>
        <line num="99" count="3" type="stmt"/>
        <line num="100" count="3" type="stmt"/>
        <line num="102" count="6" type="cond" truecount="2" falsecount="0"/>
        <line num="103" count="6" type="stmt"/>
        <line num="104" count="6" type="stmt"/>
        <line num="105" count="6" type="stmt"/>
        <line num="106" count="6" type="stmt"/>
        <line num="107" count="6" type="stmt"/>
        <line num="108" count="0" type="stmt"/>
        <line num="109" count="0" type="stmt"/>
        <line num="110" count="0" type="stmt"/>
        <line num="112" count="6" type="stmt"/>
        <line num="113" count="0" type="stmt"/>
        <line num="114" count="0" type="stmt"/>
        <line num="115" count="0" type="stmt"/>
        <line num="117" count="6" type="stmt"/>
        <line num="118" count="0" type="stmt"/>
        <line num="119" count="0" type="stmt"/>
        <line num="120" count="0" type="stmt"/>
        <line num="121" count="0" type="stmt"/>
        <line num="122" count="0" type="stmt"/>
        <line num="124" count="6" type="stmt"/>
        <line num="125" count="0" type="stmt"/>
        <line num="126" count="0" type="stmt"/>
        <line num="127" count="0" type="stmt"/>
        <line num="128" count="0" type="stmt"/>
        <line num="129" count="0" type="stmt"/>
        <line num="130" count="0" type="stmt"/>
        <line num="132" count="0" type="cond" truecount="0" falsecount="2"/>
        <line num="133" count="0" type="cond" truecount="0" falsecount="2"/>
        <line num="134" count="0" type="stmt"/>
        <line num="136" count="0" type="stmt"/>
        <line num="139" count="0" type="cond" truecount="0" falsecount="2"/>
        <line num="140" count="0" type="stmt"/>
        <line num="142" count="0" type="stmt"/>
        <line num="145" count="6" type="stmt"/>
        <line num="146" count="0" type="stmt"/>
        <line num="147" count="0" type="stmt"/>
        <line num="148" count="0" type="cond" truecount="0" falsecount="2"/>
        <line num="149" count="0" type="stmt"/>
        <line num="151" count="0" type="cond" truecount="0" falsecount="2"/>
        <line num="152" count="0" type="stmt"/>
        <line num="154" count="0" type="cond" truecount="0" falsecount="2"/>
        <line num="155" count="0" type="stmt"/>
        <line num="156" count="0" type="stmt"/>
        <line num="157" count="0" type="cond" truecount="0" falsecount="2"/>
        <line num="160" count="0" type="stmt"/>
        <line num="162" count="0" type="stmt"/>
        <line num="169" count="6" type="stmt"/>
        <line num="170" count="0" type="stmt"/>
        <line num="171" count="0" type="stmt"/>
        <line num="172" count="0" type="stmt"/>
        <line num="173" count="0" type="stmt"/>
        <line num="174" count="0" type="stmt"/>
        <line num="175" count="0" type="stmt"/>
        <line num="176" count="0" type="stmt"/>
        <line num="177" count="0" type="cond" truecount="0" falsecount="2"/>
        <line num="178" count="0" type="stmt"/>
        <line num="181" count="0" type="stmt"/>
        <line num="183" count="0" type="cond" truecount="0" falsecount="2"/>
        <line num="184" count="0" type="stmt"/>
        <line num="185" count="0" type="stmt"/>
        <line num="187" count="0" type="cond" truecount="0" falsecount="2"/>
        <line num="188" count="0" type="stmt"/>
        <line num="189" count="0" type="stmt"/>
        <line num="191" count="0" type="cond" truecount="0" falsecount="2"/>
        <line num="192" count="0" type="stmt"/>
        <line num="193" count="0" type="stmt"/>
        <line num="194" count="0" type="cond" truecount="0" falsecount="2"/>
        <line num="195" count="0" type="cond" truecount="0" falsecount="2"/>
        <line num="198" count="0" type="stmt"/>
        <line num="199" count="0" type="stmt"/>
        <line num="201" count="0" type="cond" truecount="0" falsecount="2"/>
        <line num="202" count="0" type="stmt"/>
        <line num="204" count="0" type="cond" truecount="0" falsecount="2"/>
        <line num="205" count="0" type="stmt"/>
        <line num="207" count="0" type="stmt"/>
        <line num="213" count="6" type="stmt"/>
        <line num="215" count="1" type="stmt"/>
        <line num="216" count="1" type="stmt"/>
        <line num="217" count="1" type="stmt"/>
        <line num="218" count="1" type="stmt"/>
        <line num="220" count="6" type="stmt"/>
        <line num="221" count="6" type="stmt"/>
        <line num="223" count="3" type="stmt"/>
        <line num="224" count="21" type="stmt"/>
        <line num="248" count="3" type="stmt"/>
        <line num="250" count="2" type="stmt"/>
        <line num="251" count="2" type="stmt"/>
        <line num="252" count="2" type="stmt"/>
        <line num="253" count="2" type="stmt"/>
        <line num="254" count="42" type="stmt"/>
        <line num="255" count="42" type="stmt"/>
        <line num="256" count="42" type="stmt"/>
        <line num="259" count="0" type="stmt"/>
        <line num="261" count="2" type="stmt"/>
        <line num="262" count="2" type="cond" truecount="3" falsecount="2"/>
        <line num="264" count="2" type="cond" truecount="1" falsecount="1"/>
        <line num="266" count="2" type="stmt"/>
        <line num="279" count="2" type="stmt"/>
        <line num="280" count="2" type="stmt"/>
        <line num="281" count="22" type="stmt"/>
        <line num="282" count="22" type="stmt"/>
        <line num="285" count="0" type="stmt"/>
        <line num="287" count="2" type="stmt"/>
        <line num="288" count="2" type="cond" truecount="3" falsecount="2"/>
        <line num="290" count="2" type="cond" truecount="1" falsecount="1"/>
        <line num="292" count="2" type="cond" truecount="1" falsecount="1"/>
        <line num="293" count="2" type="stmt"/>
        <line num="295" count="3" type="stmt"/>
        <line num="296" count="9" type="stmt"/>
        <line num="297" count="9" type="stmt"/>
        <line num="298" count="99" type="cond" truecount="11" falsecount="0"/>
        <line num="300" count="9" type="stmt"/>
        <line num="301" count="9" type="stmt"/>
        <line num="303" count="9" type="stmt"/>
        <line num="304" count="9" type="stmt"/>
        <line num="306" count="9" type="stmt"/>
        <line num="307" count="9" type="stmt"/>
        <line num="309" count="9" type="stmt"/>
        <line num="310" count="9" type="stmt"/>
        <line num="312" count="9" type="stmt"/>
        <line num="313" count="9" type="stmt"/>
        <line num="315" count="9" type="stmt"/>
        <line num="316" count="9" type="stmt"/>
        <line num="318" count="9" type="stmt"/>
        <line num="319" count="9" type="stmt"/>
        <line num="321" count="9" type="stmt"/>
        <line num="322" count="9" type="stmt"/>
        <line num="324" count="9" type="stmt"/>
        <line num="325" count="9" type="stmt"/>
        <line num="327" count="9" type="stmt"/>
        <line num="328" count="9" type="stmt"/>
        <line num="330" count="9" type="stmt"/>
        <line num="331" count="9" type="cond" truecount="2" falsecount="0"/>
        <line num="332" count="3" type="stmt"/>
        <line num="333" count="9" type="stmt"/>
        <line num="334" count="9" type="stmt"/>
        <line num="335" count="9" type="stmt"/>
        <line num="340" count="3" type="stmt"/>
        <line num="341" count="4" type="stmt"/>
        <line num="344" count="3" type="stmt"/>
        <line num="345" count="0" type="stmt"/>
        <line num="347" count="3" type="stmt"/>
        <line num="348" count="0" type="stmt"/>
        <line num="350" count="3" type="stmt"/>
        <line num="351" count="5" type="stmt"/>
        <line num="352" count="5" type="stmt"/>
        <line num="353" count="5" type="stmt"/>
        <line num="355" count="3" type="stmt"/>
        <line num="356" count="1" type="stmt"/>
        <line num="357" count="1" type="stmt"/>
        <line num="358" count="1" type="stmt"/>
        <line num="360" count="3" type="stmt"/>
        <line num="361" count="12" type="stmt"/>
        <line num="363" count="3" type="stmt"/>
        <line num="364" count="0" type="stmt"/>
        <line num="365" count="0" type="stmt"/>
        <line num="366" count="0" type="stmt"/>
        <line num="367" count="0" type="stmt"/>
        <line num="368" count="0" type="stmt"/>
        <line num="374" count="0" type="stmt"/>
        <line num="375" count="0" type="cond" truecount="0" falsecount="2"/>
        <line num="376" count="0" type="stmt"/>
        <line num="377" count="0" type="cond" truecount="0" falsecount="2"/>
        <line num="378" count="0" type="stmt"/>
        <line num="379" count="0" type="stmt"/>
        <line num="380" count="0" type="cond" truecount="0" falsecount="2"/>
        <line num="381" count="0" type="stmt"/>
        <line num="382" count="0" type="stmt"/>
        <line num="384" count="0" type="cond" truecount="0" falsecount="2"/>
        <line num="386" count="0" type="cond" truecount="0" falsecount="2"/>
        <line num="387" count="0" type="stmt"/>
        <line num="388" count="0" type="stmt"/>
        <line num="391" count="0" type="stmt"/>
        <line num="392" count="0" type="stmt"/>
        <line num="397" count="0" type="cond" truecount="0" falsecount="2"/>
        <line num="398" count="0" type="stmt"/>
        <line num="400" count="0" type="stmt"/>
        <line num="401" count="0" type="stmt"/>
        <line num="402" count="0" type="stmt"/>
        <line num="406" count="0" type="cond" truecount="0" falsecount="2"/>
        <line num="407" count="0" type="stmt"/>
        <line num="409" count="0" type="cond" truecount="0" falsecount="2"/>
        <line num="410" count="0" type="stmt"/>
        <line num="412" count="0" type="cond" truecount="0" falsecount="4"/>
        <line num="413" count="0" type="cond" truecount="0" falsecount="2"/>
        <line num="414" count="0" type="stmt"/>
        <line num="415" count="0" type="cond" truecount="0" falsecount="4"/>
        <line num="416" count="0" type="stmt"/>
        <line num="418" count="0" type="stmt"/>
        <line num="419" count="0" type="cond" truecount="0" falsecount="4"/>
        <line num="420" count="0" type="stmt"/>
        <line num="421" count="0" type="cond" truecount="0" falsecount="4"/>
        <line num="422" count="0" type="stmt"/>
        <line num="423" count="0" type="cond" truecount="0" falsecount="4"/>
        <line num="424" count="0" type="stmt"/>
        <line num="425" count="0" type="cond" truecount="0" falsecount="4"/>
        <line num="426" count="0" type="stmt"/>
        <line num="427" count="0" type="cond" truecount="0" falsecount="2"/>
        <line num="428" count="0" type="stmt"/>
        <line num="429" count="0" type="cond" truecount="0" falsecount="2"/>
        <line num="430" count="0" type="cond" truecount="0" falsecount="2"/>
        <line num="431" count="0" type="stmt"/>
        <line num="432" count="0" type="cond" truecount="0" falsecount="4"/>
        <line num="433" count="0" type="stmt"/>
        <line num="435" count="0" type="stmt"/>
        <line num="439" count="0" type="stmt"/>
        <line num="441" count="3" type="stmt"/>
        <line num="442" count="8" type="cond" truecount="2" falsecount="0"/>
        <line num="443" count="7" type="stmt"/>
        <line num="444" count="1" type="stmt"/>
        <line num="445" count="1" type="stmt"/>
        <line num="446" count="1" type="stmt"/>
        <line num="447" count="1" type="stmt"/>
        <line num="448" count="920" type="cond" truecount="2" falsecount="0"/>
        <line num="449" count="229" type="stmt"/>
        <line num="450" count="229" type="stmt"/>
        <line num="453" count="1" type="stmt"/>
        <line num="454" count="1" type="stmt"/>
        <line num="455" count="1" type="stmt"/>
        <line num="457" count="3" type="stmt"/>
        <line num="458" count="1" type="stmt"/>
        <line num="459" count="1" type="stmt"/>
        <line num="460" count="1" type="stmt"/>
        <line num="461" count="1" type="stmt"/>
        <line num="462" count="33" type="stmt"/>
        <line num="463" count="33" type="stmt"/>
        <line num="464" count="33" type="stmt"/>
        <line num="466" count="1" type="stmt"/>
        <line num="467" count="35" type="stmt"/>
        <line num="468" count="35" type="stmt"/>
        <line num="470" count="1" type="stmt"/>
        <line num="471" count="1" type="stmt"/>
        <line num="472" count="1" type="stmt"/>
        <line num="473" count="1" type="stmt"/>
        <line num="474" count="1" type="stmt"/>
        <line num="475" count="32" type="stmt"/>
        <line num="476" count="32" type="stmt"/>
        <line num="478" count="1" type="stmt"/>
        <line num="479" count="1" type="stmt"/>
        <line num="485" count="3" type="stmt"/>
        <line num="486" count="5" type="stmt"/>
        <line num="487" count="5" type="stmt"/>
        <line num="488" count="5" type="cond" truecount="2" falsecount="0"/>
        <line num="489" count="2" type="stmt"/>
        <line num="490" count="2" type="stmt"/>
        <line num="493" count="3" type="stmt"/>
        <line num="495" count="5" type="stmt"/>
        <line num="497" count="3" type="stmt"/>
        <line num="498" count="0" type="stmt"/>
        <line num="499" count="0" type="stmt"/>
        <line num="500" count="0" type="cond" truecount="0" falsecount="2"/>
        <line num="501" count="0" type="stmt"/>
        <line num="502" count="0" type="cond" truecount="0" falsecount="2"/>
        <line num="506" count="0" type="stmt"/>
        <line num="508" count="3" type="stmt"/>
        <line num="509" count="5" type="cond" truecount="1" falsecount="1"/>
        <line num="510" count="5" type="stmt"/>
        <line num="511" count="0" type="stmt"/>
        <line num="512" count="0" type="cond" truecount="0" falsecount="2"/>
        <line num="513" count="0" type="stmt"/>
        <line num="515" count="0" type="stmt"/>
        <line num="521" count="0" type="stmt"/>
        <line num="522" count="0" type="stmt"/>
        <line num="524" count="3" type="stmt"/>
        <line num="525" count="0" type="stmt"/>
        <line num="526" count="0" type="stmt"/>
        <line num="527" count="0" type="stmt"/>
        <line num="528" count="0" type="stmt"/>
        <line num="529" count="0" type="stmt"/>
        <line num="530" count="0" type="stmt"/>
        <line num="531" count="0" type="cond" truecount="0" falsecount="2"/>
        <line num="532" count="0" type="cond" truecount="0" falsecount="5"/>
        <line num="533" count="0" type="stmt"/>
        <line num="534" count="0" type="stmt"/>
        <line num="535" count="0" type="cond" truecount="0" falsecount="2"/>
        <line num="536" count="0" type="cond" truecount="0" falsecount="2"/>
        <line num="538" count="0" type="stmt"/>
        <line num="539" count="0" type="cond" truecount="0" falsecount="4"/>
        <line num="540" count="0" type="cond" truecount="0" falsecount="5"/>
        <line num="541" count="0" type="stmt"/>
        <line num="542" count="0" type="stmt"/>
        <line num="543" count="0" type="stmt"/>
        <line num="545" count="0" type="cond" truecount="0" falsecount="2"/>
        <line num="546" count="0" type="cond" truecount="0" falsecount="2"/>
        <line num="547" count="0" type="stmt"/>
        <line num="548" count="0" type="stmt"/>
        <line num="551" count="0" type="cond" truecount="0" falsecount="2"/>
        <line num="552" count="0" type="cond" truecount="0" falsecount="2"/>
        <line num="553" count="0" type="stmt"/>
        <line num="554" count="0" type="stmt"/>
        <line num="557" count="0" type="stmt"/>
        <line num="559" count="0" type="stmt"/>
        <line num="560" count="0" type="cond" truecount="0" falsecount="4"/>
        <line num="561" count="0" type="stmt"/>
        <line num="562" count="0" type="stmt"/>
        <line num="564" count="0" type="cond" truecount="0" falsecount="2"/>
        <line num="565" count="0" type="cond" truecount="0" falsecount="2"/>
        <line num="566" count="0" type="stmt"/>
        <line num="567" count="0" type="stmt"/>
        <line num="570" count="0" type="stmt"/>
        <line num="572" count="0" type="stmt"/>
        <line num="573" count="0" type="stmt"/>
        <line num="574" count="0" type="cond" truecount="0" falsecount="2"/>
        <line num="575" count="0" type="stmt"/>
        <line num="576" count="0" type="cond" truecount="0" falsecount="2"/>
        <line num="577" count="0" type="stmt"/>
        <line num="581" count="0" type="stmt"/>
        <line num="582" count="0" type="cond" truecount="0" falsecount="2"/>
        <line num="583" count="0" type="cond" truecount="0" falsecount="2"/>
        <line num="586" count="0" type="cond" truecount="0" falsecount="2"/>
        <line num="588" count="0" type="cond" truecount="0" falsecount="2"/>
        <line num="589" count="0" type="cond" truecount="0" falsecount="4"/>
        <line num="590" count="0" type="stmt"/>
        <line num="591" count="0" type="cond" truecount="0" falsecount="4"/>
        <line num="592" count="0" type="stmt"/>
        <line num="595" count="0" type="cond" truecount="0" falsecount="2"/>
        <line num="596" count="0" type="cond" truecount="0" falsecount="4"/>
        <line num="597" count="0" type="stmt"/>
        <line num="599" count="0" type="cond" truecount="0" falsecount="4"/>
        <line num="600" count="0" type="stmt"/>
        <line num="602" count="0" type="cond" truecount="0" falsecount="2"/>
        <line num="604" count="0" type="cond" truecount="0" falsecount="2"/>
        <line num="605" count="0" type="stmt"/>
        <line num="608" count="0" type="stmt"/>
        <line num="611" count="0" type="stmt"/>
        <line num="616" count="3" type="stmt"/>
        <line num="617" count="6" type="stmt"/>
        <line num="618" count="6" type="stmt"/>
        <line num="619" count="6" type="stmt"/>
        <line num="643" count="3" type="stmt"/>
        <line num="644" count="6" type="stmt"/>
        <line num="645" count="6" type="stmt"/>
        <line num="648" count="6" type="stmt"/>
        <line num="649" count="30" type="cond" truecount="5" falsecount="0"/>
        <line num="651" count="6" type="stmt"/>
        <line num="652" count="6" type="cond" truecount="3" falsecount="1"/>
        <line num="653" count="6" type="cond" truecount="4" falsecount="0"/>
        <line num="654" count="6" type="cond" truecount="4" falsecount="0"/>
        <line num="655" count="6" type="cond" truecount="4" falsecount="0"/>
        <line num="656" count="6" type="stmt"/>
        <line num="658" count="6" type="stmt"/>
        <line num="659" count="6" type="stmt"/>
        <line num="660" count="6" type="stmt"/>
        <line num="662" count="6" type="stmt"/>
        <line num="663" count="6" type="stmt"/>
        <line num="665" count="6" type="stmt"/>
        <line num="666" count="6" type="stmt"/>
        <line num="668" count="6" type="stmt"/>
        <line num="669" count="6" type="stmt"/>
        <line num="674" count="3" type="stmt"/>
        <line num="675" count="42" type="stmt"/>
        <line num="677" count="3" type="stmt"/>
        <line num="678" count="42" type="stmt"/>
        <line num="680" count="3" type="stmt"/>
        <line num="683" count="97" type="stmt"/>
        <line num="684" count="97" type="stmt"/>
        <line num="685" count="97" type="stmt"/>
        <line num="686" count="97" type="stmt"/>
        <line num="687" count="128" type="stmt"/>
        <line num="688" count="128" type="cond" truecount="4" falsecount="0"/>
        <line num="689" count="128" type="cond" truecount="2" falsecount="0"/>
        <line num="690" count="73" type="stmt"/>
        <line num="691" count="73" type="stmt"/>
        <line num="695" count="0" type="stmt"/>
        <line num="697" count="97" type="stmt"/>
        <line num="698" count="97" type="cond" truecount="4" falsecount="1"/>
        <line num="700" count="97" type="cond" truecount="1" falsecount="1"/>
        <line num="702" count="97" type="cond" truecount="2" falsecount="0"/>
        <line num="703" count="24" type="stmt"/>
        <line num="704" count="73" type="stmt"/>
        <line num="706" count="3" type="stmt"/>
        <line num="707" count="139" type="cond" truecount="4" falsecount="2"/>
        <line num="709" count="3" type="stmt"/>
        <line num="710" count="104" type="stmt"/>
        <line num="711" count="104" type="stmt"/>
        <line num="712" count="104" type="stmt"/>
        <line num="713" count="104" type="cond" truecount="6" falsecount="0"/>
        <line num="714" count="104" type="cond" truecount="1" falsecount="1"/>
        <line num="715" count="0" type="cond" truecount="0" falsecount="2"/>
        <line num="717" count="104" type="stmt"/>
        <line num="719" count="3" type="stmt"/>
        <line num="720" count="9" type="stmt"/>
        <line num="721" count="9" type="cond" truecount="2" falsecount="0"/>
        <line num="722" count="2" type="stmt"/>
        <line num="723" count="7" type="stmt"/>
        <line num="724" count="7" type="stmt"/>
        <line num="725" count="7" type="stmt"/>
        <line num="726" count="7" type="cond" truecount="1" falsecount="1"/>
        <line num="727" count="0" type="stmt"/>
        <line num="728" count="7" type="stmt"/>
        <line num="729" count="7" type="cond" truecount="1" falsecount="1"/>
        <line num="730" count="0" type="stmt"/>
        <line num="731" count="7" type="cond" truecount="3" falsecount="1"/>
        <line num="732" count="0" type="stmt"/>
        <line num="733" count="7" type="cond" truecount="1" falsecount="1"/>
        <line num="734" count="0" type="stmt"/>
        <line num="735" count="0" type="stmt"/>
        <line num="736" count="0" type="stmt"/>
        <line num="739" count="7" type="cond" truecount="2" falsecount="2"/>
        <line num="740" count="7" type="stmt"/>
        <line num="741" count="7" type="stmt"/>
        <line num="742" count="7" type="cond" truecount="1" falsecount="1"/>
        <line num="743" count="0" type="stmt"/>
        <line num="744" count="7" type="cond" truecount="1" falsecount="1"/>
        <line num="745" count="0" type="stmt"/>
        <line num="746" count="7" type="cond" truecount="1" falsecount="1"/>
        <line num="747" count="0" type="stmt"/>
        <line num="748" count="7" type="cond" truecount="1" falsecount="1"/>
        <line num="749" count="0" type="stmt"/>
        <line num="750" count="7" type="stmt"/>
        <line num="756" count="7" type="cond" truecount="1" falsecount="1"/>
        <line num="757" count="7" type="stmt"/>
        <line num="762" count="7" type="stmt"/>
        <line num="764" count="0" type="stmt"/>
        <line num="766" count="3" type="stmt"/>
        <line num="767" count="9" type="stmt"/>
        <line num="768" count="9" type="stmt"/>
        <line num="769" count="9" type="cond" truecount="2" falsecount="0"/>
        <line num="770" count="2" type="stmt"/>
        <line num="771" count="7" type="stmt"/>
        <line num="772" count="7" type="stmt"/>
        <line num="773" count="7" type="stmt"/>
        <line num="774" count="7" type="stmt"/>
        <line num="775" count="7" type="cond" truecount="1" falsecount="1"/>
        <line num="776" count="0" type="stmt"/>
        <line num="777" count="7" type="stmt"/>
        <line num="778" count="7" type="cond" truecount="1" falsecount="1"/>
        <line num="779" count="0" type="stmt"/>
        <line num="780" count="7" type="stmt"/>
        <line num="781" count="7" type="cond" truecount="1" falsecount="1"/>
        <line num="782" count="0" type="stmt"/>
        <line num="783" count="7" type="stmt"/>
        <line num="784" count="21" type="cond" truecount="1" falsecount="1"/>
        <line num="785" count="0" type="stmt"/>
        <line num="786" count="21" type="cond" truecount="1" falsecount="1"/>
        <line num="787" count="0" type="stmt"/>
        <line num="788" count="21" type="stmt"/>
        <line num="790" count="7" type="stmt"/>
        <line num="791" count="7" type="stmt"/>
        <line num="792" count="7" type="stmt"/>
        <line num="793" count="7" type="stmt"/>
        <line num="799" count="7" type="stmt"/>
        <line num="801" count="3" type="stmt"/>
        <line num="803" count="16" type="stmt"/>
        <line num="804" count="16" type="cond" truecount="2" falsecount="0"/>
        <line num="805" count="6" type="stmt"/>
        <line num="806" count="10" type="stmt"/>
        <line num="807" count="10" type="stmt"/>
        <line num="808" count="10" type="stmt"/>
        <line num="810" count="10" type="cond" truecount="1" falsecount="1"/>
        <line num="811" count="0" type="stmt"/>
        <line num="812" count="10" type="cond" truecount="1" falsecount="1"/>
        <line num="813" count="0" type="stmt"/>
        <line num="814" count="10" type="cond" truecount="4" falsecount="0"/>
        <line num="815" count="9" type="stmt"/>
        <line num="818" count="1" type="cond" truecount="1" falsecount="1"/>
        <line num="819" count="1" type="stmt"/>
        <line num="822" count="0" type="stmt"/>
        <line num="824" count="10" type="stmt"/>
        <line num="825" count="10" type="cond" truecount="1" falsecount="1"/>
        <line num="826" count="0" type="stmt"/>
        <line num="827" count="10" type="cond" truecount="3" falsecount="1"/>
        <line num="828" count="10" type="stmt"/>
        <line num="831" count="0" type="cond" truecount="0" falsecount="2"/>
        <line num="832" count="0" type="stmt"/>
        <line num="833" count="0" type="cond" truecount="0" falsecount="2"/>
        <line num="834" count="0" type="stmt"/>
        <line num="836" count="10" type="cond" truecount="2" falsecount="0"/>
        <line num="838" count="3" type="stmt"/>
        <line num="839" count="3" type="cond" truecount="1" falsecount="1"/>
        <line num="840" count="0" type="stmt"/>
        <line num="841" count="3" type="cond" truecount="1" falsecount="1"/>
        <line num="842" count="0" type="stmt"/>
        <line num="843" count="0" type="stmt"/>
        <line num="844" count="0" type="stmt"/>
        <line num="846" count="3" type="cond" truecount="1" falsecount="1"/>
        <line num="847" count="3" type="stmt"/>
        <line num="850" count="0" type="stmt"/>
        <line num="854" count="7" type="cond" truecount="3" falsecount="1"/>
        <line num="855" count="7" type="cond" truecount="4" falsecount="0"/>
        <line num="858" count="0" type="cond" truecount="0" falsecount="4"/>
        <line num="861" count="10" type="cond" truecount="3" falsecount="1"/>
        <line num="862" count="0" type="cond" truecount="0" falsecount="4"/>
        <line num="863" count="0" type="stmt"/>
        <line num="864" count="0" type="cond" truecount="0" falsecount="2"/>
        <line num="865" count="0" type="stmt"/>
        <line num="867" count="10" type="stmt"/>
        <line num="873" count="10" type="cond" truecount="3" falsecount="1"/>
        <line num="874" count="0" type="stmt"/>
        <line num="875" count="10" type="stmt"/>
        <line num="877" count="3" type="stmt"/>
        <line num="878" count="9" type="stmt"/>
        <line num="879" count="9" type="cond" truecount="2" falsecount="0"/>
        <line num="880" count="2" type="cond" truecount="1" falsecount="1"/>
        <line num="881" count="0" type="stmt"/>
        <line num="882" count="2" type="stmt"/>
        <line num="884" count="7" type="cond" truecount="2" falsecount="0"/>
        <line num="885" count="6" type="stmt"/>
        <line num="887" count="1" type="stmt"/>
        <line num="888" count="7" type="stmt"/>
        <line num="892" count="7" type="stmt"/>
        <line num="894" count="3" type="stmt"/>
        <line num="896" count="9" type="stmt"/>
        <line num="897" count="9" type="cond" truecount="2" falsecount="0"/>
        <line num="898" count="2" type="stmt"/>
        <line num="899" count="7" type="stmt"/>
        <line num="900" count="7" type="stmt"/>
        <line num="901" count="7" type="stmt"/>
        <line num="902" count="7" type="stmt"/>
        <line num="903" count="7" type="cond" truecount="3" falsecount="1"/>
        <line num="904" count="7" type="stmt"/>
        <line num="905" count="7" type="cond" truecount="3" falsecount="1"/>
        <line num="906" count="0" type="stmt"/>
        <line num="907" count="7" type="cond" truecount="3" falsecount="1"/>
        <line num="908" count="7" type="cond" truecount="3" falsecount="1"/>
        <line num="909" count="7" type="cond" truecount="3" falsecount="1"/>
        <line num="910" count="7" type="stmt"/>
        <line num="911" count="7" type="cond" truecount="1" falsecount="1"/>
        <line num="912" count="0" type="stmt"/>
        <line num="914" count="7" type="cond" truecount="4" falsecount="0"/>
        <line num="915" count="6" type="stmt"/>
        <line num="917" count="7" type="cond" truecount="3" falsecount="1"/>
        <line num="918" count="0" type="stmt"/>
        <line num="920" count="7" type="stmt"/>
        <line num="921" count="7" type="stmt"/>
        <line num="922" count="7" type="stmt"/>
        <line num="923" count="7" type="cond" truecount="2" falsecount="0"/>
        <line num="924" count="6" type="cond" truecount="1" falsecount="1"/>
        <line num="925" count="0" type="stmt"/>
        <line num="926" count="0" type="stmt"/>
        <line num="932" count="7" type="stmt"/>
        <line num="939" count="7" type="stmt"/>
        <line num="941" count="3" type="stmt"/>
        <line num="942" count="9" type="stmt"/>
        <line num="943" count="9" type="cond" truecount="2" falsecount="0"/>
        <line num="944" count="2" type="stmt"/>
        <line num="945" count="7" type="stmt"/>
        <line num="946" count="7" type="cond" truecount="3" falsecount="1"/>
        <line num="947" count="7" type="stmt"/>
        <line num="950" count="0" type="stmt"/>
        <line num="951" count="7" type="stmt"/>
        <line num="955" count="7" type="stmt"/>
        <line num="957" count="3" type="stmt"/>
        <line num="958" count="9" type="stmt"/>
        <line num="959" count="9" type="cond" truecount="2" falsecount="0"/>
        <line num="960" count="2" type="stmt"/>
        <line num="961" count="7" type="stmt"/>
        <line num="962" count="7" type="cond" truecount="1" falsecount="1"/>
        <line num="963" count="7" type="stmt"/>
        <line num="966" count="0" type="stmt"/>
        <line num="969" count="7" type="stmt"/>
        <line num="973" count="7" type="stmt"/>
        <line num="975" count="3" type="stmt"/>
        <line num="976" count="9" type="stmt"/>
        <line num="977" count="9" type="cond" truecount="2" falsecount="0"/>
        <line num="978" count="2" type="stmt"/>
        <line num="979" count="7" type="stmt"/>
        <line num="980" count="7" type="stmt"/>
        <line num="981" count="7" type="stmt"/>
        <line num="982" count="7" type="stmt"/>
        <line num="983" count="7" type="stmt"/>
        <line num="984" count="7" type="cond" truecount="1" falsecount="1"/>
        <line num="985" count="7" type="stmt"/>
        <line num="988" count="0" type="stmt"/>
        <line num="990" count="7" type="stmt"/>
        <line num="991" count="7" type="cond" truecount="1" falsecount="1"/>
        <line num="992" count="7" type="stmt"/>
        <line num="995" count="0" type="stmt"/>
        <line num="997" count="7" type="stmt"/>
        <line num="998" count="7" type="cond" truecount="1" falsecount="1"/>
        <line num="999" count="7" type="stmt"/>
        <line num="1002" count="0" type="stmt"/>
        <line num="1004" count="7" type="stmt"/>
        <line num="1005" count="7" type="cond" truecount="1" falsecount="1"/>
        <line num="1006" count="7" type="stmt"/>
        <line num="1009" count="0" type="stmt"/>
        <line num="1011" count="7" type="stmt"/>
        <line num="1023" count="7" type="stmt"/>
        <line num="1025" count="3" type="stmt"/>
        <line num="1026" count="9" type="stmt"/>
        <line num="1027" count="9" type="cond" truecount="2" falsecount="0"/>
        <line num="1028" count="2" type="cond" truecount="1" falsecount="1"/>
        <line num="1029" count="0" type="stmt"/>
        <line num="1030" count="2" type="stmt"/>
        <line num="1032" count="7" type="stmt"/>
        <line num="1033" count="7" type="stmt"/>
        <line num="1037" count="7" type="stmt"/>
        <line num="1039" count="3" type="stmt"/>
        <line num="1040" count="9" type="stmt"/>
        <line num="1041" count="9" type="cond" truecount="2" falsecount="0"/>
        <line num="1042" count="2" type="cond" truecount="1" falsecount="1"/>
        <line num="1043" count="0" type="stmt"/>
        <line num="1044" count="2" type="stmt"/>
        <line num="1046" count="7" type="stmt"/>
        <line num="1047" count="7" type="stmt"/>
        <line num="1051" count="7" type="stmt"/>
        <line num="1053" count="3" type="stmt"/>
        <line num="1054" count="5" type="stmt"/>
        <line num="1056" count="3" type="stmt"/>
        <line num="1057" count="0" type="stmt"/>
        <line num="1058" count="0" type="stmt"/>
        <line num="1059" count="0" type="stmt"/>
        <line num="1060" count="0" type="stmt"/>
        <line num="1061" count="0" type="cond" truecount="0" falsecount="2"/>
        <line num="1062" count="0" type="stmt"/>
        <line num="1065" count="0" type="stmt"/>
        <line num="1067" count="0" type="stmt"/>
        <line num="1068" count="0" type="cond" truecount="0" falsecount="2"/>
        <line num="1069" count="0" type="stmt"/>
        <line num="1072" count="0" type="stmt"/>
        <line num="1074" count="0" type="stmt"/>
        <line num="1076" count="3" type="stmt"/>
        <line num="1077" count="0" type="stmt"/>
        <line num="1079" count="3" type="stmt"/>
        <line num="1080" count="1" type="stmt"/>
        <line num="1081" count="1" type="stmt"/>
        <line num="1082" count="1" type="cond" truecount="2" falsecount="2"/>
        <line num="1083" count="0" type="stmt"/>
        <line num="1084" count="0" type="stmt"/>
        <line num="1087" count="1" type="stmt"/>
        <line num="1088" count="1" type="stmt"/>
        <line num="1090" count="1" type="stmt"/>
        <line num="1092" count="3" type="stmt"/>
        <line num="1094" count="3" type="stmt"/>
      </file>
    </package>
    <package name="range-slider-fox.mvc.view">
      <metrics statements="285" coveredstatements="229" conditionals="194" coveredconditionals="103" methods="64" coveredmethods="53"/>
      <file name="view.ts" path="E:\OSPanel\domains\MetaLamp_four_task\src\plugins\range-slider-fox\mvc\view\view.ts">
        <metrics statements="285" coveredstatements="229" conditionals="194" coveredconditionals="103" methods="64" coveredmethods="53"/>
        <line num="2" count="2" type="cond" truecount="3" falsecount="0"/>
        <line num="3" count="2" type="stmt"/>
        <line num="4" count="2" type="cond" truecount="1" falsecount="3"/>
        <line num="5" count="0" type="stmt"/>
        <line num="6" count="0" type="cond" truecount="0" falsecount="2"/>
        <line num="7" count="2" type="stmt"/>
        <line num="9" count="2" type="stmt"/>
        <line num="10" count="2" type="cond" truecount="2" falsecount="2"/>
        <line num="11" count="0" type="stmt"/>
        <line num="12" count="2" type="stmt"/>
        <line num="13" count="2" type="stmt"/>
        <line num="14" count="2" type="cond" truecount="1" falsecount="1"/>
        <line num="17" count="2" type="cond" truecount="3" falsecount="0"/>
        <line num="18" count="1" type="cond" truecount="1" falsecount="1"/>
        <line num="19" count="0" type="stmt"/>
        <line num="20" count="0" type="stmt"/>
        <line num="21" count="0" type="cond" truecount="0" falsecount="2"/>
        <line num="22" count="0" type="stmt"/>
        <line num="24" count="0" type="stmt"/>
        <line num="26" count="1" type="stmt"/>
        <line num="28" count="2" type="cond" truecount="3" falsecount="0"/>
        <line num="29" count="36" type="cond" truecount="1" falsecount="1"/>
        <line num="30" count="6" type="cond" truecount="2" falsecount="0"/>
        <line num="31" count="36" type="stmt"/>
        <line num="32" count="0" type="stmt"/>
        <line num="33" count="42" type="cond" truecount="2" falsecount="0"/>
        <line num="34" count="6" type="cond" truecount="2" falsecount="0"/>
        <line num="37" count="2" type="cond" truecount="3" falsecount="0"/>
        <line num="38" count="36" type="cond" truecount="1" falsecount="1"/>
        <line num="39" count="6" type="cond" truecount="2" falsecount="0"/>
        <line num="40" count="42" type="stmt"/>
        <line num="42" count="42" type="cond" truecount="1" falsecount="1"/>
        <line num="43" count="84" type="stmt"/>
        <line num="44" count="84" type="cond" truecount="2" falsecount="11"/>
        <line num="45" count="84" type="cond" truecount="1" falsecount="1"/>
        <line num="46" count="84" type="cond" truecount="4" falsecount="2"/>
        <line num="47" count="42" type="stmt"/>
        <line num="48" count="36" type="stmt"/>
        <line num="49" count="0" type="stmt"/>
        <line num="50" count="0" type="stmt"/>
        <line num="52" count="6" type="cond" truecount="5" falsecount="2"/>
        <line num="53" count="0" type="cond" truecount="0" falsecount="6"/>
        <line num="54" count="0" type="cond" truecount="0" falsecount="4"/>
        <line num="55" count="0" type="cond" truecount="0" falsecount="4"/>
        <line num="56" count="0" type="cond" truecount="0" falsecount="2"/>
        <line num="57" count="0" type="stmt"/>
        <line num="59" count="42" type="stmt"/>
        <line num="60" count="84" type="stmt"/>
        <line num="61" count="6" type="cond" truecount="2" falsecount="2"/>
        <line num="64" count="2" type="cond" truecount="3" falsecount="0"/>
        <line num="65" count="12" type="cond" truecount="4" falsecount="0"/>
        <line num="66" count="12" type="cond" truecount="1" falsecount="1"/>
        <line num="67" count="0" type="cond" truecount="0" falsecount="4"/>
        <line num="69" count="0" type="cond" truecount="0" falsecount="4"/>
        <line num="70" count="0" type="cond" truecount="0" falsecount="2"/>
        <line num="73" count="0" type="cond" truecount="0" falsecount="2"/>
        <line num="75" count="2" type="stmt"/>
        <line num="76" count="2" type="stmt"/>
        <line num="77" count="2" type="stmt"/>
        <line num="78" count="2" type="stmt"/>
        <line num="79" count="2" type="stmt"/>
        <line num="80" count="2" type="stmt"/>
        <line num="81" count="2" type="stmt"/>
        <line num="82" count="2" type="stmt"/>
        <line num="83" count="2" type="stmt"/>
        <line num="85" count="2" type="cond" truecount="2" falsecount="0"/>
        <line num="86" count="2" type="stmt"/>
        <line num="87" count="1" type="stmt"/>
        <line num="88" count="1" type="stmt"/>
        <line num="90" count="2" type="stmt"/>
        <line num="91" count="2" type="stmt"/>
        <line num="92" count="2" type="stmt"/>
        <line num="93" count="2" type="stmt"/>
        <line num="94" count="2" type="stmt"/>
        <line num="95" count="2" type="stmt"/>
        <line num="97" count="2" type="stmt"/>
        <line num="98" count="5" type="stmt"/>
        <line num="99" count="5" type="cond" truecount="1" falsecount="1"/>
        <line num="100" count="5" type="stmt"/>
        <line num="101" count="5" type="stmt"/>
        <line num="102" count="5" type="stmt"/>
        <line num="103" count="5" type="stmt"/>
        <line num="104" count="5" type="cond" truecount="2" falsecount="0"/>
        <line num="105" count="1" type="stmt"/>
        <line num="107" count="5" type="stmt"/>
        <line num="110" count="2" type="stmt"/>
        <line num="111" count="3" type="cond" truecount="1" falsecount="1"/>
        <line num="112" count="0" type="stmt"/>
        <line num="114" count="2" type="stmt"/>
        <line num="115" count="4" type="stmt"/>
        <line num="116" count="4" type="stmt"/>
        <line num="117" count="4" type="cond" truecount="1" falsecount="1"/>
        <line num="119" count="2" type="stmt"/>
        <line num="120" count="4" type="cond" truecount="2" falsecount="0"/>
        <line num="123" count="4" type="stmt"/>
        <line num="125" count="2" type="stmt"/>
        <line num="126" count="2" type="stmt"/>
        <line num="128" count="10" type="stmt"/>
        <line num="129" count="10" type="stmt"/>
        <line num="130" count="10" type="stmt"/>
        <line num="131" count="12" type="stmt"/>
        <line num="132" count="12" type="stmt"/>
        <line num="135" count="0" type="stmt"/>
        <line num="137" count="10" type="stmt"/>
        <line num="138" count="10" type="cond" truecount="3" falsecount="2"/>
        <line num="140" count="10" type="cond" truecount="1" falsecount="1"/>
        <line num="142" count="10" type="stmt"/>
        <line num="144" count="2" type="stmt"/>
        <line num="148" count="2" type="stmt"/>
        <line num="149" count="2" type="stmt"/>
        <line num="150" count="2" type="stmt"/>
        <line num="151" count="2" type="stmt"/>
        <line num="152" count="2" type="stmt"/>
        <line num="153" count="2" type="stmt"/>
        <line num="154" count="2" type="stmt"/>
        <line num="155" count="2" type="stmt"/>
        <line num="156" count="2" type="stmt"/>
        <line num="158" count="2" type="stmt"/>
        <line num="159" count="4" type="stmt"/>
        <line num="161" count="4" type="stmt"/>
        <line num="162" count="24" type="cond" truecount="6" falsecount="0"/>
        <line num="164" count="4" type="stmt"/>
        <line num="165" count="4" type="stmt"/>
        <line num="166" count="4" type="cond" truecount="2" falsecount="0"/>
        <line num="167" count="4" type="cond" truecount="2" falsecount="0"/>
        <line num="168" count="4" type="stmt"/>
        <line num="170" count="4" type="stmt"/>
        <line num="171" count="4" type="stmt"/>
        <line num="173" count="4" type="stmt"/>
        <line num="174" count="4" type="stmt"/>
        <line num="176" count="4" type="stmt"/>
        <line num="177" count="4" type="stmt"/>
        <line num="179" count="4" type="stmt"/>
        <line num="180" count="4" type="stmt"/>
        <line num="182" count="4" type="stmt"/>
        <line num="183" count="4" type="stmt"/>
        <line num="188" count="2" type="stmt"/>
        <line num="189" count="2" type="stmt"/>
        <line num="190" count="2" type="stmt"/>
        <line num="191" count="0" type="stmt"/>
        <line num="197" count="2" type="stmt"/>
        <line num="198" count="4" type="cond" truecount="2" falsecount="0"/>
        <line num="199" count="2" type="stmt"/>
        <line num="200" count="4" type="stmt"/>
        <line num="201" count="4" type="stmt"/>
        <line num="202" count="4" type="stmt"/>
        <line num="205" count="2" type="stmt"/>
        <line num="206" count="5" type="stmt"/>
        <line num="208" count="2" type="stmt"/>
        <line num="209" count="5" type="stmt"/>
        <line num="211" count="2" type="stmt"/>
        <line num="212" count="1" type="stmt"/>
        <line num="214" count="2" type="stmt"/>
        <line num="215" count="5" type="stmt"/>
        <line num="218" count="2" type="stmt"/>
        <line num="219" count="4" type="stmt"/>
        <line num="220" count="4" type="stmt"/>
        <line num="221" count="4" type="cond" truecount="1" falsecount="1"/>
        <line num="222" count="4" type="stmt"/>
        <line num="223" count="4" type="stmt"/>
        <line num="226" count="0" type="stmt"/>
        <line num="228" count="4" type="cond" truecount="1" falsecount="1"/>
        <line num="229" count="4" type="stmt"/>
        <line num="230" count="4" type="cond" truecount="2" falsecount="0"/>
        <line num="231" count="1" type="stmt"/>
        <line num="232" count="1" type="stmt"/>
        <line num="236" count="0" type="stmt"/>
        <line num="237" count="0" type="cond" truecount="0" falsecount="2"/>
        <line num="238" count="0" type="stmt"/>
        <line num="239" count="0" type="stmt"/>
        <line num="243" count="2" type="stmt"/>
        <line num="244" count="1" type="cond" truecount="1" falsecount="1"/>
        <line num="245" count="1" type="stmt"/>
        <line num="246" count="1" type="stmt"/>
        <line num="249" count="2" type="stmt"/>
        <line num="250" count="0" type="stmt"/>
        <line num="252" count="2" type="stmt"/>
        <line num="253" count="6" type="cond" truecount="3" falsecount="1"/>
        <line num="254" count="6" type="stmt"/>
        <line num="255" count="6" type="stmt"/>
        <line num="257" count="2" type="stmt"/>
        <line num="258" count="0" type="stmt"/>
        <line num="260" count="2" type="stmt"/>
        <line num="261" count="6" type="stmt"/>
        <line num="263" count="2" type="stmt"/>
        <line num="264" count="6" type="stmt"/>
        <line num="265" count="6" type="cond" truecount="2" falsecount="0"/>
        <line num="266" count="2" type="stmt"/>
        <line num="267" count="2" type="stmt"/>
        <line num="270" count="2" type="stmt"/>
        <line num="271" count="0" type="stmt"/>
        <line num="272" count="0" type="cond" truecount="0" falsecount="4"/>
        <line num="273" count="0" type="stmt"/>
        <line num="274" count="0" type="stmt"/>
        <line num="278" count="2" type="stmt"/>
        <line num="279" count="4" type="stmt"/>
        <line num="280" count="4" type="stmt"/>
        <line num="281" count="4" type="cond" truecount="2" falsecount="0"/>
        <line num="283" count="4" type="stmt"/>
        <line num="285" count="2" type="stmt"/>
        <line num="286" count="5" type="stmt"/>
        <line num="289" count="2" type="stmt"/>
        <line num="290" count="1" type="stmt"/>
        <line num="292" count="2" type="stmt"/>
        <line num="293" count="1" type="stmt"/>
        <line num="295" count="2" type="stmt"/>
        <line num="296" count="1" type="stmt"/>
        <line num="298" count="2" type="stmt"/>
        <line num="300" count="2" type="stmt"/>
        <line num="301" count="2" type="stmt"/>
        <line num="321" count="2" type="stmt"/>
        <line num="322" count="2" type="stmt"/>
        <line num="323" count="36" type="stmt"/>
        <line num="324" count="36" type="cond" truecount="1" falsecount="1"/>
        <line num="325" count="0" type="stmt"/>
        <line num="326" count="0" type="stmt"/>
        <line num="327" count="0" type="stmt"/>
        <line num="328" count="0" type="cond" truecount="0" falsecount="2"/>
        <line num="329" count="0" type="stmt"/>
        <line num="331" count="0" type="stmt"/>
        <line num="332" count="0" type="cond" truecount="0" falsecount="2"/>
        <line num="333" count="0" type="stmt"/>
        <line num="335" count="0" type="stmt"/>
        <line num="338" count="2" type="stmt"/>
        <line num="339" count="2" type="stmt"/>
        <line num="340" count="2" type="stmt"/>
        <line num="341" count="36" type="stmt"/>
        <line num="342" count="36" type="stmt"/>
        <line num="343" count="36" type="cond" truecount="1" falsecount="1"/>
        <line num="344" count="0" type="stmt"/>
        <line num="345" count="0" type="stmt"/>
        <line num="346" count="0" type="stmt"/>
        <line num="347" count="0" type="stmt"/>
        <line num="351" count="0" type="stmt"/>
        <line num="353" count="2" type="stmt"/>
        <line num="354" count="2" type="cond" truecount="3" falsecount="2"/>
        <line num="356" count="2" type="cond" truecount="1" falsecount="1"/>
        <line num="358" count="2" type="stmt"/>
        <line num="359" count="2" type="stmt"/>
        <line num="361" count="0" type="stmt"/>
        <line num="362" count="0" type="stmt"/>
        <line num="363" count="0" type="stmt"/>
        <line num="364" count="0" type="cond" truecount="0" falsecount="2"/>
        <line num="365" count="0" type="stmt"/>
        <line num="366" count="0" type="stmt"/>
        <line num="367" count="0" type="stmt"/>
        <line num="374" count="2" type="stmt"/>
        <line num="378" count="2" type="stmt"/>
        <line num="379" count="2" type="stmt"/>
        <line num="380" count="2" type="stmt"/>
        <line num="382" count="2" type="stmt"/>
        <line num="383" count="18" type="cond" truecount="9" falsecount="0"/>
        <line num="384" count="2" type="stmt"/>
        <line num="386" count="2" type="stmt"/>
        <line num="387" count="2" type="stmt"/>
        <line num="389" count="2" type="stmt"/>
        <line num="390" count="2" type="stmt"/>
        <line num="391" count="2" type="stmt"/>
        <line num="393" count="2" type="stmt"/>
        <line num="394" count="2" type="stmt"/>
        <line num="395" count="2" type="stmt"/>
        <line num="397" count="2" type="stmt"/>
        <line num="398" count="2" type="stmt"/>
        <line num="399" count="2" type="stmt"/>
        <line num="401" count="2" type="stmt"/>
        <line num="402" count="2" type="stmt"/>
        <line num="403" count="2" type="stmt"/>
        <line num="405" count="2" type="stmt"/>
        <line num="406" count="2" type="stmt"/>
        <line num="408" count="2" type="stmt"/>
        <line num="409" count="2" type="stmt"/>
        <line num="411" count="2" type="stmt"/>
        <line num="412" count="2" type="stmt"/>
        <line num="417" count="2" type="stmt"/>
        <line num="418" count="2" type="stmt"/>
        <line num="419" count="2" type="stmt"/>
        <line num="420" count="2" type="stmt"/>
        <line num="422" count="2" type="stmt"/>
        <line num="423" count="10" type="stmt"/>
        <line num="424" count="10" type="cond" truecount="1" falsecount="1"/>
        <line num="425" count="0" type="stmt"/>
        <line num="428" count="10" type="stmt"/>
        <line num="430" count="10" type="stmt"/>
        <line num="435" count="2" type="stmt"/>
        <line num="437" count="2" type="stmt"/>
      </file>
    </package>
    <package name="range-slider-fox.mvc.view.sub-view">
      <metrics statements="788" coveredstatements="595" conditionals="496" coveredconditionals="264" methods="125" coveredmethods="87"/>
      <file name="bar.ts" path="E:\OSPanel\domains\MetaLamp_four_task\src\plugins\range-slider-fox\mvc\view\sub-view\bar.ts">
        <metrics statements="108" coveredstatements="91" conditionals="79" coveredconditionals="45" methods="22" coveredmethods="18"/>
        <line num="2" count="2" type="cond" truecount="3" falsecount="0"/>
        <line num="3" count="2" type="stmt"/>
        <line num="4" count="2" type="cond" truecount="1" falsecount="3"/>
        <line num="5" count="0" type="stmt"/>
        <line num="6" count="0" type="cond" truecount="0" falsecount="2"/>
        <line num="7" count="2" type="stmt"/>
        <line num="9" count="2" type="stmt"/>
        <line num="10" count="2" type="cond" truecount="2" falsecount="2"/>
        <line num="11" count="0" type="stmt"/>
        <line num="12" count="2" type="stmt"/>
        <line num="13" count="2" type="stmt"/>
        <line num="14" count="2" type="cond" truecount="1" falsecount="1"/>
        <line num="17" count="2" type="cond" truecount="3" falsecount="0"/>
        <line num="18" count="1" type="cond" truecount="4" falsecount="0"/>
        <line num="19" count="1" type="cond" truecount="1" falsecount="1"/>
        <line num="20" count="0" type="cond" truecount="0" falsecount="4"/>
        <line num="22" count="0" type="cond" truecount="0" falsecount="4"/>
        <line num="23" count="0" type="cond" truecount="0" falsecount="2"/>
        <line num="26" count="0" type="cond" truecount="0" falsecount="2"/>
        <line num="28" count="2" type="stmt"/>
        <line num="29" count="2" type="stmt"/>
        <line num="30" count="2" type="stmt"/>
        <line num="31" count="2" type="stmt"/>
        <line num="32" count="2" type="stmt"/>
        <line num="34" count="2" type="cond" truecount="2" falsecount="0"/>
        <line num="35" count="2" type="stmt"/>
        <line num="36" count="2" type="stmt"/>
        <line num="37" count="2" type="stmt"/>
        <line num="39" count="2" type="stmt"/>
        <line num="40" count="4" type="stmt"/>
        <line num="42" count="2" type="stmt"/>
        <line num="43" count="4" type="stmt"/>
        <line num="44" count="4" type="cond" truecount="2" falsecount="0"/>
        <line num="45" count="4" type="stmt"/>
        <line num="46" count="1" type="stmt"/>
        <line num="47" count="1" type="stmt"/>
        <line num="48" count="1" type="stmt"/>
        <line num="49" count="1" type="stmt"/>
        <line num="50" count="1" type="cond" truecount="1" falsecount="1"/>
        <line num="51" count="0" type="stmt"/>
        <line num="52" count="1" type="stmt"/>
        <line num="53" count="1" type="stmt"/>
        <line num="54" count="1" type="stmt"/>
        <line num="55" count="1" type="stmt"/>
        <line num="56" count="1" type="stmt"/>
        <line num="57" count="1" type="stmt"/>
        <line num="59" count="1" type="cond" truecount="1" falsecount="1"/>
        <line num="60" count="1" type="cond" truecount="1" falsecount="1"/>
        <line num="61" count="0" type="stmt"/>
[...]
        <line num="127" count="1" type="cond" truecount="1" falsecount="1"/>
        <line num="128" count="1" type="stmt"/>
        <line num="129" count="1" type="stmt"/>
        <line num="134" count="3" type="cond" truecount="2" falsecount="0"/>
        <line num="135" count="1" type="stmt"/>
        <line num="136" count="1" type="stmt"/>
        <line num="139" count="4" type="stmt"/>
        <line num="141" count="2" type="stmt"/>
        <line num="142" count="4" type="stmt"/>
        <line num="143" count="4" type="cond" truecount="2" falsecount="0"/>
        <line num="144" count="4" type="stmt"/>
        <line num="145" count="5" type="stmt"/>
        <line num="146" count="5" type="cond" truecount="2" falsecount="0"/>
        <line num="147" count="2" type="cond" truecount="1" falsecount="1"/>
        <line num="148" count="0" type="stmt"/>
        <line num="149" count="2" type="stmt"/>
        <line num="150" count="2" type="stmt"/>
        <line num="151" count="2" type="stmt"/>
        <line num="154" count="3" type="cond" truecount="2" falsecount="0"/>
        <line num="155" count="2" type="stmt"/>
        <line num="156" count="1" type="stmt"/>
        <line num="157" count="1" type="stmt"/>
        <line num="158" count="1" type="stmt"/>
        <line num="160" count="3" type="stmt"/>
        <line num="162" count="4" type="stmt"/>
        <line num="163" count="4" type="cond" truecount="2" falsecount="0"/>
        <line num="164" count="1" type="stmt"/>
        <line num="166" count="2" type="stmt"/>
        <line num="167" count="5" type="stmt"/>
        <line num="168" count="5" type="stmt"/>
        <line num="169" count="5" type="cond" truecount="2" falsecount="0"/>
        <line num="171" count="2" type="stmt"/>
        <line num="172" count="1" type="cond" truecount="1" falsecount="1"/>
        <line num="173" count="1" type="stmt"/>
        <line num="174" count="1" type="stmt"/>
        <line num="175" count="1" type="cond" truecount="1" falsecount="1"/>
        <line num="178" count="2" type="stmt"/>
        <line num="179" count="5" type="stmt"/>
        <line num="180" count="5" type="cond" truecount="2" falsecount="0"/>
        <line num="181" count="5" type="cond" truecount="3" falsecount="1"/>
        <line num="182" count="0" type="stmt"/>
        <line num="183" count="5" type="cond" truecount="4" falsecount="0"/>
        <line num="184" count="1" type="stmt"/>
        <line num="186" count="5" type="stmt"/>
        <line num="187" count="5" type="stmt"/>
        <line num="188" count="5" type="stmt"/>
        <line num="189" count="5" type="stmt"/>
        <line num="190" count="5" type="stmt"/>
        <line num="191" count="5" type="stmt"/>
        <line num="192" count="5" type="cond" truecount="2" falsecount="0"/>
        <line num="193" count="2" type="stmt"/>
        <line num="194" count="0" type="stmt"/>
        <line num="196" count="5" type="cond" truecount="4" falsecount="0"/>
        <line num="197" count="1" type="stmt"/>
        <line num="198" count="0" type="stmt"/>
        <line num="200" count="5" type="stmt"/>
        <line num="201" count="0" type="stmt"/>
        <line num="207" count="5" type="stmt"/>
        <line num="208" count="0" type="stmt"/>
        <line num="209" count="0" type="stmt"/>
        <line num="211" count="5" type="stmt"/>
        <line num="212" count="0" type="cond" truecount="0" falsecount="2"/>
        <line num="213" count="0" type="stmt"/>
        <line num="219" count="5" type="stmt"/>
        <line num="220" count="0" type="stmt"/>
        <line num="221" count="0" type="stmt"/>
        <line num="223" count="5" type="stmt"/>
        <line num="224" count="3" type="stmt"/>
        <line num="225" count="3" type="stmt"/>
        <line num="227" count="5" type="cond" truecount="2" falsecount="0"/>
        <line num="228" count="1" type="cond" truecount="1" falsecount="1"/>
        <line num="229" count="1" type="stmt"/>
        <line num="230" count="0" type="stmt"/>
        <line num="231" count="0" type="stmt"/>
        <line num="232" count="0" type="stmt"/>
        <line num="233" count="0" type="stmt"/>
        <line num="234" count="0" type="stmt"/>
        <line num="236" count="1" type="stmt"/>
        <line num="237" count="1" type="stmt"/>
        <line num="240" count="5" type="cond" truecount="2" falsecount="0"/>
        <line num="241" count="2" type="stmt"/>
        <line num="242" count="0" type="cond" truecount="0" falsecount="2"/>
        <line num="243" count="0" type="stmt"/>
        <line num="244" count="0" type="stmt"/>
        <line num="245" count="0" type="stmt"/>
        <line num="246" count="0" type="stmt"/>
        <line num="247" count="0" type="stmt"/>
        <line num="249" count="2" type="stmt"/>
        <line num="250" count="2" type="stmt"/>
        <line num="252" count="5" type="stmt"/>
        <line num="254" count="2" type="stmt"/>
        <line num="256" count="2" type="stmt"/>
      </file>
      <file name="hints.ts" path="E:\OSPanel\domains\MetaLamp_four_task\src\plugins\range-slider-fox\mvc\view\sub-view\hints.ts">
        <metrics statements="264" coveredstatements="195" conditionals="166" coveredconditionals="89" methods="36" coveredmethods="27"/>
        <line num="2" count="2" type="cond" truecount="3" falsecount="0"/>
        <line num="3" count="8" type="cond" truecount="4" falsecount="0"/>
        <line num="4" count="8" type="cond" truecount="1" falsecount="1"/>
        <line num="5" count="0" type="cond" truecount="0" falsecount="4"/>
        <line num="7" count="0" type="cond" truecount="0" falsecount="4"/>
        <line num="8" count="0" type="cond" truecount="0" falsecount="2"/>
        <line num="11" count="0" type="cond" truecount="0" falsecount="2"/>
        <line num="13" count="2" type="stmt"/>
        <line num="14" count="2" type="stmt"/>
        <line num="15" count="2" type="stmt"/>
        <line num="17" count="2" type="stmt"/>
        <line num="18" count="2" type="stmt"/>
        <line num="19" count="8" type="stmt"/>
        <line num="20" count="8" type="cond" truecount="2" falsecount="0"/>
        <line num="21" count="3" type="cond" truecount="1" falsecount="1"/>
        <line num="22" count="3" type="stmt"/>
        <line num="23" count="0" type="stmt"/>
        <line num="24" count="0" type="stmt"/>
        <line num="25" count="0" type="stmt"/>
        <line num="28" count="5" type="cond" truecount="1" falsecount="1"/>
        <line num="29" count="5" type="stmt"/>
        <line num="30" count="0" type="stmt"/>
        <line num="31" count="0" type="stmt"/>
        <line num="32" count="0" type="stmt"/>
        <line num="34" count="0" type="stmt"/>
        <line num="36" count="2" type="stmt"/>
        <line num="37" count="2" type="stmt"/>
        <line num="39" count="2" type="stmt"/>
        <line num="40" count="4" type="stmt"/>
        <line num="41" count="4" type="stmt"/>
        <line num="43" count="2" type="stmt"/>
        <line num="44" count="4" type="stmt"/>
        <line num="45" count="4" type="stmt"/>
        <line num="47" count="2" type="stmt"/>
        <line num="48" count="4" type="cond" truecount="2" falsecount="0"/>
        <line num="49" count="4" type="cond" truecount="1" falsecount="1"/>
        <line num="50" count="4" type="stmt"/>
        <line num="51" count="4" type="cond" truecount="2" falsecount="0"/>
        <line num="52" count="2" type="stmt"/>
        <line num="53" count="2" type="cond" truecount="1" falsecount="1"/>
        <line num="54" count="2" type="stmt"/>
        <line num="59" count="2" type="stmt"/>
        <line num="60" count="4" type="cond" truecount="4" falsecount="0"/>
        <line num="61" count="2" type="stmt"/>
        <line num="62" count="2" type="stmt"/>
        <line num="63" count="2" type="stmt"/>
        <line num="64" count="2" type="stmt"/>
        <line num="65" count="2" type="stmt"/>
        <line num="66" count="2" type="stmt"/>
        <line num="68" count="2" type="stmt"/>
        <line num="69" count="4" type="cond" truecount="2" falsecount="0"/>
        <line num="70" count="2" type="stmt"/>
        <line num="71" count="2" type="stmt"/>
        <line num="72" count="2" type="stmt"/>
        <line num="73" count="2" type="stmt"/>
        <line num="75" count="2" type="stmt"/>
        <line num="76" count="2" type="cond" truecount="2" falsecount="0"/>
        <line num="77" count="1" type="stmt"/>
        <line num="78" count="1" type="stmt"/>
        <line num="79" count="1" type="stmt"/>
        <line num="80" count="1" type="stmt"/>
        <line num="82" count="2" type="stmt"/>
        <line num="83" count="1" type="cond" truecount="1" falsecount="1"/>
        <line num="84" count="0" type="stmt"/>
        <line num="85" count="1" type="stmt"/>
        <line num="86" count="1" type="stmt"/>
        <line num="87" count="1" type="stmt"/>
        <line num="88" count="1" type="stmt"/>
        <line num="91" count="2" type="stmt"/>
        <line num="92" count="0" type="cond" truecount="0" falsecount="4"/>
        <line num="93" count="0" type="stmt"/>
        <line num="94" count="0" type="stmt"/>
        <line num="95" count="0" type="stmt"/>
        <line num="96" count="0" type="stmt"/>
        <line num="97" count="0" type="stmt"/>
        <line num="98" count="0" type="stmt"/>
        <line num="100" count="2" type="stmt"/>
        <line num="101" count="0" type="cond" truecount="0" falsecount="2"/>
        <line num="102" count="0" type="stmt"/>
        <line num="103" count="0" type="stmt"/>
        <line num="104" count="0" type="stmt"/>
        <line num="105" count="0" type="stmt"/>
        <line num="107" count="2" type="stmt"/>
        <line num="108" count="0" type="cond" truecount="0" falsecount="2"/>
        <line num="109" count="0" type="stmt"/>
        <line num="110" count="0" type="stmt"/>
        <line num="111" count="0" type="stmt"/>
        <line num="112" count="0" type="stmt"/>
        <line num="114" count="2" type="stmt"/>
        <line num="115" count="0" type="cond" truecount="0" falsecount="2"/>
        <line num="116" count="0" type="stmt"/>
        <line num="117" count="0" type="stmt"/>
        <line num="118" count="0" type="stmt"/>
        <line num="119" count="0" type="stmt"/>
        <line num="121" count="2" type="stmt"/>
        <line num="122" count="1" type="cond" truecount="3" falsecount="1"/>
        <line num="125" count="2" type="stmt"/>
        <line num="126" count="17" type="cond" truecount="1" falsecount="1"/>
        <line num="127" count="17" type="stmt"/>
        <line num="130" count="2" type="stmt"/>
        <line num="131" count="4" type="stmt"/>
        <line num="132" count="4" type="stmt"/>
        <line num="134" count="2" type="stmt"/>
        <line num="135" count="6" type="stmt"/>
        <line num="137" count="2" type="stmt"/>
        <line num="138" count="3" type="stmt"/>
        <line num="140" count="2" type="stmt"/>
        <line num="141" count="2" type="cond" truecount="2" falsecount="0"/>
        <line num="142" count="1" type="stmt"/>
        <line num="143" count="1" type="stmt"/>
        <line num="144" count="1" type="stmt"/>
        <line num="145" count="1" type="stmt"/>
        <line num="146" count="1" type="stmt"/>
        <line num="150" count="2" type="stmt"/>
        <line num="151" count="0" type="cond" truecount="0" falsecount="2"/>
        <line num="152" count="0" type="stmt"/>
        <line num="153" count="0" type="stmt"/>
        <line num="156" count="0" type="stmt"/>
        <line num="157" count="0" type="stmt"/>
        <line num="160" count="2" type="stmt"/>
        <line num="161" count="0" type="cond" truecount="0" falsecount="2"/>
        <line num="162" count="0" type="stmt"/>
        <line num="163" count="0" type="stmt"/>
        <line num="164" count="0" type="stmt"/>
        <line num="165" count="0" type="stmt"/>
        <line num="167" count="2" type="stmt"/>
        <line num="168" count="0" type="cond" truecount="0" falsecount="2"/>
        <line num="169" count="0" type="stmt"/>
        <line num="170" count="0" type="stmt"/>
        <line num="171" count="0" type="stmt"/>
        <line num="172" count="0" type="stmt"/>
        <line num="174" count="2" type="stmt"/>
        <line num="175" count="0" type="cond" truecount="0" falsecount="2"/>
        <line num="176" count="0" type="stmt"/>
        <line num="177" count="0" type="stmt"/>
        <line num="178" count="0" type="stmt"/>
        <line num="179" count="0" type="stmt"/>
        <line num="181" count="2" type="stmt"/>
        <line num="182" count="6" type="stmt"/>
        <line num="183" count="6" type="stmt"/>
        <line num="184" count="6" type="stmt"/>
        <line num="185" count="6" type="cond" truecount="1" falsecount="1"/>
        <line num="186" count="6" type="stmt"/>
        <line num="187" count="6" type="cond" truecount="2" falsecount="0"/>
        <line num="188" count="5" type="stmt"/>
        <line num="189" count="6" type="cond" truecount="2" falsecount="0"/>
        <line num="190" count="3" type="stmt"/>
        <line num="191" count="6" type="stmt"/>
        <line num="193" count="2" type="stmt"/>
        <line num="194" count="6" type="cond" truecount="2" falsecount="2"/>
        <line num="195" count="0" type="stmt"/>
        <line num="197" count="6" type="stmt"/>
        <line num="198" count="6" type="stmt"/>
        <line num="199" count="6" type="stmt"/>
        <line num="201" count="6" type="stmt"/>
        <line num="202" count="6" type="stmt"/>
        <line num="203" count="6" type="stmt"/>
        <line num="204" count="6" type="stmt"/>
        <line num="205" count="6" type="stmt"/>
        <line num="207" count="6" type="cond" truecount="1" falsecount="1"/>
        <line num="208" count="0" type="stmt"/>
        <line num="209" count="0" type="stmt"/>
        <line num="210" count="0" type="stmt"/>
        <line num="211" count="0" type="stmt"/>
        <line num="212" count="0" type="cond" truecount="0" falsecount="2"/>
        <line num="213" count="0" type="cond" truecount="0" falsecount="2"/>
        <line num="216" count="0" type="stmt"/>
        <line num="218" count="0" type="cond" truecount="0" falsecount="2"/>
        <line num="221" count="6" type="stmt"/>
        <line num="222" count="6" type="stmt"/>
        <line num="223" count="6" type="stmt"/>
        <line num="224" count="6" type="stmt"/>
        <line num="225" count="6" type="cond" truecount="1" falsecount="1"/>
        <line num="226" count="6" type="cond" truecount="1" falsecount="1"/>
        <line num="229" count="6" type="stmt"/>
        <line num="237" count="6" type="stmt"/>
        <line num="239" count="2" type="stmt"/>
        <line num="241" count="8" type="stmt"/>
        <line num="242" count="8" type="stmt"/>
        <line num="243" count="8" type="stmt"/>
        <line num="244" count="8" type="stmt"/>
        <line num="245" count="8" type="stmt"/>
        <line num="248" count="0" type="stmt"/>
        <line num="250" count="8" type="stmt"/>
        <line num="251" count="8" type="cond" truecount="3" falsecount="2"/>
        <line num="253" count="8" type="cond" truecount="1" falsecount="1"/>
        <line num="255" count="8" type="stmt"/>
        <line num="257" count="2" type="stmt"/>
        <line num="258" count="17" type="stmt"/>
        <line num="259" count="17" type="cond" truecount="2" falsecount="0"/>
        <line num="260" count="4" type="stmt"/>
        <line num="261" count="17" type="cond" truecount="2" falsecount="0"/>
        <line num="262" count="4" type="stmt"/>
        <line num="263" count="17" type="stmt"/>
        <line num="265" count="2" type="stmt"/>
        <line num="266" count="14" type="cond" truecount="1" falsecount="1"/>
        <line num="268" count="2" type="stmt"/>
        <line num="269" count="12" type="stmt"/>
        <line num="270" count="12" type="stmt"/>
        <line num="271" count="12" type="cond" truecount="2" falsecount="0"/>
        <line num="272" count="11" type="stmt"/>
        <line num="273" count="11" type="cond" truecount="1" falsecount="1"/>
        <line num="274" count="11" type="cond" truecount="1" falsecount="1"/>
        <line num="277" count="12" type="cond" truecount="2" falsecount="0"/>
        <line num="278" count="6" type="stmt"/>
        <line num="283" count="6" type="stmt"/>
        <line num="288" count="2" type="stmt"/>
        <line num="289" count="6" type="stmt"/>
        <line num="290" count="6" type="stmt"/>
        <line num="291" count="6" type="stmt"/>
        <line num="292" count="6" type="cond" truecount="1" falsecount="1"/>
        <line num="293" count="6" type="stmt"/>
        <line num="294" count="6" type="stmt"/>
        <line num="295" count="6" type="stmt"/>
        <line num="296" count="6" type="cond" truecount="1" falsecount="1"/>
        <line num="297" count="6" type="cond" truecount="1" falsecount="1"/>
        <line num="298" count="6" type="cond" truecount="1" falsecount="1"/>
        <line num="299" count="6" type="stmt"/>
        <line num="300" count="6" type="cond" truecount="1" falsecount="1"/>
        <line num="303" count="6" type="stmt"/>
        <line num="305" count="2" type="stmt"/>
        <line num="306" count="5" type="stmt"/>
        <line num="307" count="5" type="stmt"/>
        <line num="308" count="5" type="stmt"/>
        <line num="309" count="5" type="stmt"/>
        <line num="310" count="5" type="stmt"/>
        <line num="311" count="5" type="cond" truecount="2" falsecount="0"/>
        <line num="312" count="3" type="stmt"/>
        <line num="313" count="3" type="cond" truecount="1" falsecount="1"/>
        <line num="314" count="3" type="cond" truecount="1" falsecount="1"/>
        <line num="316" count="5" type="cond" truecount="1" falsecount="1"/>
        <line num="317" count="0" type="stmt"/>
        <line num="320" count="5" type="stmt"/>
        <line num="322" count="5" type="stmt"/>
        <line num="324" count="2" type="stmt"/>
        <line num="325" count="6" type="stmt"/>
        <line num="326" count="6" type="stmt"/>
        <line num="327" count="29" type="cond" truecount="2" falsecount="0"/>
        <line num="328" count="26" type="cond" truecount="2" falsecount="0"/>
        <line num="330" count="6" type="cond" truecount="3" falsecount="1"/>
        <line num="331" count="6" type="cond" truecount="2" falsecount="0"/>
        <line num="332" count="5" type="cond" truecount="1" falsecount="1"/>
        <line num="333" count="5" type="stmt"/>
        <line num="334" count="5" type="stmt"/>
        <line num="335" count="5" type="stmt"/>
        <line num="336" count="5" type="cond" truecount="1" falsecount="1"/>
        <line num="337" count="5" type="stmt"/>
        <line num="338" count="5" type="cond" truecount="1" falsecount="1"/>
        <line num="339" count="0" type="cond" truecount="0" falsecount="2"/>
        <line num="340" count="0" type="stmt"/>
        <line num="341" count="0" type="cond" truecount="0" falsecount="2"/>
        <line num="342" count="0" type="stmt"/>
        <line num="345" count="5" type="cond" truecount="1" falsecount="1"/>
        <line num="346" count="5" type="stmt"/>
        <line num="347" count="5" type="cond" truecount="1" falsecount="1"/>
        <line num="348" count="5" type="stmt"/>
        <line num="353" count="1" type="stmt"/>
        <line num="354" count="1" type="stmt"/>
        <line num="356" count="6" type="cond" truecount="3" falsecount="1"/>
        <line num="357" count="6" type="cond" truecount="3" falsecount="1"/>
        <line num="358" count="6" type="stmt"/>
        <line num="359" count="6" type="stmt"/>
        <line num="362" count="2" type="stmt"/>
        <line num="364" count="2" type="stmt"/>
      </file>
    </package>
  </project>
</coverage>
