<?xml version="1.0" encoding="UTF-8"?>
<coverage generated="1638012365683" clover="3.2.0">
  <project timestamp="1638012365683" name="All files">
    <metrics statements="1597" coveredstatements="1395" conditionals="841" coveredconditionals="602" methods="225" coveredmethods="212" elements="2663" coveredelements="2209" complexity="0" loc="1597" ncloc="1597" packages="5" files="9" classes="9"/>
    <package name="range-slider-fox">
      <metrics statements="21" coveredstatements="21" conditionals="4" coveredconditionals="3" methods="6" coveredmethods="6"/>
      <file name="observer.ts" path="E:\OSPanel\domains\MetaLamp_four_task\src\plugins\range-slider-fox\observer.ts">
        <metrics statements="12" coveredstatements="12" conditionals="2" coveredconditionals="2" methods="4" coveredmethods="4"/>
        <line num="2" count="8" type="stmt"/>
        <line num="3" count="8" type="stmt"/>
        <line num="6" count="352" type="cond" truecount="2" falsecount="0"/>
        <line num="7" count="351" type="stmt"/>
        <line num="8" count="351" type="stmt"/>
        <line num="10" count="1" type="stmt"/>
        <line num="13" count="3" type="stmt"/>
        <line num="14" count="2" type="stmt"/>
        <line num="16" count="120" type="stmt"/>
        <line num="18" count="579" type="stmt"/>
        <line num="19" count="2872" type="stmt"/>
        <line num="23" count="8" type="stmt"/>
      </file>
      <file name="range-slider-fox.ts" path="E:\OSPanel\domains\MetaLamp_four_task\src\plugins\range-slider-fox\range-slider-fox.ts">
        <metrics statements="9" coveredstatements="9" conditionals="2" coveredconditionals="1" methods="2" coveredmethods="2"/>
        <line num="2" count="1" type="stmt"/>
        <line num="3" count="1" type="stmt"/>
        <line num="4" count="1" type="stmt"/>
        <line num="5" count="1" type="stmt"/>
        <line num="6" count="1" type="stmt"/>
        <line num="7" count="1" type="cond" truecount="1" falsecount="1"/>
        <line num="8" count="1" type="stmt"/>
        <line num="12" count="1" type="stmt"/>
        <line num="13" count="1" type="stmt"/>
      </file>
    </package>
    <package name="range-slider-fox.mvc.controller">
      <metrics statements="230" coveredstatements="208" conditionals="100" coveredconditionals="84" methods="31" coveredmethods="31"/>
      <file name="controller.ts" path="E:\OSPanel\domains\MetaLamp_four_task\src\plugins\range-slider-fox\mvc\controller\controller.ts">
        <metrics statements="230" coveredstatements="208" conditionals="100" coveredconditionals="84" methods="31" coveredmethods="31"/>
        <line num="2" count="6" type="stmt"/>
        <line num="3" count="6" type="stmt"/>
        <line num="4" count="6" type="stmt"/>
        <line num="5" count="18" type="stmt"/>
        <line num="6" count="6" type="stmt"/>
        <line num="7" count="16" type="stmt"/>
        <line num="9" count="15" type="stmt"/>
        <line num="10" count="15" type="stmt"/>
        <line num="11" count="15" type="stmt"/>
        <line num="12" count="15" type="stmt"/>
        <line num="16" count="15" type="stmt"/>
        <line num="17" count="15" type="stmt"/>
        <line num="18" count="15" type="stmt"/>
        <line num="20" count="15" type="stmt"/>
        <line num="21" count="1" type="cond" truecount="1" falsecount="1"/>
        <line num="22" count="0" type="stmt"/>
        <line num="23" count="1" type="stmt"/>
        <line num="24" count="1" type="stmt"/>
        <line num="25" count="1" type="stmt"/>
        <line num="26" count="1" type="stmt"/>
        <line num="28" count="15" type="stmt"/>
        <line num="29" count="7" type="stmt"/>
        <line num="30" count="7" type="stmt"/>
        <line num="31" count="7" type="cond" truecount="4" falsecount="0"/>
        <line num="32" count="6" type="cond" truecount="1" falsecount="1"/>
        <line num="33" count="0" type="stmt"/>
        <line num="34" count="7" type="stmt"/>
        <line num="35" count="7" type="stmt"/>
        <line num="38" count="15" type="stmt"/>
        <line num="39" count="15" type="stmt"/>
        <line num="40" count="15" type="stmt"/>
        <line num="43" count="15" type="stmt"/>
        <line num="44" count="30" type="stmt"/>
        <line num="45" count="300" type="stmt"/>
        <line num="48" count="15" type="stmt"/>
        <line num="62" count="15" type="stmt"/>
        <line num="63" count="15" type="stmt"/>
        <line num="72" count="15" type="stmt"/>
        <line num="74" count="15" type="stmt"/>
        <line num="75" count="200" type="stmt"/>
        <line num="76" count="200" type="cond" truecount="2" falsecount="0"/>
        <line num="77" count="184" type="stmt"/>
        <line num="78" count="16" type="stmt"/>
        <line num="79" count="16" type="stmt"/>
        <line num="80" count="16" type="stmt"/>
        <line num="81" count="16" type="stmt"/>
        <line num="83" count="15" type="stmt"/>
        <line num="84" count="58" type="stmt"/>
        <line num="85" count="58" type="cond" truecount="2" falsecount="0"/>
        <line num="86" count="54" type="stmt"/>
        <line num="87" count="4" type="stmt"/>
        <line num="88" count="3" type="stmt"/>
        <line num="90" count="4" type="cond" truecount="2" falsecount="0"/>
        <line num="91" count="1" type="stmt"/>
        <line num="92" count="4" type="stmt"/>
        <line num="94" count="15" type="stmt"/>
        <line num="95" count="200" type="stmt"/>
        <line num="96" count="200" type="cond" truecount="2" falsecount="0"/>
        <line num="97" count="183" type="stmt"/>
        <line num="98" count="17" type="stmt"/>
        <line num="99" count="17" type="cond" truecount="2" falsecount="0"/>
        <line num="100" count="17" type="cond" truecount="1" falsecount="1"/>
        <line num="101" count="0" type="stmt"/>
        <line num="102" count="17" type="stmt"/>
        <line num="103" count="17" type="cond" truecount="2" falsecount="2"/>
        <line num="104" count="0" type="stmt"/>
        <line num="105" count="0" type="stmt"/>
        <line num="106" count="0" type="stmt"/>
        <line num="108" count="17" type="stmt"/>
        <line num="109" count="17" type="stmt"/>
        <line num="111" count="15" type="stmt"/>
        <line num="112" count="200" type="stmt"/>
        <line num="113" count="200" type="cond" truecount="2" falsecount="0"/>
        <line num="114" count="183" type="stmt"/>
        <line num="115" count="17" type="stmt"/>
        <line num="116" count="17" type="stmt"/>
        <line num="118" count="15" type="stmt"/>
        <line num="119" count="58" type="stmt"/>
        <line num="120" count="58" type="cond" truecount="1" falsecount="1"/>
        <line num="121" count="58" type="stmt"/>
        <line num="122" count="0" type="cond" truecount="0" falsecount="2"/>
        <line num="123" count="0" type="stmt"/>
        <line num="124" count="0" type="stmt"/>
        <line num="125" count="0" type="stmt"/>
        <line num="127" count="15" type="stmt"/>
        <line num="128" count="200" type="stmt"/>
        <line num="129" count="200" type="cond" truecount="2" falsecount="0"/>
        <line num="130" count="174" type="stmt"/>
        <line num="131" count="26" type="stmt"/>
        <line num="132" count="26" type="cond" truecount="2" falsecount="0"/>
        <line num="133" count="26" type="stmt"/>
        <line num="134" count="26" type="stmt"/>
        <line num="135" count="26" type="stmt"/>
        <line num="136" count="26" type="cond" truecount="2" falsecount="0"/>
        <line num="137" count="10" type="stmt"/>
        <line num="138" count="10" type="stmt"/>
        <line num="140" count="26" type="stmt"/>
        <line num="142" count="26" type="cond" truecount="4" falsecount="0"/>
        <line num="143" count="6" type="stmt"/>
        <line num="144" count="26" type="cond" truecount="2" falsecount="0"/>
        <line num="145" count="9" type="stmt"/>
        <line num="148" count="26" type="cond" truecount="2" falsecount="0"/>
        <line num="149" count="9" type="stmt"/>
        <line num="150" count="9" type="stmt"/>
        <line num="153" count="26" type="stmt"/>
        <line num="154" count="26" type="stmt"/>
        <line num="156" count="15" type="stmt"/>
        <line num="157" count="58" type="stmt"/>
        <line num="158" count="58" type="cond" truecount="2" falsecount="0"/>
        <line num="159" count="56" type="stmt"/>
        <line num="160" count="2" type="cond" truecount="1" falsecount="1"/>
        <line num="161" count="0" type="stmt"/>
        <line num="162" count="2" type="stmt"/>
        <line num="169" count="2" type="stmt"/>
        <line num="171" count="15" type="stmt"/>
        <line num="172" count="200" type="stmt"/>
        <line num="173" count="200" type="cond" truecount="2" falsecount="0"/>
        <line num="174" count="183" type="stmt"/>
        <line num="175" count="17" type="stmt"/>
        <line num="176" count="17" type="stmt"/>
        <line num="178" count="15" type="stmt"/>
        <line num="179" count="200" type="stmt"/>
        <line num="180" count="200" type="cond" truecount="2" falsecount="0"/>
        <line num="181" count="183" type="stmt"/>
        <line num="182" count="17" type="cond" truecount="2" falsecount="0"/>
        <line num="183" count="17" type="cond" truecount="2" falsecount="0"/>
        <line num="184" count="1" type="stmt"/>
        <line num="185" count="1" type="cond" truecount="1" falsecount="1"/>
        <line num="186" count="1" type="stmt"/>
        <line num="187" count="1" type="stmt"/>
        <line num="190" count="17" type="stmt"/>
        <line num="192" count="15" type="stmt"/>
        <line num="193" count="200" type="stmt"/>
        <line num="194" count="200" type="cond" truecount="2" falsecount="0"/>
        <line num="195" count="183" type="stmt"/>
        <line num="196" count="17" type="stmt"/>
        <line num="197" count="17" type="stmt"/>
        <line num="198" count="17" type="stmt"/>
        <line num="200" count="17" type="cond" truecount="2" falsecount="0"/>
        <line num="201" count="1" type="stmt"/>
        <line num="202" count="1" type="stmt"/>
        <line num="203" count="1" type="stmt"/>
        <line num="205" count="17" type="stmt"/>
        <line num="207" count="15" type="stmt"/>
        <line num="208" count="200" type="stmt"/>
        <line num="209" count="200" type="cond" truecount="2" falsecount="0"/>
        <line num="210" count="183" type="stmt"/>
        <line num="211" count="17" type="stmt"/>
        <line num="212" count="17" type="stmt"/>
        <line num="214" count="15" type="stmt"/>
        <line num="215" count="200" type="stmt"/>
        <line num="216" count="200" type="cond" truecount="2" falsecount="0"/>
        <line num="217" count="181" type="stmt"/>
        <line num="218" count="19" type="stmt"/>
        <line num="219" count="19" type="stmt"/>
        <line num="220" count="19" type="stmt"/>
        <line num="221" count="19" type="cond" truecount="2" falsecount="0"/>
        <line num="222" count="19" type="cond" truecount="2" falsecount="0"/>
        <line num="223" count="3" type="stmt"/>
        <line num="224" count="19" type="stmt"/>
        <line num="227" count="29" type="stmt"/>
        <line num="228" count="29" type="stmt"/>
        <line num="229" count="29" type="cond" truecount="3" falsecount="1"/>
        <line num="230" count="0" type="stmt"/>
        <line num="231" count="0" type="stmt"/>
        <line num="232" count="0" type="stmt"/>
        <line num="233" count="0" type="cond" truecount="0" falsecount="2"/>
        <line num="234" count="0" type="stmt"/>
        <line num="235" count="0" type="stmt"/>
        <line num="238" count="0" type="stmt"/>
        <line num="240" count="0" type="stmt"/>
        <line num="246" count="29" type="stmt"/>
        <line num="248" count="15" type="stmt"/>
        <line num="249" count="200" type="stmt"/>
        <line num="250" count="200" type="cond" truecount="2" falsecount="0"/>
        <line num="251" count="183" type="stmt"/>
        <line num="252" count="17" type="stmt"/>
        <line num="253" count="17" type="stmt"/>
        <line num="254" count="17" type="stmt"/>
        <line num="256" count="15" type="stmt"/>
        <line num="257" count="58" type="stmt"/>
        <line num="258" count="58" type="cond" truecount="2" falsecount="0"/>
        <line num="259" count="57" type="stmt"/>
        <line num="260" count="1" type="cond" truecount="1" falsecount="1"/>
        <line num="261" count="0" type="stmt"/>
        <line num="262" count="1" type="stmt"/>
        <line num="263" count="1" type="stmt"/>
        <line num="265" count="15" type="stmt"/>
        <line num="266" count="58" type="stmt"/>
        <line num="267" count="58" type="cond" truecount="4" falsecount="0"/>
        <line num="268" count="26" type="stmt"/>
        <line num="269" count="32" type="stmt"/>
        <line num="270" count="32" type="stmt"/>
        <line num="272" count="15" type="stmt"/>
        <line num="273" count="200" type="stmt"/>
        <line num="274" count="200" type="cond" truecount="2" falsecount="0"/>
        <line num="275" count="182" type="stmt"/>
        <line num="276" count="18" type="stmt"/>
        <line num="277" count="18" type="stmt"/>
        <line num="278" count="18" type="stmt"/>
        <line num="279" count="18" type="stmt"/>
        <line num="281" count="15" type="stmt"/>
        <line num="282" count="58" type="stmt"/>
        <line num="283" count="58" type="cond" truecount="2" falsecount="0"/>
        <line num="284" count="57" type="stmt"/>
        <line num="285" count="1" type="cond" truecount="1" falsecount="1"/>
        <line num="286" count="0" type="stmt"/>
        <line num="287" count="1" type="stmt"/>
        <line num="288" count="1" type="stmt"/>
        <line num="290" count="15" type="stmt"/>
        <line num="291" count="200" type="stmt"/>
        <line num="292" count="200" type="cond" truecount="2" falsecount="0"/>
        <line num="293" count="198" type="stmt"/>
        <line num="294" count="2" type="stmt"/>
        <line num="295" count="2" type="stmt"/>
        <line num="297" count="15" type="stmt"/>
        <line num="298" count="58" type="stmt"/>
        <line num="299" count="58" type="cond" truecount="2" falsecount="0"/>
        <line num="300" count="57" type="stmt"/>
        <line num="301" count="1" type="cond" truecount="1" falsecount="1"/>
        <line num="302" count="0" type="stmt"/>
        <line num="303" count="1" type="stmt"/>
        <line num="304" count="1" type="stmt"/>
        <line num="306" count="15" type="stmt"/>
        <line num="307" count="58" type="stmt"/>
        <line num="308" count="58" type="cond" truecount="2" falsecount="0"/>
        <line num="309" count="56" type="stmt"/>
        <line num="310" count="2" type="stmt"/>
        <line num="311" count="2" type="stmt"/>
        <line num="314" count="6" type="stmt"/>
      </file>
    </package>
    <package name="range-slider-fox.mvc.model">
      <metrics statements="568" coveredstatements="458" conditionals="370" coveredconditionals="243" methods="57" coveredmethods="53"/>
      <file name="model.ts" path="E:\OSPanel\domains\MetaLamp_four_task\src\plugins\range-slider-fox\mvc\model\model.ts">
        <metrics statements="568" coveredstatements="458" conditionals="370" coveredconditionals="243" methods="57" coveredmethods="53"/>
        <line num="2" count="7" type="stmt"/>
        <line num="3" count="7" type="stmt"/>
        <line num="4" count="7" type="stmt"/>
        <line num="36" count="39" type="stmt"/>
        <line num="37" count="39" type="stmt"/>
        <line num="39" count="39" type="stmt"/>
        <line num="40" count="39" type="stmt"/>
        <line num="49" count="39" type="stmt"/>
        <line num="50" count="39" type="stmt"/>
        <line num="53" count="117" type="stmt"/>
        <line num="78" count="2" type="stmt"/>
        <line num="79" count="2" type="stmt"/>
        <line num="80" count="2" type="stmt"/>
        <line num="81" count="42" type="stmt"/>
        <line num="82" count="42" type="stmt"/>
        <line num="84" count="2" type="stmt"/>
        <line num="97" count="2" type="stmt"/>
        <line num="98" count="22" type="stmt"/>
        <line num="103" count="2" type="cond" truecount="1" falsecount="1"/>
        <line num="104" count="2" type="stmt"/>
        <line num="107" count="49" type="stmt"/>
        <line num="108" count="49" type="stmt"/>
        <line num="109" count="49" type="stmt"/>
        <line num="110" count="49" type="stmt"/>
        <line num="111" count="49" type="stmt"/>
        <line num="112" count="49" type="stmt"/>
        <line num="113" count="49" type="stmt"/>
        <line num="114" count="49" type="stmt"/>
        <line num="115" count="49" type="stmt"/>
        <line num="116" count="49" type="stmt"/>
        <line num="117" count="49" type="stmt"/>
        <line num="118" count="49" type="cond" truecount="2" falsecount="0"/>
        <line num="119" count="10" type="stmt"/>
        <line num="120" count="49" type="stmt"/>
        <line num="121" count="49" type="stmt"/>
        <line num="124" count="28" type="stmt"/>
        <line num="128" count="34" type="stmt"/>
        <line num="129" count="34" type="stmt"/>
        <line num="130" count="34" type="stmt"/>
        <line num="133" count="18" type="stmt"/>
        <line num="134" count="18" type="stmt"/>
        <line num="135" count="18" type="stmt"/>
        <line num="138" count="68" type="cond" truecount="2" falsecount="0"/>
        <line num="141" count="10" type="stmt"/>
        <line num="142" count="10" type="stmt"/>
        <line num="143" count="10" type="stmt"/>
        <line num="144" count="10" type="stmt"/>
        <line num="145" count="10" type="stmt"/>
        <line num="151" count="10" type="stmt"/>
        <line num="152" count="10" type="cond" truecount="2" falsecount="0"/>
        <line num="153" count="3" type="stmt"/>
        <line num="154" count="10" type="cond" truecount="2" falsecount="0"/>
        <line num="155" count="1" type="stmt"/>
        <line num="156" count="10" type="stmt"/>
        <line num="157" count="10" type="cond" truecount="1" falsecount="1"/>
        <line num="158" count="0" type="stmt"/>
        <line num="159" count="0" type="stmt"/>
        <line num="161" count="10" type="cond" truecount="2" falsecount="0"/>
        <line num="163" count="7" type="cond" truecount="2" falsecount="0"/>
        <line num="164" count="4" type="stmt"/>
        <line num="165" count="4" type="stmt"/>
        <line num="168" count="3" type="stmt"/>
        <line num="169" count="3" type="stmt"/>
        <line num="174" count="3" type="cond" truecount="2" falsecount="0"/>
        <line num="175" count="1" type="stmt"/>
        <line num="177" count="2" type="stmt"/>
        <line num="178" count="3" type="stmt"/>
        <line num="179" count="3" type="stmt"/>
        <line num="183" count="10" type="cond" truecount="2" falsecount="0"/>
        <line num="184" count="7" type="stmt"/>
        <line num="186" count="10" type="cond" truecount="2" falsecount="0"/>
        <line num="187" count="6" type="stmt"/>
        <line num="189" count="10" type="cond" truecount="2" falsecount="2"/>
        <line num="190" count="0" type="cond" truecount="0" falsecount="2"/>
        <line num="191" count="0" type="stmt"/>
        <line num="192" count="0" type="cond" truecount="0" falsecount="4"/>
        <line num="193" count="0" type="stmt"/>
        <line num="195" count="10" type="stmt"/>
        <line num="196" count="10" type="cond" truecount="4" falsecount="0"/>
        <line num="197" count="3" type="stmt"/>
        <line num="198" count="10" type="cond" truecount="4" falsecount="0"/>
        <line num="199" count="2" type="stmt"/>
        <line num="200" count="10" type="cond" truecount="4" falsecount="0"/>
        <line num="201" count="2" type="stmt"/>
        <line num="202" count="10" type="cond" truecount="4" falsecount="0"/>
        <line num="203" count="3" type="stmt"/>
        <line num="204" count="10" type="cond" truecount="1" falsecount="1"/>
        <line num="205" count="0" type="stmt"/>
        <line num="206" count="10" type="cond" truecount="1" falsecount="1"/>
        <line num="207" count="0" type="cond" truecount="0" falsecount="2"/>
        <line num="208" count="0" type="stmt"/>
        <line num="209" count="0" type="cond" truecount="0" falsecount="4"/>
        <line num="210" count="0" type="stmt"/>
        <line num="212" count="10" type="stmt"/>
        <line num="216" count="10" type="stmt"/>
        <line num="219" count="36" type="cond" truecount="2" falsecount="0"/>
        <line num="220" count="33" type="stmt"/>
        <line num="221" count="3" type="stmt"/>
        <line num="222" count="3" type="stmt"/>
        <line num="223" count="3" type="stmt"/>
        <line num="224" count="3" type="stmt"/>
        <line num="225" count="3" type="stmt"/>
        <line num="226" count="243" type="stmt"/>
        <line num="227" count="243" type="cond" truecount="4" falsecount="0"/>
        <line num="228" count="238" type="stmt"/>
        <line num="229" count="238" type="stmt"/>
        <line num="232" count="3" type="stmt"/>
        <line num="233" count="3" type="stmt"/>
        <line num="235" count="39" type="stmt"/>
        <line num="236" count="1" type="stmt"/>
        <line num="237" count="1" type="stmt"/>
        <line num="239" count="39" type="stmt"/>
        <line num="240" count="1" type="stmt"/>
        <line num="241" count="1" type="stmt"/>
        <line num="243" count="39" type="stmt"/>
        <line num="244" count="1" type="stmt"/>
        <line num="245" count="1" type="stmt"/>
        <line num="246" count="1" type="stmt"/>
        <line num="247" count="1" type="stmt"/>
        <line num="250" count="8" type="stmt"/>
        <line num="251" count="8" type="stmt"/>
        <line num="252" count="8" type="stmt"/>
        <line num="253" count="301" type="stmt"/>
        <line num="254" count="301" type="stmt"/>
        <line num="255" count="301" type="stmt"/>
        <line num="257" count="8" type="stmt"/>
        <line num="258" count="317" type="stmt"/>
        <line num="259" count="317" type="stmt"/>
        <line num="261" count="8" type="stmt"/>
        <line num="262" count="8" type="stmt"/>
        <line num="263" count="8" type="stmt"/>
        <line num="264" count="8" type="stmt"/>
        <line num="265" count="8" type="stmt"/>
        <line num="266" count="293" type="stmt"/>
        <line num="267" count="293" type="stmt"/>
        <line num="269" count="8" type="stmt"/>
        <line num="270" count="8" type="stmt"/>
        <line num="274" count="8" type="stmt"/>
        <line num="278" count="28" type="stmt"/>
        <line num="279" count="28" type="stmt"/>
        <line num="280" count="28" type="cond" truecount="2" falsecount="0"/>
        <line num="281" count="13" type="stmt"/>
        <line num="282" count="13" type="stmt"/>
        <line num="285" count="15" type="stmt"/>
        <line num="287" count="28" type="stmt"/>
        <line num="289" count="39" type="stmt"/>
        <line num="290" count="3" type="stmt"/>
        <line num="291" count="3" type="stmt"/>
        <line num="292" count="3" type="stmt"/>
        <line num="293" count="0" type="stmt"/>
        <line num="294" count="0" type="stmt"/>
        <line num="295" count="0" type="stmt"/>
        <line num="297" count="3" type="cond" truecount="1" falsecount="1"/>
        <line num="298" count="0" type="cond" truecount="0" falsecount="2"/>
        <line num="299" count="0" type="stmt"/>
        <line num="301" count="0" type="stmt"/>
        <line num="304" count="3" type="cond" truecount="1" falsecount="1"/>
        <line num="305" count="0" type="stmt"/>
        <line num="307" count="3" type="stmt"/>
        <line num="310" count="39" type="stmt"/>
        <line num="311" count="3" type="stmt"/>
        <line num="312" count="3" type="stmt"/>
        <line num="313" count="3" type="cond" truecount="1" falsecount="1"/>
        <line num="314" count="0" type="stmt"/>
        <line num="316" count="3" type="cond" truecount="2" falsecount="0"/>
        <line num="317" count="2" type="stmt"/>
        <line num="319" count="1" type="cond" truecount="1" falsecount="1"/>
        <line num="320" count="1" type="stmt"/>
        <line num="321" count="1" type="stmt"/>
        <line num="322" count="1" type="cond" truecount="1" falsecount="1"/>
        <line num="325" count="0" type="stmt"/>
        <line num="327" count="3" type="stmt"/>
        <line num="332" count="3" type="stmt"/>
        <line num="335" count="39" type="stmt"/>
        <line num="336" count="8" type="stmt"/>
        <line num="337" count="8" type="stmt"/>
        <line num="338" count="8" type="stmt"/>
        <line num="339" count="8" type="stmt"/>
        <line num="340" count="8" type="stmt"/>
        <line num="341" count="8" type="stmt"/>
        <line num="342" count="8" type="stmt"/>
        <line num="343" count="8" type="cond" truecount="1" falsecount="1"/>
        <line num="344" count="0" type="stmt"/>
        <line num="347" count="8" type="stmt"/>
        <line num="349" count="8" type="cond" truecount="1" falsecount="1"/>
        <line num="350" count="0" type="stmt"/>
        <line num="351" count="0" type="stmt"/>
        <line num="353" count="8" type="cond" truecount="2" falsecount="0"/>
        <line num="354" count="1" type="stmt"/>
        <line num="355" count="1" type="stmt"/>
        <line num="357" count="7" type="cond" truecount="2" falsecount="0"/>
        <line num="358" count="5" type="stmt"/>
        <line num="359" count="5" type="stmt"/>
        <line num="360" count="5" type="cond" truecount="2" falsecount="0"/>
        <line num="361" count="5" type="cond" truecount="2" falsecount="0"/>
        <line num="364" count="2" type="stmt"/>
        <line num="365" count="2" type="stmt"/>
        <line num="367" count="8" type="cond" truecount="2" falsecount="0"/>
        <line num="368" count="5" type="stmt"/>
        <line num="370" count="8" type="cond" truecount="2" falsecount="0"/>
        <line num="371" count="3" type="stmt"/>
        <line num="373" count="8" type="stmt"/>
        <line num="378" count="8" type="stmt"/>
        <line num="381" count="21" type="cond" truecount="2" falsecount="0"/>
        <line num="382" count="19" type="stmt"/>
        <line num="383" count="2" type="stmt"/>
        <line num="384" count="2" type="cond" truecount="1" falsecount="1"/>
        <line num="385" count="2" type="stmt"/>
        <line num="387" count="2" type="stmt"/>
        <line num="393" count="2" type="stmt"/>
        <line num="394" count="2" type="stmt"/>
        <line num="396" count="39" type="stmt"/>
        <line num="397" count="3" type="stmt"/>
        <line num="398" count="3" type="stmt"/>
        <line num="399" count="3" type="stmt"/>
        <line num="400" count="3" type="stmt"/>
        <line num="403" count="8" type="stmt"/>
        <line num="404" count="8" type="stmt"/>
        <line num="405" count="8" type="stmt"/>
        <line num="406" count="8" type="stmt"/>
        <line num="407" count="8" type="stmt"/>
        <line num="408" count="8" type="cond" truecount="1" falsecount="1"/>
        <line num="409" count="8" type="cond" truecount="2" falsecount="3"/>
        <line num="410" count="0" type="stmt"/>
        <line num="411" count="0" type="stmt"/>
        <line num="412" count="0" type="cond" truecount="0" falsecount="2"/>
        <line num="413" count="0" type="cond" truecount="0" falsecount="2"/>
        <line num="415" count="0" type="stmt"/>
        <line num="416" count="0" type="cond" truecount="0" falsecount="4"/>
        <line num="417" count="0" type="cond" truecount="0" falsecount="5"/>
        <line num="418" count="0" type="stmt"/>
        <line num="419" count="0" type="stmt"/>
        <line num="420" count="0" type="stmt"/>
        <line num="422" count="0" type="cond" truecount="0" falsecount="2"/>
        <line num="423" count="0" type="cond" truecount="0" falsecount="2"/>
        <line num="424" count="0" type="stmt"/>
        <line num="425" count="0" type="stmt"/>
        <line num="428" count="0" type="cond" truecount="0" falsecount="2"/>
        <line num="429" count="0" type="cond" truecount="0" falsecount="2"/>
        <line num="430" count="0" type="stmt"/>
        <line num="431" count="0" type="stmt"/>
        <line num="434" count="0" type="stmt"/>
        <line num="436" count="0" type="stmt"/>
        <line num="437" count="0" type="cond" truecount="0" falsecount="4"/>
        <line num="438" count="0" type="stmt"/>
        <line num="439" count="0" type="stmt"/>
        <line num="441" count="0" type="cond" truecount="0" falsecount="2"/>
        <line num="442" count="0" type="cond" truecount="0" falsecount="2"/>
        <line num="443" count="0" type="stmt"/>
        <line num="444" count="0" type="stmt"/>
        <line num="447" count="0" type="stmt"/>
        <line num="449" count="0" type="stmt"/>
        <line num="450" count="0" type="stmt"/>
        <line num="451" count="0" type="cond" truecount="0" falsecount="2"/>
        <line num="452" count="0" type="stmt"/>
        <line num="453" count="0" type="cond" truecount="0" falsecount="2"/>
        <line num="454" count="0" type="stmt"/>
        <line num="458" count="8" type="stmt"/>
        <line num="459" count="8" type="stmt"/>
        <line num="460" count="8" type="cond" truecount="2" falsecount="0"/>
        <line num="461" count="4" type="cond" truecount="2" falsecount="0"/>
        <line num="462" count="4" type="stmt"/>
        <line num="465" count="4" type="cond" truecount="2" falsecount="0"/>
        <line num="466" count="4" type="stmt"/>
        <line num="468" count="8" type="cond" truecount="1" falsecount="1"/>
        <line num="469" count="8" type="cond" truecount="2" falsecount="2"/>
        <line num="470" count="0" type="stmt"/>
        <line num="471" count="8" type="cond" truecount="2" falsecount="2"/>
        <line num="472" count="0" type="stmt"/>
        <line num="475" count="8" type="cond" truecount="1" falsecount="1"/>
        <line num="476" count="8" type="cond" truecount="2" falsecount="2"/>
        <line num="477" count="0" type="stmt"/>
        <line num="479" count="8" type="cond" truecount="2" falsecount="2"/>
        <line num="480" count="0" type="stmt"/>
        <line num="481" count="0" type="stmt"/>
        <line num="483" count="8" type="cond" truecount="2" falsecount="0"/>
        <line num="485" count="0" type="cond" truecount="0" falsecount="2"/>
        <line num="486" count="0" type="stmt"/>
        <line num="489" count="0" type="stmt"/>
        <line num="492" count="8" type="stmt"/>
        <line num="496" count="8" type="stmt"/>
        <line num="499" count="4" type="stmt"/>
        <line num="500" count="48" type="stmt"/>
        <line num="501" count="48" type="cond" truecount="2" falsecount="0"/>
        <line num="502" count="4" type="stmt"/>
        <line num="503" count="4" type="cond" truecount="2" falsecount="0"/>
        <line num="507" count="0" type="stmt"/>
        <line num="510" count="12" type="stmt"/>
        <line num="513" count="9" type="stmt"/>
        <line num="516" count="492" type="stmt"/>
        <line num="517" count="492" type="stmt"/>
        <line num="518" count="492" type="stmt"/>
        <line num="519" count="492" type="stmt"/>
        <line num="520" count="1413" type="cond" truecount="2" falsecount="0"/>
        <line num="521" count="12" type="stmt"/>
        <line num="522" count="1413" type="stmt"/>
        <line num="523" count="1413" type="cond" truecount="2" falsecount="0"/>
        <line num="524" count="24" type="stmt"/>
        <line num="525" count="1413" type="cond" truecount="2" falsecount="0"/>
        <line num="526" count="12" type="stmt"/>
        <line num="528" count="492" type="stmt"/>
        <line num="531" count="11" type="stmt"/>
        <line num="532" count="11" type="stmt"/>
        <line num="533" count="11" type="stmt"/>
        <line num="534" count="11" type="stmt"/>
        <line num="537" count="39" type="stmt"/>
        <line num="538" count="39" type="stmt"/>
        <line num="539" count="39" type="stmt"/>
        <line num="564" count="39" type="stmt"/>
        <line num="566" count="39" type="stmt"/>
        <line num="567" count="39" type="cond" truecount="2" falsecount="0"/>
        <line num="568" count="39" type="cond" truecount="2" falsecount="0"/>
        <line num="569" count="39" type="cond" truecount="2" falsecount="0"/>
        <line num="570" count="39" type="cond" truecount="2" falsecount="0"/>
        <line num="571" count="39" type="stmt"/>
        <line num="572" count="39" type="stmt"/>
        <line num="573" count="39" type="stmt"/>
        <line num="577" count="39" type="stmt"/>
        <line num="581" count="42" type="stmt"/>
        <line num="584" count="42" type="stmt"/>
        <line num="587" count="560" type="stmt"/>
        <line num="588" count="560" type="stmt"/>
        <line num="589" count="560" type="stmt"/>
        <line num="590" count="749" type="cond" truecount="2" falsecount="0"/>
        <line num="591" count="749" type="cond" truecount="2" falsecount="0"/>
        <line num="592" count="441" type="stmt"/>
        <line num="593" count="441" type="stmt"/>
        <line num="596" count="560" type="cond" truecount="2" falsecount="0"/>
        <line num="597" count="119" type="stmt"/>
        <line num="598" count="441" type="stmt"/>
        <line num="601" count="913" type="cond" truecount="4" falsecount="0"/>
        <line num="604" count="655" type="stmt"/>
        <line num="605" count="655" type="stmt"/>
        <line num="606" count="655" type="stmt"/>
        <line num="607" count="655" type="cond" truecount="4" falsecount="0"/>
        <line num="608" count="655" type="cond" truecount="2" falsecount="0"/>
        <line num="609" count="13" type="cond" truecount="1" falsecount="1"/>
        <line num="611" count="642" type="stmt"/>
        <line num="614" count="49" type="stmt"/>
        <line num="615" count="49" type="cond" truecount="2" falsecount="0"/>
        <line num="616" count="8" type="stmt"/>
        <line num="617" count="41" type="stmt"/>
        <line num="618" count="41" type="stmt"/>
        <line num="619" count="41" type="stmt"/>
        <line num="620" count="41" type="cond" truecount="1" falsecount="1"/>
        <line num="621" count="0" type="stmt"/>
        <line num="622" count="41" type="stmt"/>
        <line num="623" count="41" type="cond" truecount="1" falsecount="1"/>
        <line num="624" count="0" type="stmt"/>
        <line num="625" count="41" type="cond" truecount="3" falsecount="1"/>
        <line num="626" count="0" type="stmt"/>
        <line num="627" count="41" type="cond" truecount="1" falsecount="1"/>
        <line num="628" count="0" type="stmt"/>
        <line num="629" count="0" type="stmt"/>
        <line num="630" count="0" type="stmt"/>
        <line num="633" count="41" type="cond" truecount="2" falsecount="2"/>
        <line num="634" count="41" type="stmt"/>
        <line num="635" count="41" type="stmt"/>
        <line num="636" count="41" type="cond" truecount="2" falsecount="0"/>
        <line num="637" count="1" type="stmt"/>
        <line num="638" count="41" type="cond" truecount="1" falsecount="1"/>
        <line num="639" count="0" type="stmt"/>
        <line num="640" count="41" type="cond" truecount="1" falsecount="1"/>
        <line num="641" count="0" type="stmt"/>
        <line num="642" count="41" type="cond" truecount="1" falsecount="1"/>
        <line num="643" count="0" type="stmt"/>
        <line num="644" count="41" type="stmt"/>
        <line num="650" count="41" type="cond" truecount="1" falsecount="1"/>
        <line num="651" count="41" type="stmt"/>
        <line num="656" count="41" type="stmt"/>
        <line num="658" count="0" type="stmt"/>
        <line num="661" count="49" type="stmt"/>
        <line num="662" count="49" type="cond" truecount="2" falsecount="0"/>
        <line num="663" count="9" type="stmt"/>
        <line num="664" count="40" type="stmt"/>
        <line num="665" count="40" type="stmt"/>
        <line num="666" count="40" type="stmt"/>
        <line num="667" count="40" type="stmt"/>
        <line num="668" count="40" type="cond" truecount="1" falsecount="1"/>
        <line num="669" count="0" type="stmt"/>
        <line num="670" count="40" type="stmt"/>
        <line num="671" count="40" type="cond" truecount="1" falsecount="1"/>
        <line num="672" count="0" type="stmt"/>
        <line num="673" count="40" type="stmt"/>
        <line num="674" count="40" type="cond" truecount="1" falsecount="1"/>
        <line num="675" count="0" type="stmt"/>
        <line num="676" count="40" type="stmt"/>
        <line num="677" count="120" type="cond" truecount="1" falsecount="1"/>
        <line num="678" count="0" type="stmt"/>
        <line num="679" count="120" type="cond" truecount="1" falsecount="1"/>
        <line num="680" count="0" type="stmt"/>
        <line num="681" count="120" type="stmt"/>
        <line num="683" count="40" type="stmt"/>
        <line num="684" count="40" type="stmt"/>
        <line num="685" count="40" type="stmt"/>
        <line num="686" count="40" type="stmt"/>
        <line num="692" count="40" type="stmt"/>
        <line num="695" count="119" type="stmt"/>
        <line num="696" count="119" type="cond" truecount="2" falsecount="0"/>
        <line num="697" count="42" type="stmt"/>
        <line num="698" count="77" type="stmt"/>
        <line num="699" count="77" type="stmt"/>
        <line num="700" count="77" type="stmt"/>
        <line num="702" count="77" type="cond" truecount="1" falsecount="1"/>
        <line num="703" count="0" type="stmt"/>
        <line num="704" count="77" type="cond" truecount="1" falsecount="1"/>
        <line num="705" count="0" type="stmt"/>
        <line num="706" count="77" type="cond" truecount="4" falsecount="0"/>
        <line num="707" count="53" type="stmt"/>
        <line num="710" count="24" type="cond" truecount="1" falsecount="1"/>
        <line num="711" count="24" type="stmt"/>
        <line num="714" count="0" type="stmt"/>
        <line num="716" count="77" type="stmt"/>
        <line num="717" count="77" type="cond" truecount="1" falsecount="1"/>
        <line num="718" count="0" type="stmt"/>
        <line num="719" count="77" type="cond" truecount="4" falsecount="0"/>
        <line num="720" count="69" type="stmt"/>
        <line num="723" count="8" type="cond" truecount="2" falsecount="0"/>
        <line num="724" count="6" type="stmt"/>
        <line num="725" count="8" type="cond" truecount="1" falsecount="1"/>
        <line num="726" count="0" type="stmt"/>
        <line num="728" count="77" type="cond" truecount="2" falsecount="0"/>
        <line num="730" count="48" type="stmt"/>
        <line num="731" count="48" type="cond" truecount="1" falsecount="1"/>
        <line num="732" count="0" type="stmt"/>
        <line num="733" count="48" type="cond" truecount="1" falsecount="1"/>
        <line num="734" count="0" type="stmt"/>
        <line num="735" count="0" type="stmt"/>
        <line num="736" count="0" type="stmt"/>
        <line num="738" count="48" type="cond" truecount="1" falsecount="1"/>
        <line num="739" count="48" type="stmt"/>
        <line num="742" count="0" type="stmt"/>
        <line num="746" count="29" type="cond" truecount="4" falsecount="0"/>
        <line num="747" count="19" type="cond" truecount="2" falsecount="0"/>
        <line num="750" count="10" type="cond" truecount="2" falsecount="0"/>
        <line num="753" count="77" type="cond" truecount="3" falsecount="1"/>
        <line num="754" count="0" type="cond" truecount="0" falsecount="4"/>
        <line num="755" count="0" type="stmt"/>
        <line num="756" count="0" type="cond" truecount="0" falsecount="2"/>
        <line num="757" count="0" type="stmt"/>
        <line num="759" count="77" type="stmt"/>
        <line num="765" count="77" type="cond" truecount="4" falsecount="0"/>
        <line num="766" count="29" type="stmt"/>
        <line num="767" count="77" type="stmt"/>
        <line num="770" count="49" type="stmt"/>
        <line num="771" count="49" type="cond" truecount="2" falsecount="0"/>
        <line num="772" count="9" type="cond" truecount="1" falsecount="1"/>
        <line num="773" count="0" type="stmt"/>
        <line num="774" count="9" type="stmt"/>
        <line num="776" count="40" type="cond" truecount="2" falsecount="0"/>
        <line num="777" count="34" type="stmt"/>
        <line num="779" count="6" type="stmt"/>
        <line num="780" count="40" type="stmt"/>
        <line num="784" count="40" type="stmt"/>
        <line num="787" count="49" type="stmt"/>
        <line num="788" count="49" type="cond" truecount="2" falsecount="0"/>
        <line num="789" count="9" type="stmt"/>
        <line num="790" count="40" type="stmt"/>
        <line num="791" count="40" type="stmt"/>
        <line num="792" count="40" type="stmt"/>
        <line num="793" count="40" type="stmt"/>
        <line num="794" count="40" type="cond" truecount="1" falsecount="1"/>
        <line num="795" count="40" type="stmt"/>
        <line num="796" count="40" type="cond" truecount="3" falsecount="1"/>
        <line num="797" count="0" type="stmt"/>
        <line num="798" count="40" type="cond" truecount="1" falsecount="1"/>
        <line num="799" count="40" type="cond" truecount="1" falsecount="1"/>
        <line num="800" count="40" type="cond" truecount="1" falsecount="1"/>
        <line num="801" count="40" type="stmt"/>
        <line num="802" count="40" type="cond" truecount="1" falsecount="1"/>
        <line num="803" count="0" type="stmt"/>
        <line num="805" count="40" type="cond" truecount="1" falsecount="1"/>
        <line num="806" count="0" type="stmt"/>
        <line num="807" count="40" type="cond" truecount="4" falsecount="0"/>
        <line num="808" count="32" type="stmt"/>
        <line num="810" count="40" type="cond" truecount="3" falsecount="1"/>
        <line num="811" count="0" type="stmt"/>
        <line num="813" count="40" type="stmt"/>
        <line num="814" count="40" type="stmt"/>
        <line num="815" count="40" type="stmt"/>
        <line num="816" count="40" type="cond" truecount="2" falsecount="0"/>
        <line num="817" count="34" type="cond" truecount="1" falsecount="1"/>
        <line num="818" count="0" type="stmt"/>
        <line num="819" count="0" type="stmt"/>
        <line num="825" count="40" type="stmt"/>
        <line num="832" count="40" type="stmt"/>
        <line num="835" count="49" type="stmt"/>
        <line num="836" count="49" type="cond" truecount="2" falsecount="0"/>
        <line num="837" count="9" type="stmt"/>
        <line num="838" count="40" type="stmt"/>
        <line num="839" count="40" type="cond" truecount="3" falsecount="1"/>
        <line num="840" count="40" type="stmt"/>
        <line num="843" count="0" type="stmt"/>
        <line num="844" count="40" type="stmt"/>
        <line num="848" count="40" type="stmt"/>
        <line num="851" count="49" type="stmt"/>
        <line num="852" count="49" type="cond" truecount="2" falsecount="0"/>
        <line num="853" count="9" type="stmt"/>
        <line num="854" count="40" type="stmt"/>
        <line num="855" count="40" type="cond" truecount="1" falsecount="1"/>
        <line num="856" count="40" type="stmt"/>
        <line num="859" count="0" type="stmt"/>
        <line num="862" count="40" type="stmt"/>
        <line num="866" count="40" type="stmt"/>
        <line num="869" count="49" type="stmt"/>
        <line num="870" count="49" type="cond" truecount="2" falsecount="0"/>
        <line num="871" count="7" type="stmt"/>
        <line num="872" count="42" type="stmt"/>
        <line num="873" count="42" type="stmt"/>
        <line num="874" count="42" type="stmt"/>
        <line num="875" count="42" type="stmt"/>
        <line num="876" count="42" type="stmt"/>
        <line num="877" count="42" type="cond" truecount="1" falsecount="1"/>
        <line num="878" count="42" type="stmt"/>
        <line num="881" count="0" type="stmt"/>
        <line num="883" count="42" type="stmt"/>
        <line num="884" count="42" type="cond" truecount="1" falsecount="1"/>
        <line num="885" count="42" type="stmt"/>
        <line num="888" count="0" type="stmt"/>
        <line num="890" count="42" type="stmt"/>
        <line num="891" count="42" type="cond" truecount="1" falsecount="1"/>
        <line num="892" count="42" type="stmt"/>
        <line num="895" count="0" type="stmt"/>
        <line num="897" count="42" type="stmt"/>
        <line num="898" count="42" type="cond" truecount="1" falsecount="1"/>
        <line num="899" count="42" type="stmt"/>
        <line num="902" count="0" type="stmt"/>
        <line num="904" count="42" type="stmt"/>
        <line num="916" count="42" type="stmt"/>
        <line num="919" count="49" type="stmt"/>
        <line num="920" count="49" type="cond" truecount="2" falsecount="0"/>
        <line num="921" count="9" type="cond" truecount="1" falsecount="1"/>
        <line num="922" count="0" type="stmt"/>
        <line num="923" count="9" type="stmt"/>
        <line num="925" count="40" type="stmt"/>
        <line num="926" count="40" type="stmt"/>
        <line num="930" count="40" type="stmt"/>
        <line num="933" count="49" type="stmt"/>
        <line num="934" count="49" type="cond" truecount="2" falsecount="0"/>
        <line num="935" count="8" type="cond" truecount="1" falsecount="1"/>
        <line num="936" count="0" type="stmt"/>
        <line num="937" count="8" type="stmt"/>
        <line num="939" count="41" type="stmt"/>
        <line num="940" count="41" type="stmt"/>
        <line num="944" count="41" type="stmt"/>
        <line num="947" count="37" type="stmt"/>
        <line num="950" count="10" type="stmt"/>
        <line num="951" count="10" type="stmt"/>
        <line num="952" count="10" type="stmt"/>
        <line num="953" count="10" type="stmt"/>
        <line num="954" count="10" type="cond" truecount="2" falsecount="0"/>
        <line num="955" count="2" type="stmt"/>
        <line num="958" count="8" type="stmt"/>
        <line num="960" count="10" type="stmt"/>
        <line num="961" count="10" type="cond" truecount="2" falsecount="0"/>
        <line num="962" count="5" type="stmt"/>
        <line num="965" count="5" type="stmt"/>
        <line num="967" count="10" type="stmt"/>
        <line num="970" count="3" type="stmt"/>
        <line num="973" count="8" type="stmt"/>
        <line num="974" count="8" type="stmt"/>
        <line num="975" count="8" type="cond" truecount="4" falsecount="0"/>
        <line num="976" count="1" type="stmt"/>
        <line num="977" count="1" type="stmt"/>
        <line num="980" count="7" type="stmt"/>
        <line num="981" count="7" type="stmt"/>
        <line num="983" count="8" type="stmt"/>
        <line num="986" count="7" type="stmt"/>
      </file>
    </package>
    <package name="range-slider-fox.mvc.view">
      <metrics statements="162" coveredstatements="147" conditionals="54" coveredconditionals="39" methods="36" coveredmethods="33"/>
      <file name="view.ts" path="E:\OSPanel\domains\MetaLamp_four_task\src\plugins\range-slider-fox\mvc\view\view.ts">
        <metrics statements="162" coveredstatements="147" conditionals="54" coveredconditionals="39" methods="36" coveredmethods="33"/>
        <line num="2" count="6" type="stmt"/>
        <line num="3" count="6" type="stmt"/>
        <line num="4" count="6" type="stmt"/>
        <line num="5" count="6" type="stmt"/>
        <line num="6" count="6" type="stmt"/>
        <line num="7" count="6" type="stmt"/>
        <line num="8" count="6" type="stmt"/>
        <line num="28" count="16" type="stmt"/>
        <line num="29" count="16" type="stmt"/>
        <line num="30" count="16" type="stmt"/>
        <line num="31" count="16" type="stmt"/>
        <line num="32" count="16" type="stmt"/>
        <line num="33" count="16" type="stmt"/>
        <line num="36" count="27" type="stmt"/>
        <line num="37" count="27" type="stmt"/>
        <line num="38" count="27" type="cond" truecount="1" falsecount="1"/>
        <line num="39" count="27" type="stmt"/>
        <line num="40" count="27" type="stmt"/>
        <line num="41" count="27" type="stmt"/>
        <line num="42" count="27" type="cond" truecount="2" falsecount="0"/>
        <line num="43" count="11" type="stmt"/>
        <line num="45" count="27" type="stmt"/>
        <line num="48" count="0" type="stmt"/>
        <line num="50" count="27" type="stmt"/>
        <line num="53" count="17" type="cond" truecount="1" falsecount="1"/>
        <line num="54" count="17" type="cond" truecount="2" falsecount="0"/>
        <line num="55" count="3" type="stmt"/>
        <line num="59" count="3" type="stmt"/>
        <line num="61" count="14" type="stmt"/>
        <line num="64" count="19" type="stmt"/>
        <line num="65" count="19" type="stmt"/>
        <line num="66" count="19" type="cond" truecount="2" falsecount="0"/>
        <line num="69" count="19" type="cond" truecount="2" falsecount="0"/>
        <line num="72" count="19" type="stmt"/>
        <line num="75" count="16" type="stmt"/>
        <line num="76" count="80" type="stmt"/>
        <line num="77" count="80" type="stmt"/>
        <line num="78" count="96" type="stmt"/>
        <line num="80" count="80" type="stmt"/>
        <line num="82" count="16" type="stmt"/>
        <line num="86" count="16" type="stmt"/>
        <line num="87" count="16" type="stmt"/>
        <line num="88" count="16" type="stmt"/>
        <line num="89" count="16" type="stmt"/>
        <line num="90" count="16" type="stmt"/>
        <line num="91" count="16" type="stmt"/>
        <line num="92" count="16" type="stmt"/>
        <line num="93" count="16" type="stmt"/>
        <line num="94" count="16" type="stmt"/>
        <line num="97" count="18" type="stmt"/>
        <line num="98" count="18" type="stmt"/>
        <line num="99" count="18" type="cond" truecount="2" falsecount="0"/>
        <line num="100" count="18" type="cond" truecount="2" falsecount="0"/>
        <line num="101" count="18" type="stmt"/>
        <line num="102" count="18" type="stmt"/>
        <line num="103" count="18" type="stmt"/>
        <line num="104" count="18" type="stmt"/>
        <line num="105" count="18" type="stmt"/>
        <line num="108" count="15" type="stmt"/>
        <line num="109" count="1" type="stmt"/>
        <line num="116" count="19" type="cond" truecount="2" falsecount="0"/>
        <line num="117" count="4" type="stmt"/>
        <line num="118" count="19" type="stmt"/>
        <line num="119" count="19" type="stmt"/>
        <line num="120" count="19" type="stmt"/>
        <line num="124" count="26" type="stmt"/>
        <line num="127" count="26" type="stmt"/>
        <line num="130" count="10" type="stmt"/>
        <line num="133" count="26" type="stmt"/>
        <line num="137" count="19" type="stmt"/>
        <line num="138" count="19" type="stmt"/>
        <line num="139" count="19" type="cond" truecount="2" falsecount="0"/>
        <line num="140" count="17" type="stmt"/>
        <line num="141" count="17" type="stmt"/>
        <line num="144" count="2" type="stmt"/>
        <line num="146" count="19" type="cond" truecount="1" falsecount="1"/>
        <line num="147" count="19" type="stmt"/>
        <line num="148" count="19" type="cond" truecount="2" falsecount="0"/>
        <line num="149" count="7" type="stmt"/>
        <line num="150" count="7" type="stmt"/>
        <line num="154" count="0" type="stmt"/>
        <line num="155" count="0" type="cond" truecount="0" falsecount="2"/>
        <line num="156" count="0" type="stmt"/>
        <line num="157" count="0" type="stmt"/>
        <line num="162" count="6" type="cond" truecount="2" falsecount="0"/>
        <line num="163" count="1" type="stmt"/>
        <line num="164" count="1" type="stmt"/>
        <line num="168" count="0" type="stmt"/>
        <line num="171" count="29" type="cond" truecount="3" falsecount="1"/>
        <line num="172" count="29" type="stmt"/>
        <line num="173" count="29" type="stmt"/>
        <line num="176" count="0" type="stmt"/>
        <line num="179" count="29" type="stmt"/>
        <line num="182" count="29" type="stmt"/>
        <line num="183" count="29" type="cond" truecount="2" falsecount="0"/>
        <line num="184" count="13" type="stmt"/>
        <line num="185" count="13" type="stmt"/>
        <line num="189" count="0" type="stmt"/>
        <line num="190" count="0" type="cond" truecount="0" falsecount="4"/>
        <line num="191" count="0" type="stmt"/>
        <line num="192" count="0" type="stmt"/>
        <line num="197" count="18" type="stmt"/>
        <line num="198" count="18" type="stmt"/>
        <line num="199" count="18" type="cond" truecount="2" falsecount="0"/>
        <line num="201" count="18" type="stmt"/>
        <line num="204" count="27" type="stmt"/>
        <line num="208" count="2" type="stmt"/>
        <line num="211" count="2" type="stmt"/>
        <line num="214" count="2" type="stmt"/>
        <line num="217" count="15" type="stmt"/>
        <line num="237" count="15" type="stmt"/>
        <line num="238" count="15" type="stmt"/>
        <line num="239" count="271" type="stmt"/>
        <line num="240" count="271" type="cond" truecount="2" falsecount="0"/>
        <line num="241" count="4" type="stmt"/>
        <line num="242" count="4" type="stmt"/>
        <line num="243" count="4" type="stmt"/>
        <line num="244" count="4" type="cond" truecount="1" falsecount="1"/>
        <line num="245" count="4" type="stmt"/>
        <line num="247" count="0" type="stmt"/>
        <line num="248" count="0" type="cond" truecount="0" falsecount="2"/>
        <line num="249" count="0" type="stmt"/>
        <line num="251" count="0" type="stmt"/>
        <line num="254" count="15" type="stmt"/>
        <line num="255" count="15" type="stmt"/>
        <line num="256" count="270" type="stmt"/>
        <line num="257" count="270" type="cond" truecount="2" falsecount="0"/>
        <line num="258" count="3" type="stmt"/>
        <line num="259" count="3" type="stmt"/>
        <line num="260" count="3" type="stmt"/>
        <line num="262" count="270" type="stmt"/>
        <line num="264" count="15" type="stmt"/>
        <line num="265" count="15" type="stmt"/>
        <line num="266" count="1" type="stmt"/>
        <line num="267" count="1" type="stmt"/>
        <line num="268" count="1" type="stmt"/>
        <line num="269" count="1" type="cond" truecount="1" falsecount="1"/>
        <line num="270" count="1" type="stmt"/>
        <line num="271" count="1" type="stmt"/>
        <line num="272" count="1" type="stmt"/>
        <line num="278" count="15" type="stmt"/>
        <line num="283" count="16" type="stmt"/>
        <line num="284" count="15" type="stmt"/>
        <line num="285" count="15" type="stmt"/>
        <line num="286" count="15" type="stmt"/>
        <line num="287" count="15" type="stmt"/>
        <line num="288" count="15" type="stmt"/>
        <line num="289" count="15" type="stmt"/>
        <line num="290" count="15" type="stmt"/>
        <line num="291" count="15" type="stmt"/>
        <line num="295" count="15" type="stmt"/>
        <line num="296" count="15" type="stmt"/>
        <line num="297" count="15" type="stmt"/>
        <line num="299" count="16" type="stmt"/>
        <line num="300" count="6" type="stmt"/>
        <line num="301" count="6" type="stmt"/>
        <line num="304" count="47" type="stmt"/>
        <line num="305" count="47" type="cond" truecount="2" falsecount="0"/>
        <line num="306" count="2" type="stmt"/>
        <line num="309" count="45" type="stmt"/>
        <line num="311" count="47" type="stmt"/>
        <line num="317" count="6" type="stmt"/>
      </file>
    </package>
    <package name="range-slider-fox.mvc.view.sub-view">
      <metrics statements="616" coveredstatements="561" conditionals="313" coveredconditionals="233" methods="95" coveredmethods="89"/>
      <file name="bar.ts" path="E:\OSPanel\domains\MetaLamp_four_task\src\plugins\range-slider-fox\mvc\view\sub-view\bar.ts">
        <metrics statements="69" coveredstatements="65" conditionals="34" coveredconditionals="28" methods="13" coveredmethods="13"/>
        <line num="2" count="6" type="stmt"/>
        <line num="3" count="6" type="stmt"/>
        <line num="4" count="6" type="stmt"/>
        <line num="12" count="21" type="stmt"/>
        <line num="13" count="21" type="stmt"/>
        <line num="14" count="21" type="stmt"/>
        <line num="17" count="24" type="stmt"/>
        <line num="20" count="19" type="cond" truecount="2" falsecount="0"/>
        <line num="21" count="19" type="stmt"/>
        <line num="22" count="3" type="stmt"/>
        <line num="23" count="3" type="stmt"/>
        <line num="24" count="3" type="stmt"/>
        <line num="25" count="3" type="stmt"/>
        <line num="26" count="3" type="cond" truecount="2" falsecount="0"/>
        <line num="27" count="1" type="stmt"/>
        <line num="28" count="2" type="stmt"/>
        <line num="29" count="2" type="stmt"/>
        <line num="30" count="2" type="stmt"/>
        <line num="31" count="2" type="stmt"/>
        <line num="32" count="2" type="stmt"/>
        <line num="33" count="2" type="stmt"/>
        <line num="35" count="3" type="cond" truecount="2" falsecount="0"/>
        <line num="36" count="2" type="cond" truecount="1" falsecount="1"/>
        <line num="37" count="0" type="stmt"/>
        <line num="40" count="1" type="cond" truecount="1" falsecount="1"/>
        <line num="41" count="1" type="stmt"/>
        <line num="43" count="2" type="stmt"/>
        <line num="44" count="2" type="stmt"/>
        <line num="45" count="2" type="stmt"/>
        <line num="47" count="19" type="cond" truecount="2" falsecount="0"/>
        <line num="48" count="3" type="stmt"/>
        <line num="49" count="16" type="stmt"/>
        <line num="52" count="6" type="stmt"/>
        <line num="53" count="1" type="cond" truecount="1" falsecount="1"/>
        <line num="54" count="1" type="stmt"/>
        <line num="61" count="22" type="cond" truecount="4" falsecount="0"/>
        <line num="62" count="1" type="stmt"/>
        <line num="63" count="1" type="stmt"/>
        <line num="64" count="1" type="stmt"/>
        <line num="66" count="21" type="cond" truecount="3" falsecount="1"/>
        <line num="67" count="0" type="stmt"/>
        <line num="68" count="21" type="cond" truecount="4" falsecount="0"/>
        <line num="69" count="15" type="stmt"/>
        <line num="70" count="6" type="stmt"/>
        <line num="71" count="6" type="stmt"/>
        <line num="72" count="6" type="stmt"/>
        <line num="73" count="6" type="stmt"/>
        <line num="76" count="19" type="cond" truecount="2" falsecount="0"/>
        <line num="77" count="16" type="stmt"/>
        <line num="78" count="3" type="stmt"/>
        <line num="79" count="3" type="stmt"/>
        <line num="80" count="3" type="cond" truecount="1" falsecount="1"/>
        <line num="81" count="3" type="stmt"/>
        <line num="84" count="29" type="cond" truecount="2" falsecount="0"/>
        <line num="85" count="24" type="stmt"/>
        <line num="86" count="5" type="stmt"/>
        <line num="87" count="5" type="cond" truecount="1" falsecount="1"/>
        <line num="88" count="0" type="stmt"/>
        <line num="89" count="0" type="stmt"/>
        <line num="92" count="5" type="stmt"/>
        <line num="93" count="5" type="stmt"/>
        <line num="95" count="5" type="stmt"/>
        <line num="98" count="3" type="stmt"/>
        <line num="101" count="2" type="stmt"/>
        <line num="104" count="6" type="stmt"/>
        <line num="105" count="6" type="stmt"/>
        <line num="106" count="6" type="stmt"/>
        <line num="108" count="6" type="stmt"/>
        <line num="111" count="6" type="stmt"/>
      </file>
      <file name="grid.ts" path="E:\OSPanel\domains\MetaLamp_four_task\src\plugins\range-slider-fox\mvc\view\sub-view\grid.ts">
        <metrics statements="176" coveredstatements="150" conditionals="57" coveredconditionals="32" methods="26" coveredmethods="22"/>
        <line num="2" count="6" type="stmt"/>
        <line num="3" count="6" type="stmt"/>
        <line num="4" count="6" type="stmt"/>
        <line num="10" count="21" type="stmt"/>
        <line num="11" count="21" type="stmt"/>
        <line num="12" count="21" type="stmt"/>
        <line num="20" count="21" type="stmt"/>
        <line num="21" count="21" type="stmt"/>
        <line num="22" count="21" type="stmt"/>
        <line num="23" count="21" type="stmt"/>
        <line num="26" count="20" type="cond" truecount="2" falsecount="0"/>
        <line num="29" count="1" type="stmt"/>
        <line num="30" count="1" type="stmt"/>
        <line num="31" count="1" type="cond" truecount="1" falsecount="1"/>
        <line num="33" count="21" type="stmt"/>
        <line num="34" count="5" type="stmt"/>
        <line num="35" count="199" type="stmt"/>
        <line num="36" count="199" type="stmt"/>
        <line num="37" count="199" type="stmt"/>
        <line num="38" count="199" type="stmt"/>
        <line num="39" count="199" type="stmt"/>
        <line num="40" count="199" type="stmt"/>
        <line num="41" count="199" type="stmt"/>
        <line num="42" count="199" type="cond" truecount="1" falsecount="1"/>
        <line num="43" count="199" type="stmt"/>
        <line num="45" count="5" type="stmt"/>
        <line num="48" count="5" type="stmt"/>
        <line num="49" count="5" type="stmt"/>
        <line num="50" count="5" type="stmt"/>
        <line num="51" count="5" type="stmt"/>
        <line num="54" count="3" type="stmt"/>
        <line num="55" count="3" type="cond" truecount="2" falsecount="0"/>
        <line num="56" count="1" type="stmt"/>
        <line num="57" count="1" type="stmt"/>
        <line num="58" count="41" type="stmt"/>
        <line num="60" count="1" type="stmt"/>
        <line num="62" count="2" type="stmt"/>
        <line num="65" count="5" type="stmt"/>
        <line num="66" count="1" type="stmt"/>
        <line num="68" count="1" type="stmt"/>
        <line num="69" count="1" type="cond" truecount="1" falsecount="1"/>
        <line num="70" count="1" type="stmt"/>
        <line num="78" count="419" type="stmt"/>
        <line num="79" count="419" type="stmt"/>
        <line num="80" count="419" type="stmt"/>
        <line num="82" count="419" type="stmt"/>
        <line num="85" count="21" type="stmt"/>
        <line num="86" count="21" type="stmt"/>
        <line num="87" count="21" type="stmt"/>
        <line num="88" count="21" type="stmt"/>
        <line num="89" count="21" type="stmt"/>
        <line num="90" count="5" type="stmt"/>
        <line num="92" count="21" type="stmt"/>
        <line num="97" count="154" type="stmt"/>
        <line num="98" count="154" type="stmt"/>
        <line num="99" count="154" type="stmt"/>
        <line num="100" count="154" type="stmt"/>
        <line num="103" count="5" type="stmt"/>
        <line num="104" count="5" type="stmt"/>
        <line num="105" count="5" type="stmt"/>
        <line num="106" count="5" type="stmt"/>
        <line num="107" count="5" type="cond" truecount="2" falsecount="0"/>
        <line num="108" count="1" type="stmt"/>
        <line num="109" count="5" type="stmt"/>
        <line num="110" count="5" type="stmt"/>
        <line num="111" count="5" type="stmt"/>
        <line num="112" count="5" type="stmt"/>
        <line num="113" count="5" type="cond" truecount="2" falsecount="0"/>
        <line num="114" count="4" type="stmt"/>
        <line num="116" count="5" type="stmt"/>
        <line num="117" count="5" type="stmt"/>
        <line num="118" count="158" type="stmt"/>
        <line num="119" count="158" type="stmt"/>
        <line num="120" count="158" type="stmt"/>
        <line num="121" count="158" type="cond" truecount="1" falsecount="1"/>
        <line num="122" count="0" type="stmt"/>
        <line num="123" count="0" type="stmt"/>
        <line num="124" count="0" type="stmt"/>
        <line num="127" count="158" type="stmt"/>
        <line num="128" count="158" type="stmt"/>
        <line num="129" count="158" type="stmt"/>
        <line num="131" count="158" type="stmt"/>
        <line num="133" count="5" type="stmt"/>
        <line num="134" count="5" type="stmt"/>
        <line num="135" count="5" type="stmt"/>
        <line num="136" count="5" type="stmt"/>
        <line num="137" count="5" type="stmt"/>
        <line num="138" count="21" type="stmt"/>
        <line num="139" count="21" type="stmt"/>
        <line num="140" count="282" type="cond" truecount="2" falsecount="0"/>
        <line num="141" count="146" type="stmt"/>
        <line num="142" count="146" type="stmt"/>
        <line num="145" count="136" type="cond" truecount="1" falsecount="1"/>
        <line num="146" count="136" type="stmt"/>
        <line num="147" count="136" type="stmt"/>
        <line num="150" count="21" type="cond" truecount="2" falsecount="0"/>
        <line num="151" count="16" type="stmt"/>
        <line num="152" count="16" type="stmt"/>
        <line num="153" count="16" type="stmt"/>
        <line num="154" count="16" type="stmt"/>
        <line num="155" count="16" type="stmt"/>
        <line num="158" count="5" type="stmt"/>
        <line num="159" count="5" type="stmt"/>
        <line num="160" count="5" type="stmt"/>
        <line num="161" count="5" type="stmt"/>
        <line num="166" count="5" type="stmt"/>
        <line num="167" count="5" type="stmt"/>
        <line num="168" count="5" type="cond" truecount="1" falsecount="1"/>
        <line num="169" count="5" type="stmt"/>
        <line num="170" count="5" type="stmt"/>
        <line num="171" count="5" type="stmt"/>
        <line num="172" count="16" type="cond" truecount="1" falsecount="1"/>
        <line num="173" count="0" type="stmt"/>
        <line num="175" count="5" type="stmt"/>
        <line num="176" count="21" type="cond" truecount="2" falsecount="0"/>
        <line num="177" count="16" type="stmt"/>
        <line num="178" count="142" type="stmt"/>
        <line num="181" count="5" type="stmt"/>
        <line num="182" count="5" type="stmt"/>
        <line num="183" count="8" type="stmt"/>
        <line num="184" count="8" type="stmt"/>
        <line num="186" count="5" type="stmt"/>
        <line num="187" count="5" type="stmt"/>
        <line num="188" count="5" type="stmt"/>
        <line num="191" count="5" type="cond" truecount="4" falsecount="0"/>
        <line num="192" count="1" type="stmt"/>
        <line num="193" count="4" type="stmt"/>
        <line num="194" count="4" type="stmt"/>
        <line num="195" count="4" type="cond" truecount="1" falsecount="1"/>
        <line num="196" count="4" type="cond" truecount="1" falsecount="1"/>
        <line num="197" count="4" type="stmt"/>
        <line num="198" count="4" type="cond" truecount="1" falsecount="1"/>
        <line num="199" count="4" type="stmt"/>
        <line num="200" count="4" type="cond" truecount="1" falsecount="1"/>
        <line num="201" count="4" type="stmt"/>
        <line num="202" count="8" type="stmt"/>
        <line num="205" count="0" type="stmt"/>
        <line num="206" count="0" type="stmt"/>
        <line num="207" count="0" type="cond" truecount="0" falsecount="2"/>
        <line num="208" count="0" type="stmt"/>
        <line num="210" count="4" type="stmt"/>
        <line num="214" count="4" type="stmt"/>
        <line num="217" count="5" type="cond" truecount="2" falsecount="0"/>
        <line num="218" count="1" type="stmt"/>
        <line num="219" count="4" type="stmt"/>
        <line num="220" count="4" type="stmt"/>
        <line num="222" count="4" type="stmt"/>
        <line num="223" count="4" type="stmt"/>
        <line num="224" count="4" type="stmt"/>
        <line num="225" count="4" type="cond" truecount="1" falsecount="0"/>
        <line num="226" count="4" type="stmt"/>
        <line num="227" count="4" type="stmt"/>
        <line num="228" count="0" type="cond" truecount="0" falsecount="2"/>
        <line num="229" count="0" type="stmt"/>
        <line num="231" count="0" type="stmt"/>
        <line num="232" count="0" type="stmt"/>
        <line num="233" count="0" type="stmt"/>
        <line num="234" count="0" type="stmt"/>
        <line num="237" count="4" type="stmt"/>
        <line num="239" count="4" type="stmt"/>
        <line num="241" count="4" type="stmt"/>
        <line num="242" count="0" type="cond" truecount="0" falsecount="2"/>
        <line num="243" count="0" type="stmt"/>
        <line num="246" count="0" type="stmt"/>
        <line num="247" count="0" type="stmt"/>
        <line num="248" count="0" type="cond" truecount="0" falsecount="2"/>
        <line num="249" count="0" type="cond" truecount="0" falsecount="4"/>
        <line num="250" count="0" type="stmt"/>
        <line num="252" count="0" type="stmt"/>
        <line num="256" count="4" type="stmt"/>
        <line num="257" count="0" type="stmt"/>
        <line num="258" count="0" type="cond" truecount="0" falsecount="2"/>
        <line num="259" count="0" type="stmt"/>
        <line num="260" count="0" type="stmt"/>
        <line num="263" count="4" type="stmt"/>
        <line num="266" count="6" type="stmt"/>
      </file>
      <file name="handle.ts" path="E:\OSPanel\domains\MetaLamp_four_task\src\plugins\range-slider-fox\mvc\view\sub-view\handle.ts">
        <metrics statements="148" coveredstatements="139" conditionals="84" coveredconditionals="67" methods="23" coveredmethods="21"/>
        <line num="2" count="6" type="stmt"/>
        <line num="3" count="6" type="stmt"/>
        <line num="4" count="6" type="stmt"/>
        <line num="14" count="20" type="stmt"/>
        <line num="15" count="20" type="stmt"/>
        <line num="16" count="20" type="stmt"/>
        <line num="17" count="20" type="stmt"/>
        <line num="18" count="20" type="stmt"/>
        <line num="21" count="33" type="cond" truecount="2" falsecount="0"/>
        <line num="22" count="33" type="cond" truecount="5" falsecount="0"/>
        <line num="23" count="6" type="stmt"/>
        <line num="24" count="27" type="cond" truecount="5" falsecount="0"/>
        <line num="25" count="5" type="stmt"/>
        <line num="26" count="22" type="stmt"/>
        <line num="27" count="29" type="stmt"/>
        <line num="28" count="29" type="stmt"/>
        <line num="29" count="29" type="stmt"/>
        <line num="31" count="29" type="stmt"/>
        <line num="32" count="29" type="stmt"/>
        <line num="34" count="22" type="stmt"/>
        <line num="35" count="22" type="stmt"/>
        <line num="36" count="22" type="stmt"/>
        <line num="37" count="22" type="stmt"/>
        <line num="39" count="22" type="cond" truecount="2" falsecount="0"/>
        <line num="40" count="20" type="stmt"/>
        <line num="41" count="20" type="stmt"/>
        <line num="43" count="22" type="cond" truecount="2" falsecount="0"/>
        <line num="45" count="9" type="cond" truecount="1" falsecount="1"/>
        <line num="46" count="9" type="stmt"/>
        <line num="47" count="9" type="stmt"/>
        <line num="52" count="13" type="cond" truecount="2" falsecount="0"/>
        <line num="53" count="1" type="stmt"/>
        <line num="54" count="1" type="stmt"/>
        <line num="57" count="22" type="stmt"/>
        <line num="60" count="21" type="cond" truecount="2" falsecount="0"/>
        <line num="61" count="21" type="stmt"/>
        <line num="62" count="29" type="stmt"/>
        <line num="63" count="29" type="cond" truecount="2" falsecount="0"/>
        <line num="64" count="5" type="cond" truecount="2" falsecount="0"/>
        <line num="65" count="1" type="stmt"/>
        <line num="66" count="4" type="stmt"/>
        <line num="67" count="4" type="stmt"/>
        <line num="68" count="4" type="stmt"/>
        <line num="71" count="24" type="cond" truecount="2" falsecount="0"/>
        <line num="72" count="21" type="stmt"/>
        <line num="73" count="3" type="stmt"/>
        <line num="74" count="3" type="stmt"/>
        <line num="75" count="3" type="stmt"/>
        <line num="77" count="7" type="stmt"/>
        <line num="79" count="21" type="stmt"/>
        <line num="80" count="21" type="cond" truecount="2" falsecount="0"/>
        <line num="81" count="8" type="stmt"/>
        <line num="84" count="29" type="cond" truecount="2" falsecount="0"/>
        <line num="85" count="13" type="stmt"/>
        <line num="86" count="13" type="stmt"/>
        <line num="87" count="13" type="cond" truecount="1" falsecount="1"/>
        <line num="88" count="13" type="stmt"/>
        <line num="90" count="16" type="stmt"/>
        <line num="93" count="13" type="cond" truecount="1" falsecount="1"/>
        <line num="94" count="13" type="stmt"/>
        <line num="95" count="13" type="stmt"/>
        <line num="96" count="13" type="cond" truecount="1" falsecount="1"/>
        <line num="97" count="13" type="stmt"/>
        <line num="99" count="0" type="stmt"/>
        <line num="102" count="27" type="cond" truecount="2" falsecount="0"/>
        <line num="103" count="27" type="cond" truecount="4" falsecount="0"/>
        <line num="104" count="5" type="stmt"/>
        <line num="105" count="22" type="cond" truecount="4" falsecount="0"/>
        <line num="106" count="1" type="stmt"/>
        <line num="108" count="22" type="stmt"/>
        <line num="109" count="22" type="stmt"/>
        <line num="110" count="22" type="stmt"/>
        <line num="111" count="22" type="stmt"/>
        <line num="112" count="22" type="stmt"/>
        <line num="113" count="22" type="stmt"/>
        <line num="114" count="22" type="cond" truecount="2" falsecount="0"/>
        <line num="115" count="16" type="stmt"/>
        <line num="116" count="2" type="stmt"/>
        <line num="118" count="22" type="cond" truecount="4" falsecount="0"/>
        <line num="119" count="6" type="stmt"/>
        <line num="120" count="2" type="stmt"/>
        <line num="122" count="22" type="stmt"/>
        <line num="123" count="1" type="stmt"/>
        <line num="129" count="22" type="stmt"/>
        <line num="130" count="1" type="stmt"/>
        <line num="131" count="1" type="stmt"/>
        <line num="133" count="22" type="stmt"/>
        <line num="134" count="1" type="cond" truecount="1" falsecount="1"/>
        <line num="135" count="1" type="stmt"/>
        <line num="141" count="22" type="stmt"/>
        <line num="142" count="1" type="stmt"/>
        <line num="143" count="1" type="stmt"/>
        <line num="145" count="22" type="stmt"/>
        <line num="146" count="22" type="stmt"/>
        <line num="147" count="22" type="stmt"/>
        <line num="149" count="22" type="cond" truecount="2" falsecount="0"/>
        <line num="150" count="6" type="cond" truecount="1" falsecount="1"/>
        <line num="151" count="6" type="stmt"/>
        <line num="152" count="1" type="stmt"/>
        <line num="153" count="1" type="stmt"/>
        <line num="154" count="1" type="stmt"/>
        <line num="155" count="1" type="stmt"/>
        <line num="156" count="1" type="stmt"/>
        <line num="158" count="6" type="stmt"/>
        <line num="159" count="6" type="stmt"/>
        <line num="162" count="22" type="cond" truecount="2" falsecount="0"/>
        <line num="163" count="16" type="stmt"/>
        <line num="164" count="1" type="cond" truecount="1" falsecount="1"/>
        <line num="165" count="1" type="stmt"/>
        <line num="166" count="1" type="stmt"/>
        <line num="167" count="1" type="stmt"/>
        <line num="168" count="1" type="stmt"/>
        <line num="169" count="1" type="stmt"/>
        <line num="171" count="16" type="stmt"/>
        <line num="172" count="16" type="stmt"/>
        <line num="174" count="22" type="stmt"/>
        <line num="176" count="20" type="stmt"/>
        <line num="177" count="44" type="stmt"/>
        <line num="179" count="20" type="stmt"/>
        <line num="180" count="2" type="stmt"/>
        <line num="181" count="2" type="stmt"/>
        <line num="182" count="2" type="stmt"/>
        <line num="183" count="2" type="stmt"/>
        <line num="184" count="2" type="cond" truecount="1" falsecount="1"/>
        <line num="185" count="2" type="cond" truecount="1" falsecount="1"/>
        <line num="186" count="2" type="cond" truecount="1" falsecount="1"/>
        <line num="187" count="2" type="stmt"/>
        <line num="196" count="20" type="stmt"/>
        <line num="197" count="4" type="cond" truecount="2" falsecount="0"/>
        <line num="198" count="4" type="cond" truecount="4" falsecount="2"/>
        <line num="199" count="4" type="stmt"/>
        <line num="200" count="0" type="cond" truecount="0" falsecount="2"/>
        <line num="201" count="0" type="stmt"/>
        <line num="202" count="0" type="stmt"/>
        <line num="203" count="0" type="stmt"/>
        <line num="204" count="0" type="stmt"/>
        <line num="205" count="0" type="cond" truecount="0" falsecount="2"/>
        <line num="206" count="0" type="stmt"/>
        <line num="213" count="20" type="stmt"/>
        <line num="214" count="2" type="stmt"/>
        <line num="215" count="2" type="stmt"/>
        <line num="216" count="2" type="stmt"/>
        <line num="217" count="2" type="cond" truecount="1" falsecount="1"/>
        <line num="218" count="0" type="stmt"/>
        <line num="221" count="2" type="stmt"/>
        <line num="223" count="2" type="stmt"/>
        <line num="224" count="2" type="stmt"/>
        <line num="227" count="6" type="stmt"/>
      </file>
      <file name="hints.ts" path="E:\OSPanel\domains\MetaLamp_four_task\src\plugins\range-slider-fox\mvc\view\sub-view\hints.ts">
        <metrics statements="223" coveredstatements="207" conditionals="138" coveredconditionals="106" methods="33" coveredmethods="33"/>
        <line num="2" count="7" type="stmt"/>
        <line num="3" count="7" type="stmt"/>
        <line num="18" count="30" type="stmt"/>
        <line num="19" count="30" type="stmt"/>
        <line num="22" count="21" type="stmt"/>
        <line num="23" count="21" type="stmt"/>
        <line num="24" count="21" type="stmt"/>
        <line num="27" count="20" type="stmt"/>
        <line num="28" count="20" type="stmt"/>
        <line num="29" count="20" type="stmt"/>
        <line num="32" count="19" type="cond" truecount="2" falsecount="0"/>
        <line num="34" count="19" type="cond" truecount="1" falsecount="1"/>
        <line num="35" count="19" type="stmt"/>
        <line num="36" count="19" type="cond" truecount="2" falsecount="0"/>
        <line num="37" count="7" type="stmt"/>
        <line num="38" count="7" type="cond" truecount="1" falsecount="1"/>
        <line num="39" count="7" type="stmt"/>
        <line num="42" count="19" type="stmt"/>
        <line num="46" count="20" type="cond" truecount="4" falsecount="0"/>
        <line num="47" count="3" type="stmt"/>
        <line num="48" count="17" type="stmt"/>
        <line num="49" count="17" type="stmt"/>
        <line num="50" count="17" type="stmt"/>
        <line num="51" count="17" type="stmt"/>
        <line num="52" count="17" type="stmt"/>
        <line num="55" count="24" type="cond" truecount="2" falsecount="0"/>
        <line num="56" count="5" type="stmt"/>
        <line num="57" count="19" type="stmt"/>
        <line num="58" count="19" type="stmt"/>
        <line num="59" count="19" type="stmt"/>
        <line num="62" count="14" type="cond" truecount="2" falsecount="0"/>
        <line num="63" count="4" type="stmt"/>
        <line num="64" count="10" type="stmt"/>
        <line num="65" count="10" type="stmt"/>
        <line num="66" count="10" type="stmt"/>
        <line num="69" count="12" type="cond" truecount="2" falsecount="0"/>
        <line num="70" count="3" type="stmt"/>
        <line num="71" count="9" type="stmt"/>
        <line num="72" count="9" type="stmt"/>
        <line num="73" count="9" type="stmt"/>
        <line num="74" count="9" type="stmt"/>
        <line num="78" count="4" type="cond" truecount="4" falsecount="0"/>
        <line num="79" count="1" type="stmt"/>
        <line num="80" count="3" type="stmt"/>
        <line num="81" count="3" type="stmt"/>
        <line num="82" count="3" type="stmt"/>
        <line num="83" count="3" type="stmt"/>
        <line num="84" count="3" type="stmt"/>
        <line num="87" count="2" type="cond" truecount="2" falsecount="0"/>
        <line num="88" count="1" type="stmt"/>
        <line num="89" count="1" type="stmt"/>
        <line num="90" count="1" type="stmt"/>
        <line num="91" count="1" type="stmt"/>
        <line num="94" count="2" type="cond" truecount="2" falsecount="0"/>
        <line num="95" count="1" type="stmt"/>
        <line num="96" count="1" type="stmt"/>
        <line num="97" count="1" type="stmt"/>
        <line num="98" count="1" type="stmt"/>
        <line num="101" count="2" type="cond" truecount="2" falsecount="0"/>
        <line num="102" count="1" type="stmt"/>
        <line num="103" count="1" type="stmt"/>
        <line num="104" count="1" type="stmt"/>
        <line num="105" count="1" type="stmt"/>
        <line num="108" count="9" type="cond" truecount="4" falsecount="0"/>
        <line num="112" count="17" type="stmt"/>
        <line num="113" count="17" type="stmt"/>
        <line num="114" count="17" type="stmt"/>
        <line num="117" count="29" type="stmt"/>
        <line num="120" count="14" type="stmt"/>
        <line num="123" count="13" type="cond" truecount="2" falsecount="0"/>
        <line num="124" count="1" type="stmt"/>
        <line num="125" count="12" type="stmt"/>
        <line num="126" count="12" type="stmt"/>
        <line num="127" count="12" type="stmt"/>
        <line num="128" count="12" type="stmt"/>
        <line num="133" count="2" type="cond" truecount="1" falsecount="1"/>
        <line num="134" count="0" type="stmt"/>
        <line num="135" count="2" type="stmt"/>
        <line num="136" count="2" type="stmt"/>
        <line num="137" count="2" type="stmt"/>
        <line num="140" count="2" type="cond" truecount="1" falsecount="1"/>
        <line num="141" count="0" type="stmt"/>
        <line num="142" count="2" type="stmt"/>
        <line num="143" count="2" type="stmt"/>
        <line num="144" count="2" type="stmt"/>
        <line num="147" count="2" type="cond" truecount="1" falsecount="1"/>
        <line num="148" count="0" type="stmt"/>
        <line num="149" count="2" type="stmt"/>
        <line num="150" count="2" type="stmt"/>
        <line num="151" count="2" type="stmt"/>
        <line num="154" count="29" type="stmt"/>
        <line num="155" count="29" type="stmt"/>
        <line num="156" count="29" type="stmt"/>
        <line num="157" count="29" type="cond" truecount="1" falsecount="1"/>
        <line num="158" count="29" type="stmt"/>
        <line num="159" count="29" type="cond" truecount="2" falsecount="0"/>
        <line num="160" count="16" type="stmt"/>
        <line num="161" count="29" type="cond" truecount="2" falsecount="0"/>
        <line num="162" count="14" type="stmt"/>
        <line num="163" count="29" type="stmt"/>
        <line num="166" count="29" type="cond" truecount="3" falsecount="1"/>
        <line num="167" count="0" type="stmt"/>
        <line num="169" count="29" type="stmt"/>
        <line num="170" count="29" type="stmt"/>
        <line num="171" count="29" type="stmt"/>
        <line num="173" count="29" type="stmt"/>
        <line num="174" count="29" type="stmt"/>
        <line num="175" count="29" type="stmt"/>
        <line num="176" count="29" type="stmt"/>
        <line num="177" count="29" type="stmt"/>
        <line num="179" count="29" type="cond" truecount="2" falsecount="0"/>
        <line num="180" count="1" type="stmt"/>
        <line num="181" count="1" type="stmt"/>
        <line num="182" count="1" type="stmt"/>
        <line num="183" count="1" type="stmt"/>
        <line num="184" count="1" type="cond" truecount="1" falsecount="1"/>
        <line num="185" count="0" type="cond" truecount="0" falsecount="2"/>
        <line num="188" count="1" type="stmt"/>
        <line num="190" count="1" type="cond" truecount="1" falsecount="1"/>
        <line num="193" count="28" type="stmt"/>
        <line num="194" count="28" type="stmt"/>
        <line num="195" count="28" type="stmt"/>
        <line num="196" count="28" type="stmt"/>
        <line num="197" count="28" type="cond" truecount="1" falsecount="1"/>
        <line num="198" count="28" type="cond" truecount="1" falsecount="1"/>
        <line num="201" count="29" type="stmt"/>
        <line num="209" count="29" type="stmt"/>
        <line num="212" count="77" type="cond" truecount="1" falsecount="1"/>
        <line num="213" count="77" type="stmt"/>
        <line num="215" count="0" type="stmt"/>
        <line num="218" count="6" type="cond" truecount="1" falsecount="1"/>
        <line num="219" count="0" type="stmt"/>
        <line num="220" count="0" type="stmt"/>
        <line num="223" count="6" type="stmt"/>
        <line num="224" count="6" type="stmt"/>
        <line num="228" count="72" type="stmt"/>
        <line num="229" count="72" type="stmt"/>
        <line num="230" count="72" type="stmt"/>
        <line num="232" count="72" type="stmt"/>
        <line num="235" count="77" type="stmt"/>
        <line num="236" count="77" type="cond" truecount="2" falsecount="0"/>
        <line num="237" count="4" type="stmt"/>
        <line num="238" count="77" type="cond" truecount="2" falsecount="0"/>
        <line num="239" count="4" type="stmt"/>
        <line num="240" count="77" type="stmt"/>
        <line num="242" count="30" type="stmt"/>
        <line num="243" count="33" type="stmt"/>
        <line num="244" count="33" type="cond" truecount="2" falsecount="0"/>
        <line num="245" count="7" type="cond" truecount="2" falsecount="0"/>
        <line num="246" count="4" type="stmt"/>
        <line num="247" count="3" type="stmt"/>
        <line num="248" count="3" type="stmt"/>
        <line num="249" count="3" type="stmt"/>
        <line num="252" count="26" type="cond" truecount="1" falsecount="1"/>
        <line num="253" count="26" type="stmt"/>
        <line num="254" count="0" type="stmt"/>
        <line num="255" count="0" type="stmt"/>
        <line num="256" count="0" type="stmt"/>
        <line num="258" count="3" type="stmt"/>
        <line num="261" count="59" type="cond" truecount="2" falsecount="0"/>
        <line num="264" count="58" type="stmt"/>
        <line num="265" count="58" type="stmt"/>
        <line num="266" count="58" type="cond" truecount="2" falsecount="0"/>
        <line num="267" count="45" type="stmt"/>
        <line num="268" count="45" type="cond" truecount="2" falsecount="0"/>
        <line num="269" count="45" type="cond" truecount="2" falsecount="0"/>
        <line num="272" count="58" type="cond" truecount="2" falsecount="0"/>
        <line num="273" count="29" type="stmt"/>
        <line num="278" count="29" type="stmt"/>
        <line num="284" count="29" type="stmt"/>
        <line num="285" count="29" type="stmt"/>
        <line num="286" count="29" type="stmt"/>
        <line num="287" count="29" type="cond" truecount="2" falsecount="0"/>
        <line num="288" count="25" type="stmt"/>
        <line num="289" count="25" type="stmt"/>
        <line num="290" count="25" type="stmt"/>
        <line num="291" count="25" type="cond" truecount="2" falsecount="0"/>
        <line num="292" count="25" type="cond" truecount="2" falsecount="0"/>
        <line num="293" count="25" type="cond" truecount="1" falsecount="1"/>
        <line num="294" count="25" type="stmt"/>
        <line num="295" count="25" type="cond" truecount="2" falsecount="0"/>
        <line num="298" count="29" type="stmt"/>
        <line num="301" count="16" type="stmt"/>
        <line num="302" count="16" type="stmt"/>
        <line num="303" count="16" type="stmt"/>
        <line num="304" count="16" type="stmt"/>
        <line num="305" count="16" type="stmt"/>
        <line num="306" count="16" type="cond" truecount="2" falsecount="0"/>
        <line num="307" count="14" type="stmt"/>
        <line num="308" count="14" type="cond" truecount="1" falsecount="1"/>
        <line num="309" count="14" type="cond" truecount="1" falsecount="1"/>
        <line num="311" count="16" type="cond" truecount="1" falsecount="1"/>
        <line num="312" count="0" type="stmt"/>
        <line num="315" count="16" type="stmt"/>
        <line num="317" count="16" type="stmt"/>
        <line num="320" count="29" type="stmt"/>
        <line num="321" count="29" type="stmt"/>
        <line num="322" count="124" type="cond" truecount="2" falsecount="0"/>
        <line num="323" count="109" type="cond" truecount="2" falsecount="0"/>
        <line num="325" count="29" type="cond" truecount="3" falsecount="1"/>
        <line num="326" count="29" type="cond" truecount="2" falsecount="0"/>
        <line num="327" count="16" type="cond" truecount="1" falsecount="1"/>
        <line num="328" count="16" type="stmt"/>
        <line num="329" count="16" type="stmt"/>
        <line num="330" count="16" type="stmt"/>
        <line num="331" count="16" type="cond" truecount="1" falsecount="1"/>
        <line num="332" count="16" type="stmt"/>
        <line num="333" count="16" type="cond" truecount="1" falsecount="1"/>
        <line num="334" count="0" type="cond" truecount="0" falsecount="2"/>
        <line num="335" count="0" type="stmt"/>
        <line num="336" count="0" type="cond" truecount="0" falsecount="2"/>
        <line num="337" count="0" type="stmt"/>
        <line num="340" count="16" type="cond" truecount="1" falsecount="1"/>
        <line num="341" count="16" type="stmt"/>
        <line num="342" count="16" type="cond" truecount="1" falsecount="1"/>
        <line num="343" count="16" type="stmt"/>
        <line num="348" count="13" type="stmt"/>
        <line num="349" count="13" type="stmt"/>
        <line num="351" count="29" type="cond" truecount="4" falsecount="0"/>
        <line num="352" count="25" type="cond" truecount="3" falsecount="1"/>
        <line num="353" count="25" type="stmt"/>
        <line num="354" count="25" type="stmt"/>
        <line num="358" count="7" type="stmt"/>
      </file>
    </package>
  </project>
</coverage>
