{"E:\\OSPanel\\domains\\MetaLamp_four_task\\src\\plugins\\range-slider-fox\\observer.ts": {"path":"E:\\OSPanel\\domains\\MetaLamp_four_task\\src\\plugins\\range-slider-fox\\observer.ts","statementMap":{"0":{"start":{"line":2,"column":0},"end":{"line":2,"column":62}},"1":{"start":{"line":3,"column":0},"end":{"line":3,"column":26}},"2":{"start":{"line":6,"column":8},"end":{"line":6,"column":28}},"3":{"start":{"line":9,"column":8},"end":{"line":12,"column":9}},"4":{"start":{"line":10,"column":12},"end":{"line":10,"column":42}},"5":{"start":{"line":11,"column":12},"end":{"line":11,"column":41}},"6":{"start":{"line":13,"column":8},"end":{"line":13,"column":21}},"7":{"start":{"line":16,"column":8},"end":{"line":16,"column":76}},"8":{"start":{"line":16,"column":57},"end":{"line":16,"column":74}},"9":{"start":{"line":17,"column":8},"end":{"line":17,"column":37}},"10":{"start":{"line":20,"column":8},"end":{"line":22,"column":9}},"11":{"start":{"line":21,"column":12},"end":{"line":21,"column":26}},"12":{"start":{"line":25,"column":0},"end":{"line":25,"column":28}}},"fnMap":{"0":{"name":"(anonymous_0)","decl":{"start":{"line":5,"column":4},"end":{"line":5,"column":5}},"loc":{"start":{"line":5,"column":18},"end":{"line":7,"column":5}},"line":5},"1":{"name":"(anonymous_1)","decl":{"start":{"line":8,"column":4},"end":{"line":8,"column":5}},"loc":{"start":{"line":8,"column":26},"end":{"line":14,"column":5}},"line":8},"2":{"name":"(anonymous_2)","decl":{"start":{"line":15,"column":4},"end":{"line":15,"column":5}},"loc":{"start":{"line":15,"column":28},"end":{"line":18,"column":5}},"line":15},"3":{"name":"(anonymous_3)","decl":{"start":{"line":16,"column":47},"end":{"line":16,"column":48}},"loc":{"start":{"line":16,"column":57},"end":{"line":16,"column":74}},"line":16},"4":{"name":"(anonymous_4)","decl":{"start":{"line":19,"column":4},"end":{"line":19,"column":5}},"loc":{"start":{"line":19,"column":22},"end":{"line":23,"column":5}},"line":19}},"branchMap":{"0":{"loc":{"start":{"line":9,"column":8},"end":{"line":12,"column":9}},"type":"if","locations":[{"start":{"line":9,"column":8},"end":{"line":12,"column":9}},{"start":{},"end":{}}],"line":9}},"s":{"0":8,"1":8,"2":97,"3":260,"4":259,"5":259,"6":1,"7":2,"8":3,"9":2,"10":500,"11":2063,"12":8},"f":{"0":97,"1":260,"2":2,"3":3,"4":500},"b":{"0":[259,1]},"inputSourceMap":null,"_coverageSchema":"1a1c01bbd47fc00a2c39e90264f33305004495a9","hash":"63d0e3f79a32efb1252011ebe922f58be3444444"}
,"E:\\OSPanel\\domains\\MetaLamp_four_task\\src\\plugins\\range-slider-fox\\range-slider-fox.ts": {"path":"E:\\OSPanel\\domains\\MetaLamp_four_task\\src\\plugins\\range-slider-fox\\range-slider-fox.ts","statementMap":{"0":{"start":{"line":2,"column":0},"end":{"line":2,"column":62}},"1":{"start":{"line":3,"column":0},"end":{"line":3,"column":20}},"2":{"start":{"line":4,"column":21},"end":{"line":4,"column":59}},"3":{"start":{"line":5,"column":0},"end":{"line":11,"column":2}},"4":{"start":{"line":6,"column":4},"end":{"line":10,"column":7}},"5":{"start":{"line":7,"column":8},"end":{"line":9,"column":9}},"6":{"start":{"line":8,"column":12},"end":{"line":8,"column":133}},"7":{"start":{"line":12,"column":11},"end":{"line":12,"column":12}},"8":{"start":{"line":13,"column":0},"end":{"line":13,"column":16}}},"fnMap":{"0":{"name":"(anonymous_0)","decl":{"start":{"line":5,"column":22},"end":{"line":5,"column":23}},"loc":{"start":{"line":5,"column":41},"end":{"line":11,"column":1}},"line":5},"1":{"name":"(anonymous_1)","decl":{"start":{"line":6,"column":21},"end":{"line":6,"column":22}},"loc":{"start":{"line":6,"column":38},"end":{"line":10,"column":5}},"line":6}},"branchMap":{"0":{"loc":{"start":{"line":7,"column":8},"end":{"line":9,"column":9}},"type":"if","locations":[{"start":{"line":7,"column":8},"end":{"line":9,"column":9}},{"start":{},"end":{}}],"line":7}},"s":{"0":1,"1":1,"2":1,"3":1,"4":1,"5":1,"6":1,"7":1,"8":1},"f":{"0":1,"1":1},"b":{"0":[1,0]},"inputSourceMap":null,"_coverageSchema":"1a1c01bbd47fc00a2c39e90264f33305004495a9","hash":"2a2edda6ff87e38fefb0182b87b62f98f524b1b9"}
,"E:\\OSPanel\\domains\\MetaLamp_four_task\\src\\plugins\\range-slider-fox\\mvc\\controller\\controller.ts": {"path":"E:\\OSPanel\\domains\\MetaLamp_four_task\\src\\plugins\\range-slider-fox\\mvc\\controller\\controller.ts","statementMap":{"0":{"start":{"line":2,"column":16},"end":{"line":10,"column":1}},"1":{"start":{"line":3,"column":28},"end":{"line":3,"column":110}},"2":{"start":{"line":3,"column":91},"end":{"line":3,"column":106}},"3":{"start":{"line":4,"column":4},"end":{"line":9,"column":7}},"4":{"start":{"line":5,"column":36},"end":{"line":5,"column":97}},"5":{"start":{"line":5,"column":42},"end":{"line":5,"column":70}},"6":{"start":{"line":5,"column":85},"end":{"line":5,"column":95}},"7":{"start":{"line":6,"column":35},"end":{"line":6,"column":100}},"8":{"start":{"line":6,"column":41},"end":{"line":6,"column":73}},"9":{"start":{"line":6,"column":88},"end":{"line":6,"column":98}},"10":{"start":{"line":7,"column":32},"end":{"line":7,"column":116}},"11":{"start":{"line":8,"column":8},"end":{"line":8,"column":78}},"12":{"start":{"line":11,"column":0},"end":{"line":11,"column":62}},"13":{"start":{"line":12,"column":0},"end":{"line":12,"column":59}},"14":{"start":{"line":13,"column":16},"end":{"line":13,"column":41}},"15":{"start":{"line":14,"column":0},"end":{"line":14,"column":106}},"16":{"start":{"line":14,"column":79},"end":{"line":14,"column":100}},"17":{"start":{"line":15,"column":15},"end":{"line":15,"column":38}},"18":{"start":{"line":16,"column":0},"end":{"line":16,"column":103}},"19":{"start":{"line":16,"column":78},"end":{"line":16,"column":97}},"20":{"start":{"line":19,"column":8},"end":{"line":19,"column":29}},"21":{"start":{"line":20,"column":8},"end":{"line":20,"column":29}},"22":{"start":{"line":21,"column":8},"end":{"line":21,"column":26}},"23":{"start":{"line":22,"column":8},"end":{"line":22,"column":33}},"24":{"start":{"line":23,"column":8},"end":{"line":30,"column":11}},"25":{"start":{"line":23,"column":27},"end":{"line":30,"column":10}},"26":{"start":{"line":24,"column":12},"end":{"line":25,"column":29}},"27":{"start":{"line":25,"column":16},"end":{"line":25,"column":29}},"28":{"start":{"line":26,"column":12},"end":{"line":26,"column":38}},"29":{"start":{"line":27,"column":12},"end":{"line":27,"column":37}},"30":{"start":{"line":28,"column":12},"end":{"line":28,"column":33}},"31":{"start":{"line":29,"column":12},"end":{"line":29,"column":24}},"32":{"start":{"line":31,"column":8},"end":{"line":39,"column":10}},"33":{"start":{"line":32,"column":25},"end":{"line":32,"column":51}},"34":{"start":{"line":33,"column":32},"end":{"line":33,"column":71}},"35":{"start":{"line":34,"column":12},"end":{"line":36,"column":33}},"36":{"start":{"line":35,"column":16},"end":{"line":36,"column":33}},"37":{"start":{"line":36,"column":20},"end":{"line":36,"column":33}},"38":{"start":{"line":37,"column":12},"end":{"line":37,"column":39}},"39":{"start":{"line":38,"column":12},"end":{"line":38,"column":24}},"40":{"start":{"line":40,"column":8},"end":{"line":48,"column":11}},"41":{"start":{"line":40,"column":40},"end":{"line":48,"column":10}},"42":{"start":{"line":41,"column":24},"end":{"line":41,"column":35}},"43":{"start":{"line":42,"column":12},"end":{"line":43,"column":29}},"44":{"start":{"line":43,"column":16},"end":{"line":43,"column":29}},"45":{"start":{"line":44,"column":12},"end":{"line":44,"column":42}},"46":{"start":{"line":45,"column":12},"end":{"line":45,"column":33}},"47":{"start":{"line":46,"column":12},"end":{"line":46,"column":32}},"48":{"start":{"line":47,"column":12},"end":{"line":47,"column":24}},"49":{"start":{"line":49,"column":8},"end":{"line":59,"column":10}},"50":{"start":{"line":50,"column":24},"end":{"line":50,"column":35}},"51":{"start":{"line":51,"column":12},"end":{"line":52,"column":29}},"52":{"start":{"line":52,"column":16},"end":{"line":52,"column":29}},"53":{"start":{"line":53,"column":12},"end":{"line":55,"column":14}},"54":{"start":{"line":54,"column":16},"end":{"line":54,"column":37}},"55":{"start":{"line":56,"column":12},"end":{"line":57,"column":31}},"56":{"start":{"line":57,"column":16},"end":{"line":57,"column":31}},"57":{"start":{"line":58,"column":12},"end":{"line":58,"column":24}},"58":{"start":{"line":60,"column":8},"end":{"line":76,"column":10}},"59":{"start":{"line":61,"column":24},"end":{"line":61,"column":35}},"60":{"start":{"line":62,"column":12},"end":{"line":63,"column":29}},"61":{"start":{"line":63,"column":16},"end":{"line":63,"column":29}},"62":{"start":{"line":64,"column":12},"end":{"line":64,"column":40}},"63":{"start":{"line":65,"column":27},"end":{"line":65,"column":56}},"64":{"start":{"line":66,"column":12},"end":{"line":67,"column":68}},"65":{"start":{"line":67,"column":16},"end":{"line":67,"column":68}},"66":{"start":{"line":68,"column":24},"end":{"line":68,"column":47}},"67":{"start":{"line":69,"column":12},"end":{"line":73,"column":13}},"68":{"start":{"line":70,"column":16},"end":{"line":70,"column":39}},"69":{"start":{"line":71,"column":16},"end":{"line":71,"column":40}},"70":{"start":{"line":72,"column":16},"end":{"line":72,"column":42}},"71":{"start":{"line":74,"column":12},"end":{"line":74,"column":34}},"72":{"start":{"line":75,"column":12},"end":{"line":75,"column":24}},"73":{"start":{"line":77,"column":8},"end":{"line":83,"column":10}},"74":{"start":{"line":78,"column":24},"end":{"line":78,"column":35}},"75":{"start":{"line":79,"column":12},"end":{"line":80,"column":29}},"76":{"start":{"line":80,"column":16},"end":{"line":80,"column":29}},"77":{"start":{"line":81,"column":12},"end":{"line":81,"column":34}},"78":{"start":{"line":82,"column":12},"end":{"line":82,"column":24}},"79":{"start":{"line":84,"column":8},"end":{"line":92,"column":10}},"80":{"start":{"line":85,"column":24},"end":{"line":85,"column":35}},"81":{"start":{"line":86,"column":12},"end":{"line":87,"column":29}},"82":{"start":{"line":87,"column":16},"end":{"line":87,"column":29}},"83":{"start":{"line":88,"column":12},"end":{"line":89,"column":29}},"84":{"start":{"line":89,"column":16},"end":{"line":89,"column":29}},"85":{"start":{"line":90,"column":12},"end":{"line":90,"column":84}},"86":{"start":{"line":91,"column":12},"end":{"line":91,"column":24}},"87":{"start":{"line":93,"column":8},"end":{"line":121,"column":10}},"88":{"start":{"line":94,"column":24},"end":{"line":94,"column":35}},"89":{"start":{"line":95,"column":12},"end":{"line":96,"column":29}},"90":{"start":{"line":96,"column":16},"end":{"line":96,"column":29}},"91":{"start":{"line":97,"column":25},"end":{"line":97,"column":37}},"92":{"start":{"line":98,"column":27},"end":{"line":98,"column":56}},"93":{"start":{"line":99,"column":12},"end":{"line":99,"column":42}},"94":{"start":{"line":100,"column":25},"end":{"line":100,"column":57}},"95":{"start":{"line":101,"column":12},"end":{"line":101,"column":39}},"96":{"start":{"line":102,"column":12},"end":{"line":105,"column":13}},"97":{"start":{"line":103,"column":27},"end":{"line":103,"column":57}},"98":{"start":{"line":104,"column":16},"end":{"line":104,"column":39}},"99":{"start":{"line":106,"column":12},"end":{"line":106,"column":42}},"100":{"start":{"line":108,"column":12},"end":{"line":109,"column":50}},"101":{"start":{"line":109,"column":16},"end":{"line":109,"column":50}},"102":{"start":{"line":110,"column":12},"end":{"line":112,"column":13}},"103":{"start":{"line":111,"column":16},"end":{"line":111,"column":73}},"104":{"start":{"line":114,"column":12},"end":{"line":117,"column":13}},"105":{"start":{"line":115,"column":33},"end":{"line":115,"column":61}},"106":{"start":{"line":116,"column":16},"end":{"line":116,"column":67}},"107":{"start":{"line":119,"column":12},"end":{"line":119,"column":76}},"108":{"start":{"line":120,"column":12},"end":{"line":120,"column":24}},"109":{"start":{"line":122,"column":8},"end":{"line":136,"column":10}},"110":{"start":{"line":123,"column":24},"end":{"line":123,"column":35}},"111":{"start":{"line":124,"column":12},"end":{"line":125,"column":29}},"112":{"start":{"line":125,"column":16},"end":{"line":125,"column":29}},"113":{"start":{"line":126,"column":12},"end":{"line":127,"column":29}},"114":{"start":{"line":127,"column":16},"end":{"line":127,"column":29}},"115":{"start":{"line":128,"column":12},"end":{"line":134,"column":15}},"116":{"start":{"line":135,"column":12},"end":{"line":135,"column":24}},"117":{"start":{"line":137,"column":8},"end":{"line":143,"column":10}},"118":{"start":{"line":138,"column":24},"end":{"line":138,"column":35}},"119":{"start":{"line":139,"column":12},"end":{"line":140,"column":29}},"120":{"start":{"line":140,"column":16},"end":{"line":140,"column":29}},"121":{"start":{"line":141,"column":12},"end":{"line":141,"column":33}},"122":{"start":{"line":142,"column":12},"end":{"line":142,"column":24}},"123":{"start":{"line":144,"column":8},"end":{"line":157,"column":10}},"124":{"start":{"line":145,"column":24},"end":{"line":145,"column":35}},"125":{"start":{"line":146,"column":12},"end":{"line":147,"column":29}},"126":{"start":{"line":147,"column":16},"end":{"line":147,"column":29}},"127":{"start":{"line":148,"column":27},"end":{"line":148,"column":56}},"128":{"start":{"line":149,"column":12},"end":{"line":155,"column":13}},"129":{"start":{"line":150,"column":16},"end":{"line":150,"column":39}},"130":{"start":{"line":151,"column":16},"end":{"line":154,"column":17}},"131":{"start":{"line":152,"column":20},"end":{"line":152,"column":44}},"132":{"start":{"line":153,"column":20},"end":{"line":153,"column":46}},"133":{"start":{"line":156,"column":12},"end":{"line":156,"column":24}},"134":{"start":{"line":158,"column":8},"end":{"line":172,"column":11}},"135":{"start":{"line":158,"column":50},"end":{"line":172,"column":10}},"136":{"start":{"line":159,"column":24},"end":{"line":159,"column":35}},"137":{"start":{"line":160,"column":12},"end":{"line":161,"column":29}},"138":{"start":{"line":161,"column":16},"end":{"line":161,"column":29}},"139":{"start":{"line":162,"column":12},"end":{"line":162,"column":64}},"140":{"start":{"line":163,"column":24},"end":{"line":163,"column":53}},"141":{"start":{"line":164,"column":12},"end":{"line":164,"column":57}},"142":{"start":{"line":166,"column":12},"end":{"line":170,"column":13}},"143":{"start":{"line":167,"column":16},"end":{"line":167,"column":39}},"144":{"start":{"line":168,"column":16},"end":{"line":168,"column":40}},"145":{"start":{"line":169,"column":16},"end":{"line":169,"column":42}},"146":{"start":{"line":171,"column":12},"end":{"line":171,"column":24}},"147":{"start":{"line":173,"column":8},"end":{"line":179,"column":10}},"148":{"start":{"line":174,"column":24},"end":{"line":174,"column":35}},"149":{"start":{"line":175,"column":12},"end":{"line":176,"column":29}},"150":{"start":{"line":176,"column":16},"end":{"line":176,"column":29}},"151":{"start":{"line":177,"column":12},"end":{"line":177,"column":46}},"152":{"start":{"line":178,"column":12},"end":{"line":178,"column":24}},"153":{"start":{"line":180,"column":8},"end":{"line":191,"column":10}},"154":{"start":{"line":181,"column":24},"end":{"line":181,"column":35}},"155":{"start":{"line":182,"column":12},"end":{"line":183,"column":29}},"156":{"start":{"line":183,"column":16},"end":{"line":183,"column":29}},"157":{"start":{"line":184,"column":27},"end":{"line":184,"column":48}},"158":{"start":{"line":185,"column":12},"end":{"line":185,"column":41}},"159":{"start":{"line":186,"column":12},"end":{"line":186,"column":44}},"160":{"start":{"line":187,"column":27},"end":{"line":187,"column":56}},"161":{"start":{"line":188,"column":12},"end":{"line":189,"column":73}},"162":{"start":{"line":189,"column":16},"end":{"line":189,"column":73}},"163":{"start":{"line":190,"column":12},"end":{"line":190,"column":24}},"164":{"start":{"line":192,"column":8},"end":{"line":199,"column":10}},"165":{"start":{"line":193,"column":24},"end":{"line":193,"column":35}},"166":{"start":{"line":194,"column":12},"end":{"line":195,"column":29}},"167":{"start":{"line":195,"column":16},"end":{"line":195,"column":29}},"168":{"start":{"line":196,"column":12},"end":{"line":196,"column":41}},"169":{"start":{"line":197,"column":12},"end":{"line":197,"column":60}},"170":{"start":{"line":198,"column":12},"end":{"line":198,"column":24}},"171":{"start":{"line":200,"column":8},"end":{"line":208,"column":10}},"172":{"start":{"line":201,"column":24},"end":{"line":201,"column":35}},"173":{"start":{"line":202,"column":12},"end":{"line":203,"column":29}},"174":{"start":{"line":203,"column":16},"end":{"line":203,"column":29}},"175":{"start":{"line":204,"column":12},"end":{"line":205,"column":29}},"176":{"start":{"line":205,"column":16},"end":{"line":205,"column":29}},"177":{"start":{"line":206,"column":12},"end":{"line":206,"column":51}},"178":{"start":{"line":207,"column":12},"end":{"line":207,"column":24}},"179":{"start":{"line":209,"column":8},"end":{"line":215,"column":10}},"180":{"start":{"line":210,"column":24},"end":{"line":210,"column":35}},"181":{"start":{"line":211,"column":12},"end":{"line":212,"column":29}},"182":{"start":{"line":212,"column":16},"end":{"line":212,"column":29}},"183":{"start":{"line":213,"column":12},"end":{"line":213,"column":49}},"184":{"start":{"line":214,"column":12},"end":{"line":214,"column":24}},"185":{"start":{"line":216,"column":8},"end":{"line":224,"column":10}},"186":{"start":{"line":217,"column":24},"end":{"line":217,"column":35}},"187":{"start":{"line":218,"column":12},"end":{"line":219,"column":29}},"188":{"start":{"line":219,"column":16},"end":{"line":219,"column":29}},"189":{"start":{"line":220,"column":12},"end":{"line":220,"column":49}},"190":{"start":{"line":221,"column":29},"end":{"line":221,"column":57}},"191":{"start":{"line":222,"column":12},"end":{"line":222,"column":63}},"192":{"start":{"line":223,"column":12},"end":{"line":223,"column":24}},"193":{"start":{"line":225,"column":8},"end":{"line":233,"column":10}},"194":{"start":{"line":226,"column":24},"end":{"line":226,"column":35}},"195":{"start":{"line":227,"column":12},"end":{"line":228,"column":29}},"196":{"start":{"line":228,"column":16},"end":{"line":228,"column":29}},"197":{"start":{"line":229,"column":12},"end":{"line":230,"column":29}},"198":{"start":{"line":230,"column":16},"end":{"line":230,"column":29}},"199":{"start":{"line":231,"column":12},"end":{"line":231,"column":50}},"200":{"start":{"line":232,"column":12},"end":{"line":232,"column":24}},"201":{"start":{"line":234,"column":8},"end":{"line":240,"column":10}},"202":{"start":{"line":235,"column":24},"end":{"line":235,"column":35}},"203":{"start":{"line":236,"column":12},"end":{"line":237,"column":29}},"204":{"start":{"line":237,"column":16},"end":{"line":237,"column":29}},"205":{"start":{"line":238,"column":12},"end":{"line":238,"column":50}},"206":{"start":{"line":239,"column":12},"end":{"line":239,"column":24}},"207":{"start":{"line":241,"column":8},"end":{"line":249,"column":10}},"208":{"start":{"line":242,"column":24},"end":{"line":242,"column":35}},"209":{"start":{"line":243,"column":12},"end":{"line":244,"column":29}},"210":{"start":{"line":244,"column":16},"end":{"line":244,"column":29}},"211":{"start":{"line":245,"column":12},"end":{"line":246,"column":29}},"212":{"start":{"line":246,"column":16},"end":{"line":246,"column":29}},"213":{"start":{"line":247,"column":12},"end":{"line":247,"column":49}},"214":{"start":{"line":248,"column":12},"end":{"line":248,"column":24}},"215":{"start":{"line":250,"column":8},"end":{"line":256,"column":10}},"216":{"start":{"line":251,"column":24},"end":{"line":251,"column":35}},"217":{"start":{"line":252,"column":12},"end":{"line":253,"column":29}},"218":{"start":{"line":253,"column":16},"end":{"line":253,"column":29}},"219":{"start":{"line":254,"column":12},"end":{"line":254,"column":49}},"220":{"start":{"line":255,"column":12},"end":{"line":255,"column":24}},"221":{"start":{"line":257,"column":8},"end":{"line":257,"column":27}},"222":{"start":{"line":258,"column":8},"end":{"line":258,"column":25}},"223":{"start":{"line":259,"column":8},"end":{"line":259,"column":20}},"224":{"start":{"line":262,"column":8},"end":{"line":266,"column":11}},"225":{"start":{"line":263,"column":12},"end":{"line":263,"column":41}},"226":{"start":{"line":264,"column":12},"end":{"line":264,"column":39}},"227":{"start":{"line":265,"column":12},"end":{"line":265,"column":40}},"228":{"start":{"line":269,"column":26},"end":{"line":273,"column":9}},"229":{"start":{"line":270,"column":12},"end":{"line":272,"column":13}},"230":{"start":{"line":271,"column":16},"end":{"line":271,"column":42}},"231":{"start":{"line":274,"column":23},"end":{"line":287,"column":9}},"232":{"start":{"line":288,"column":8},"end":{"line":288,"column":38}},"233":{"start":{"line":289,"column":22},"end":{"line":297,"column":9}},"234":{"start":{"line":298,"column":8},"end":{"line":298,"column":36}},"235":{"start":{"line":301,"column":8},"end":{"line":322,"column":11}},"236":{"start":{"line":302,"column":12},"end":{"line":302,"column":59}},"237":{"start":{"line":303,"column":27},"end":{"line":303,"column":82}},"238":{"start":{"line":304,"column":12},"end":{"line":320,"column":13}},"239":{"start":{"line":305,"column":31},"end":{"line":305,"column":82}},"240":{"start":{"line":306,"column":27},"end":{"line":306,"column":28}},"241":{"start":{"line":307,"column":31},"end":{"line":307,"column":32}},"242":{"start":{"line":308,"column":16},"end":{"line":314,"column":17}},"243":{"start":{"line":309,"column":20},"end":{"line":309,"column":75}},"244":{"start":{"line":310,"column":20},"end":{"line":310,"column":87}},"245":{"start":{"line":313,"column":20},"end":{"line":313,"column":50}},"246":{"start":{"line":315,"column":16},"end":{"line":319,"column":19}},"247":{"start":{"line":321,"column":12},"end":{"line":321,"column":46}},"248":{"start":{"line":325,"column":0},"end":{"line":325,"column":32}}},"fnMap":{"0":{"name":"(anonymous_0)","decl":{"start":{"line":2,"column":44},"end":{"line":2,"column":45}},"loc":{"start":{"line":2,"column":89},"end":{"line":10,"column":1}},"line":2},"1":{"name":"adopt","decl":{"start":{"line":3,"column":13},"end":{"line":3,"column":18}},"loc":{"start":{"line":3,"column":26},"end":{"line":3,"column":112}},"line":3},"2":{"name":"(anonymous_2)","decl":{"start":{"line":3,"column":70},"end":{"line":3,"column":71}},"loc":{"start":{"line":3,"column":89},"end":{"line":3,"column":108}},"line":3},"3":{"name":"(anonymous_3)","decl":{"start":{"line":4,"column":36},"end":{"line":4,"column":37}},"loc":{"start":{"line":4,"column":63},"end":{"line":9,"column":5}},"line":4},"4":{"name":"fulfilled","decl":{"start":{"line":5,"column":17},"end":{"line":5,"column":26}},"loc":{"start":{"line":5,"column":34},"end":{"line":5,"column":99}},"line":5},"5":{"name":"rejected","decl":{"start":{"line":6,"column":17},"end":{"line":6,"column":25}},"loc":{"start":{"line":6,"column":33},"end":{"line":6,"column":102}},"line":6},"6":{"name":"step","decl":{"start":{"line":7,"column":17},"end":{"line":7,"column":21}},"loc":{"start":{"line":7,"column":30},"end":{"line":7,"column":118}},"line":7},"7":{"name":"(anonymous_7)","decl":{"start":{"line":14,"column":65},"end":{"line":14,"column":66}},"loc":{"start":{"line":14,"column":77},"end":{"line":14,"column":102}},"line":14},"8":{"name":"(anonymous_8)","decl":{"start":{"line":16,"column":64},"end":{"line":16,"column":65}},"loc":{"start":{"line":16,"column":76},"end":{"line":16,"column":99}},"line":16},"9":{"name":"(anonymous_9)","decl":{"start":{"line":18,"column":4},"end":{"line":18,"column":5}},"loc":{"start":{"line":18,"column":29},"end":{"line":260,"column":5}},"line":18},"10":{"name":"(anonymous_10)","decl":{"start":{"line":22,"column":23},"end":{"line":22,"column":24}},"loc":{"start":{"line":22,"column":29},"end":{"line":22,"column":32}},"line":22},"11":{"name":"(anonymous_11)","decl":{"start":{"line":23,"column":21},"end":{"line":23,"column":22}},"loc":{"start":{"line":23,"column":27},"end":{"line":30,"column":10}},"line":23},"12":{"name":"(anonymous_12)","decl":{"start":{"line":23,"column":59},"end":{"line":23,"column":60}},"loc":{"start":{"line":23,"column":72},"end":{"line":30,"column":9}},"line":23},"13":{"name":"(anonymous_13)","decl":{"start":{"line":31,"column":22},"end":{"line":31,"column":23}},"loc":{"start":{"line":31,"column":35},"end":{"line":39,"column":9}},"line":31},"14":{"name":"(anonymous_14)","decl":{"start":{"line":40,"column":27},"end":{"line":40,"column":28}},"loc":{"start":{"line":40,"column":40},"end":{"line":48,"column":10}},"line":40},"15":{"name":"(anonymous_15)","decl":{"start":{"line":40,"column":72},"end":{"line":40,"column":73}},"loc":{"start":{"line":40,"column":85},"end":{"line":48,"column":9}},"line":40},"16":{"name":"(anonymous_16)","decl":{"start":{"line":49,"column":36},"end":{"line":49,"column":37}},"loc":{"start":{"line":49,"column":49},"end":{"line":59,"column":9}},"line":49},"17":{"name":"(anonymous_17)","decl":{"start":{"line":53,"column":27},"end":{"line":53,"column":28}},"loc":{"start":{"line":53,"column":33},"end":{"line":55,"column":13}},"line":53},"18":{"name":"(anonymous_18)","decl":{"start":{"line":60,"column":31},"end":{"line":60,"column":32}},"loc":{"start":{"line":60,"column":44},"end":{"line":76,"column":9}},"line":60},"19":{"name":"(anonymous_19)","decl":{"start":{"line":77,"column":26},"end":{"line":77,"column":27}},"loc":{"start":{"line":77,"column":39},"end":{"line":83,"column":9}},"line":77},"20":{"name":"(anonymous_20)","decl":{"start":{"line":84,"column":32},"end":{"line":84,"column":33}},"loc":{"start":{"line":84,"column":45},"end":{"line":92,"column":9}},"line":84},"21":{"name":"(anonymous_21)","decl":{"start":{"line":93,"column":29},"end":{"line":93,"column":30}},"loc":{"start":{"line":93,"column":42},"end":{"line":121,"column":9}},"line":93},"22":{"name":"(anonymous_22)","decl":{"start":{"line":122,"column":29},"end":{"line":122,"column":30}},"loc":{"start":{"line":122,"column":42},"end":{"line":136,"column":9}},"line":122},"23":{"name":"(anonymous_23)","decl":{"start":{"line":137,"column":34},"end":{"line":137,"column":35}},"loc":{"start":{"line":137,"column":47},"end":{"line":143,"column":9}},"line":137},"24":{"name":"(anonymous_24)","decl":{"start":{"line":144,"column":30},"end":{"line":144,"column":31}},"loc":{"start":{"line":144,"column":43},"end":{"line":157,"column":9}},"line":144},"25":{"name":"(anonymous_25)","decl":{"start":{"line":158,"column":37},"end":{"line":158,"column":38}},"loc":{"start":{"line":158,"column":50},"end":{"line":172,"column":10}},"line":158},"26":{"name":"(anonymous_26)","decl":{"start":{"line":158,"column":82},"end":{"line":158,"column":83}},"loc":{"start":{"line":158,"column":95},"end":{"line":172,"column":9}},"line":158},"27":{"name":"(anonymous_27)","decl":{"start":{"line":173,"column":31},"end":{"line":173,"column":32}},"loc":{"start":{"line":173,"column":44},"end":{"line":179,"column":9}},"line":173},"28":{"name":"(anonymous_28)","decl":{"start":{"line":180,"column":31},"end":{"line":180,"column":32}},"loc":{"start":{"line":180,"column":44},"end":{"line":191,"column":9}},"line":180},"29":{"name":"(anonymous_29)","decl":{"start":{"line":192,"column":34},"end":{"line":192,"column":35}},"loc":{"start":{"line":192,"column":47},"end":{"line":199,"column":9}},"line":192},"30":{"name":"(anonymous_30)","decl":{"start":{"line":200,"column":31},"end":{"line":200,"column":32}},"loc":{"start":{"line":200,"column":44},"end":{"line":208,"column":9}},"line":200},"31":{"name":"(anonymous_31)","decl":{"start":{"line":209,"column":30},"end":{"line":209,"column":31}},"loc":{"start":{"line":209,"column":43},"end":{"line":215,"column":9}},"line":209},"32":{"name":"(anonymous_32)","decl":{"start":{"line":216,"column":29},"end":{"line":216,"column":30}},"loc":{"start":{"line":216,"column":42},"end":{"line":224,"column":9}},"line":216},"33":{"name":"(anonymous_33)","decl":{"start":{"line":225,"column":30},"end":{"line":225,"column":31}},"loc":{"start":{"line":225,"column":43},"end":{"line":233,"column":9}},"line":225},"34":{"name":"(anonymous_34)","decl":{"start":{"line":234,"column":32},"end":{"line":234,"column":33}},"loc":{"start":{"line":234,"column":45},"end":{"line":240,"column":9}},"line":234},"35":{"name":"(anonymous_35)","decl":{"start":{"line":241,"column":31},"end":{"line":241,"column":32}},"loc":{"start":{"line":241,"column":44},"end":{"line":249,"column":9}},"line":241},"36":{"name":"(anonymous_36)","decl":{"start":{"line":250,"column":29},"end":{"line":250,"column":30}},"loc":{"start":{"line":250,"column":42},"end":{"line":256,"column":9}},"line":250},"37":{"name":"(anonymous_37)","decl":{"start":{"line":261,"column":4},"end":{"line":261,"column":5}},"loc":{"start":{"line":261,"column":11},"end":{"line":267,"column":5}},"line":261},"38":{"name":"(anonymous_38)","decl":{"start":{"line":262,"column":47},"end":{"line":262,"column":48}},"loc":{"start":{"line":262,"column":60},"end":{"line":266,"column":9}},"line":262},"39":{"name":"(anonymous_39)","decl":{"start":{"line":268,"column":4},"end":{"line":268,"column":5}},"loc":{"start":{"line":268,"column":22},"end":{"line":299,"column":5}},"line":268},"40":{"name":"(anonymous_40)","decl":{"start":{"line":269,"column":26},"end":{"line":269,"column":27}},"loc":{"start":{"line":269,"column":46},"end":{"line":273,"column":9}},"line":269},"41":{"name":"(anonymous_41)","decl":{"start":{"line":300,"column":4},"end":{"line":300,"column":5}},"loc":{"start":{"line":300,"column":32},"end":{"line":323,"column":5}},"line":300},"42":{"name":"(anonymous_42)","decl":{"start":{"line":301,"column":47},"end":{"line":301,"column":48}},"loc":{"start":{"line":301,"column":60},"end":{"line":322,"column":9}},"line":301}},"branchMap":{"0":{"loc":{"start":{"line":2,"column":16},"end":{"line":10,"column":1}},"type":"binary-expr","locations":[{"start":{"line":2,"column":17},"end":{"line":2,"column":21}},{"start":{"line":2,"column":25},"end":{"line":2,"column":39}},{"start":{"line":2,"column":44},"end":{"line":10,"column":1}}],"line":2},"1":{"loc":{"start":{"line":3,"column":35},"end":{"line":3,"column":109}},"type":"cond-expr","locations":[{"start":{"line":3,"column":56},"end":{"line":3,"column":61}},{"start":{"line":3,"column":64},"end":{"line":3,"column":109}}],"line":3},"2":{"loc":{"start":{"line":4,"column":16},"end":{"line":4,"column":34}},"type":"binary-expr","locations":[{"start":{"line":4,"column":16},"end":{"line":4,"column":17}},{"start":{"line":4,"column":22},"end":{"line":4,"column":33}}],"line":4},"3":{"loc":{"start":{"line":7,"column":32},"end":{"line":7,"column":115}},"type":"cond-expr","locations":[{"start":{"line":7,"column":46},"end":{"line":7,"column":67}},{"start":{"line":7,"column":70},"end":{"line":7,"column":115}}],"line":7},"4":{"loc":{"start":{"line":8,"column":51},"end":{"line":8,"column":67}},"type":"binary-expr","locations":[{"start":{"line":8,"column":51},"end":{"line":8,"column":61}},{"start":{"line":8,"column":65},"end":{"line":8,"column":67}}],"line":8},"5":{"loc":{"start":{"line":24,"column":12},"end":{"line":25,"column":29}},"type":"if","locations":[{"start":{"line":24,"column":12},"end":{"line":25,"column":29}},{"start":{},"end":{}}],"line":24},"6":{"loc":{"start":{"line":34,"column":12},"end":{"line":36,"column":33}},"type":"if","locations":[{"start":{"line":34,"column":12},"end":{"line":36,"column":33}},{"start":{},"end":{}}],"line":34},"7":{"loc":{"start":{"line":34,"column":16},"end":{"line":34,"column":35}},"type":"binary-expr","locations":[{"start":{"line":34,"column":16},"end":{"line":34,"column":20}},{"start":{"line":34,"column":24},"end":{"line":34,"column":35}}],"line":34},"8":{"loc":{"start":{"line":35,"column":16},"end":{"line":36,"column":33}},"type":"if","locations":[{"start":{"line":35,"column":16},"end":{"line":36,"column":33}},{"start":{},"end":{}}],"line":35},"9":{"loc":{"start":{"line":42,"column":12},"end":{"line":43,"column":29}},"type":"if","locations":[{"start":{"line":42,"column":12},"end":{"line":43,"column":29}},{"start":{},"end":{}}],"line":42},"10":{"loc":{"start":{"line":51,"column":12},"end":{"line":52,"column":29}},"type":"if","locations":[{"start":{"line":51,"column":12},"end":{"line":52,"column":29}},{"start":{},"end":{}}],"line":51},"11":{"loc":{"start":{"line":56,"column":12},"end":{"line":57,"column":31}},"type":"if","locations":[{"start":{"line":56,"column":12},"end":{"line":57,"column":31}},{"start":{},"end":{}}],"line":56},"12":{"loc":{"start":{"line":62,"column":12},"end":{"line":63,"column":29}},"type":"if","locations":[{"start":{"line":62,"column":12},"end":{"line":63,"column":29}},{"start":{},"end":{}}],"line":62},"13":{"loc":{"start":{"line":65,"column":27},"end":{"line":65,"column":56}},"type":"binary-expr","locations":[{"start":{"line":65,"column":27},"end":{"line":65,"column":39}},{"start":{"line":65,"column":43},"end":{"line":65,"column":56}}],"line":65},"14":{"loc":{"start":{"line":66,"column":12},"end":{"line":67,"column":68}},"type":"if","locations":[{"start":{"line":66,"column":12},"end":{"line":67,"column":68}},{"start":{},"end":{}}],"line":66},"15":{"loc":{"start":{"line":69,"column":12},"end":{"line":73,"column":13}},"type":"if","locations":[{"start":{"line":69,"column":12},"end":{"line":73,"column":13}},{"start":{},"end":{}}],"line":69},"16":{"loc":{"start":{"line":69,"column":16},"end":{"line":69,"column":34}},"type":"binary-expr","locations":[{"start":{"line":69,"column":16},"end":{"line":69,"column":24}},{"start":{"line":69,"column":28},"end":{"line":69,"column":34}}],"line":69},"17":{"loc":{"start":{"line":79,"column":12},"end":{"line":80,"column":29}},"type":"if","locations":[{"start":{"line":79,"column":12},"end":{"line":80,"column":29}},{"start":{},"end":{}}],"line":79},"18":{"loc":{"start":{"line":86,"column":12},"end":{"line":87,"column":29}},"type":"if","locations":[{"start":{"line":86,"column":12},"end":{"line":87,"column":29}},{"start":{},"end":{}}],"line":86},"19":{"loc":{"start":{"line":88,"column":12},"end":{"line":89,"column":29}},"type":"if","locations":[{"start":{"line":88,"column":12},"end":{"line":89,"column":29}},{"start":{},"end":{}}],"line":88},"20":{"loc":{"start":{"line":95,"column":12},"end":{"line":96,"column":29}},"type":"if","locations":[{"start":{"line":95,"column":12},"end":{"line":96,"column":29}},{"start":{},"end":{}}],"line":95},"21":{"loc":{"start":{"line":98,"column":27},"end":{"line":98,"column":56}},"type":"binary-expr","locations":[{"start":{"line":98,"column":27},"end":{"line":98,"column":39}},{"start":{"line":98,"column":43},"end":{"line":98,"column":56}}],"line":98},"22":{"loc":{"start":{"line":102,"column":12},"end":{"line":105,"column":13}},"type":"if","locations":[{"start":{"line":102,"column":12},"end":{"line":105,"column":13}},{"start":{},"end":{}}],"line":102},"23":{"loc":{"start":{"line":108,"column":12},"end":{"line":109,"column":50}},"type":"if","locations":[{"start":{"line":108,"column":12},"end":{"line":109,"column":50}},{"start":{},"end":{}}],"line":108},"24":{"loc":{"start":{"line":108,"column":16},"end":{"line":108,"column":42}},"type":"binary-expr","locations":[{"start":{"line":108,"column":16},"end":{"line":108,"column":32}},{"start":{"line":108,"column":36},"end":{"line":108,"column":42}}],"line":108},"25":{"loc":{"start":{"line":110,"column":12},"end":{"line":112,"column":13}},"type":"if","locations":[{"start":{"line":110,"column":12},"end":{"line":112,"column":13}},{"start":{},"end":{}}],"line":110},"26":{"loc":{"start":{"line":114,"column":12},"end":{"line":117,"column":13}},"type":"if","locations":[{"start":{"line":114,"column":12},"end":{"line":117,"column":13}},{"start":{},"end":{}}],"line":114},"27":{"loc":{"start":{"line":124,"column":12},"end":{"line":125,"column":29}},"type":"if","locations":[{"start":{"line":124,"column":12},"end":{"line":125,"column":29}},{"start":{},"end":{}}],"line":124},"28":{"loc":{"start":{"line":126,"column":12},"end":{"line":127,"column":29}},"type":"if","locations":[{"start":{"line":126,"column":12},"end":{"line":127,"column":29}},{"start":{},"end":{}}],"line":126},"29":{"loc":{"start":{"line":139,"column":12},"end":{"line":140,"column":29}},"type":"if","locations":[{"start":{"line":139,"column":12},"end":{"line":140,"column":29}},{"start":{},"end":{}}],"line":139},"30":{"loc":{"start":{"line":146,"column":12},"end":{"line":147,"column":29}},"type":"if","locations":[{"start":{"line":146,"column":12},"end":{"line":147,"column":29}},{"start":{},"end":{}}],"line":146},"31":{"loc":{"start":{"line":148,"column":27},"end":{"line":148,"column":56}},"type":"binary-expr","locations":[{"start":{"line":148,"column":27},"end":{"line":148,"column":39}},{"start":{"line":148,"column":43},"end":{"line":148,"column":56}}],"line":148},"32":{"loc":{"start":{"line":149,"column":12},"end":{"line":155,"column":13}},"type":"if","locations":[{"start":{"line":149,"column":12},"end":{"line":155,"column":13}},{"start":{},"end":{}}],"line":149},"33":{"loc":{"start":{"line":151,"column":16},"end":{"line":154,"column":17}},"type":"if","locations":[{"start":{"line":151,"column":16},"end":{"line":154,"column":17}},{"start":{},"end":{}}],"line":151},"34":{"loc":{"start":{"line":160,"column":12},"end":{"line":161,"column":29}},"type":"if","locations":[{"start":{"line":160,"column":12},"end":{"line":161,"column":29}},{"start":{},"end":{}}],"line":160},"35":{"loc":{"start":{"line":166,"column":12},"end":{"line":170,"column":13}},"type":"if","locations":[{"start":{"line":166,"column":12},"end":{"line":170,"column":13}},{"start":{},"end":{}}],"line":166},"36":{"loc":{"start":{"line":175,"column":12},"end":{"line":176,"column":29}},"type":"if","locations":[{"start":{"line":175,"column":12},"end":{"line":176,"column":29}},{"start":{},"end":{}}],"line":175},"37":{"loc":{"start":{"line":182,"column":12},"end":{"line":183,"column":29}},"type":"if","locations":[{"start":{"line":182,"column":12},"end":{"line":183,"column":29}},{"start":{},"end":{}}],"line":182},"38":{"loc":{"start":{"line":187,"column":27},"end":{"line":187,"column":56}},"type":"binary-expr","locations":[{"start":{"line":187,"column":27},"end":{"line":187,"column":39}},{"start":{"line":187,"column":43},"end":{"line":187,"column":56}}],"line":187},"39":{"loc":{"start":{"line":188,"column":12},"end":{"line":189,"column":73}},"type":"if","locations":[{"start":{"line":188,"column":12},"end":{"line":189,"column":73}},{"start":{},"end":{}}],"line":188},"40":{"loc":{"start":{"line":194,"column":12},"end":{"line":195,"column":29}},"type":"if","locations":[{"start":{"line":194,"column":12},"end":{"line":195,"column":29}},{"start":{},"end":{}}],"line":194},"41":{"loc":{"start":{"line":202,"column":12},"end":{"line":203,"column":29}},"type":"if","locations":[{"start":{"line":202,"column":12},"end":{"line":203,"column":29}},{"start":{},"end":{}}],"line":202},"42":{"loc":{"start":{"line":204,"column":12},"end":{"line":205,"column":29}},"type":"if","locations":[{"start":{"line":204,"column":12},"end":{"line":205,"column":29}},{"start":{},"end":{}}],"line":204},"43":{"loc":{"start":{"line":211,"column":12},"end":{"line":212,"column":29}},"type":"if","locations":[{"start":{"line":211,"column":12},"end":{"line":212,"column":29}},{"start":{},"end":{}}],"line":211},"44":{"loc":{"start":{"line":211,"column":16},"end":{"line":211,"column":50}},"type":"binary-expr","locations":[{"start":{"line":211,"column":16},"end":{"line":211,"column":33}},{"start":{"line":211,"column":37},"end":{"line":211,"column":50}}],"line":211},"45":{"loc":{"start":{"line":218,"column":12},"end":{"line":219,"column":29}},"type":"if","locations":[{"start":{"line":218,"column":12},"end":{"line":219,"column":29}},{"start":{},"end":{}}],"line":218},"46":{"loc":{"start":{"line":227,"column":12},"end":{"line":228,"column":29}},"type":"if","locations":[{"start":{"line":227,"column":12},"end":{"line":228,"column":29}},{"start":{},"end":{}}],"line":227},"47":{"loc":{"start":{"line":229,"column":12},"end":{"line":230,"column":29}},"type":"if","locations":[{"start":{"line":229,"column":12},"end":{"line":230,"column":29}},{"start":{},"end":{}}],"line":229},"48":{"loc":{"start":{"line":236,"column":12},"end":{"line":237,"column":29}},"type":"if","locations":[{"start":{"line":236,"column":12},"end":{"line":237,"column":29}},{"start":{},"end":{}}],"line":236},"49":{"loc":{"start":{"line":243,"column":12},"end":{"line":244,"column":29}},"type":"if","locations":[{"start":{"line":243,"column":12},"end":{"line":244,"column":29}},{"start":{},"end":{}}],"line":243},"50":{"loc":{"start":{"line":245,"column":12},"end":{"line":246,"column":29}},"type":"if","locations":[{"start":{"line":245,"column":12},"end":{"line":246,"column":29}},{"start":{},"end":{}}],"line":245},"51":{"loc":{"start":{"line":252,"column":12},"end":{"line":253,"column":29}},"type":"if","locations":[{"start":{"line":252,"column":12},"end":{"line":253,"column":29}},{"start":{},"end":{}}],"line":252},"52":{"loc":{"start":{"line":304,"column":12},"end":{"line":320,"column":13}},"type":"if","locations":[{"start":{"line":304,"column":12},"end":{"line":320,"column":13}},{"start":{},"end":{}}],"line":304},"53":{"loc":{"start":{"line":304,"column":16},"end":{"line":304,"column":44}},"type":"binary-expr","locations":[{"start":{"line":304,"column":16},"end":{"line":304,"column":29}},{"start":{"line":304,"column":33},"end":{"line":304,"column":44}}],"line":304},"54":{"loc":{"start":{"line":308,"column":16},"end":{"line":314,"column":17}},"type":"if","locations":[{"start":{"line":308,"column":16},"end":{"line":314,"column":17}},{"start":{"line":312,"column":21},"end":{"line":314,"column":17}}],"line":308}},"s":{"0":3,"1":139,"2":104,"3":324,"4":139,"5":139,"6":0,"7":0,"8":0,"9":0,"10":463,"11":324,"12":3,"13":3,"14":3,"15":3,"16":11,"17":3,"18":3,"19":11,"20":11,"21":11,"22":11,"23":11,"24":11,"25":1,"26":1,"27":0,"28":1,"29":1,"30":1,"31":1,"32":11,"33":4,"34":4,"35":4,"36":3,"37":0,"38":4,"39":4,"40":11,"41":147,"42":147,"43":147,"44":135,"45":12,"46":12,"47":12,"48":12,"49":11,"50":37,"51":37,"52":33,"53":4,"54":3,"55":4,"56":1,"57":4,"58":11,"59":147,"60":147,"61":134,"62":13,"63":13,"64":13,"65":0,"66":13,"67":13,"68":0,"69":0,"70":0,"71":13,"72":13,"73":11,"74":147,"75":147,"76":134,"77":13,"78":13,"79":11,"80":37,"81":37,"82":37,"83":0,"84":0,"85":0,"86":0,"87":11,"88":147,"89":147,"90":130,"91":17,"92":17,"93":17,"94":17,"95":17,"96":17,"97":1,"98":1,"99":17,"100":17,"101":1,"102":17,"103":4,"104":17,"105":4,"106":4,"107":17,"108":17,"109":11,"110":37,"111":37,"112":37,"113":0,"114":0,"115":0,"116":0,"117":11,"118":147,"119":147,"120":134,"121":13,"122":13,"123":11,"124":147,"125":147,"126":134,"127":13,"128":13,"129":1,"130":1,"131":1,"132":1,"133":13,"134":11,"135":147,"136":147,"137":147,"138":134,"139":13,"140":13,"141":13,"142":13,"143":0,"144":0,"145":0,"146":13,"147":11,"148":147,"149":147,"150":134,"151":13,"152":13,"153":11,"154":147,"155":147,"156":134,"157":13,"158":13,"159":13,"160":13,"161":13,"162":1,"163":13,"164":11,"165":147,"166":147,"167":134,"168":13,"169":13,"170":13,"171":11,"172":37,"173":37,"174":37,"175":0,"176":0,"177":0,"178":0,"179":11,"180":37,"181":37,"182":16,"183":21,"184":21,"185":11,"186":147,"187":147,"188":134,"189":13,"190":13,"191":13,"192":13,"193":11,"194":37,"195":37,"196":37,"197":0,"198":0,"199":0,"200":0,"201":11,"202":147,"203":147,"204":146,"205":1,"206":1,"207":11,"208":37,"209":37,"210":37,"211":0,"212":0,"213":0,"214":0,"215":11,"216":37,"217":37,"218":36,"219":1,"220":1,"221":11,"222":11,"223":11,"224":11,"225":11,"226":11,"227":11,"228":11,"229":22,"230":220,"231":11,"232":11,"233":11,"234":11,"235":18,"236":18,"237":18,"238":18,"239":0,"240":0,"241":0,"242":0,"243":0,"244":0,"245":0,"246":0,"247":18,"248":3},"f":{"0":324,"1":139,"2":104,"3":324,"4":139,"5":0,"6":463,"7":11,"8":11,"9":11,"10":10,"11":1,"12":1,"13":4,"14":147,"15":147,"16":37,"17":3,"18":147,"19":147,"20":37,"21":147,"22":37,"23":147,"24":147,"25":147,"26":147,"27":147,"28":147,"29":147,"30":37,"31":37,"32":147,"33":37,"34":147,"35":37,"36":37,"37":11,"38":11,"39":11,"40":22,"41":18,"42":18},"b":{"0":[3,3,3],"1":[35,104],"2":[324,324],"3":[324,139],"4":[324,324],"5":[0,1],"6":[3,1],"7":[4,3],"8":[0,3],"9":[135,12],"10":[33,4],"11":[1,3],"12":[134,13],"13":[13,1],"14":[0,13],"15":[0,13],"16":[13,0],"17":[134,13],"18":[37,0],"19":[0,0],"20":[130,17],"21":[17,5],"22":[1,16],"23":[1,16],"24":[17,1],"25":[4,13],"26":[4,13],"27":[37,0],"28":[0,0],"29":[134,13],"30":[134,13],"31":[13,2],"32":[1,12],"33":[1,0],"34":[134,13],"35":[0,13],"36":[134,13],"37":[134,13],"38":[13,2],"39":[1,12],"40":[134,13],"41":[37,0],"42":[0,0],"43":[16,21],"44":[37,32],"45":[134,13],"46":[37,0],"47":[0,0],"48":[146,1],"49":[37,0],"50":[0,0],"51":[36,1],"52":[0,18],"53":[18,18],"54":[0,0]},"inputSourceMap":null,"_coverageSchema":"1a1c01bbd47fc00a2c39e90264f33305004495a9","hash":"946c46cea4d25aa0db1ad691b244532c1b799dac"}
,"E:\\OSPanel\\domains\\MetaLamp_four_task\\src\\plugins\\range-slider-fox\\mvc\\model\\model.ts": {"path":"E:\\OSPanel\\domains\\MetaLamp_four_task\\src\\plugins\\range-slider-fox\\mvc\\model\\model.ts","statementMap":{"0":{"start":{"line":2,"column":16},"end":{"line":10,"column":1}},"1":{"start":{"line":3,"column":28},"end":{"line":3,"column":110}},"2":{"start":{"line":3,"column":91},"end":{"line":3,"column":106}},"3":{"start":{"line":4,"column":4},"end":{"line":9,"column":7}},"4":{"start":{"line":5,"column":36},"end":{"line":5,"column":97}},"5":{"start":{"line":5,"column":42},"end":{"line":5,"column":70}},"6":{"start":{"line":5,"column":85},"end":{"line":5,"column":95}},"7":{"start":{"line":6,"column":35},"end":{"line":6,"column":100}},"8":{"start":{"line":6,"column":41},"end":{"line":6,"column":73}},"9":{"start":{"line":6,"column":88},"end":{"line":6,"column":98}},"10":{"start":{"line":7,"column":32},"end":{"line":7,"column":116}},"11":{"start":{"line":8,"column":8},"end":{"line":8,"column":78}},"12":{"start":{"line":11,"column":0},"end":{"line":11,"column":62}},"13":{"start":{"line":12,"column":0},"end":{"line":12,"column":23}},"14":{"start":{"line":13,"column":19},"end":{"line":13,"column":44}},"15":{"start":{"line":16,"column":8},"end":{"line":16,"column":16}},"16":{"start":{"line":17,"column":8},"end":{"line":17,"column":26}},"17":{"start":{"line":18,"column":8},"end":{"line":18,"column":26}},"18":{"start":{"line":19,"column":8},"end":{"line":19,"column":39}},"19":{"start":{"line":20,"column":8},"end":{"line":20,"column":40}},"20":{"start":{"line":21,"column":8},"end":{"line":24,"column":10}},"21":{"start":{"line":22,"column":29},"end":{"line":22,"column":57}},"22":{"start":{"line":23,"column":12},"end":{"line":23,"column":41}},"23":{"start":{"line":25,"column":8},"end":{"line":28,"column":10}},"24":{"start":{"line":26,"column":27},"end":{"line":26,"column":53}},"25":{"start":{"line":27,"column":12},"end":{"line":27,"column":37}},"26":{"start":{"line":29,"column":8},"end":{"line":34,"column":10}},"27":{"start":{"line":30,"column":25},"end":{"line":30,"column":52}},"28":{"start":{"line":31,"column":33},"end":{"line":31,"column":50}},"29":{"start":{"line":32,"column":31},"end":{"line":32,"column":56}},"30":{"start":{"line":33,"column":12},"end":{"line":33,"column":45}},"31":{"start":{"line":35,"column":8},"end":{"line":55,"column":10}},"32":{"start":{"line":36,"column":29},"end":{"line":36,"column":59}},"33":{"start":{"line":37,"column":25},"end":{"line":37,"column":42}},"34":{"start":{"line":38,"column":30},"end":{"line":42,"column":13}},"35":{"start":{"line":39,"column":33},"end":{"line":39,"column":43}},"36":{"start":{"line":40,"column":16},"end":{"line":40,"column":54}},"37":{"start":{"line":41,"column":16},"end":{"line":41,"column":47}},"38":{"start":{"line":43,"column":12},"end":{"line":54,"column":13}},"39":{"start":{"line":44,"column":16},"end":{"line":47,"column":51}},"40":{"start":{"line":45,"column":20},"end":{"line":45,"column":49}},"41":{"start":{"line":47,"column":20},"end":{"line":47,"column":51}},"42":{"start":{"line":50,"column":16},"end":{"line":53,"column":71}},"43":{"start":{"line":51,"column":20},"end":{"line":51,"column":47}},"44":{"start":{"line":53,"column":20},"end":{"line":53,"column":71}},"45":{"start":{"line":56,"column":8},"end":{"line":79,"column":10}},"46":{"start":{"line":57,"column":23},"end":{"line":57,"column":32}},"47":{"start":{"line":58,"column":21},"end":{"line":58,"column":28}},"48":{"start":{"line":59,"column":12},"end":{"line":72,"column":13}},"49":{"start":{"line":60,"column":16},"end":{"line":60,"column":29}},"50":{"start":{"line":62,"column":17},"end":{"line":72,"column":13}},"51":{"start":{"line":63,"column":16},"end":{"line":63,"column":27}},"52":{"start":{"line":65,"column":17},"end":{"line":72,"column":13}},"53":{"start":{"line":66,"column":27},"end":{"line":66,"column":37}},"54":{"start":{"line":67,"column":29},"end":{"line":67,"column":41}},"55":{"start":{"line":68,"column":16},"end":{"line":68,"column":54}},"56":{"start":{"line":71,"column":16},"end":{"line":71,"column":29}},"57":{"start":{"line":73,"column":12},"end":{"line":77,"column":15}},"58":{"start":{"line":78,"column":12},"end":{"line":78,"column":42}},"59":{"start":{"line":81,"column":8},"end":{"line":125,"column":10}},"60":{"start":{"line":82,"column":29},"end":{"line":82,"column":59}},"61":{"start":{"line":83,"column":23},"end":{"line":83,"column":32}},"62":{"start":{"line":84,"column":21},"end":{"line":84,"column":28}},"63":{"start":{"line":85,"column":25},"end":{"line":85,"column":30}},"64":{"start":{"line":86,"column":23},"end":{"line":86,"column":28}},"65":{"start":{"line":87,"column":25},"end":{"line":87,"column":42}},"66":{"start":{"line":88,"column":25},"end":{"line":88,"column":26}},"67":{"start":{"line":89,"column":12},"end":{"line":94,"column":13}},"68":{"start":{"line":90,"column":16},"end":{"line":90,"column":48}},"69":{"start":{"line":93,"column":16},"end":{"line":93,"column":40}},"70":{"start":{"line":95,"column":12},"end":{"line":112,"column":13}},"71":{"start":{"line":96,"column":16},"end":{"line":96,"column":36}},"72":{"start":{"line":97,"column":16},"end":{"line":97,"column":30}},"73":{"start":{"line":99,"column":17},"end":{"line":112,"column":13}},"74":{"start":{"line":100,"column":16},"end":{"line":100,"column":34}},"75":{"start":{"line":101,"column":16},"end":{"line":101,"column":28}},"76":{"start":{"line":103,"column":17},"end":{"line":112,"column":13}},"77":{"start":{"line":104,"column":27},"end":{"line":104,"column":44}},"78":{"start":{"line":105,"column":29},"end":{"line":105,"column":48}},"79":{"start":{"line":106,"column":16},"end":{"line":106,"column":68}},"80":{"start":{"line":107,"column":16},"end":{"line":107,"column":56}},"81":{"start":{"line":110,"column":16},"end":{"line":110,"column":36}},"82":{"start":{"line":111,"column":16},"end":{"line":111,"column":30}},"83":{"start":{"line":113,"column":12},"end":{"line":115,"column":13}},"84":{"start":{"line":114,"column":16},"end":{"line":114,"column":45}},"85":{"start":{"line":116,"column":12},"end":{"line":118,"column":13}},"86":{"start":{"line":117,"column":16},"end":{"line":117,"column":41}},"87":{"start":{"line":119,"column":12},"end":{"line":123,"column":15}},"88":{"start":{"line":124,"column":12},"end":{"line":124,"column":42}},"89":{"start":{"line":126,"column":8},"end":{"line":131,"column":10}},"90":{"start":{"line":127,"column":12},"end":{"line":127,"column":30}},"91":{"start":{"line":128,"column":12},"end":{"line":128,"column":62}},"92":{"start":{"line":129,"column":12},"end":{"line":129,"column":62}},"93":{"start":{"line":130,"column":12},"end":{"line":130,"column":34}},"94":{"start":{"line":132,"column":8},"end":{"line":132,"column":59}},"95":{"start":{"line":135,"column":8},"end":{"line":157,"column":10}},"96":{"start":{"line":160,"column":19},"end":{"line":160,"column":35}},"97":{"start":{"line":161,"column":20},"end":{"line":161,"column":35}},"98":{"start":{"line":162,"column":8},"end":{"line":165,"column":9}},"99":{"start":{"line":163,"column":24},"end":{"line":163,"column":49}},"100":{"start":{"line":164,"column":12},"end":{"line":164,"column":45}},"101":{"start":{"line":166,"column":24},"end":{"line":178,"column":9}},"102":{"start":{"line":179,"column":8},"end":{"line":181,"column":9}},"103":{"start":{"line":180,"column":12},"end":{"line":180,"column":59}},"104":{"start":{"line":182,"column":8},"end":{"line":183,"column":43}},"105":{"start":{"line":183,"column":12},"end":{"line":183,"column":43}},"106":{"start":{"line":186,"column":8},"end":{"line":202,"column":11}},"107":{"start":{"line":187,"column":12},"end":{"line":187,"column":37}},"108":{"start":{"line":188,"column":12},"end":{"line":188,"column":45}},"109":{"start":{"line":189,"column":12},"end":{"line":189,"column":40}},"110":{"start":{"line":190,"column":12},"end":{"line":190,"column":43}},"111":{"start":{"line":191,"column":12},"end":{"line":191,"column":44}},"112":{"start":{"line":192,"column":12},"end":{"line":192,"column":48}},"113":{"start":{"line":193,"column":12},"end":{"line":193,"column":45}},"114":{"start":{"line":194,"column":12},"end":{"line":194,"column":43}},"115":{"start":{"line":195,"column":12},"end":{"line":195,"column":48}},"116":{"start":{"line":196,"column":12},"end":{"line":196,"column":45}},"117":{"start":{"line":197,"column":12},"end":{"line":197,"column":51}},"118":{"start":{"line":198,"column":12},"end":{"line":199,"column":49}},"119":{"start":{"line":199,"column":16},"end":{"line":199,"column":49}},"120":{"start":{"line":200,"column":12},"end":{"line":200,"column":36}},"121":{"start":{"line":201,"column":12},"end":{"line":201,"column":38}},"122":{"start":{"line":205,"column":8},"end":{"line":205,"column":49}},"123":{"start":{"line":209,"column":8},"end":{"line":209,"column":56}},"124":{"start":{"line":210,"column":8},"end":{"line":210,"column":36}},"125":{"start":{"line":211,"column":8},"end":{"line":211,"column":26}},"126":{"start":{"line":214,"column":8},"end":{"line":214,"column":52}},"127":{"start":{"line":215,"column":8},"end":{"line":215,"column":32}},"128":{"start":{"line":216,"column":8},"end":{"line":216,"column":24}},"129":{"start":{"line":219,"column":8},"end":{"line":219,"column":45}},"130":{"start":{"line":222,"column":21},"end":{"line":222,"column":26}},"131":{"start":{"line":223,"column":19},"end":{"line":223,"column":24}},"132":{"start":{"line":224,"column":25},"end":{"line":224,"column":47}},"133":{"start":{"line":225,"column":8},"end":{"line":225,"column":39}},"134":{"start":{"line":226,"column":22},"end":{"line":231,"column":10}},"135":{"start":{"line":232,"column":25},"end":{"line":232,"column":57}},"136":{"start":{"line":233,"column":8},"end":{"line":234,"column":24}},"137":{"start":{"line":234,"column":12},"end":{"line":234,"column":24}},"138":{"start":{"line":235,"column":8},"end":{"line":236,"column":26}},"139":{"start":{"line":236,"column":12},"end":{"line":236,"column":26}},"140":{"start":{"line":237,"column":22},"end":{"line":237,"column":43}},"141":{"start":{"line":238,"column":8},"end":{"line":261,"column":9}},"142":{"start":{"line":239,"column":12},"end":{"line":239,"column":33}},"143":{"start":{"line":240,"column":12},"end":{"line":240,"column":26}},"144":{"start":{"line":242,"column":13},"end":{"line":261,"column":9}},"145":{"start":{"line":244,"column":12},"end":{"line":251,"column":13}},"146":{"start":{"line":245,"column":16},"end":{"line":245,"column":37}},"147":{"start":{"line":246,"column":16},"end":{"line":246,"column":30}},"148":{"start":{"line":249,"column":16},"end":{"line":249,"column":35}},"149":{"start":{"line":250,"column":16},"end":{"line":250,"column":28}},"150":{"start":{"line":255,"column":12},"end":{"line":258,"column":38}},"151":{"start":{"line":256,"column":16},"end":{"line":256,"column":38}},"152":{"start":{"line":258,"column":16},"end":{"line":258,"column":38}},"153":{"start":{"line":259,"column":12},"end":{"line":259,"column":26}},"154":{"start":{"line":260,"column":12},"end":{"line":260,"column":24}},"155":{"start":{"line":264,"column":8},"end":{"line":266,"column":9}},"156":{"start":{"line":265,"column":12},"end":{"line":265,"column":41}},"157":{"start":{"line":267,"column":8},"end":{"line":269,"column":9}},"158":{"start":{"line":268,"column":12},"end":{"line":268,"column":37}},"159":{"start":{"line":270,"column":8},"end":{"line":275,"column":9}},"160":{"start":{"line":271,"column":12},"end":{"line":272,"column":74}},"161":{"start":{"line":272,"column":16},"end":{"line":272,"column":74}},"162":{"start":{"line":273,"column":12},"end":{"line":274,"column":70}},"163":{"start":{"line":274,"column":16},"end":{"line":274,"column":70}},"164":{"start":{"line":276,"column":20},"end":{"line":276,"column":22}},"165":{"start":{"line":277,"column":8},"end":{"line":278,"column":28}},"166":{"start":{"line":278,"column":12},"end":{"line":278,"column":28}},"167":{"start":{"line":279,"column":8},"end":{"line":280,"column":28}},"168":{"start":{"line":280,"column":12},"end":{"line":280,"column":28}},"169":{"start":{"line":281,"column":8},"end":{"line":282,"column":27}},"170":{"start":{"line":282,"column":12},"end":{"line":282,"column":27}},"171":{"start":{"line":283,"column":8},"end":{"line":284,"column":27}},"172":{"start":{"line":284,"column":12},"end":{"line":284,"column":27}},"173":{"start":{"line":285,"column":8},"end":{"line":286,"column":25}},"174":{"start":{"line":286,"column":12},"end":{"line":286,"column":25}},"175":{"start":{"line":287,"column":8},"end":{"line":292,"column":9}},"176":{"start":{"line":288,"column":12},"end":{"line":289,"column":70}},"177":{"start":{"line":289,"column":16},"end":{"line":289,"column":70}},"178":{"start":{"line":290,"column":12},"end":{"line":291,"column":66}},"179":{"start":{"line":291,"column":16},"end":{"line":291,"column":66}},"180":{"start":{"line":293,"column":8},"end":{"line":296,"column":11}},"181":{"start":{"line":297,"column":8},"end":{"line":297,"column":38}},"182":{"start":{"line":300,"column":8},"end":{"line":301,"column":25}},"183":{"start":{"line":301,"column":12},"end":{"line":301,"column":25}},"184":{"start":{"line":302,"column":20},"end":{"line":302,"column":48}},"185":{"start":{"line":303,"column":18},"end":{"line":303,"column":20}},"186":{"start":{"line":304,"column":18},"end":{"line":304,"column":60}},"187":{"start":{"line":305,"column":8},"end":{"line":305,"column":27}},"188":{"start":{"line":306,"column":8},"end":{"line":312,"column":9}},"189":{"start":{"line":306,"column":21},"end":{"line":306,"column":29}},"190":{"start":{"line":307,"column":12},"end":{"line":307,"column":53}},"191":{"start":{"line":308,"column":12},"end":{"line":311,"column":13}},"192":{"start":{"line":309,"column":16},"end":{"line":309,"column":30}},"193":{"start":{"line":310,"column":16},"end":{"line":310,"column":61}},"194":{"start":{"line":313,"column":8},"end":{"line":313,"column":27}},"195":{"start":{"line":314,"column":8},"end":{"line":314,"column":34}},"196":{"start":{"line":317,"column":22},"end":{"line":317,"column":37}},"197":{"start":{"line":318,"column":22},"end":{"line":318,"column":24}},"198":{"start":{"line":319,"column":33},"end":{"line":323,"column":9}},"199":{"start":{"line":320,"column":12},"end":{"line":320,"column":33}},"200":{"start":{"line":321,"column":29},"end":{"line":321,"column":63}},"201":{"start":{"line":322,"column":12},"end":{"line":322,"column":39}},"202":{"start":{"line":324,"column":23},"end":{"line":327,"column":9}},"203":{"start":{"line":325,"column":24},"end":{"line":325,"column":55}},"204":{"start":{"line":326,"column":12},"end":{"line":326,"column":44}},"205":{"start":{"line":328,"column":8},"end":{"line":328,"column":28}},"206":{"start":{"line":329,"column":35},"end":{"line":329,"column":57}},"207":{"start":{"line":330,"column":18},"end":{"line":330,"column":50}},"208":{"start":{"line":331,"column":8},"end":{"line":331,"column":40}},"209":{"start":{"line":332,"column":8},"end":{"line":335,"column":9}},"210":{"start":{"line":332,"column":21},"end":{"line":332,"column":22}},"211":{"start":{"line":333,"column":12},"end":{"line":333,"column":52}},"212":{"start":{"line":334,"column":12},"end":{"line":334,"column":44}},"213":{"start":{"line":336,"column":8},"end":{"line":336,"column":30}},"214":{"start":{"line":337,"column":8},"end":{"line":340,"column":11}},"215":{"start":{"line":341,"column":8},"end":{"line":341,"column":23}},"216":{"start":{"line":345,"column":19},"end":{"line":345,"column":20}},"217":{"start":{"line":346,"column":23},"end":{"line":346,"column":24}},"218":{"start":{"line":347,"column":8},"end":{"line":353,"column":9}},"219":{"start":{"line":348,"column":12},"end":{"line":348,"column":30}},"220":{"start":{"line":349,"column":12},"end":{"line":349,"column":45}},"221":{"start":{"line":352,"column":12},"end":{"line":352,"column":34}},"222":{"start":{"line":354,"column":8},"end":{"line":354,"column":34}},"223":{"start":{"line":357,"column":8},"end":{"line":358,"column":25}},"224":{"start":{"line":358,"column":12},"end":{"line":358,"column":25}},"225":{"start":{"line":359,"column":8},"end":{"line":359,"column":76}},"226":{"start":{"line":360,"column":8},"end":{"line":362,"column":9}},"227":{"start":{"line":361,"column":12},"end":{"line":361,"column":76}},"228":{"start":{"line":363,"column":8},"end":{"line":368,"column":11}},"229":{"start":{"line":369,"column":8},"end":{"line":369,"column":41}},"230":{"start":{"line":370,"column":8},"end":{"line":370,"column":48}},"231":{"start":{"line":373,"column":19},"end":{"line":373,"column":28}},"232":{"start":{"line":374,"column":17},"end":{"line":374,"column":24}},"233":{"start":{"line":375,"column":22},"end":{"line":375,"column":33}},"234":{"start":{"line":376,"column":21},"end":{"line":376,"column":34}},"235":{"start":{"line":377,"column":22},"end":{"line":377,"column":43}},"236":{"start":{"line":378,"column":21},"end":{"line":378,"column":58}},"237":{"start":{"line":379,"column":8},"end":{"line":461,"column":9}},"238":{"start":{"line":380,"column":25},"end":{"line":380,"column":62}},"239":{"start":{"line":381,"column":26},"end":{"line":384,"column":13}},"240":{"start":{"line":382,"column":28},"end":{"line":382,"column":60}},"241":{"start":{"line":383,"column":16},"end":{"line":383,"column":45}},"242":{"start":{"line":385,"column":29},"end":{"line":405,"column":13}},"243":{"start":{"line":386,"column":16},"end":{"line":403,"column":17}},"244":{"start":{"line":387,"column":20},"end":{"line":388,"column":37}},"245":{"start":{"line":388,"column":24},"end":{"line":388,"column":37}},"246":{"start":{"line":389,"column":20},"end":{"line":389,"column":29}},"247":{"start":{"line":390,"column":20},"end":{"line":390,"column":33}},"248":{"start":{"line":392,"column":21},"end":{"line":403,"column":17}},"249":{"start":{"line":393,"column":20},"end":{"line":396,"column":21}},"250":{"start":{"line":394,"column":24},"end":{"line":394,"column":47}},"251":{"start":{"line":395,"column":24},"end":{"line":395,"column":37}},"252":{"start":{"line":398,"column":21},"end":{"line":403,"column":17}},"253":{"start":{"line":399,"column":20},"end":{"line":402,"column":21}},"254":{"start":{"line":400,"column":24},"end":{"line":400,"column":36}},"255":{"start":{"line":401,"column":24},"end":{"line":401,"column":37}},"256":{"start":{"line":404,"column":16},"end":{"line":404,"column":28}},"257":{"start":{"line":406,"column":27},"end":{"line":418,"column":13}},"258":{"start":{"line":407,"column":16},"end":{"line":416,"column":17}},"259":{"start":{"line":408,"column":20},"end":{"line":408,"column":29}},"260":{"start":{"line":409,"column":20},"end":{"line":409,"column":33}},"261":{"start":{"line":411,"column":21},"end":{"line":416,"column":17}},"262":{"start":{"line":412,"column":20},"end":{"line":415,"column":21}},"263":{"start":{"line":413,"column":24},"end":{"line":413,"column":34}},"264":{"start":{"line":414,"column":24},"end":{"line":414,"column":37}},"265":{"start":{"line":417,"column":16},"end":{"line":417,"column":28}},"266":{"start":{"line":419,"column":12},"end":{"line":425,"column":13}},"267":{"start":{"line":419,"column":25},"end":{"line":419,"column":26}},"268":{"start":{"line":420,"column":29},"end":{"line":420,"column":44}},"269":{"start":{"line":421,"column":16},"end":{"line":422,"column":26}},"270":{"start":{"line":422,"column":20},"end":{"line":422,"column":26}},"271":{"start":{"line":423,"column":16},"end":{"line":424,"column":26}},"272":{"start":{"line":424,"column":20},"end":{"line":424,"column":26}},"273":{"start":{"line":428,"column":26},"end":{"line":444,"column":13}},"274":{"start":{"line":429,"column":28},"end":{"line":429,"column":51}},"275":{"start":{"line":430,"column":16},"end":{"line":437,"column":17}},"276":{"start":{"line":431,"column":32},"end":{"line":431,"column":66}},"277":{"start":{"line":432,"column":20},"end":{"line":432,"column":51}},"278":{"start":{"line":435,"column":32},"end":{"line":435,"column":62}},"279":{"start":{"line":436,"column":20},"end":{"line":436,"column":49}},"280":{"start":{"line":438,"column":16},"end":{"line":443,"column":17}},"281":{"start":{"line":439,"column":20},"end":{"line":440,"column":34}},"282":{"start":{"line":440,"column":24},"end":{"line":440,"column":34}},"283":{"start":{"line":441,"column":20},"end":{"line":442,"column":34}},"284":{"start":{"line":442,"column":24},"end":{"line":442,"column":34}},"285":{"start":{"line":445,"column":12},"end":{"line":460,"column":13}},"286":{"start":{"line":446,"column":16},"end":{"line":448,"column":17}},"287":{"start":{"line":447,"column":20},"end":{"line":447,"column":40}},"288":{"start":{"line":449,"column":16},"end":{"line":452,"column":17}},"289":{"start":{"line":450,"column":32},"end":{"line":450,"column":66}},"290":{"start":{"line":451,"column":20},"end":{"line":451,"column":75}},"291":{"start":{"line":453,"column":16},"end":{"line":453,"column":74}},"292":{"start":{"line":455,"column":17},"end":{"line":460,"column":13}},"293":{"start":{"line":456,"column":16},"end":{"line":456,"column":33}},"294":{"start":{"line":459,"column":16},"end":{"line":459,"column":25}},"295":{"start":{"line":462,"column":8},"end":{"line":465,"column":11}},"296":{"start":{"line":466,"column":8},"end":{"line":466,"column":38}},"297":{"start":{"line":469,"column":8},"end":{"line":476,"column":9}},"298":{"start":{"line":469,"column":21},"end":{"line":469,"column":22}},"299":{"start":{"line":470,"column":25},"end":{"line":470,"column":31}},"300":{"start":{"line":471,"column":12},"end":{"line":475,"column":13}},"301":{"start":{"line":472,"column":28},"end":{"line":472,"column":47}},"302":{"start":{"line":473,"column":16},"end":{"line":474,"column":46}},"303":{"start":{"line":477,"column":8},"end":{"line":477,"column":19}},"304":{"start":{"line":480,"column":8},"end":{"line":480,"column":65}},"305":{"start":{"line":483,"column":8},"end":{"line":483,"column":63}},"306":{"start":{"line":486,"column":19},"end":{"line":486,"column":21}},"307":{"start":{"line":487,"column":17},"end":{"line":487,"column":22}},"308":{"start":{"line":488,"column":16},"end":{"line":488,"column":17}},"309":{"start":{"line":489,"column":8},"end":{"line":497,"column":9}},"310":{"start":{"line":490,"column":12},"end":{"line":491,"column":26}},"311":{"start":{"line":491,"column":16},"end":{"line":491,"column":26}},"312":{"start":{"line":492,"column":12},"end":{"line":492,"column":25}},"313":{"start":{"line":493,"column":12},"end":{"line":494,"column":20}},"314":{"start":{"line":494,"column":16},"end":{"line":494,"column":20}},"315":{"start":{"line":495,"column":12},"end":{"line":496,"column":22}},"316":{"start":{"line":496,"column":16},"end":{"line":496,"column":22}},"317":{"start":{"line":498,"column":8},"end":{"line":498,"column":32}},"318":{"start":{"line":501,"column":24},"end":{"line":501,"column":39}},"319":{"start":{"line":502,"column":20},"end":{"line":502,"column":58}},"320":{"start":{"line":503,"column":20},"end":{"line":503,"column":30}},"321":{"start":{"line":504,"column":8},"end":{"line":504,"column":19}},"322":{"start":{"line":507,"column":8},"end":{"line":507,"column":33}},"323":{"start":{"line":508,"column":8},"end":{"line":508,"column":34}},"324":{"start":{"line":509,"column":8},"end":{"line":531,"column":20}},"325":{"start":{"line":534,"column":8},"end":{"line":546,"column":11}},"326":{"start":{"line":534,"column":30},"end":{"line":546,"column":10}},"327":{"start":{"line":537,"column":29},"end":{"line":537,"column":42}},"328":{"start":{"line":538,"column":12},"end":{"line":538,"column":94}},"329":{"start":{"line":539,"column":12},"end":{"line":539,"column":94}},"330":{"start":{"line":540,"column":12},"end":{"line":540,"column":92}},"331":{"start":{"line":541,"column":12},"end":{"line":541,"column":92}},"332":{"start":{"line":542,"column":12},"end":{"line":542,"column":39}},"333":{"start":{"line":543,"column":12},"end":{"line":543,"column":55}},"334":{"start":{"line":544,"column":12},"end":{"line":544,"column":83}},"335":{"start":{"line":545,"column":12},"end":{"line":545,"column":49}},"336":{"start":{"line":549,"column":8},"end":{"line":549,"column":24}},"337":{"start":{"line":552,"column":8},"end":{"line":552,"column":25}},"338":{"start":{"line":556,"column":21},"end":{"line":556,"column":31}},"339":{"start":{"line":557,"column":19},"end":{"line":557,"column":24}},"340":{"start":{"line":558,"column":8},"end":{"line":564,"column":9}},"341":{"start":{"line":559,"column":26},"end":{"line":559,"column":80}},"342":{"start":{"line":560,"column":12},"end":{"line":563,"column":13}},"343":{"start":{"line":561,"column":16},"end":{"line":561,"column":28}},"344":{"start":{"line":562,"column":16},"end":{"line":562,"column":22}},"345":{"start":{"line":565,"column":8},"end":{"line":566,"column":25}},"346":{"start":{"line":566,"column":12},"end":{"line":566,"column":25}},"347":{"start":{"line":567,"column":8},"end":{"line":567,"column":20}},"348":{"start":{"line":570,"column":8},"end":{"line":570,"column":87}},"349":{"start":{"line":573,"column":22},"end":{"line":573,"column":26}},"350":{"start":{"line":574,"column":20},"end":{"line":574,"column":23}},"351":{"start":{"line":575,"column":20},"end":{"line":575,"column":29}},"352":{"start":{"line":576,"column":21},"end":{"line":576,"column":89}},"353":{"start":{"line":577,"column":8},"end":{"line":579,"column":9}},"354":{"start":{"line":578,"column":12},"end":{"line":578,"column":37}},"355":{"start":{"line":580,"column":8},"end":{"line":580,"column":20}},"356":{"start":{"line":583,"column":27},"end":{"line":583,"column":41}},"357":{"start":{"line":584,"column":8},"end":{"line":585,"column":25}},"358":{"start":{"line":585,"column":12},"end":{"line":585,"column":25}},"359":{"start":{"line":586,"column":18},"end":{"line":586,"column":29}},"360":{"start":{"line":587,"column":18},"end":{"line":587,"column":29}},"361":{"start":{"line":588,"column":8},"end":{"line":588,"column":42}},"362":{"start":{"line":589,"column":8},"end":{"line":590,"column":25}},"363":{"start":{"line":590,"column":12},"end":{"line":590,"column":25}},"364":{"start":{"line":591,"column":8},"end":{"line":591,"column":42}},"365":{"start":{"line":592,"column":8},"end":{"line":593,"column":25}},"366":{"start":{"line":593,"column":12},"end":{"line":593,"column":25}},"367":{"start":{"line":594,"column":8},"end":{"line":595,"column":25}},"368":{"start":{"line":595,"column":12},"end":{"line":595,"column":25}},"369":{"start":{"line":596,"column":8},"end":{"line":600,"column":9}},"370":{"start":{"line":597,"column":25},"end":{"line":597,"column":28}},"371":{"start":{"line":598,"column":12},"end":{"line":598,"column":22}},"372":{"start":{"line":599,"column":12},"end":{"line":599,"column":23}},"373":{"start":{"line":602,"column":8},"end":{"line":626,"column":9}},"374":{"start":{"line":603,"column":12},"end":{"line":603,"column":28}},"375":{"start":{"line":604,"column":12},"end":{"line":604,"column":28}},"376":{"start":{"line":605,"column":12},"end":{"line":606,"column":35}},"377":{"start":{"line":606,"column":16},"end":{"line":606,"column":35}},"378":{"start":{"line":607,"column":12},"end":{"line":608,"column":37}},"379":{"start":{"line":608,"column":16},"end":{"line":608,"column":37}},"380":{"start":{"line":609,"column":12},"end":{"line":610,"column":35}},"381":{"start":{"line":610,"column":16},"end":{"line":610,"column":35}},"382":{"start":{"line":611,"column":12},"end":{"line":612,"column":37}},"383":{"start":{"line":612,"column":16},"end":{"line":612,"column":37}},"384":{"start":{"line":613,"column":12},"end":{"line":617,"column":15}},"385":{"start":{"line":619,"column":12},"end":{"line":624,"column":13}},"386":{"start":{"line":620,"column":16},"end":{"line":623,"column":19}},"387":{"start":{"line":625,"column":12},"end":{"line":625,"column":24}},"388":{"start":{"line":627,"column":8},"end":{"line":627,"column":21}},"389":{"start":{"line":630,"column":27},"end":{"line":630,"column":64}},"390":{"start":{"line":631,"column":8},"end":{"line":632,"column":25}},"391":{"start":{"line":632,"column":12},"end":{"line":632,"column":25}},"392":{"start":{"line":633,"column":19},"end":{"line":633,"column":31}},"393":{"start":{"line":634,"column":25},"end":{"line":634,"column":43}},"394":{"start":{"line":635,"column":26},"end":{"line":635,"column":45}},"395":{"start":{"line":636,"column":8},"end":{"line":636,"column":45}},"396":{"start":{"line":637,"column":8},"end":{"line":638,"column":21}},"397":{"start":{"line":638,"column":12},"end":{"line":638,"column":21}},"398":{"start":{"line":639,"column":8},"end":{"line":639,"column":63}},"399":{"start":{"line":640,"column":8},"end":{"line":641,"column":27}},"400":{"start":{"line":641,"column":12},"end":{"line":641,"column":27}},"401":{"start":{"line":642,"column":8},"end":{"line":642,"column":66}},"402":{"start":{"line":643,"column":8},"end":{"line":644,"column":28}},"403":{"start":{"line":644,"column":12},"end":{"line":644,"column":28}},"404":{"start":{"line":645,"column":28},"end":{"line":651,"column":9}},"405":{"start":{"line":646,"column":12},"end":{"line":647,"column":32}},"406":{"start":{"line":647,"column":16},"end":{"line":647,"column":32}},"407":{"start":{"line":648,"column":12},"end":{"line":649,"column":25}},"408":{"start":{"line":649,"column":16},"end":{"line":649,"column":25}},"409":{"start":{"line":650,"column":12},"end":{"line":650,"column":23}},"410":{"start":{"line":652,"column":8},"end":{"line":652,"column":39}},"411":{"start":{"line":653,"column":8},"end":{"line":653,"column":51}},"412":{"start":{"line":654,"column":8},"end":{"line":654,"column":53}},"413":{"start":{"line":655,"column":8},"end":{"line":660,"column":11}},"414":{"start":{"line":661,"column":8},"end":{"line":661,"column":21}},"415":{"start":{"line":665,"column":27},"end":{"line":665,"column":49}},"416":{"start":{"line":666,"column":8},"end":{"line":667,"column":25}},"417":{"start":{"line":667,"column":12},"end":{"line":667,"column":25}},"418":{"start":{"line":668,"column":19},"end":{"line":668,"column":31}},"419":{"start":{"line":669,"column":19},"end":{"line":669,"column":31}},"420":{"start":{"line":670,"column":17},"end":{"line":670,"column":27}},"421":{"start":{"line":672,"column":8},"end":{"line":673,"column":25}},"422":{"start":{"line":673,"column":12},"end":{"line":673,"column":25}},"423":{"start":{"line":674,"column":8},"end":{"line":675,"column":25}},"424":{"start":{"line":675,"column":12},"end":{"line":675,"column":25}},"425":{"start":{"line":676,"column":8},"end":{"line":685,"column":9}},"426":{"start":{"line":677,"column":12},"end":{"line":677,"column":29}},"427":{"start":{"line":680,"column":12},"end":{"line":684,"column":29}},"428":{"start":{"line":681,"column":16},"end":{"line":681,"column":33}},"429":{"start":{"line":684,"column":16},"end":{"line":684,"column":29}},"430":{"start":{"line":686,"column":8},"end":{"line":686,"column":45}},"431":{"start":{"line":687,"column":8},"end":{"line":688,"column":25}},"432":{"start":{"line":688,"column":12},"end":{"line":688,"column":25}},"433":{"start":{"line":689,"column":8},"end":{"line":697,"column":9}},"434":{"start":{"line":690,"column":12},"end":{"line":690,"column":30}},"435":{"start":{"line":693,"column":12},"end":{"line":694,"column":37}},"436":{"start":{"line":694,"column":16},"end":{"line":694,"column":37}},"437":{"start":{"line":695,"column":12},"end":{"line":696,"column":37}},"438":{"start":{"line":696,"column":16},"end":{"line":696,"column":37}},"439":{"start":{"line":698,"column":8},"end":{"line":722,"column":9}},"440":{"start":{"line":700,"column":12},"end":{"line":700,"column":43}},"441":{"start":{"line":701,"column":12},"end":{"line":702,"column":29}},"442":{"start":{"line":702,"column":16},"end":{"line":702,"column":29}},"443":{"start":{"line":703,"column":12},"end":{"line":707,"column":13}},"444":{"start":{"line":704,"column":29},"end":{"line":704,"column":33}},"445":{"start":{"line":705,"column":16},"end":{"line":705,"column":26}},"446":{"start":{"line":706,"column":16},"end":{"line":706,"column":26}},"447":{"start":{"line":708,"column":12},"end":{"line":713,"column":13}},"448":{"start":{"line":709,"column":16},"end":{"line":709,"column":29}},"449":{"start":{"line":712,"column":16},"end":{"line":712,"column":35}},"450":{"start":{"line":716,"column":12},"end":{"line":721,"column":13}},"451":{"start":{"line":717,"column":16},"end":{"line":717,"column":76}},"452":{"start":{"line":720,"column":16},"end":{"line":720,"column":84}},"453":{"start":{"line":723,"column":8},"end":{"line":728,"column":13}},"454":{"start":{"line":724,"column":12},"end":{"line":728,"column":13}},"455":{"start":{"line":725,"column":16},"end":{"line":725,"column":84}},"456":{"start":{"line":726,"column":16},"end":{"line":727,"column":84}},"457":{"start":{"line":727,"column":20},"end":{"line":727,"column":84}},"458":{"start":{"line":729,"column":8},"end":{"line":734,"column":11}},"459":{"start":{"line":735,"column":8},"end":{"line":736,"column":45}},"460":{"start":{"line":736,"column":12},"end":{"line":736,"column":45}},"461":{"start":{"line":737,"column":8},"end":{"line":737,"column":20}},"462":{"start":{"line":740,"column":27},"end":{"line":740,"column":39}},"463":{"start":{"line":741,"column":8},"end":{"line":745,"column":9}},"464":{"start":{"line":742,"column":12},"end":{"line":743,"column":38}},"465":{"start":{"line":743,"column":16},"end":{"line":743,"column":38}},"466":{"start":{"line":744,"column":12},"end":{"line":744,"column":25}},"467":{"start":{"line":746,"column":8},"end":{"line":749,"column":45}},"468":{"start":{"line":747,"column":12},"end":{"line":747,"column":34}},"469":{"start":{"line":749,"column":12},"end":{"line":749,"column":45}},"470":{"start":{"line":750,"column":8},"end":{"line":753,"column":11}},"471":{"start":{"line":754,"column":8},"end":{"line":754,"column":20}},"472":{"start":{"line":758,"column":27},"end":{"line":758,"column":71}},"473":{"start":{"line":759,"column":8},"end":{"line":760,"column":25}},"474":{"start":{"line":760,"column":12},"end":{"line":760,"column":25}},"475":{"start":{"line":761,"column":19},"end":{"line":761,"column":31}},"476":{"start":{"line":762,"column":22},"end":{"line":762,"column":37}},"477":{"start":{"line":763,"column":23},"end":{"line":763,"column":39}},"478":{"start":{"line":764,"column":24},"end":{"line":764,"column":41}},"479":{"start":{"line":765,"column":8},"end":{"line":765,"column":91}},"480":{"start":{"line":766,"column":8},"end":{"line":766,"column":34}},"481":{"start":{"line":767,"column":8},"end":{"line":768,"column":25}},"482":{"start":{"line":768,"column":12},"end":{"line":768,"column":25}},"483":{"start":{"line":769,"column":8},"end":{"line":769,"column":96}},"484":{"start":{"line":770,"column":8},"end":{"line":770,"column":99}},"485":{"start":{"line":771,"column":8},"end":{"line":771,"column":102}},"486":{"start":{"line":772,"column":21},"end":{"line":772,"column":40}},"487":{"start":{"line":773,"column":8},"end":{"line":775,"column":9}},"488":{"start":{"line":774,"column":12},"end":{"line":774,"column":28}},"489":{"start":{"line":776,"column":8},"end":{"line":777,"column":32}},"490":{"start":{"line":777,"column":12},"end":{"line"
[...]
33},"end":{"line":232,"column":5}},"line":223},"25":{"name":"(anonymous_25)","decl":{"start":{"line":233,"column":4},"end":{"line":233,"column":5}},"loc":{"start":{"line":233,"column":31},"end":{"line":239,"column":5}},"line":233},"26":{"name":"(anonymous_26)","decl":{"start":{"line":240,"column":4},"end":{"line":240,"column":5}},"loc":{"start":{"line":240,"column":19},"end":{"line":247,"column":5}},"line":240},"27":{"name":"(anonymous_27)","decl":{"start":{"line":248,"column":4},"end":{"line":248,"column":5}},"loc":{"start":{"line":248,"column":22},"end":{"line":250,"column":5}},"line":248},"28":{"name":"(anonymous_28)","decl":{"start":{"line":251,"column":4},"end":{"line":251,"column":5}},"loc":{"start":{"line":251,"column":25},"end":{"line":270,"column":5}},"line":251},"29":{"name":"(anonymous_29)","decl":{"start":{"line":271,"column":4},"end":{"line":271,"column":5}},"loc":{"start":{"line":271,"column":24},"end":{"line":287,"column":5}},"line":271},"30":{"name":"(anonymous_30)","decl":{"start":{"line":288,"column":4},"end":{"line":288,"column":5}},"loc":{"start":{"line":288,"column":24},"end":{"line":306,"column":5}},"line":288},"31":{"name":"(anonymous_31)","decl":{"start":{"line":307,"column":4},"end":{"line":307,"column":5}},"loc":{"start":{"line":307,"column":22},"end":{"line":344,"column":5}},"line":307},"32":{"name":"(anonymous_32)","decl":{"start":{"line":309,"column":24},"end":{"line":309,"column":25}},"loc":{"start":{"line":309,"column":38},"end":{"line":312,"column":9}},"line":309}},"branchMap":{"0":{"loc":{"start":{"line":8,"column":12},"end":{"line":21,"column":13}},"type":"if","locations":[{"start":{"line":8,"column":12},"end":{"line":21,"column":13}},{"start":{"line":15,"column":17},"end":{"line":21,"column":13}}],"line":8},"1":{"loc":{"start":{"line":9,"column":16},"end":{"line":10,"column":33}},"type":"if","locations":[{"start":{"line":9,"column":16},"end":{"line":10,"column":33}},{"start":{},"end":{}}],"line":9},"2":{"loc":{"start":{"line":16,"column":16},"end":{"line":17,"column":33}},"type":"if","locations":[{"start":{"line":16,"column":16},"end":{"line":17,"column":33}},{"start":{},"end":{}}],"line":16},"3":{"loc":{"start":{"line":38,"column":24},"end":{"line":38,"column":56}},"type":"cond-expr","locations":[{"start":{"line":38,"column":44},"end":{"line":38,"column":48}},{"start":{"line":38,"column":51},"end":{"line":38,"column":56}}],"line":38},"4":{"loc":{"start":{"line":40,"column":8},"end":{"line":41,"column":55}},"type":"if","locations":[{"start":{"line":40,"column":8},"end":{"line":41,"column":55}},{"start":{},"end":{}}],"line":40},"5":{"loc":{"start":{"line":42,"column":8},"end":{"line":47,"column":9}},"type":"if","locations":[{"start":{"line":42,"column":8},"end":{"line":47,"column":9}},{"start":{},"end":{}}],"line":42},"6":{"loc":{"start":{"line":44,"column":12},"end":{"line":46,"column":13}},"type":"if","locations":[{"start":{"line":44,"column":12},"end":{"line":46,"column":13}},{"start":{},"end":{}}],"line":44},"7":{"loc":{"start":{"line":52,"column":8},"end":{"line":53,"column":25}},"type":"if","locations":[{"start":{"line":52,"column":8},"end":{"line":53,"column":25}},{"start":{},"end":{}}],"line":52},"8":{"loc":{"start":{"line":52,"column":12},"end":{"line":52,"column":38}},"type":"binary-expr","locations":[{"start":{"line":52,"column":12},"end":{"line":52,"column":23}},{"start":{"line":52,"column":27},"end":{"line":52,"column":38}}],"line":52},"9":{"loc":{"start":{"line":61,"column":8},"end":{"line":62,"column":25}},"type":"if","locations":[{"start":{"line":61,"column":8},"end":{"line":62,"column":25}},{"start":{},"end":{}}],"line":61},"10":{"loc":{"start":{"line":68,"column":8},"end":{"line":69,"column":25}},"type":"if","locations":[{"start":{"line":68,"column":8},"end":{"line":69,"column":25}},{"start":{},"end":{}}],"line":68},"11":{"loc":{"start":{"line":75,"column":8},"end":{"line":76,"column":25}},"type":"if","locations":[{"start":{"line":75,"column":8},"end":{"line":76,"column":25}},{"start":{},"end":{}}],"line":75},"12":{"loc":{"start":{"line":84,"column":8},"end":{"line":85,"column":25}},"type":"if","locations":[{"start":{"line":84,"column":8},"end":{"line":85,"column":25}},{"start":{},"end":{}}],"line":84},"13":{"loc":{"start":{"line":84,"column":12},"end":{"line":84,"column":40}},"type":"binary-expr","locations":[{"start":{"line":84,"column":12},"end":{"line":84,"column":24}},{"start":{"line":84,"column":28},"end":{"line":84,"column":40}}],"line":84},"14":{"loc":{"start":{"line":93,"column":8},"end":{"line":94,"column":25}},"type":"if","locations":[{"start":{"line":93,"column":8},"end":{"line":94,"column":25}},{"start":{},"end":{}}],"line":93},"15":{"loc":{"start":{"line":100,"column":8},"end":{"line":101,"column":25}},"type":"if","locations":[{"start":{"line":100,"column":8},"end":{"line":101,"column":25}},{"start":{},"end":{}}],"line":100},"16":{"loc":{"start":{"line":107,"column":8},"end":{"line":108,"column":25}},"type":"if","locations":[{"start":{"line":107,"column":8},"end":{"line":108,"column":25}},{"start":{},"end":{}}],"line":107},"17":{"loc":{"start":{"line":114,"column":15},"end":{"line":114,"column":59}},"type":"cond-expr","locations":[{"start":{"line":114,"column":47},"end":{"line":114,"column":51}},{"start":{"line":114,"column":54},"end":{"line":114,"column":59}}],"line":114},"18":{"loc":{"start":{"line":114,"column":15},"end":{"line":114,"column":44}},"type":"binary-expr","locations":[{"start":{"line":114,"column":15},"end":{"line":114,"column":25}},{"start":{"line":114,"column":29},"end":{"line":114,"column":44}}],"line":114},"19":{"loc":{"start":{"line":129,"column":8},"end":{"line":130,"column":25}},"type":"if","locations":[{"start":{"line":129,"column":8},"end":{"line":130,"column":25}},{"start":{},"end":{}}],"line":129},"20":{"loc":{"start":{"line":135,"column":13},"end":{"line":135,"column":50}},"type":"cond-expr","locations":[{"start":{"line":135,"column":29},"end":{"line":135,"column":42}},{"start":{"line":135,"column":45},"end":{"line":135,"column":50}}],"line":135},"21":{"loc":{"start":{"line":139,"column":8},"end":{"line":140,"column":25}},"type":"if","locations":[{"start":{"line":139,"column":8},"end":{"line":140,"column":25}},{"start":{},"end":{}}],"line":139},"22":{"loc":{"start":{"line":146,"column":8},"end":{"line":147,"column":25}},"type":"if","locations":[{"start":{"line":146,"column":8},"end":{"line":147,"column":25}},{"start":{},"end":{}}],"line":146},"23":{"loc":{"start":{"line":153,"column":8},"end":{"line":154,"column":25}},"type":"if","locations":[{"start":{"line":153,"column":8},"end":{"line":154,"column":25}},{"start":{},"end":{}}],"line":153},"24":{"loc":{"start":{"line":163,"column":8},"end":{"line":164,"column":52}},"type":"if","locations":[{"start":{"line":163,"column":8},"end":{"line":164,"column":52}},{"start":{},"end":{}}],"line":163},"25":{"loc":{"start":{"line":165,"column":8},"end":{"line":166,"column":48}},"type":"if","locations":[{"start":{"line":165,"column":8},"end":{"line":166,"column":48}},{"start":{},"end":{}}],"line":165},"26":{"loc":{"start":{"line":167,"column":8},"end":{"line":168,"column":56}},"type":"if","locations":[{"start":{"line":167,"column":8},"end":{"line":168,"column":56}},{"start":{},"end":{}}],"line":167},"27":{"loc":{"start":{"line":172,"column":8},"end":{"line":173,"column":25}},"type":"if","locations":[{"start":{"line":172,"column":8},"end":{"line":173,"column":25}},{"start":{},"end":{}}],"line":172},"28":{"loc":{"start":{"line":172,"column":12},"end":{"line":172,"column":46}},"type":"binary-expr","locations":[{"start":{"line":172,"column":12},"end":{"line":172,"column":27}},{"start":{"line":172,"column":31},"end":{"line":172,"column":46}}],"line":172},"29":{"loc":{"start":{"line":185,"column":8},"end":{"line":205,"column":9}},"type":"if","locations":[{"start":{"line":185,"column":8},"end":{"line":205,"column":9}},{"start":{"line":198,"column":13},"end":{"line":205,"column":9}}],"line":185},"30":{"loc":{"start":{"line":190,"column":12},"end":{"line":195,"column":13}},"type":"if","locations":[{"start":{"line":190,"column":12},"end":{"line":195,"column":13}},{"start":{"line":193,"column":17},"end":{"line":195,"column":13}}],"line":190},"31":{"loc":{"start":{"line":191,"column":35},"end":{"line":191,"column":83}},"type":"binary-expr","locations":[{"start":{"line":191,"column":35},"end":{"line":191,"column":56}},{"start":{"line":191,"column":60},"end":{"line":191,"column":83}}],"line":191},"32":{"loc":{"start":{"line":196,"column":31},"end":{"line":196,"column":71}},"type":"binary-expr","locations":[{"start":{"line":196,"column":31},"end":{"line":196,"column":54}},{"start":{"line":196,"column":58},"end":{"line":196,"column":71}}],"line":196},"33":{"loc":{"start":{"line":203,"column":31},"end":{"line":203,"column":83}},"type":"binary-expr","locations":[{"start":{"line":203,"column":31},"end":{"line":203,"column":54}},{"start":{"line":203,"column":58},"end":{"line":203,"column":83}}],"line":203},"34":{"loc":{"start":{"line":204,"column":31},"end":{"line":204,"column":73}},"type":"binary-expr","locations":[{"start":{"line":204,"column":31},"end":{"line":204,"column":56}},{"start":{"line":204,"column":60},"end":{"line":204,"column":73}}],"line":204},"35":{"loc":{"start":{"line":218,"column":8},"end":{"line":220,"column":9}},"type":"if","locations":[{"start":{"line":218,"column":8},"end":{"line":220,"column":9}},{"start":{},"end":{}}],"line":218},"36":{"loc":{"start":{"line":224,"column":8},"end":{"line":231,"column":9}},"type":"if","locations":[{"start":{"line":224,"column":8},"end":{"line":231,"column":9}},{"start":{"line":228,"column":13},"end":{"line":231,"column":9}}],"line":224},"37":{"loc":{"start":{"line":242,"column":8},"end":{"line":243,"column":48}},"type":"if","locations":[{"start":{"line":242,"column":8},"end":{"line":243,"column":48}},{"start":{},"end":{}}],"line":242},"38":{"loc":{"start":{"line":244,"column":8},"end":{"line":245,"column":41}},"type":"if","locations":[{"start":{"line":244,"column":8},"end":{"line":245,"column":41}},{"start":{},"end":{}}],"line":244},"39":{"loc":{"start":{"line":249,"column":15},"end":{"line":249,"column":67}},"type":"cond-expr","locations":[{"start":{"line":249,"column":31},"end":{"line":249,"column":48}},{"start":{"line":249,"column":51},"end":{"line":249,"column":67}}],"line":249},"40":{"loc":{"start":{"line":254,"column":8},"end":{"line":259,"column":9}},"type":"if","locations":[{"start":{"line":254,"column":8},"end":{"line":259,"column":9}},{"start":{},"end":{}}],"line":254},"41":{"loc":{"start":{"line":256,"column":23},"end":{"line":256,"column":58}},"type":"cond-expr","locations":[{"start":{"line":256,"column":39},"end":{"line":256,"column":48}},{"start":{"line":256,"column":51},"end":{"line":256,"column":58}}],"line":256},"42":{"loc":{"start":{"line":257,"column":23},"end":{"line":258,"column":52}},"type":"cond-expr","locations":[{"start":{"line":258,"column":16},"end":{"line":258,"column":33}},{"start":{"line":258,"column":36},"end":{"line":258,"column":52}}],"line":257},"43":{"loc":{"start":{"line":260,"column":8},"end":{"line":265,"column":9}},"type":"if","locations":[{"start":{"line":260,"column":8},"end":{"line":265,"column":9}},{"start":{},"end":{}}],"line":260},"44":{"loc":{"start":{"line":275,"column":8},"end":{"line":285,"column":9}},"type":"if","locations":[{"start":{"line":275,"column":8},"end":{"line":285,"column":9}},{"start":{},"end":{}}],"line":275},"45":{"loc":{"start":{"line":279,"column":23},"end":{"line":279,"column":53}},"type":"cond-expr","locations":[{"start":{"line":279,"column":28},"end":{"line":279,"column":40}},{"start":{"line":279,"column":43},"end":{"line":279,"column":53}}],"line":279},"46":{"loc":{"start":{"line":280,"column":23},"end":{"line":280,"column":62}},"type":"cond-expr","locations":[{"start":{"line":280,"column":28},"end":{"line":280,"column":44}},{"start":{"line":280,"column":47},"end":{"line":280,"column":62}}],"line":280},"47":{"loc":{"start":{"line":281,"column":12},"end":{"line":284,"column":13}},"type":"if","locations":[{"start":{"line":281,"column":12},"end":{"line":284,"column":13}},{"start":{},"end":{}}],"line":281},"48":{"loc":{"start":{"line":283,"column":27},"end":{"line":283,"column":57}},"type":"cond-expr","locations":[{"start":{"line":283,"column":32},"end":{"line":283,"column":44}},{"start":{"line":283,"column":47},"end":{"line":283,"column":57}}],"line":283},"49":{"loc":{"start":{"line":294,"column":8},"end":{"line":298,"column":9}},"type":"if","locations":[{"start":{"line":294,"column":8},"end":{"line":298,"column":9}},{"start":{},"end":{}}],"line":294},"50":{"loc":{"start":{"line":296,"column":26},"end":{"line":296,"column":50}},"type":"cond-expr","locations":[{"start":{"line":296,"column":31},"end":{"line":296,"column":40}},{"start":{"line":296,"column":43},"end":{"line":296,"column":50}}],"line":296},"51":{"loc":{"start":{"line":297,"column":26},"end":{"line":297,"column":65}},"type":"cond-expr","locations":[{"start":{"line":297,"column":31},"end":{"line":297,"column":47}},{"start":{"line":297,"column":50},"end":{"line":297,"column":65}}],"line":297},"52":{"loc":{"start":{"line":299,"column":8},"end":{"line":304,"column":9}},"type":"if","locations":[{"start":{"line":299,"column":8},"end":{"line":304,"column":9}},{"start":{"line":302,"column":13},"end":{"line":304,"column":9}}],"line":299},"53":{"loc":{"start":{"line":310,"column":12},"end":{"line":311,"column":66}},"type":"if","locations":[{"start":{"line":310,"column":12},"end":{"line":311,"column":66}},{"start":{},"end":{}}],"line":310},"54":{"loc":{"start":{"line":311,"column":40},"end":{"line":311,"column":65}},"type":"cond-expr","locations":[{"start":{"line":311,"column":45},"end":{"line":311,"column":54}},{"start":{"line":311,"column":57},"end":{"line":311,"column":65}}],"line":311},"55":{"loc":{"start":{"line":313,"column":8},"end":{"line":338,"column":13}},"type":"if","locations":[{"start":{"line":313,"column":8},"end":{"line":338,"column":13}},{"start":{},"end":{}}],"line":313},"56":{"loc":{"start":{"line":313,"column":12},"end":{"line":313,"column":42}},"type":"binary-expr","locations":[{"start":{"line":313,"column":12},"end":{"line":313,"column":24}},{"start":{"line":313,"column":28},"end":{"line":313,"column":42}}],"line":313},"57":{"loc":{"start":{"line":314,"column":12},"end":{"line":338,"column":13}},"type":"if","locations":[{"start":{"line":314,"column":12},"end":{"line":338,"column":13}},{"start":{"line":335,"column":17},"end":{"line":338,"column":13}}],"line":314},"58":{"loc":{"start":{"line":315,"column":28},"end":{"line":315,"column":62}},"type":"cond-expr","locations":[{"start":{"line":315,"column":50},"end":{"line":315,"column":55}},{"start":{"line":315,"column":58},"end":{"line":315,"column":62}}],"line":315},"59":{"loc":{"start":{"line":319,"column":16},"end":{"line":333,"column":17}},"type":"if","locations":[{"start":{"line":319,"column":16},"end":{"line":333,"column":17}},{"start":{},"end":{}}],"line":319},"60":{"loc":{"start":{"line":321,"column":20},"end":{"line":332,"column":21}},"type":"if","locations":[{"start":{"line":321,"column":20},"end":{"line":332,"column":21}},{"start":{"line":327,"column":25},"end":{"line":332,"column":21}}],"line":321},"61":{"loc":{"start":{"line":322,"column":24},"end":{"line":323,"column":52}},"type":"if","locations":[{"start":{"line":322,"column":24},"end":{"line":323,"column":52}},{"start":{},"end":{}}],"line":322},"62":{"loc":{"start":{"line":324,"column":24},"end":{"line":325,"column":53}},"type":"if","locations":[{"start":{"line":324,"column":24},"end":{"line":325,"column":53}},{"start":{},"end":{}}],"line":324},"63":{"loc":{"start":{"line":328,"column":24},"end":{"line":329,"column":52}},"type":"if","locations":[{"start":{"line":328,"column":24},"end":{"line":329,"column":52}},{"start":{},"end":{}}],"line":328},"64":{"loc":{"start":{"line":330,"column":24},"end":{"line":331,"column":53}},"type":"if","locations":[{"start":{"line":330,"column":24},"end":{"line":331,"column":53}},{"start":{},"end":{}}],"line":330},"65":{"loc":{"start":{"line":339,"column":8},"end":{"line":343,"column":9}},"type":"if","locations":[{"start":{"line":339,"column":8},"end":{"line":343,"column":9}},{"start":{},"end":{}}],"line":339},"66":{"loc":{"start":{"line":339,"column":12},"end":{"line":339,"column":41}},"type":"binary-expr","locations":[{"start":{"line":339,"column":12},"end":{"line":339,"column":23}},{"start":{"line":339,"column":27},"end":{"line":339,"column":41}}],"line":339},"67":{"loc":{"start":{"line":340,"column":27},"end":{"line":340,"column":74}},"type":"cond-expr","locations":[{"start":{"line":340,"column":62},"end":{"line":340,"column":67}},{"start":{"line":340,"column":70},"end":{"line":340,"column":74}}],"line":340},"68":{"loc":{"start":{"line":340,"column":27},"end":{"line":340,"column":59}},"type":"binary-expr","locations":[{"start":{"line":340,"column":27},"end":{"line":340,"column":43}},{"start":{"line":340,"column":47},"end":{"line":340,"column":59}}],"line":340}},"s":{"0":4,"1":4,"2":26,"3":21,"4":21,"5":7,"6":4,"7":3,"8":3,"9":3,"10":14,"11":14,"12":0,"13":0,"14":0,"15":3,"16":26,"17":26,"18":15,"19":15,"20":15,"21":14,"22":14,"23":14,"24":15,"25":15,"26":15,"27":15,"28":3,"29":3,"30":3,"31":15,"32":16,"33":3,"34":13,"35":13,"36":13,"37":13,"38":13,"39":18,"40":3,"41":15,"42":15,"43":15,"44":8,"45":2,"46":6,"47":6,"48":6,"49":6,"50":1,"51":5,"52":5,"53":5,"54":5,"55":2,"56":1,"57":1,"58":1,"59":1,"60":1,"61":1,"62":2,"63":1,"64":1,"65":1,"66":1,"67":2,"68":1,"69":1,"70":1,"71":1,"72":2,"73":1,"74":1,"75":1,"76":1,"77":4,"78":13,"79":13,"80":13,"81":18,"82":3,"83":2,"84":1,"85":1,"86":1,"87":1,"88":1,"89":2,"90":0,"91":2,"92":2,"93":2,"94":2,"95":0,"96":2,"97":2,"98":2,"99":2,"100":0,"101":2,"102":2,"103":2,"104":18,"105":18,"106":18,"107":18,"108":18,"109":18,"110":5,"111":18,"112":3,"113":18,"114":18,"115":0,"116":18,"117":18,"118":18,"119":18,"120":18,"121":18,"122":18,"123":18,"124":18,"125":1,"126":1,"127":1,"128":1,"129":1,"130":0,"131":1,"132":1,"133":17,"134":17,"135":17,"136":17,"137":17,"138":17,"139":18,"140":18,"141":47,"142":47,"143":0,"144":6,"145":0,"146":0,"147":6,"148":6,"149":52,"150":52,"151":52,"152":52,"153":47,"154":47,"155":4,"156":47,"157":4,"158":47,"159":26,"160":36,"161":36,"162":36,"163":23,"164":23,"165":23,"166":36,"167":18,"168":18,"169":18,"170":18,"171":18,"172":18,"173":18,"174":18,"175":18,"176":18,"177":18,"178":18,"179":18,"180":18,"181":18,"182":5,"183":5,"184":5,"185":5,"186":5,"187":5,"188":3,"189":3,"190":3,"191":5,"192":0,"193":5,"194":5,"195":18,"196":18,"197":77,"198":62,"199":18,"200":18,"201":5,"202":5,"203":5,"204":5,"205":5,"206":5,"207":5,"208":0,"209":0,"210":0,"211":0,"212":5,"213":5,"214":5,"215":5,"216":13,"217":13,"218":18,"219":18,"220":18,"221":18,"222":4},"f":{"0":26,"1":21,"2":15,"3":14,"4":15,"5":16,"6":18,"7":8,"8":6,"9":2,"10":2,"11":2,"12":2,"13":4,"14":13,"15":18,"16":3,"17":2,"18":2,"19":2,"20":2,"21":18,"22":18,"23":47,"24":6,"25":52,"26":47,"27":26,"28":36,"29":18,"30":5,"31":18,"32":77},"b":{"0":[7,14],"1":[4,3],"2":[14,0],"3":[3,12],"4":[15,0],"5":[3,12],"6":[3,0],"7":[3,13],"8":[16,3],"9":[3,15],"10":[2,6],"11":[1,5],"12":[1,1],"13":[2,1],"14":[1,1],"15":[1,1],"16":[1,1],"17":[2,2],"18":[4,3],"19":[1,1],"20":[0,1],"21":[0,2],"22":[0,2],"23":[0,2],"24":[18,0],"25":[5,13],"26":[3,15],"27":[0,18],"28":[18,0],"29":[1,17],"30":[0,1],"31":[0,0],"32":[1,0],"33":[17,0],"34":[17,0],"35":[47,0],"36":[0,6],"37":[4,43],"38":[4,43],"39":[1,25],"40":[23,13],"41":[1,22],"42":[1,22],"43":[18,18],"44":[18,0],"45":[1,17],"46":[1,17],"47":[18,0],"48":[1,17],"49":[3,2],"50":[0,3],"51":[0,3],"52":[0,5],"53":[62,15],"54":[29,33],"55":[18,0],"56":[18,18],"57":[5,13],"58":[5,0],"59":[5,0],"60":[0,5],"61":[0,0],"62":[0,0],"63":[5,0],"64":[5,0],"65":[18,0],"66":[18,18],"67":[18,0],"68":[18,18]},"inputSourceMap":null,"_coverageSchema":"1a1c01bbd47fc00a2c39e90264f33305004495a9","hash":"be1e1251595822c130fdc85aac4ea6f6847c76b7"}
}
