{"E:\\OSPanel\\domains\\MetaLamp_four_task\\src\\plugins\\range-slider-fox\\observer.ts": {"path":"E:\\OSPanel\\domains\\MetaLamp_four_task\\src\\plugins\\range-slider-fox\\observer.ts","statementMap":{"0":{"start":{"line":2,"column":15},"end":{"line":12,"column":1}},"1":{"start":{"line":3,"column":12},"end":{"line":3,"column":59}},"2":{"start":{"line":3,"column":65},"end":{"line":3,"column":74}},"3":{"start":{"line":3,"column":80},"end":{"line":3,"column":81}},"4":{"start":{"line":4,"column":4},"end":{"line":4,"column":28}},"5":{"start":{"line":4,"column":11},"end":{"line":4,"column":28}},"6":{"start":{"line":5,"column":4},"end":{"line":10,"column":6}},"7":{"start":{"line":5,"column":43},"end":{"line":10,"column":6}},"8":{"start":{"line":7,"column":12},"end":{"line":7,"column":47}},"9":{"start":{"line":7,"column":36},"end":{"line":7,"column":47}},"10":{"start":{"line":8,"column":12},"end":{"line":8,"column":52}},"11":{"start":{"line":11,"column":4},"end":{"line":11,"column":91}},"12":{"start":{"line":13,"column":0},"end":{"line":13,"column":62}},"13":{"start":{"line":14,"column":0},"end":{"line":14,"column":26}},"14":{"start":{"line":15,"column":30},"end":{"line":47,"column":3}},"15":{"start":{"line":17,"column":8},"end":{"line":17,"column":28}},"16":{"start":{"line":19,"column":4},"end":{"line":25,"column":6}},"17":{"start":{"line":20,"column":8},"end":{"line":23,"column":9}},"18":{"start":{"line":21,"column":12},"end":{"line":21,"column":42}},"19":{"start":{"line":22,"column":12},"end":{"line":22,"column":41}},"20":{"start":{"line":24,"column":8},"end":{"line":24,"column":21}},"21":{"start":{"line":26,"column":4},"end":{"line":29,"column":6}},"22":{"start":{"line":27,"column":8},"end":{"line":27,"column":94}},"23":{"start":{"line":27,"column":65},"end":{"line":27,"column":90}},"24":{"start":{"line":28,"column":8},"end":{"line":28,"column":37}},"25":{"start":{"line":30,"column":4},"end":{"line":45,"column":6}},"26":{"start":{"line":32,"column":8},"end":{"line":44,"column":9}},"27":{"start":{"line":33,"column":12},"end":{"line":36,"column":13}},"28":{"start":{"line":33,"column":26},"end":{"line":33,"column":50}},"29":{"start":{"line":33,"column":57},"end":{"line":33,"column":66}},"30":{"start":{"line":34,"column":27},"end":{"line":34,"column":35}},"31":{"start":{"line":35,"column":16},"end":{"line":35,"column":30}},"32":{"start":{"line":38,"column":24},"end":{"line":38,"column":47}},"33":{"start":{"line":40,"column":12},"end":{"line":43,"column":49}},"34":{"start":{"line":41,"column":16},"end":{"line":41,"column":68}},"35":{"start":{"line":41,"column":56},"end":{"line":41,"column":68}},"36":{"start":{"line":43,"column":22},"end":{"line":43,"column":47}},"37":{"start":{"line":43,"column":31},"end":{"line":43,"column":47}},"38":{"start":{"line":46,"column":4},"end":{"line":46,"column":20}},"39":{"start":{"line":48,"column":0},"end":{"line":48,"column":28}}},"fnMap":{"0":{"name":"(anonymous_0)","decl":{"start":{"line":2,"column":42},"end":{"line":2,"column":43}},"loc":{"start":{"line":2,"column":54},"end":{"line":12,"column":1}},"line":2},"1":{"name":"(anonymous_1)","decl":{"start":{"line":6,"column":14},"end":{"line":6,"column":15}},"loc":{"start":{"line":6,"column":26},"end":{"line":9,"column":9}},"line":6},"2":{"name":"(anonymous_2)","decl":{"start":{"line":15,"column":30},"end":{"line":15,"column":31}},"loc":{"start":{"line":15,"column":42},"end":{"line":47,"column":1}},"line":15},"3":{"name":"Observer","decl":{"start":{"line":16,"column":13},"end":{"line":16,"column":21}},"loc":{"start":{"line":16,"column":24},"end":{"line":18,"column":5}},"line":16},"4":{"name":"(anonymous_4)","decl":{"start":{"line":19,"column":37},"end":{"line":19,"column":38}},"loc":{"start":{"line":19,"column":57},"end":{"line":25,"column":5}},"line":19},"5":{"name":"(anonymous_5)","decl":{"start":{"line":26,"column":39},"end":{"line":26,"column":40}},"loc":{"start":{"line":26,"column":59},"end":{"line":29,"column":5}},"line":26},"6":{"name":"(anonymous_6)","decl":{"start":{"line":27,"column":47},"end":{"line":27,"column":48}},"loc":{"start":{"line":27,"column":63},"end":{"line":27,"column":92}},"line":27},"7":{"name":"(anonymous_7)","decl":{"start":{"line":30,"column":34},"end":{"line":30,"column":35}},"loc":{"start":{"line":30,"column":53},"end":{"line":45,"column":5}},"line":30}},"branchMap":{"0":{"loc":{"start":{"line":2,"column":15},"end":{"line":12,"column":1}},"type":"binary-expr","locations":[{"start":{"line":2,"column":16},"end":{"line":2,"column":20}},{"start":{"line":2,"column":24},"end":{"line":2,"column":37}},{"start":{"line":2,"column":42},"end":{"line":12,"column":1}}],"line":2},"1":{"loc":{"start":{"line":3,"column":12},"end":{"line":3,"column":59}},"type":"binary-expr","locations":[{"start":{"line":3,"column":12},"end":{"line":3,"column":40}},{"start":{"line":3,"column":44},"end":{"line":3,"column":59}}],"line":3},"2":{"loc":{"start":{"line":3,"column":65},"end":{"line":3,"column":74}},"type":"binary-expr","locations":[{"start":{"line":3,"column":65},"end":{"line":3,"column":66}},{"start":{"line":3,"column":70},"end":{"line":3,"column":74}}],"line":3},"3":{"loc":{"start":{"line":4,"column":4},"end":{"line":4,"column":28}},"type":"if","locations":[{"start":{"line":4,"column":4},"end":{"line":4,"column":28}},{"start":{},"end":{}}],"line":4},"4":{"loc":{"start":{"line":5,"column":4},"end":{"line":10,"column":6}},"type":"if","locations":[{"start":{"line":5,"column":4},"end":{"line":10,"column":6}},{"start":{},"end":{}}],"line":5},"5":{"loc":{"start":{"line":5,"column":8},"end":{"line":5,"column":41}},"type":"binary-expr","locations":[{"start":{"line":5,"column":8},"end":{"line":5,"column":9}},{"start":{"line":5,"column":13},"end":{"line":5,"column":41}}],"line":5},"6":{"loc":{"start":{"line":7,"column":12},"end":{"line":7,"column":47}},"type":"if","locations":[{"start":{"line":7,"column":12},"end":{"line":7,"column":47}},{"start":{},"end":{}}],"line":7},"7":{"loc":{"start":{"line":7,"column":16},"end":{"line":7,"column":34}},"type":"binary-expr","locations":[{"start":{"line":7,"column":16},"end":{"line":7,"column":17}},{"start":{"line":7,"column":21},"end":{"line":7,"column":34}}],"line":7},"8":{"loc":{"start":{"line":8,"column":28},"end":{"line":8,"column":39}},"type":"binary-expr","locations":[{"start":{"line":8,"column":28},"end":{"line":8,"column":29}},{"start":{"line":8,"column":33},"end":{"line":8,"column":39}}],"line":8},"9":{"loc":{"start":{"line":11,"column":24},"end":{"line":11,"column":89}},"type":"cond-expr","locations":[{"start":{"line":11,"column":28},"end":{"line":11,"column":53}},{"start":{"line":11,"column":56},"end":{"line":11,"column":89}}],"line":11},"10":{"loc":{"start":{"line":20,"column":8},"end":{"line":23,"column":9}},"type":"if","locations":[{"start":{"line":20,"column":8},"end":{"line":23,"column":9}},{"start":{},"end":{}}],"line":20},"11":{"loc":{"start":{"line":41,"column":16},"end":{"line":41,"column":68}},"type":"if","locations":[{"start":{"line":41,"column":16},"end":{"line":41,"column":68}},{"start":{},"end":{}}],"line":41},"12":{"loc":{"start":{"line":41,"column":20},"end":{"line":41,"column":54}},"type":"binary-expr","locations":[{"start":{"line":41,"column":20},"end":{"line":41,"column":22}},{"start":{"line":41,"column":26},"end":{"line":41,"column":34}},{"start":{"line":41,"column":39},"end":{"line":41,"column":53}}],"line":41},"13":{"loc":{"start":{"line":43,"column":22},"end":{"line":43,"column":47}},"type":"if","locations":[{"start":{"line":43,"column":22},"end":{"line":43,"column":47}},{"start":{},"end":{}}],"line":43}},"s":{"0":4,"1":136,"2":136,"3":136,"4":136,"5":136,"6":0,"7":0,"8":0,"9":0,"10":0,"11":0,"12":4,"13":4,"14":4,"15":26,"16":4,"17":99,"18":98,"19":98,"20":1,"21":4,"22":2,"23":3,"24":2,"25":4,"26":136,"27":136,"28":136,"29":136,"30":983,"31":983,"32":0,"33":136,"34":136,"35":0,"36":136,"37":0,"38":4,"39":4},"f":{"0":136,"1":0,"2":4,"3":26,"4":99,"5":2,"6":3,"7":136},"b":{"0":[4,4,4],"1":[136,136],"2":[136,136],"3":[136,0],"4":[0,0],"5":[0,0],"6":[0,0],"7":[0,0],"8":[0,0],"9":[0,0],"10":[98,1],"11":[0,136],"12":[136,136,0],"13":[0,136]},"inputSourceMap":null,"_coverageSchema":"1a1c01bbd47fc00a2c39e90264f33305004495a9","hash":"13e8219bf133683c3fc7f9f1e10a4e68d25fe18b"}
,"E:\\OSPanel\\domains\\MetaLamp_four_task\\src\\plugins\\range-slider-fox\\range-slider-fox.ts": {"path":"E:\\OSPanel\\domains\\MetaLamp_four_task\\src\\plugins\\range-slider-fox\\range-slider-fox.ts","statementMap":{"0":{"start":{"line":2,"column":0},"end":{"line":2,"column":62}},"1":{"start":{"line":3,"column":0},"end":{"line":3,"column":20}},"2":{"start":{"line":4,"column":19},"end":{"line":4,"column":57}},"3":{"start":{"line":5,"column":0},"end":{"line":11,"column":2}},"4":{"start":{"line":6,"column":4},"end":{"line":10,"column":7}},"5":{"start":{"line":7,"column":8},"end":{"line":9,"column":9}},"6":{"start":{"line":8,"column":12},"end":{"line":8,"column":133}},"7":{"start":{"line":12,"column":9},"end":{"line":12,"column":10}},"8":{"start":{"line":13,"column":0},"end":{"line":13,"column":16}}},"fnMap":{"0":{"name":"(anonymous_0)","decl":{"start":{"line":5,"column":22},"end":{"line":5,"column":23}},"loc":{"start":{"line":5,"column":41},"end":{"line":11,"column":1}},"line":5},"1":{"name":"(anonymous_1)","decl":{"start":{"line":6,"column":21},"end":{"line":6,"column":22}},"loc":{"start":{"line":6,"column":38},"end":{"line":10,"column":5}},"line":6}},"branchMap":{"0":{"loc":{"start":{"line":7,"column":8},"end":{"line":9,"column":9}},"type":"if","locations":[{"start":{"line":7,"column":8},"end":{"line":9,"column":9}},{"start":{},"end":{}}],"line":7}},"s":{"0":2,"1":2,"2":2,"3":2,"4":4,"5":4,"6":4,"7":2,"8":2},"f":{"0":4,"1":4},"b":{"0":[4,0]},"inputSourceMap":null,"_coverageSchema":"1a1c01bbd47fc00a2c39e90264f33305004495a9","hash":"58e54d99c7fd80e2011d42af166f32e92bdf1701"}
,"E:\\OSPanel\\domains\\MetaLamp_four_task\\src\\plugins\\range-slider-fox\\mvc\\controller\\controller.ts": {"path":"E:\\OSPanel\\domains\\MetaLamp_four_task\\src\\plugins\\range-slider-fox\\mvc\\controller\\controller.ts","statementMap":{"0":{"start":{"line":2,"column":16},"end":{"line":10,"column":1}},"1":{"start":{"line":3,"column":28},"end":{"line":3,"column":110}},"2":{"start":{"line":3,"column":91},"end":{"line":3,"column":106}},"3":{"start":{"line":4,"column":4},"end":{"line":9,"column":7}},"4":{"start":{"line":5,"column":36},"end":{"line":5,"column":97}},"5":{"start":{"line":5,"column":42},"end":{"line":5,"column":70}},"6":{"start":{"line":5,"column":85},"end":{"line":5,"column":95}},"7":{"start":{"line":6,"column":35},"end":{"line":6,"column":100}},"8":{"start":{"line":6,"column":41},"end":{"line":6,"column":73}},"9":{"start":{"line":6,"column":88},"end":{"line":6,"column":98}},"10":{"start":{"line":7,"column":32},"end":{"line":7,"column":116}},"11":{"start":{"line":8,"column":8},"end":{"line":8,"column":78}},"12":{"start":{"line":11,"column":18},"end":{"line":37,"column":1}},"13":{"start":{"line":12,"column":12},"end":{"line":12,"column":104}},"14":{"start":{"line":12,"column":43},"end":{"line":12,"column":68}},"15":{"start":{"line":12,"column":57},"end":{"line":12,"column":68}},"16":{"start":{"line":12,"column":69},"end":{"line":12,"column":81}},"17":{"start":{"line":13,"column":4},"end":{"line":13,"column":157}},"18":{"start":{"line":13,"column":138},"end":{"line":13,"column":150}},"19":{"start":{"line":14,"column":23},"end":{"line":14,"column":68}},"20":{"start":{"line":14,"column":45},"end":{"line":14,"column":65}},"21":{"start":{"line":16,"column":8},"end":{"line":16,"column":70}},"22":{"start":{"line":16,"column":15},"end":{"line":16,"column":70}},"23":{"start":{"line":17,"column":8},"end":{"line":34,"column":66}},"24":{"start":{"line":17,"column":18},"end":{"line":34,"column":66}},"25":{"start":{"line":18,"column":12},"end":{"line":18,"column":169}},"26":{"start":{"line":18,"column":160},"end":{"line":18,"column":169}},"27":{"start":{"line":19,"column":12},"end":{"line":19,"column":52}},"28":{"start":{"line":19,"column":26},"end":{"line":19,"column":52}},"29":{"start":{"line":20,"column":12},"end":{"line":32,"column":13}},"30":{"start":{"line":21,"column":32},"end":{"line":21,"column":39}},"31":{"start":{"line":21,"column":40},"end":{"line":21,"column":46}},"32":{"start":{"line":22,"column":24},"end":{"line":22,"column":34}},"33":{"start":{"line":22,"column":35},"end":{"line":22,"column":72}},"34":{"start":{"line":23,"column":24},"end":{"line":23,"column":34}},"35":{"start":{"line":23,"column":35},"end":{"line":23,"column":45}},"36":{"start":{"line":23,"column":46},"end":{"line":23,"column":55}},"37":{"start":{"line":23,"column":56},"end":{"line":23,"column":65}},"38":{"start":{"line":24,"column":24},"end":{"line":24,"column":41}},"39":{"start":{"line":24,"column":42},"end":{"line":24,"column":55}},"40":{"start":{"line":24,"column":56},"end":{"line":24,"column":65}},"41":{"start":{"line":26,"column":20},"end":{"line":26,"column":128}},"42":{"start":{"line":26,"column":110},"end":{"line":26,"column":116}},"43":{"start":{"line":26,"column":117},"end":{"line":26,"column":126}},"44":{"start":{"line":27,"column":20},"end":{"line":27,"column":106}},"45":{"start":{"line":27,"column":81},"end":{"line":27,"column":97}},"46":{"start":{"line":27,"column":98},"end":{"line":27,"column":104}},"47":{"start":{"line":28,"column":20},"end":{"line":28,"column":89}},"48":{"start":{"line":28,"column":57},"end":{"line":28,"column":72}},"49":{"start":{"line":28,"column":73},"end":{"line":28,"column":80}},"50":{"start":{"line":28,"column":81},"end":{"line":28,"column":87}},"51":{"start":{"line":29,"column":20},"end":{"line":29,"column":87}},"52":{"start":{"line":29,"column":47},"end":{"line":29,"column":62}},"53":{"start":{"line":29,"column":63},"end":{"line":29,"column":78}},"54":{"start":{"line":29,"column":79},"end":{"line":29,"column":85}},"55":{"start":{"line":30,"column":20},"end":{"line":30,"column":42}},"56":{"start":{"line":30,"column":30},"end":{"line":30,"column":42}},"57":{"start":{"line":31,"column":20},"end":{"line":31,"column":33}},"58":{"start":{"line":31,"column":34},"end":{"line":31,"column":43}},"59":{"start":{"line":33,"column":12},"end":{"line":33,"column":39}},"60":{"start":{"line":34,"column":22},"end":{"line":34,"column":34}},"61":{"start":{"line":34,"column":35},"end":{"line":34,"column":41}},"62":{"start":{"line":34,"column":54},"end":{"line":34,"column":64}},"63":{"start":{"line":35,"column":8},"end":{"line":35,"column":35}},"64":{"start":{"line":35,"column":23},"end":{"line":35,"column":35}},"65":{"start":{"line":35,"column":36},"end":{"line":35,"column":89}},"66":{"start":{"line":38,"column":15},"end":{"line":48,"column":1}},"67":{"start":{"line":39,"column":12},"end":{"line":39,"column":59}},"68":{"start":{"line":39,"column":65},"end":{"line":39,"column":74}},"69":{"start":{"line":39,"column":80},"end":{"line":39,"column":81}},"70":{"start":{"line":40,"column":4},"end":{"line":40,"column":28}},"71":{"start":{"line":40,"column":11},"end":{"line":40,"column":28}},"72":{"start":{"line":41,"column":4},"end":{"line":46,"column":6}},"73":{"start":{"line":41,"column":43},"end":{"line":46,"column":6}},"74":{"start":{"line":43,"column":12},"end":{"line":43,"column":47}},"75":{"start":{"line":43,"column":36},"end":{"line":43,"column":47}},"76":{"start":{"line":44,"column":12},"end":{"line":44,"column":52}},"77":{"start":{"line":47,"column":4},"end":{"line":47,"column":91}},"78":{"start":{"line":49,"column":0},"end":{"line":49,"column":62}},"79":{"start":{"line":50,"column":0},"end":{"line":50,"column":59}},"80":{"start":{"line":51,"column":14},"end":{"line":51,"column":39}},"81":{"start":{"line":52,"column":0},"end":{"line":52,"column":106}},"82":{"start":{"line":52,"column":79},"end":{"line":52,"column":100}},"83":{"start":{"line":53,"column":13},"end":{"line":53,"column":36}},"84":{"start":{"line":54,"column":0},"end":{"line":54,"column":103}},"85":{"start":{"line":54,"column":78},"end":{"line":54,"column":97}},"86":{"start":{"line":55,"column":32},"end":{"line":438,"column":3}},"87":{"start":{"line":57,"column":20},"end":{"line":57,"column":24}},"88":{"start":{"line":58,"column":8},"end":{"line":58,"column":29}},"89":{"start":{"line":59,"column":8},"end":{"line":59,"column":29}},"90":{"start":{"line":60,"column":8},"end":{"line":60,"column":26}},"91":{"start":{"line":61,"column":8},"end":{"line":61,"column":39}},"92":{"start":{"line":62,"column":8},"end":{"line":80,"column":14}},"93":{"start":{"line":62,"column":35},"end":{"line":80,"column":11}},"94":{"start":{"line":64,"column":12},"end":{"line":79,"column":15}},"95":{"start":{"line":65,"column":16},"end":{"line":78,"column":17}},"96":{"start":{"line":67,"column":24},"end":{"line":68,"column":57}},"97":{"start":{"line":68,"column":28},"end":{"line":68,"column":57}},"98":{"start":{"line":69,"column":24},"end":{"line":69,"column":34}},"99":{"start":{"line":70,"column":24},"end":{"line":70,"column":51}},"100":{"start":{"line":72,"column":24},"end":{"line":72,"column":47}},"101":{"start":{"line":73,"column":24},"end":{"line":73,"column":65}},"102":{"start":{"line":75,"column":24},"end":{"line":75,"column":34}},"103":{"start":{"line":76,"column":24},"end":{"line":76,"column":45}},"104":{"start":{"line":77,"column":24},"end":{"line":77,"column":52}},"105":{"start":{"line":81,"column":8},"end":{"line":89,"column":10}},"106":{"start":{"line":82,"column":23},"end":{"line":82,"column":49}},"107":{"start":{"line":83,"column":30},"end":{"line":83,"column":69}},"108":{"start":{"line":84,"column":12},"end":{"line":86,"column":33}},"109":{"start":{"line":85,"column":16},"end":{"line":86,"column":33}},"110":{"start":{"line":86,"column":20},"end":{"line":86,"column":33}},"111":{"start":{"line":87,"column":12},"end":{"line":87,"column":40}},"112":{"start":{"line":88,"column":12},"end":{"line":88,"column":24}},"113":{"start":{"line":90,"column":8},"end":{"line":108,"column":14}},"114":{"start":{"line":90,"column":48},"end":{"line":108,"column":11}},"115":{"start":{"line":92,"column":12},"end":{"line":107,"column":15}},"116":{"start":{"line":93,"column":16},"end":{"line":106,"column":17}},"117":{"start":{"line":95,"column":24},"end":{"line":95,"column":42}},"118":{"start":{"line":96,"column":24},"end":{"line":97,"column":57}},"119":{"start":{"line":97,"column":28},"end":{"line":97,"column":57}},"120":{"start":{"line":98,"column":24},"end":{"line":98,"column":70}},"121":{"start":{"line":100,"column":24},"end":{"line":100,"column":34}},"122":{"start":{"line":101,"column":24},"end":{"line":101,"column":61}},"123":{"start":{"line":103,"column":24},"end":{"line":103,"column":34}},"124":{"start":{"line":104,"column":24},"end":{"line":104,"column":44}},"125":{"start":{"line":105,"column":24},"end":{"line":105,"column":52}},"126":{"start":{"line":109,"column":8},"end":{"line":119,"column":10}},"127":{"start":{"line":110,"column":22},"end":{"line":110,"column":33}},"128":{"start":{"line":111,"column":12},"end":{"line":112,"column":29}},"129":{"start":{"line":112,"column":16},"end":{"line":112,"column":29}},"130":{"start":{"line":113,"column":12},"end":{"line":115,"column":14}},"131":{"start":{"line":114,"column":16},"end":{"line":114,"column":38}},"132":{"start":{"line":116,"column":12},"end":{"line":117,"column":32}},"133":{"start":{"line":117,"column":16},"end":{"line":117,"column":32}},"134":{"start":{"line":118,"column":12},"end":{"line":118,"column":24}},"135":{"start":{"line":120,"column":8},"end":{"line":136,"column":10}},"136":{"start":{"line":121,"column":22},"end":{"line":121,"column":33}},"137":{"start":{"line":122,"column":12},"end":{"line":123,"column":29}},"138":{"start":{"line":123,"column":16},"end":{"line":123,"column":29}},"139":{"start":{"line":124,"column":12},"end":{"line":124,"column":41}},"140":{"start":{"line":125,"column":25},"end":{"line":125,"column":56}},"141":{"start":{"line":126,"column":12},"end":{"line":127,"column":69}},"142":{"start":{"line":127,"column":16},"end":{"line":127,"column":69}},"143":{"start":{"line":128,"column":22},"end":{"line":128,"column":46}},"144":{"start":{"line":129,"column":12},"end":{"line":133,"column":13}},"145":{"start":{"line":130,"column":16},"end":{"line":130,"column":40}},"146":{"start":{"line":131,"column":16},"end":{"line":131,"column":41}},"147":{"start":{"line":132,"column":16},"end":{"line":132,"column":43}},"148":{"start":{"line":134,"column":12},"end":{"line":134,"column":35}},"149":{"start":{"line":135,"column":12},"end":{"line":135,"column":24}},"150":{"start":{"line":137,"column":8},"end":{"line":143,"column":10}},"151":{"start":{"line":138,"column":22},"end":{"line":138,"column":33}},"152":{"start":{"line":139,"column":12},"end":{"line":140,"column":29}},"153":{"start":{"line":140,"column":16},"end":{"line":140,"column":29}},"154":{"start":{"line":141,"column":12},"end":{"line":141,"column":35}},"155":{"start":{"line":142,"column":12},"end":{"line":142,"column":24}},"156":{"start":{"line":144,"column":8},"end":{"line":152,"column":10}},"157":{"start":{"line":145,"column":22},"end":{"line":145,"column":33}},"158":{"start":{"line":146,"column":12},"end":{"line":147,"column":29}},"159":{"start":{"line":147,"column":16},"end":{"line":147,"column":29}},"160":{"start":{"line":148,"column":12},"end":{"line":149,"column":29}},"161":{"start":{"line":149,"column":16},"end":{"line":149,"column":29}},"162":{"start":{"line":150,"column":12},"end":{"line":150,"column":85}},"163":{"start":{"line":151,"column":12},"end":{"line":151,"column":24}},"164":{"start":{"line":153,"column":8},"end":{"line":181,"column":10}},"165":{"start":{"line":154,"column":22},"end":{"line":154,"column":33}},"166":{"start":{"line":155,"column":12},"end":{"line":156,"column":29}},"167":{"start":{"line":156,"column":16},"end":{"line":156,"column":29}},"168":{"start":{"line":157,"column":23},"end":{"line":157,"column":35}},"169":{"start":{"line":158,"column":25},"end":{"line":158,"column":56}},"170":{"start":{"line":159,"column":12},"end":{"line":159,"column":43}},"171":{"start":{"line":160,"column":23},"end":{"line":160,"column":56}},"172":{"start":{"line":161,"column":12},"end":{"line":161,"column":40}},"173":{"start":{"line":162,"column":12},"end":{"line":165,"column":13}},"174":{"start":{"line":163,"column":25},"end":{"line":163,"column":56}},"175":{"start":{"line":164,"column":16},"end":{"line":164,"column":40}},"176":{"start":{"line":166,"column":12},"end":{"line":166,"column":43}},"177":{"start":{"line":168,"column":12},"end":{"line":169,"column":51}},"178":{"start":{"line":169,"column":16},"end":{"line":169,"column":51}},"179":{"start":{"line":170,"column":12},"end":{"line":172,"column":13}},"180":{"start":{"line":171,"column":16},"end":{"line":171,"column":74}},"181":{"start":{"line":174,"column":12},"end":{"line":177,"column":13}},"182":{"start":{"line":175,"column":31},"end":{"line":175,"column":60}},"183":{"start":{"line":176,"column":16},"end":{"line":176,"column":68}},"184":{"start":{"line":179,"column":12},"end":{"line":179,"column":77}},"185":{"start":{"line":180,"column":12},"end":{"line":180,"column":24}},"186":{"start":{"line":182,"column":8},"end":{"line":196,"column":10}},"187":{"start":{"line":183,"column":22},"end":{"line":183,"column":33}},"188":{"start":{"line":184,"column":12},"end":{"line":185,"column":29}},"189":{"start":{"line":185,"column":16},"end":{"line":185,"column":29}},"190":{"start":{"line":186,"column":12},"end":{"line":187,"column":29}},"191":{"start":{"line":187,"column":16},"end":{"line":187,"column":29}},"192":{"start":{"line":188,"column":12},"end":{"line":194,"column":15}},"193":{"start":{"line":195,"column":12},"end":{"line":195,"column":24}},"194":{"start":{"line":197,"column":8},"end":{"line":203,"column":10}},"195":{"start":{"line":198,"column":22},"end":{"line":198,"column":33}},"196":{"start":{"line":199,"column":12},"end":{"line":200,"column":29}},"197":{"start":{"line":200,"column":16},"end":{"line":200,"column":29}},"198":{"start":{"line":201,"column":12},"end":{"line":201,"column":34}},"199":{"start":{"line":202,"column":12},"end":{"line":202,"column":24}},"200":{"start":{"line":204,"column":8},"end":{"line":217,"column":10}},"201":{"start":{"line":205,"column":22},"end":{"line":205,"column":33}},"202":{"start":{"line":206,"column":12},"end":{"line":207,"column":29}},"203":{"start":{"line":207,"column":16},"end":{"line":207,"column":29}},"204":{"start":{"line":208,"column":25},"end":{"line":208,"column":56}},"205":{"start":{"line":209,"column":12},"end":{"line":215,"column":13}},"206":{"start":{"line":210,"column":16},"end":{"line":210,"column":40}},"207":{"start":{"line":211,"column":16},"end":{"line":214,"column":17}},"208":{"start":{"line":212,"column":20},"end":{"line":212,"column":45}},"209":{"start":{"line":213,"column":20},"end":{"line":213,"column":47}},"210":{"start":{"line":216,"column":12},"end":{"line":216,"column":24}},"211":{"start":{"line":218,"column":8},"end":{"line":242,"column":14}},"212":{"start":{"line":218,"column":58},"end":{"line":242,"column":11}},"213":{"start":{"line":220,"column":12},"end":{"line":241,"column":15}},"214":{"start":{"line":221,"column":16},"end":{"line":240,"column":17}},"215":{"start":{"line":223,"column":24},"end":{"line":223,"column":42}},"216":{"start":{"line":224,"column":24},"end":{"line":225,"column":57}},"217":{"start":{"line":225,"column":28},"end":{"line":225,"column":57}},"218":{"start":{"line":226,"column":24},"end":{"line":226,"column":92}},"219":{"start":{"line":228,"column":24},"end":{"line":228,"column":34}},"220":{"start":{"line":229,"column":24},"end":{"line":229,"column":70}},"221":{"start":{"line":231,"column":24},"end":{"line":231,"column":40}},"222":{"start":{"line":232,"column":24},"end":{"line":232,"column":69}},"223":{"start":{"line":234,"column":24},"end":{"line":238,"column":25}},"224":{"start":{"line":235,"column":28},"end":{"line":235,"column":51}},"225":{"start":{"line":236,"column":28},"end":{"line":236,"column":52}},"226":{"start":{"line":237,"column":28},"end":{"line":237,"column":54}},"227":{"start":{"line":239,"column":24},"end":{"line":239,"column":52}},"228":{"start":{"line":243,"column":8},"end":{"line":249,"column":10}},"229":{"start":{"line":244,"column":22},"end":{"line":244,"column":33}},"230":{"start":{"line":245,"column":12},"end":{"line":246,"column":29}},"231":{"start":{"line":246,"column":16},"end":{"line":246,"column":29}},"232":{"start":{"line":247,"column":12},"end":{"line":247,"column":47}},"233":{"start":{"line":248,"column":12},"end":{"line":248,"column":24}},"234":{"start":{"line":250,"column":8},"end":{"line":261,"column":10}},"235":{"start":{"line":251,"column":22},"end":{"line":251,"column":33}},"236":{"start":{"line":252,"column":12},"end":{"line":253,"column":29}},"237":{"start":{"line":253,"column":16},"end":{"line":253,"column":29}},"238":{"start":{"line":254,"column":25},"end":{"line":254,"column":47}},"239":{"start":{"line":255,"column":12},"end":{"line":255,"column":42}},"240":{"start":{"line":256,"column":12},"end":{"line":256,"column":45}},"241":{"start":{"line":257,"column":25},"end":{"line":257,"column":56}},"242":{"start":{"line":258,"column":12},"end":{"line":259,"column":74}},"243":{"start":{"line":259,"column":16},"end":{"line":259,"column":74}},"244":{"start":{"line":260,"column":12},"end":{"line":260,"column":24}},"245":{"start":{"line":262,"column":8},"end":{"line":269,"column":10}},"246":{"start":{"line":263,"column":22},"end":{"line":263,"column":33}},"247":{"start":{"line":264,"column":12},"end":{"line":265,"column":29}},"248":{"start":{"line":265,"column":16},"end":{"line":265,"column":29}},"249":{"start":{"line":266,"column":12},"end":{"line":266,"column":42}},"250":{"start":{"line":267,"column":12},"end":{"line":267,"column":61}},"251":{"start":{"line":268,"column":12},"end":{"line":268,"column":24}},"252":{"start":{"line":270,"column":8},"end":{"line":278,"column":10}},"253":{"start":{"line":271,"column":22},"end":{"line":271,"column":33}},"254":{"start":{"line":272,"column":12},"end":{"line":273,"column":29}},"255":{"start":{"line":273,"column":16},"end":{"line":273,"column":29}},"256":{"start":{"line":274,"column":12},"end":{"line":275,"column":29}},"257":{"start":{"line":275,"column":16},"end":{"line":275,"column":29}},"258":{"start":{"line":276,"column":12},"end":{"line":276,"column":52}},"259":{"start":{"line":277,"column":12},"end":{"line":277,"column":24}},"260":{"start":{"line":279,"column":8},"end":{"line":285,"column":10}},"261":{"start":{"line":280,"column":22},"end":{"line":280,"column":33}},"262":{"start":{"line":281,"column":12},"end":{"line":282,"column":29}},"263":{"start":{"line":282,"column":16},"end":{"line":282,"column":29}},"264":{"start":{"line":283,"column":12},"end":{"line":283,"column":50}},"265":{"start":{"line":284,"column":12},"end":{"line":284,"column":24}},"266":{"start":{"line":286,"column":8},"end":{"line":294,"column":10}},"267":{"start":{"line":287,"column":22},"end":{"line":287,"column":33}},"268":{"start":{"line":288,"column":12},"end":{"line":289,"column":29}},"269":{"start":{"line":289,"column":16},"end":{"line":289,"column":29}},"270":{"start":{"line":290,"column":12},"end":{"line":290,"column":50}},"271":{"start":{"line":291,"column":27},"end":{"line":291,"column":56}},"272":{"start":{"line":292,"column":12},"end":{"line":292,"column":64}},"273":{"start":{"line":293,"column":12},"end":{"line":293,"column":24}},"274":{"start":{"line":295,"column":8},"end":{"line":303,"column":10}},"275":{"start":{"line":296,"column":22},"end":{"line":296,"column":33}},"276":{"start":{"line":297,"column":12},"end":{"line":298,"column":29}},"277":{"start":{"line":298,"column":16},"end":{"line":298,"column":29}},"278":{"start":{"line":299,"column":12},"end":{"line":300,"column":29}},"279":{"start":{"line":300,"column":16},"end":{"line":300,"column":29}},"280":{"start":{"line":301,"column":12},"end":{"line":301,"column":51}},"281":{"start":{"line":302,"column":12},"end":{"line":302,"column":24}},"282":{"start":{"line":304,"column":8},"end":{"line":310,"column":10}},"283":{"start":{"line":305,"column":22},"end":{"line":305,"column":33}},"284":{"start":{"line":306,"column":12},"end":{"line":307,"column":29}},"285":{"start":{"line":307,"column":16},"end":{"line":307,"column":29}},"286":{"start":{"line":308,"column":12},"end":{"line":308,"column":51}},"287":{"start":{"line":309,"column":12},"end":{"line":309,"column":24}},"288":{"start":{"line":311,"column":8},"end":{"line":319,"column":10}},"289":{"start":{"line":312,"column":22},"end":{"line":312,"column":33}},"290":{"start":{"line":313,"column":12},"end":{"line":314,"column":29}},"291":{"start":{"line":314,"column":16},"end":{"line":314,"column":29}},"292":{"start":{"line":315,"column":12},"end":{"line":316,"column":29}},"293":{"start":{"line":316,"column":16},"end":{"line":316,"column":29}},"294":{"start":{"line":317,"column":12},"end":{"line":317,"column":50}},"295":{"start":{"line":318,"column":12},"end":{"line":318,"column":24}},"296":{"start":{"line":320,"column":8},"end":{"line":326,"column":10}},"297":{"start":{"line":321,"column":22},"end":{"line":321,"column":33}},"298":{"start":{"line":322,"column":12},"end":{"line":323,"column":29}},"299":{"start":{"line":323,"column":16},"end":{"line":323,"column":29}},"300":{"start":{"line":324,"column":12},"end":{"line":324,"column":50}},"301":{"start":{"line":325,"column":12},"end":{"line":325,"column":24}},"302":{"start":{"line":327,"column":8},"end":{"line":327,"column":27}},"303":{"start":{"line":328,"column":8},"end":{"line":328,"column":25}},"304":{"start":{"line":329,"column":8},"end":{"line":329,"column":20}},"305":{"start":{"line":331,"column":4},"end":{"line":348,"column":6}},"306":{"start":{"line":332,"column":8},"end":{"line":347,"column":11}},"307":{"start":{"line":333,"column":12},"end":{"line":346,"column":15}},"308":{"start":{"line":334,"column":16},"end":{"line":345,"column":17}},"309":{"start":{"line":335,"column":28},"end":{"line":335,"column":73}},"310":{"start":{"line":337,"column":24},"end":{"line":337,"column":34}},"311":{"start":{"line":338,"column":24},"end":{"line":338,"column":67}},"312":{"start":{"line":340,"column":24},"end":{"line":340,"column":34}},"313":{"start":{"line":341,"column":24},"end":{"line":341,"column":68}},"314":{"start":{"line":343,"column":24},"end":{"line":343,"column":34}},"315":{"start":{"line":344,"column":24},"end":{"line":344,"column":46}},"316":{"start":{"line":349,"column":4},"end":{"line":391,"column":6}},"317":{"start":{"line":350,"column":24},"end":{"line":365,"column":9}},"318":{"start":{"line":352,"column":12},"end":{"line":364,"column":13}},"319":{"start":{"line":353,"column":16},"end":{"line":356,"column":17}},"320":{"start":{"line":353,"column":35},"end":{"line":353,"column":50}},"321":{"start":{"line":353,"column":64},"end":{"line":353,"column":78}},"322":{"start":{"line":354,"column":31},"end":{"line":354,"column":46}},"323":{"start":{"line":355,"column":20},"end":{"line":355,"column":46}},"324":{"start":{"line":358,"column":28},"end":{"line":358,"column":51}},"325":{"start":{"line":360,"column":16},"end":{"line":363,"column":53}},"326":{"start":{"line":361,"column":20},"end":{"line":361,"column":96}},"327":{"start":{"line":361,"column":79},"end":{"line":361,"column":96}},"328":{"start":{"line":363,"column":26},"end":{"line":363,"column":51}},"329":{"start":{"line":363,"column":35},"end":{"line":363,"column":51}},"330":{"start":{"line":366,"column":21},"end":{"line":379,"column":9}},"331":{"start":{"line":380,"column":8},"end":{"line":380,"column":38}},"332":{"start":{"line":381,"column":20},"end":{"line":389,"column":9}},"333":{"start":{"line":390,"column":8},"end":{"line":390,"column":36}},"334":{"start":{"line":392,"column":4},"end":{"line":436,"column":6}},"335":{"start":{"line":393,"column":8},"end":{"line":435,"column":11}},"336":{"start":{"line":395,"column":12},"end":{"line":434,"column":15}},"337":{"start":{"line":396,"column":16},"end":{"line":433,"column":17}},"338":{"start":{"line":397,"column":28},"end":{"line":397,"column":91}},"339":{"start":{"line":399,"column":24},"end":{"line":399,"column":34}},"340":{"start":{"line":400,"column":24},"end":{"line":400,"column":96}},"341":{"start":{"line":402,"column":24},"end":{"line":402,"column":43}},"342":{"start":{"line":403,"column":24},"end":{"line":403,"column":86}},"343":{"start":{"line":403,"column":61},"end":{"line":403,"column":86}},"344":{"start":{"line":404,"column":24},"end":{"line":404,"column":92}},"345":{"start":{"line":406,"column":24},"end":{"line":406,"column":43}},"346":{"start":{"line":407,"column":24},"end":{"line":407,"column":33}},"347":{"start":{"line":408,"column":24},"end":{"line":408,"column":37}},"348":{"start":{"line":409,"column":24},"end":{"line":409,"column":73}},"349":{"start":{"line":409,"column":49},"end":{"line":409,"column":73}},"350":{"start":{"line":410,"column":24},"end":{"line":410,"column":88}},"351":{"start":{"line":412,"column":24},"end":{"line":412,"column":41}},"352":{"start":{"line":413,"column":24},"end":{"line":413,"column":96}},"353":{"start":{"line":415,"column":24},"end":{"line":415,"column":45}},"354":{"start":{"line":416,"column":24},"end":{"line":416,"column":48}},"355":{"start":{"line":417,"column":28},"end":{"line":417,"column":74}},"356":{"start":{"line":419,"column":24},"end":{"line":419,"column":34}},"357":{"start":{"line":420,"column":24},"end":{"line":420,"column":37}},"358":{"start":{"line":421,"column":28},"end":{"line":425,"column":28}},"359":{"start":{"line":427,"column":24},"end":{"line":427,"column":34}},"360":{"start":{"line":428,"column":24},"end":{"line":428,"column":38}},"361":{"start":{"line":429,"column":29},"end":{"line":429,"column":79}},"362":{"start":{"line":431,"column":24},"end":{"line":431,"column":34}},"363":{"start":{"line":432,"column":24},"end":{"line":432,"column":46}},"364":{"start":{"line":437,"column":4},"end":{"line":437,"column":22}},"365":{"start":{"line":439,"column":0},"end":{"line":439,"column":32}}},"fnMap":{"0":{"name":"(anonymous_0)","decl":{"start":{"line":2,"column":44},"end":{"line":2,"column":45}},"loc":{"start":{"line":2,"column":89},"end":{"line":10,"column":1}},"line":2},"1":{"name":"adopt","decl":{"start":{"line":3,"column":13},"end":{"line":3,"column":18}},"loc":{"start":{"line":3,"column":26},"end":{"line":3,"column":112}},"line":3},"2":{"name":"(anonymous_2)","decl":{"start":{"line":3,"column":70},"end":{"line":3,"column":71}},"loc":{"start":{"line":3,"column":89},"end":{"line":3,"column":108}},"line":3},"3":{"name":"(anonymous_3)","decl":{"start":{"line":4,"column":36},"end":{"line":4,"column":37}},"loc":{"start":{"line":4,"column":63},"end":{"line":9,"column":5}},"line":4},"4":{"name":"fulfilled","decl":{"start":{"line":5,"column":17},"end":{"line":5,"column":26}},"loc":{"start":{"line":5,"column":34},"end":{"line":5,"column":99}},"line":5},"5":{"name":"rejected","decl":{"start":{"line":6,"column":17},"end":{"line":6,"column":25}},"loc":{"start":{"line":6,"column":33},"end":{"line":6,"column":102}},"line":6},"6":{"name":"step","decl":{"start":{"line":7,"column":17},"end":{"line":7,"column":21}},"loc":{"start":{"line":7,"column":30},"end":{"line":7,"column":118}},"line":7},"7":{"name":"(anonymous_7)","decl":{"start":{"line":11,"column":48},"end":{"line":11,"column":49}},"loc":{"start":{"line":11,"column":73},"end":{"line":37,"column":1}},"line":11},"8":{"name":"(anonymous_8)","decl":{"start":{"line":12,"column":30},"end":{"line":12,"column":31}},"loc":{"start":{"line":12,"column":41},"end":{"line":12,"column":83}},"line":12},"9":{"name":"(anonymous_9)","decl":{"start":{"line":13,"column":125},"end":{"line":13,"column":126}},"loc":{"start":{"line":13,"column":136},"end":{"line":13,"column":152}},"line":13},"10":{"name":"verb","decl":{"start":{"line":14,"column":13},"end":{"line":14,"column":17}},"loc":{"start":{"line":14,"column":21},"end":{"line":14,"column":70}},"line":14},"11":{"name":"(anonymous_11)","decl":{"start":{"line":14,"column":30},"end":{"line":14,"column":31}},"loc":{"start":{"line":14,"column":43},"end":{"line":14,"column":67}},"line":14},"12":{"name":"step","decl":{"start":{"line":15,"column":13},"end":{"line":15,"column":17}},"loc":{"start":{"line":15,"column":22},"end":{"line":36,"column":5}},"line":15},"13":{"name":"(anonymous_13)","decl":{"start":{"line":38,"column":42},"end":{"line":38,"column":43}},"loc":{"start":{"line":38,"column":54},"end":{"line":48,"column":1}},"line":38},"14":{"name":"(anonymous_14)","decl":{"start":{"line":42,"column":14},"end":{"line":42,"column":15}},"loc":{"start":{"line":42,"column":26},"end":{"line":45,"column":9}},"line":42},"15":{"name":"(anonymous_15)","decl":{"start":{"line":52,"column":65},"end":{"line":52,"column":66}},"loc":{"start":{"line":52,"column":77},"end":{"line":52,"column":102}},"line":52},"16":{"name":"(anonymous_16)","decl":{"start":{"line":54,"column":64},"end":{"line":54,"column":65}},"loc":{"start":{"line":54,"column":76},"end":{"line":54,"column":99}},"line":54},"17":{"name":"(anonymous_17)","decl":{"start":{"line":55,"column":32},"end":{"line":55,"column":33}},"loc":{"start":{"line":55,"column":44},"end":{"line":438,"column":1}},"line":55},"18":{"name":"Controller","decl":{"start":{"line":56,"column":13},"end":{"line":56,"column":23}},"loc":{"start":{"line":56,"column":37},"end":{"line":330,"column":5}},"line":56},"19":{"name":"(anonymous_19)","decl":{"start":{"line":61,"column":23},"end":{"line":61,"column":24}},"loc":{"start":{"line":61,"column":35},"end":{"line":61,"column":38}},"line":61},"20":{"name":"(anonymous_20)","decl":{"start":{"line":62,"column":21},"end":{"line":62,"column":22}},"loc":{"start":{"line":62,"column":33},"end":{"line":80,"column":13}},"line":62},"21":{"name":"(anonymous_21)","decl":{"start":{"line":62,"column":75},"end":{"line":62,"column":76}},"loc":{"start":{"line":62,"column":87},"end":{"line":80,"column":9}},"line":62},"22":{"name":"(anonymous_22)","decl":{"start":{"line":64,"column":37},"end":{"line":64,"column":38}},"loc":{"start":{"line":64,"column":51},"end":{"line":79,"column":13}},"line":64},"23":{"name":"(anonymous_23)","decl":{"start":{"line":81,"column":22},"end":{"line":81,"column":23}},"loc":{"start":{"line":81,"column":41},"end":{"line":89,"column":9}},"line":81},"24":{"name":"(anonymous_24)","decl":{"start":{"line":90,"column":27},"end":{"line":90,"column":28}},"loc":{"start":{"line":90,"column":46},"end":{"line":108,"column":13}},"line":90},"25":{"name":"(anonymous_25)","decl":{"start":{"line":90,"column":88},"end":{"line":90,"column":89}},"loc":{"start":{"line":90,"column":100},"end":{"line":108,"column":9}},"line":90},"26":{"name":"(anonymous_26)","decl":{"start":{"line":92,"column":37},"end":{"line":92,"column":38}},"loc":{"start":{"line":92,"column":51},"end":{"line":107,"column":13}},"line":92},"27":{"name":"(anonymous_27)","decl":{"start":{"line":109,"column":36},"end":{"line":109,"column":37}},"loc":{"start":{"line":109,"column":55},"end":{"line":119,"column":9}},"line":109},"28":{"name":"(anonymous_28)","decl":{"start":{"line":113,"column":28},"end":{"line":113,"column":29}},"loc":{"start":{"line":113,"column":40},"end":{"line":115,"column":13}},"line":113},"29":{"name":"(anonymous_29)","decl":{"start":{"line":120,"column":31},"end":{"line":120,"column":32}},"loc":{"start":{"line":120,"column":50},"end":{"line":136,"column":9}},"line":120},"30":{"name":"(anonymous_30)","decl":{"start":{"line":137,"column":26},"end":{"line":137,"column":27}},"loc":{"start":{"line":137,"column":45},"end":{"line":143,"column":9}},"line":137},"31":{"name":"(anonymous_31)","decl":{"start":{"line":144,"column":32},"end":{"line":144,"column":33}},"loc":{"start":{"line":144,"column":51},"end":{"line":152,"column":9}},"line":144},"32":{"name":"(anonymous_32)","decl":{"start":{"line":153,"column":29},"end":{"line":153,"column":30}},"loc":{"start":{"line":153,"column":48},"end":{"line":181,"column":9}},"line":153},"33":{"name":"(anonymous_33)","decl":{"start":{"line":182,"column":29},"end":{"line":182,"column":30}},"loc":{"start":{"line":182,"column":48},"end":{"line":196,"column":9}},"line":182},"34":{"name":"(anonymous_34)","decl":{"start":{"line":197,"column":34},"end":{"line":197,"column":35}},"loc":{"start":{"line":197,"column":53},"end":{"line":203,"column":9}},"line":197},"35":{"name":"(anonymous_35)","decl":{"start":{"line":204,"column":30},"end":{"line":204,"column":31}},"loc":{"start":{"line":204,"column":49},"end":{"line":217,"column":9}},"line":204},"36":{"name":"(anonymous_36)","decl":{"start":{"line":218,"column":37},"end":{"line":218,"column":38}},"loc":{"start":{"line":218,"column":56},"end":{"line":242,"column":13}},"line":218},"37":{"name":"(anonymous_37)","decl":{"start":{"line":218,"column":98},"end":{"line":218,"column":99}},"loc":{"start":{"line":218,"column":110},"end":{"line":242,"column":9}},"line":218},"38":{"name":"(anonymous_38)","decl":{"start":{"line":220,"column":37},"end":{"line":220,"column":38}},"loc":{"start":{"line":220,"column":51},"end":{"line":241,"column":13}},"line":220},"39":{"name":"(anonymous_39)","decl":{"start":{"line":243,"column":31},"end":{"line":243,"column":32}},"loc":{"start":{"line":243,"column":50},"end":{"line":249,"column":9}},"line":243},"40":{"name":"(anonymous_40)","decl":{"start":{"line":250,"column":31},"end":{"line":250,"column":32}},"loc":{"start":{"line":250,"column":50},"end":{"line":261,"column":9}},"line":250},"41":{"name":"(anonymous_41)","decl":{"start":{"line":262,"column":34},"end":{"line":262,"column":35}},"loc":{"start":{"line":262,"column":53},"end":{"line":269,"column":9}},"line":262},"42":{"name":"(anonymous_42)","decl":{"start":{"line":270,"column":31},"end":{"line":270,"column":32}},"loc":{"start":{"line":270,"column":50},"end":{"line":278,"column":9}},"line":270},"43":{"name":"(anonymous_43)","decl":{"start":{"line":279,"column":30},"end":{"line":279,"column":31}},"loc":{"start":{"line":279,"column":49},"end":{"line":285,"column":9}},"line":279},"44":{"name":"(anonymous_44)","decl":{"start":{"line":286,"column":29},"end":{"line":286,"column":30}},"loc":{"start":{"line":286,"column":48},"end":{"line":294,"column":9}},"line":286},"45":{"name":"(anonymous_45)","decl":{"start":{"line":295,"column":30},"end":{"line":295,"column":31}},"loc":{"start":{"line":295,"column":49},"end":{"line":303,"column":9}},"line":295},"46":{"name":"(anonymous_46)","decl":{"start":{"line":304,"column":32},"end":{"line":304,"column":33}},"loc":{"start":{"line":304,"column":51},"end":{"line":310,"column":9}},"line":304},"47":{"name":"(anonymous_47)","decl":{"start":{"line":311,"column":31},"end":{"line":311,"column":32}},"loc":{"start":{"line":311,"column":50},"end":{"line":319,"column":9}},"line":311},"48":{"name":"(anonymous_48)","decl":{"start":{"line":320,"column":29},"end":{"line":320,"column":30}},"loc":{"start":{"line":320,"column":48},"end":{"line":326,"column":9}},"line":320},"49":{"name":"(anonymous_49)","decl":{"start":{"line":331,"column":32},"end":{"line":331,"column":33}},"loc":{"start":{"line":331,"column":44},"end":{"line":348,"column":5}},"line":331},"50":{"name":"(anonymous_50)","decl":{"start":{"line":332,"column":47},"end":{"line":332,"column":48}},"loc":{"start":{"line":332,"column":59},"end":{"line":347,"column":9}},"line":332},"51":{"name":"(anonymous_51)","decl":{"start":{"line":333,"column":37},"end":{"line":333,"column":38}},"loc":{"start":{"line":333,"column":51},"end":{"line":346,"column":13}},"line":333},"52":{"name":"(anonymous_52)","decl":{"start":{"line":349,"column":43},"end":{"line":349,"column":44}},"loc":{"start":{"line":349,"column":55},"end":{"line":391,"column":5}},"line":349},"53":{"name":"(anonymous_53)","decl":{"start":{"line":350,"column":24},"end":{"line":350,"column":25}},"loc":{"start":{"line":350,"column":50},"end":{"line":365,"column":9}},"line":350},"54":{"name":"(anonymous_54)","decl":{"start":{"line":392,"column":39},"end":{"line":392,"column":40}},"loc":{"start":{"line":392,"column":65},"end":{"line":436,"column":5}},"line":392},"55":{"name":"(anonymous_55)","decl":{"start":{"line":393,"column":47},"end":{"line":393,"column":48}},"loc":{"start":{"line":393,"column":59},"end":{"line":435,"column":9}},"line":393},"56":{"name":"(anonymous_56)","decl":{"start":{"line":395,"column":37},"end":{"line":395,"column":38}},"loc":{"start":{"line":395,"column":51},"end":{"line":434,"column":13}},"line":395}},"branchMap":{"0":{"loc":{"start":{"line":2,"column":16},"end":{"line":10,"column":1}},"type":"binary-expr","locations":[{"start":{"line":2,"column":17},"end":{"line":2,"column":21}},{"start":{"line":2,"column":25},"end":{"line":2,"column":39}},{"start":{"line":2,"column":44},"end":{"line":10,"column":1}}],"line":2},"1":{"loc":{"start":{"line":3,"column":35},"end":{"line":3,"column":109}},"type":"cond-expr","locations":[{"start":{"line":3,"column":56},"end":{"line":3,"column":61}},{"start":{"line":3,"column":64},"end":{"line":3,"column":109}}],"line":3},"2":{"loc":{"start":{"line":4,"column":16},"end":{"line":4,"column":34}},"type":"binary-expr","locations":[{"start":{"line":4,"column":16},"end":{"line":4,"column":17}},{"start":{"line":4,"column":22},"end":{"line":4,"column":33}}],"line":4},"3":{"loc":{"start":{"line":7,"column":32},"end":{"line":7,"column":115}},"type":"cond-expr","locations":[{"start":{"line":7,"column":46},"end":{"line":7,"column":67}},{"start":{"line":7,"column":70},"end":{"line":7,"column":115}}],"line":7},"4":{"loc":{"start":{"line":8,"column":51},"end":{"line":8,"column":67}},"type":"binary-expr","locations":[{"start":{"line":8,"column":51},"end":{"line":8,"column":61}},{"start":{"line":8,"column":65},"end":{"line":8,"column":67}}],"line":8},"5":{"loc":{"start":{"line":11,"column":18},"end":{"line":37,"column":1}},"type":"binary-expr","locations":[{"start":{"line":11,"column":19},"end":{"line":11,"column":23}},{"start":{"line":11,"column":27},"end":{"line":11,"column":43}},{"start":{"line":11,"column":48},"end":{"line":37,"column":1}}],"line":11},"6":{"loc":{"start":{"line":12,"column":43},"end":{"line":12,"column":68}},"type":"if","locations":[{"start":{"line":12,"column":43},"end":{"line":12,"column":68}},{"start":{},"end":{}}],"line":12},"7":{"loc":{"start":{"line":13,"column":71},"end":{"line":13,"column":153}},"type":"binary-expr","locations":[{"start":{"line":13,"column":71},"end":{"line":13,"column":99}},{"start":{"line":13,"column":104},"end":{"line":13,"column":152}}],"line":13},"8":{"loc":{"start":{"line":16,"column":8},"end":{"line":16,"column":70}},"type":"if","locations":[{"start":{"line":16,"column":8},"end":{"line":16,"column":70}},{"start":{},"end":{}}],"line":16},"9":{"loc":{"start":{"line":18,"column":12},"end":{"line":18,"column":169}},"type":"if","locations":[{"start":{"line":18,"column":12},"end":{"line":18,"column":169}},{"start":{},"end":{}}],"line":18},"10":{"loc":{"start":{"line":18,"column":23},"end":{"line":18,"column":158}},"type":"binary-expr","locations":[{"start":{"line":18,"column":23},"end":{"line":18,"column":24}},{"start":{"line":18,"column":29},"end":{"line":18,"column":125}},{"start":{"line":18,"column":130},"end":{"line":18,"column":158}}],"line":18},"11":{"loc":{"start":{"line":18,"column":33},"end":{"line":18,"column":125}},"type":"cond-expr","locations":[{"start":{"line":18,"column":45},"end":{"line":18,"column":56}},{"start":{"line":18,"column":59},"end":{"line":18,"column":125}}],"line":18},"12":{"loc":{"start":{"line":18,"column":59},"end":{"line":18,"column":125}},"type":"cond-expr","locations":[{"start":{"line":18,"column":67},"end":{"line":18,"column":116}},{"start":{"line":18,"column":119},"end":{"line":18,"column":125}}],"line":18},"13":{"loc":{"start":{"line":18,"column":67},"end":{"line":18,"column":116}},"type":"binary-expr","locations":[{"start":{"line":18,"column":67},"end":{"line":18,"column":77}},{"start":{"line":18,"column":82},"end":{"line":18,"column":115}}],"line":18},"14":{"loc":{"start":{"line":18,"column":82},"end":{"line":18,"column":112}},"type":"binary-expr","locations":[{"start":{"line":18,"column":83},"end":{"line":18,"column":98}},{"start":{"line":18,"column":103},"end":{"line":18,"column":112}}],"line":18},"15":{"loc":{"start":{"line":19,"column":12},"end":{"line":19,"column":52}},"type":"if","locations":[{"start":{"line":19,"column":12},"end":{"line":19,"column":52}},{"start":{},"end":{}}],"line":19},"16":{"loc":{"start":{"line":20,"column":12},"end":{"line":32,"column":13}},"type":"switch","locations":[{"start":{"line":21,"column":16},"end":{"line":21,"column":23}},{"start":{"line":21,"column":24},"end":{"line":21,"column":46}},{"start":{"line":22,"column":16},"end":{"line":22,"column":72}},{"start":{"line":23,"column":16},"end":{"line":23,"column":65}},{"start":{"line":24,"column":16},"end":{"line":24,"column":65}},{"start":{"line":25,"column":16},"end":{"line":31,"column":43}}],"line":20},"17":{"loc":{"start":{"line":26,"column":20},"end":{"line":26,"column":128}},"type":"if","locations":[{"start":{"line":26,"column":20},"end":{"line":26,"column":128}},{"start":{},"end":{}}],"line":26},"18":{"loc":{"start":{"line":26,"column":24},"end":{"line":26,"column":106}},"type":"binary-expr","locations":[{"start":{"line":26,"column":24},"end":{"line":26,"column":74}},{"start":{"line":26,"column":79},"end":{"line":26,"column":90}},{"start":{"line":26,"column":94},"end":{"line":26,"column":105}}],"line":26},"19":{"loc":{"start":{"line":26,"column":42},"end":{"line":26,"column":73}},"type":"binary-expr","locations":[{"start":{"line":26,"column":42},"end":{"line":26,"column":54}},{"start":{"line":26,"column":58},"end":{"line":26,"column":73}}],"line":26},"20":{"loc":{"start":{"line":27,"column":20},"end":{"line":27,"column":106}},"type":"if","locations":[{"start":{"line":27,"column":20},"end":{"line":27,"column":106}},{"start":{},"end":{}}],"line":27},"21":{"loc":{"start":{"line":27,"column":24},"end":{"line":27,"column":77}},"type":"binary-expr","locations":[{"start":{"line":27,"column":24},"end":{"line":27,"column":35}},{"start":{"line":27,"column":40},"end":{"line":27,"column":42}},{"start":{"line":27,"column":47},"end":{"line":27,"column":59}},{"start":{"line":27,"column":63},"end":{"line":27,"column":75}}],"line":27},"22":{"loc":{"start":{"line":28,"column":20},"end":{"line":28,"column":89}},"type":"if","locations":[{"start":{"line":28,"column":20},"end":{"line":28,"column":89}},{"start":{},"end":{}}],"line":28},"23":{"loc":{"start":{"line":28,"column":24},"end":{"line":28,"column":53}},"type":"binary-expr","locations":[{"start":{"line":28,"column":24},"end":{"line":28,"column":35}},{"start":{"line":28,"column":39},"end":{"line":28,"column":53}}],"line":28},"24":{"loc":{"start":{"line":29,"column":20},"end":{"line":29,"column":87}},"type":"if","locations":[{"start":{"line":29,"column":20},"end":{"line":29,"column":87}},{"start":{},"end":{}}],"line":29},"25":{"loc":{"start":{"line":29,"column":24},"end":{"line":29,"column":43}},"type":"binary-expr","locations":[{"start":{"line":29,"column":24},"end":{"line":29,"column":25}},{"start":{"line":29,"column":29},"end":{"line":29,"column":43}}],"line":29},"26":{"loc":{"start":{"line":30,"column":20},"end":{"line":30,"column":42}},"type":"if","locations":[{"start":{"line":30,"column":20},"end":{"line":30,"column":42}},{"start":{},"end":{}}],"line":30},"27":{"loc":{"start":{"line":35,"column":8},"end":{"line":35,"column":35}},"type":"if","locations":[{"start":{"line":35,"column":8},"end":{"line":35,"column":35}},{"start":{},"end":{}}],"line":35},"28":{"loc":{"start":{"line":35,"column":52},"end":{"line":35,"column":74}},"type":"cond-expr","locations":[{"start":{"line":35,"column":60},"end":{"line":35,"column":65}},{"start":{"line":35,"column":68},"end":{"line":35,"column":74}}],"line":35},"29":{"loc":{"start":{"line":38,"column":15},"end":{"line":48,"column":1}},"type":"binary-expr","locations":[{"start":{"line":38,"column":16},"end":{"line":38,"column":20}},{"start":{"line":38,"column":24},"end":{"line":38,"column":37}},{"start":{"line":38,"column":42},"end":{"line":48,"column":1}}],"line":38},"30":{"loc":{"start":{"line":39,"column":12},"end":{"line":39,"column":59}},"type":"binary-expr","locations":[{"start":{"line":39,"column":12},"end":{"line":39,"column":40}},{"start":{"line":39,"column":44},"end":{"line":39,"column":59}}],"line":39},"31":{"loc":{"start":{"line":39,"column":65},"end":{"line":39,"column":74}},"type":"binary-expr","locations":[{"start":{"line":39,"column":65},"end":{"line":39,"column":66}},{"start":{"line":39,"column":70},"end":{"line":39,"column":74}}],"line":39},"32":{"loc":{"start":{"line":40,"column":4},"end":{"line":40,"column":28}},"type":"if","locations":[{"start":{"line":40,"column":4},"end":{"line":40,"column":28}},{"start":{},"end":{}}],"line":40},"33":{"loc":{"start":{"line":41,"column":4},"end":{"line":46,"column":6}},"type":"if","locations":[{"start":{"line":41,"column":4},"end":{"line":46,"column":6}},{"start":{},"end":{}}],"line":41},"34":{"loc":{"start":{"line":41,"column":8},"end":{"line":41,"column":41}},"type":"binary-expr","locations":[{"start":{"line":41,"column":8},"end":{"line":41,"column":9}},{"start":{"line":41,"column":13},"end":{"line":41,"column":41}}],"line":41},"35":{"loc":{"start":{"line":43,"column":12},"end":{"line":43,"column":47}},"type":"if","locations":[{"start":{"line":43,"column":12},"end":{"line":43,"column":47}},{"start":{},"end":{}}],"line":43},"36":{"loc":{"start":{"line":43,"column":16},"end":{"line":43,"column":34}},"type":"binary-expr","locations":[{"start":{"line":43,"column":16},"end":{"line":43,"column":17}},{"start":{"line":43,"column":21},"end":{"line":43,"column":34}}],"line":43},"37":{"loc":{"start":{"line":44,"column":28},"end":{"line":44,"column":39}},"type":"binary-expr","locations":[{"start":{"line":44,"column":28},"end":{"line":44,"column":29}},{"start":{"line":44,"column":33},"end":{"line":44,"column":39}}],"line":44},"38":{"loc":{"start":{"line":47,"column":24},"end":{"line":47,"column":89}},"type":"cond-expr","locations":[{"start":{"line":47,"column":28},"end":{"line":47,"column":53}},{"start":{"line":47,"column":56},"end":{"line":47,"column":89}}],"line":47},"39":{"loc":{"start":{"line":65,"column":16},"end":{"line":78,"column":17}},"type":"switch","locations":[{"start":{"line":66,"column":20},"end":{"line":70,"column":51}},{"start":{"line":71,"column":20},"end":{"line":73,"column":65}},{"start":{"line":74,"column":20},"end":{"line":77,"column":52}}],"line":65},"40":{"loc":{"start":{"line":67,"column":24},"end":{"line":68,"column":57}},"type":"if","locations":[{"start":{"line":67,"column":24},"end":{"line":68,"column":57}},{"start":{},"end":{}}],"line":67},"41":{"loc":{"start":{"line":84,"column":12},"end":{"line":86,"column":33}},"type":"if","locations":[{"start":{"line":84,"column":12},"end":{"line":86,"column":33}},{"start":{},"end":{}}],"line":84},"42":{"loc":{"start":{"line":84,"column":16},"end":{"line":84,"column":35}},"type":"binary-expr","locations":[{"start":{"line":84,"column":16},"end":{"line":84,"column":20}},{"start":{"line":84,"column":24},"end":{"line":84,"column":35}}],"line":84},"43":{"loc":{"start":{"line":85,"column":16},"end":{"line":86,"column":33}},"type":"if","locations":[{"start":{"line":85,"column":16},"end":{"line":86,"column":33}},{"start":{},"end":{}}],"line":85},"44":{"loc":{"start":{"line":93,"column":16},"end":{"line":106,"column":17}},"type":"switch","locations":[{"start":{"line":94,"column":20},"end":{"line":98,"column":70}},{"start":{"line":99,"column":20},"end":{"line":101,"column":61}},{"start":{"line":102,"column":20},"end":{"line":105,"column":52}}],"line":93},"45":{"loc":{"start":{"line":96,"column":24},"end":{"line":97,"column":57}},"type":"if","locations":[{"start":{"line":96,"column":24},"end":{"line":97,"column":57}},{"start":{},"end":{}}],"line":96},"46":{"loc":{"start":{"line":111,"column":12},"end":{"line":112,"column":29}},"type":"if","locations":[{"start":{"line":111,"column":12},"end":{"line":112,"column":29}},{"start":{},"end":{}}],"line":111},"47":{"loc":{"start":{"line":116,"column":12},"end":{"line":117,"column":32}},"type":"if","locations":[{"start":{"line":116,"column":12},"end":{"line":117,"column":32}},{"start":{},"end":{}}],"line":116},"48":{"loc":{"start":{"line":122,"column":12},"end":{"line":123,"column":29}},"type":"if","locations":[{"start":{"line":122,"column":12},"end":{"line":123,"column":29}},{"start":{},"end":{}}],"line":122},"49":{"loc":{"start":{"line":125,"column":25},"end":{"line":125,"column":56}},"type":"binary-expr","locations":[{"start":{"line":125,"column":25},"end":{"line":125,"column":38}},{"start":{"line":125,"column":42},"end":{"line":125,"column":56}}],"line":125},"50":{"loc":{"start":{"line":126,"column":12},"end":{"line":127,"column":69}},"type":"if","locations":[{"start":{"line":126,"column":12},"end":{"line":127,"column":69}},{"start":{},"end":{}}],"line":126},"51":{"loc":{"start":{"line":129,"column":12},"end":{"line":133,"column":13}},"type":"if","locations":[{"start":{"line":129,"column":12},"end":{"line":133,"column":13}},{"start":{},"end":{}}],"line":129},"52":{"loc":{"start":{"line":129,"column":16},"end":{"line":129,"column":34}},"type":"binary-expr","locations":[{"start":{"line":129,"column":16},"end":{"line":129,"column":24}},{"start":{"line":129,"column":28},"end":{"line":129,"column":34}}],"line":129},"53":{"loc":{"start":{"line":139,"column":12},"end":{"line":140,"column":29}},"type":"if","locations":[{"start":{"line":139,"column":12},"end":{"line":140,"column":29}},{"start":{},"end":{}}],"line":139},"54":{"loc":{"start":{"line":146,"column":12},"end":{"line":147,"column":29}},"type":"if","locations":[{"start":{"line":146,"column":12},"end":{"line":147,"column":29}},{"start":{},"end":{}}],"line":146},"55":{"loc":{"start":{"line":148,"column":12},"end":{"line":149,"column":29}},"type":"if","locations":[{"start":{"line":148,"column":12},"end":{"line":149,"column":29}},{"start":{},"end":{}}],"line":148},"56":{"loc":{"start":{"line":155,"column":12},"end":{"line":156,"column":29}},"type":"if","locations":[{"start":{"line":155,"column":12},"end":{"line":156,"column":29}},{"start":{},"end":{}}],"line":155},"57":{"loc":{"start":{"line":158,"column":25},"end":{"line":158,"column":56}},"type":"binary-expr","locations":[{"start":{"line":158,"column":25},"end":{"line":158,"column":38}},{"start":{"line":158,"column":42},"end":{"line":158,"column":56}}],"line":158},"58":{"loc":{"start":{"line":162,"column":12},"end":{"line":165,"column":13}},"type":"if","locations":[{"start":{"line":162,"column":12},"end":{"line":165,"column":13}},{"start":{},"end":{}}],"line":162},"59":{"loc":{"start":{"line":168,"column":12},"end":{"line":169,"column":51}},"type":"if","locations":[{"start":{"line":168,"column":12},"end":{"line":169,"column":51}},{"start":{},"end":{}}],"line":168},"60":{"loc":{"start":{"line":168,"column":16},"end":{"line":168,"column":42}},"type":"binary-expr","locations":[{"start":{"line":168,"column":16},"end":{"line":168,"column":32}},{"start":{"line":168,"column":36},"end":{"line":168,"column":42}}],"line":168},"61":{"loc":{"start":{"line":170,"column":12},"end":{"line":172,"column":13}},"type":"if","locations":[{"start":{"line":170,"column":12},"end":{"line":172,"column":13}},{"start":{},"end":{}}],"line":170},"62":{"loc":{"start":{"line":174,"column":12},"end":{"line":177,"column":13}},"type":"if","locations":[{"start":{"line":174,"column":12},"end":{"line":177,"column":13}},{"start":{},"end":{}}],"line":174},"63":{"loc":{"start":{"line":184,"column":12},"end":{"line":185,"column":29}},"type":"if","locations":[{"start":{"line":184,"column":12},"end":{"line":185,"column":29}},{"start":{},"end":{}}],"line":184},"64":{"loc":{"start":{"line":186,"column":12},"end":{"line":187,"column":29}},"type":"if","locations":[{"start":{"line":186,"column":12},"end":{"line":187,"column":29}},{"start":{},"end":{}}],"line":186},"65":{"loc":{"start":{"line":199,"column":12},"end":{"line":200,"column":29}},"type":"if","locations":[{"start":{"line":199,"column":12},"end":{"line":200,"column":29}},{"start":{},"end":{}}],"line":199},"66":{"loc":{"start":{"line":206,"column":12},"end":{"line":207,"column":29}},"type":"if","locations":[{"start":{"line":206,"column":12},"end":{"line":207,"column":29}},{"start":{},"end":{}}],"line":206},"67":{"loc":{"start":{"line":208,"column":25},"end":{"line":208,"column":56}},"type":"binary-expr","locations":[{"start":{"line":208,"column":25},"end":{"line":208,"column":38}},{"start":{"line":208,"column":42},"end":{"line":208,"column":56}}],"line":208},"68":{"loc":{"start":{"line":209,"column":12},"end":{"line":215,"column":13}},"type":"if","locations":[{"start":{"line":209,"column":12},"end":{"line":215,"column":13}},{"start":{},"end":{}}],"line":209},"69":{"loc":{"start":{"line":211,"column":16},"end":{"line":214,"column":17}},"type":"if","locations":[{"start":{"line":211,"column":16},"end":{"line":214,"column":17}},{"start":{},"end":{}}],"line":211},"70":{"loc":{"start":{"line":221,"column":16},"end":{"line":240,"column":17}},"type":"switch","locations":[{"start":{"line":222,"column":20},"end":{"line":226,"column":92}},{"start":{"line":227,"column":20},"end":{"line":229,"column":70}},{"start":{"line":230,"column":20},"end":{"line":239,"column":52}}],"line":221},"71":{"loc":{"start":{"line":224,"column":24},"end":{"line":225,"column":57}},"type":"if","locations":[{"start":{"line":224,"column":24},"end":{"line":225,"column":57}},{"start":{},"end":{}}],"line":224},"72":{"loc":{"start":{"line":234,"column":24},"end":{"line":238,"column":25}},"type":"if","locations":[{"start":{"line":234,"column":24},"end":{"line":238,"column":25}},{"start":{},"end":{}}],"line":234},"73":{"loc":{"start":{"line":245,"column":12},"end":{"line":246,"column":29}},"type":"if","locations":[{"start":{"line":245,"column":12},"end":{"line":246,"column":29}},{"start":{},"end":{}}],"line":245},"74":{"loc":{"start":{"line":252,"column":12},"end":{"line":253,"column":29}},"type":"if","locations":[{"start":{"line":252,"column":12},"end":{"line":253,"column":29}},{"start":{},"end":{}}],"line":252},"75":{"loc":{"start":{"line":257,"column":25},"end":{"line":257,"column":56}},"type":"binary-expr","locations":[{"start":{"line":257,"column":25},"end":{"line":257,"column":38}},{"start":{"line":257,"column":42},"end":{"line":257,"column":56}}],"line":257},"76":{"loc":{"start":{"line":258,"column":12},"end":{"line":259,"column":74}},"type":"if","locations":[{"start":{"line":258,"column":12},"end":{"line":259,"column":74}},{"start":{},"end":{}}],"line":258},"77":{"loc":{"start":{"line":264,"column":12},"end":{"line":265,"column":29}},"type":"if","locations":[{"start":{"line":264,"column":12},"end":{"line":265,"column":29}},{"start":{},"end":{}}],"line":264},"78":{"loc":{"start":{"line":272,"column":12},"end":{"line":273,"column":29}},"type":"if","locations":[{"start":{"line":272,"column":12},"end":{"line":273,"column":29}},{"start":{},"end":{}}],"line":272},"79":{"loc":{"start":{"line":274,"column":12},"end":{"line":275,"column":29}},"type":"if","locations":[{"start":{"line":274,"column":12},"end":{"line":275,"column":29}},{"start":{},"end":{}}],"line":274},"80":{"loc":{"start":{"line":281,"column":12},"end":{"line":282,"column":29}},"type":"if","locations":[{"start":{"line":281,"column":12},"end":{"line":282,"column":29}},{"start":{},"end":{}}],"line":281},"81":{"loc":{"start":{"line":281,"column":16},"end":{"line":281,"column":51}},"type":"binary-expr","locations":[{"start":{"line":281,"column":16},"end":{"line":281,"column":33}},{"start":{"line":281,"column":37},"end":{"line":281,"column":51}}],"line":281},"82":{"loc":{"start":{"line":288,"column":12},"end":{"line":289,"column":29}},"type":"if","locations":[{"start":{"line":288,"column":12},"end":{"line":289,"column":29}},{"start":{},"end":{}}],"line":288},"83":{"loc":{"start":{"line":297,"column":12},"end":{"line":298,"column":29}},"type":"if","locations":[{"start":{"line":297,"column":12},"end":{"line":298,"column":29}},{"start":{},"end":{}}],"line":297},"84":{"loc":{"start":{"line":299,"column":12},"end":{"line":300,"column":29}},"type":"if","locations":[{"start":{"line":299,"column":12},"end":{"line":300,"column":29}},{"start":{},"end":{}}],"line":299},"85":{"loc":{"start":{"line":306,"column":12},"end":{"line":307,"column":29}},"type":"if","locations":[{"start":{"line":306,"column":12},"end":{"line":307,"column":29}},{"start":{},"end":{}}],"line":306},"86":{"loc":{"start":{"line":313,"column":12},"end":{"line":314,"column":29}},"type":"if","locations":[{"start":{"line":313,"column":12},"end":{"line":314,"column":29}},{"start":{},"end":{}}],"line":313},"87":{"loc":{"start":{"line":315,"column":12},"end":{"line":316,"column":29}},"type":"if","locations":[{"start":{"line":315,"column":12},"end":{"line":316,"column":29}},{"start":{},"end":{}}],"line":315},"88":{"loc":{"start":{"line":322,"column":12},"end":{"line":323,"column":29}},"type":"if","locations":[{"start":{"line":322,"column":12},"end":{"line":323,"column":29}},{"start":{},"end":{}}],"line":322},"89":{"loc":{"start":{"line":334,"column":16},"end":{"line":345,"column":17}},"type":"switch","locations":[{"start":{"line":335,"column":20},"end":{"line":335,"column":73}},{"start":{"line":336,"column":20},"end":{"line":338,"column":67}},{"start":{"line":339,"column":20},"end":{"line":341,"column":68}},{"start":{"line":342,"column":20},"end":{"line":344,"column":46}}],"line":334},"90":{"loc":{"start":{"line":361,"column":20},"end":{"line":361,"column":96}},"type":"if","locations":[{"start":{"line":361,"column":20},"end":{"line":361,"column":96}},{"start":{},"end":{}}],"line":361},"91":{"loc":{"start":{"line":361,"column":24},"end":{"line":361,"column":77}},"type":"binary-expr","locations":[{"start":{"line":361,"column":24},"end":{"line":361,"column":33}},{"start":{"line":361,"column":37},"end":{"line":361,"column":52}},{"start":{"line":361,"column":57},"end":{"line":361,"column":76}}],"line":361},"92":{"loc":{"start":{"line":363,"column":26},"end":{"line":363,"column":51}},"type":"if","locations":[{"start":{"line":363,"column":26},"end":{"line":363,"column":51}},{"start":{},"end":{}}],"line":363},"93":{"loc":{"start":{"line":396,"column":16},"end":{"line":433,"column":17}},"type":"switch","locations":[{"start":{"line":397,"column":20},"end":{"line":397,"column":91}},{"start":{"line":398,"column":20},"end":{"line":400,"column":96}},{"start":{"line":401,"column":20},"end":{"line":404,"column":92}},{"start":{"line":405,"column":20},"end":{"line":410,"column":88}},{"start":{"line":411,"column":20},"end":{"line":413,"column":96}},{"start":{"line":414,"column":20},"end":{"line":416,"column":48}},{"start":{"line":417,"column":20},"end":{"line":417,"column":74}},{"start":{"line":418,"column":20},"end":{"line":420,"column":37}},{"start":{"line":421,"column":20},"end":{"line":425,"column":28}},{"start":{"line":426,"column":20},"end":{"line":428,"column":38}},{"start":{"line":429,"column":20},"end":{"line":429,"column":79}},{"start":{"line":430,"column":20},"end":{"line":432,"column":46}}],"line":396},"94":{"loc":{"start":{"line":403,"column":24},"end":{"line":403,"column":86}},"type":"if","locations":[{"start":{"line":403,"column":24},"end":{"line":403,"column":86}},{"start":{},"end":{}}],"line":403},"95":{"loc":{"start":{"line":403,"column":30},"end":{"line":403,"column":58}},"type":"binary-expr","locations":[{"start":{"line":403,"column":30},"end":{"line":403,"column":43}},{"start":{"line":403,"column":47},"end":{"line":403,"column":58}}],"line":403},"96":{"loc":{"start":{"line":409,"column":24},"end":{"line":409,"column":73}},"type":"if","locations":[{"start":{"line":409,"column":24},"end":{"line":409,"column":73}},{"start":{},"end":{}}],"line":409}},"s":{"0":2,"1":66,"2":52,"3":153,"4":66,"5":66,"6":0,"7":0,"8":0,"9":0,"10":219,"11":153,"12":2,"13":153,"14":66,"15":0,"16":66,"17":153,"18":0,"19":459,"20":219,"21":219,"22":0,"23":219,"24":448,"25":448,"26":0,"27":448,"28":0,"29":448,"30":219,"31":219,"32":66,"33":66,"34":0,"35":0,"36":0,"37":0,"38":0,"39":0,"40":0,"41":163,"42":153,"43":153,"44":10,"45":10,"46":10,"47":0,"48":0,"49":0,"50":0,"51":0,"52":0,"53":0,"54":0,"55":0,"56":0,"57":0,"58":0,"59":229,"60":0,"61":0,"62":448,"63":153,"64":0,"65":153,"66":2,"67":8,"68":8,"69":8,"70":8,"71":8,"72":0,"73":0,"74":0,"75":0,"76":0,"77":0,"78":2,"79":2,"80":2,"81":2,"82":4,"83":2,"84":2,"85":4,"86":2,"87":4,"88":4,"89":4,"90":4,"91":4,"92":4,"93":1,"94":1,"95":3,"96":1,"97":0,"98":1,"99":1,"100":1,"101":1,"102":1,"103":1,"104":1,"105":4,"106":3,"107":3,"108":3,"109":2,"110":0,"111":3,"112":3,"113":4,"114":69,"115":69,"116":79,"117":69,"118":69,"119":64,"120":5,"121":5,"122":5,"123":5,"124":5,"125":5,"126":4,"127":19,"128":19,"129":17,"130":2,"131":2,"132":2,"133":1,"134":2,"135":4,"136":69,"137":69,"138":63,"139":6,"140":6,"141":6,"142":0,"143":6,"144":6,"145":0,"146":0,"147":0,"148":6,"149":6,"150":4,"151":69,"152":69,"153":63,"154":6,"155":6,"156":4,"157":19,"158":19,"159":19,"160":0,"161":0,"162":0,"163":0,"164":4,"165":69,"166":69,"167":60,"168":9,"169":9,"170":9,"171":9,"172":9,"173":9,"174":1,"175":1,"176":9,"177":9,"178":1,"179":9,"180":3,"181":9,"182":3,"183":3,"184":9,"185":9,"186":4,"187":19,"188":19,"189":19,"190":0,"191":0,"192":0,"193":0,"194":4,"195":69,"196":69,"197":63,"198":6,"199":6,"200":4,"201":69,"202":69,"203":63,"204":6,"205":6,"206":1,"207":1,"208":1,"209":1,"210":6,"211":4,"212":69,"213":69,"214":81,"215":69,"216":69,"217":63,"218":6,"219":6,"220":6,"221":6,"222":6,"223":6,"224":0,"225":0,"226":0,"227":6,"228":4,"229":69,"230":69,"231":63,"232":6,"233":6,"234":4,"235":69,"236":69,"237":63,"238":6,"239":6,"240":6,"241":6,"242":6,"243":1,"244":6,"245":4,"246":69,"247":69,"248":63,"249":6,"250":6,"251":6,"252":4,"253":19,"254":19,"255":19,"256":0,"257":0,"258":0,"259":0,"260":4,"261":19,"262":19,"263":7,"264":12,"265":12,"266":4,"267":69,"268":69,"269":63,"270":6,"271":6,"272":6,"273":6,"274":4,"275":19,"276":19,"277":19,"278":0,"279":0,"280":0,"281":0,"282":4,"283":69,"284":69,"285":68,"286":1,"287":1,"288":4,"289":19,"290":19,"291":19,"292":0,"293":0,"294":0,"295":0,"296":4,"297":19,"298":19,"299":18,"300":1,"301":1,"302":4,"303":4,"304":4,"305":2,"306":4,"307":4,"308":16,"309":4,"310":4,"311":4,"312":4,"313":4,"314":4,"315":4,"316":2,"317":4,"318":8,"319":8,"320":8,"321":8,"322":80,"323":80,"324":0,"325":8,"326":8,"327":0,"328":8,"329":0,"330":4,"331":4,"332":4,"333":4,"334":2,"335":10,"336":10,"337":50,"338":10,"339":10,"340":10,"341":10,"342":10,"343":10,"344":0,"345":0,"346":0,"347":0,"348":0,"349":0,"350":0,"351":0,"352":0,"353":0,"354":0,"355":0,"356":0,"357":0,"358":0,"359":0,"360":0,"361":10,"362":10,"363":10,"364":2,"365":2},"f":{"0":153,"1":66,"2":52,"3":153,"4":66,"5":0,"6":219,"7":153,"8":66,"9":0,"10":459,"11":219,"12":219,"13":8,"14":0,"15":4,"16":4,"17":2,"18":4,"19":4,"20":1,"21":1,"22":3,"23":3,"24":69,"25":69,"26":79,"27":19,"28":2,"29":69,"30":69,"31":19,"32":69,"33":19,"34":69,"35":69,"36":69,"37":69,"38":81,"39":69,"40":69,"41":69,"42":19,"43":19,"44":69,"45":19,"46":69,"47":19,"48":19,"49":4,"50":4,"51":16,"52":4,"53":8,"54":10,"55":10,"56":50},"b":{"0":[2,2,2],"1":[14,52],"2":[153,153],"3":[153,66],"4":[153,153],"5":[2,2,2],"6":[0,66],"7":[153,153],"8":[0,219],"9":[0,448],"10":[448,0,0],"11":[0,0],"12":[0,0],"13":[0,0],"14":[0,0],"15":[0,448],"16":[219,219,66,0,0,163],"17":[153,10],"18":[163,163,163],"19":[163,0],"20":[10,0],"21":[10,10,0,0],"22":[0,0],"23":[0,0],"24":[0,0],"25":[0,0],"26":[0,0],"27":[0,153],"28":[153,0],"29":[2,2,2],"30":[8,8],"31":[8,8],"32":[8,0],"33":[0,0],"34":[0,0],"35":[0,0],"36":[0,0],"37":[0,0],"38":[0,0],"39":[1,1,1],"40":[0,1],"41":[2,1],"42":[3,2],"43":[0,2],"44":[69,5,5],"45":[64,5],"46":[17,2],"47":[1,1],"48":[63,6],"49":[6,1],"50":[0,6],"51":[0,6],"52":[6,0],"53":[63,6],"54":[19,0],"55":[0,0],"56":[60,9],"57":[9,4],"58":[1,8],"59":[1,8],"60":[9,1],"61":[3,6],"62":[3,6],"63":[19,0],"64":[0,0],"65":[63,6],"66":[63,6],"67":[6,2],"68":[1,5],"69":[1,0],"70":[69,6,6],"71":[63,6],"72":[0,6],"73":[63,6],"74":[63,6],"75":[6,2],"76":[1,5],"77":[63,6],"78":[19,0],"79":[0,0],"80":[7,12],"81":[19,16],"82":[63,6],"83":[19,0],"84":[0,0],"85":[68,1],"86":[19,0],"87":[0,0],"88":[18,1],"89":[4,4,4,4],"90":[0,8],"91":[8,8,0],"92":[0,8],"93":[10,10,10,0,0,0,0,0,0,0,10,10],"94":[10,0],"95":[10,10],"96":[0,0]},"inputSourceMap":null,"_coverageSchema":"1a1c01bbd47fc00a2c39e90264f33305004495a9","hash":"26384bd29d57cfe7447e0a22b4a429b2dff0ab76"}
,"E:\\OSPanel\\domains\\MetaLamp_four_task\\src\\plugins\\range-slider-fox\\mvc\\model\\model.ts": {"path":"E:\\OSPanel\\domains\\MetaLamp_four_task\\src\\plugins\\range-slider-fox\\mvc\\model\\model.ts","statementMap":{"0":{"start":{"line":2,"column":16},"end":{"line":16,"column":4}},"1":{"start":{"line":3,"column":24},"end":{"line":8,"column":5}},"2":{"start":{"line":4,"column":8},"end":{"line":6,"column":110}},"3":{"start":{"line":5,"column":69},"end":{"line":5,"column":85}},"4":{"start":{"line":6,"column":30},"end":{"line":6,"column":107}},"5":{"start":{"line":6,"column":47},"end":{"line":6,"column":107}},"6":{"start":{"line":6,"column":95},"end":{"line":6,"column":107}},"7":{"start":{"line":7,"column":8},"end":{"line":7,"column":35}},"8":{"start":{"line":9,"column":4},"end":{"line":15,"column":6}},"9":{"start":{"line":10,"column":8},"end":{"line":11,"column":102}},"10":{"start":{"line":11,"column":12},"end":{"line":11,"column":102}},"11":{"start":{"line":12,"column":8},"end":{"line":12,"column":28}},"12":{"start":{"line":13,"column":24},"end":{"line":13,"column":45}},"13":{"start":{"line":14,"column":8},"end":{"line":14,"column":93}},"14":{"start":{"line":17,"column":15},"end":{"line":27,"column":1}},"15":{"start":{"line":18,"column":4},"end":{"line":25,"column":6}},"16":{"start":{"line":19,"column":8},"end":{"line":23,"column":9}},"17":{"start":{"line":19,"column":24},"end":{"line":19,"column":25}},"18":{"start":{"line":19,"column":31},"end":{"line":19,"column":47}},"19":{"start":{"line":20,"column":12},"end":{"line":20,"column":29}},"20":{"start":{"line":21,"column":12},"end":{"line":22,"column":28}},"21":{"start":{"line":21,"column":29},"end":{"line":22,"column":28}},"22":{"start":{"line":22,"column":16},"end":{"line":22,"column":28}},"23":{"start":{"line":24,"column":8},"end":{"line":24,"column":17}},"24":{"start":{"line":26,"column":4},"end":{"line":26,"column":43}},"25":{"start":{"line":28,"column":16},"end":{"line":36,"column":1}},"26":{"start":{"line":29,"column":28},"end":{"line":29,"column":110}},"27":{"start":{"line":29,"column":91},"end":{"line":29,"column":106}},"28":{"start":{"line":30,"column":4},"end":{"line":35,"column":7}},"29":{"start":{"line":31,"column":36},"end":{"line":31,"column":97}},"30":{"start":{"line":31,"column":42},"end":{"line":31,"column":70}},"31":{"start":{"line":31,"column":85},"end":{"line":31,"column":95}},"32":{"start":{"line":32,"column":35},"end":{"line":32,"column":100}},"33":{"start":{"line":32,"column":41},"end":{"line":32,"column":73}},"34":{"start":{"line":32,"column":88},"end":{"line":32,"column":98}},"35":{"start":{"line":33,"column":32},"end":{"line":33,"column":116}},"36":{"start":{"line":34,"column":8},"end":{"line":34,"column":78}},"37":{"start":{"line":37,"column":18},"end":{"line":63,"column":1}},"38":{"start":{"line":38,"column":12},"end":{"line":38,"column":104}},"39":{"start":{"line":38,"column":43},"end":{"line":38,"column":68}},"40":{"start":{"line":38,"column":57},"end":{"line":38,"column":68}},"41":{"start":{"line":38,"column":69},"end":{"line":38,"column":81}},"42":{"start":{"line":39,"column":4},"end":{"line":39,"column":157}},"43":{"start":{"line":39,"column":138},"end":{"line":39,"column":150}},"44":{"start":{"line":40,"column":23},"end":{"line":40,"column":68}},"45":{"start":{"line":40,"column":45},"end":{"line":40,"column":65}},"46":{"start":{"line":42,"column":8},"end":{"line":42,"column":70}},"47":{"start":{"line":42,"column":15},"end":{"line":42,"column":70}},"48":{"start":{"line":43,"column":8},"end":{"line":60,"column":66}},"49":{"start":{"line":43,"column":18},"end":{"line":60,"column":66}},"50":{"start":{"line":44,"column":12},"end":{"line":44,"column":169}},"51":{"start":{"line":44,"column":160},"end":{"line":44,"column":169}},"52":{"start":{"line":45,"column":12},"end":{"line":45,"column":52}},"53":{"start":{"line":45,"column":26},"end":{"line":45,"column":52}},"54":{"start":{"line":46,"column":12},"end":{"line":58,"column":13}},"55":{"start":{"line":47,"column":32},"end":{"line":47,"column":39}},"56":{"start":{"line":47,"column":40},"end":{"line":47,"column":46}},"57":{"start":{"line":48,"column":24},"end":{"line":48,"column":34}},"58":{"start":{"line":48,"column":35},"end":{"line":48,"column":72}},"59":{"start":{"line":49,"column":24},"end":{"line":49,"column":34}},"60":{"start":{"line":49,"column":35},"end":{"line":49,"column":45}},"61":{"start":{"line":49,"column":46},"end":{"line":49,"column":55}},"62":{"start":{"line":49,"column":56},"end":{"line":49,"column":65}},"63":{"start":{"line":50,"column":24},"end":{"line":50,"column":41}},"64":{"start":{"line":50,"column":42},"end":{"line":50,"column":55}},"65":{"start":{"line":50,"column":56},"end":{"line":50,"column":65}},"66":{"start":{"line":52,"column":20},"end":{"line":52,"column":128}},"67":{"start":{"line":52,"column":110},"end":{"line":52,"column":116}},"68":{"start":{"line":52,"column":117},"end":{"line":52,"column":126}},"69":{"start":{"line":53,"column":20},"end":{"line":53,"column":106}},"70":{"start":{"line":53,"column":81},"end":{"line":53,"column":97}},"71":{"start":{"line":53,"column":98},"end":{"line":53,"column":104}},"72":{"start":{"line":54,"column":20},"end":{"line":54,"column":89}},"73":{"start":{"line":54,"column":57},"end":{"line":54,"column":72}},"74":{"start":{"line":54,"column":73},"end":{"line":54,"column":80}},"75":{"start":{"line":54,"column":81},"end":{"line":54,"column":87
[...]
olumn":28},"end":{"line":11,"column":53}},{"start":{"line":11,"column":56},"end":{"line":11,"column":89}}],"line":11},"10":{"loc":{"start":{"line":20,"column":12},"end":{"line":33,"column":13}},"type":"if","locations":[{"start":{"line":20,"column":12},"end":{"line":33,"column":13}},{"start":{"line":27,"column":17},"end":{"line":33,"column":13}}],"line":20},"11":{"loc":{"start":{"line":21,"column":16},"end":{"line":22,"column":33}},"type":"if","locations":[{"start":{"line":21,"column":16},"end":{"line":22,"column":33}},{"start":{},"end":{}}],"line":21},"12":{"loc":{"start":{"line":28,"column":16},"end":{"line":29,"column":33}},"type":"if","locations":[{"start":{"line":28,"column":16},"end":{"line":29,"column":33}},{"start":{},"end":{}}],"line":28},"13":{"loc":{"start":{"line":48,"column":24},"end":{"line":48,"column":56}},"type":"cond-expr","locations":[{"start":{"line":48,"column":44},"end":{"line":48,"column":48}},{"start":{"line":48,"column":51},"end":{"line":48,"column":56}}],"line":48},"14":{"loc":{"start":{"line":49,"column":8},"end":{"line":50,"column":50}},"type":"if","locations":[{"start":{"line":49,"column":8},"end":{"line":50,"column":50}},{"start":{},"end":{}}],"line":49},"15":{"loc":{"start":{"line":51,"column":8},"end":{"line":56,"column":9}},"type":"if","locations":[{"start":{"line":51,"column":8},"end":{"line":56,"column":9}},{"start":{},"end":{}}],"line":51},"16":{"loc":{"start":{"line":53,"column":12},"end":{"line":55,"column":13}},"type":"if","locations":[{"start":{"line":53,"column":12},"end":{"line":55,"column":13}},{"start":{},"end":{}}],"line":53},"17":{"loc":{"start":{"line":60,"column":8},"end":{"line":61,"column":25}},"type":"if","locations":[{"start":{"line":60,"column":8},"end":{"line":61,"column":25}},{"start":{},"end":{}}],"line":60},"18":{"loc":{"start":{"line":60,"column":12},"end":{"line":60,"column":38}},"type":"binary-expr","locations":[{"start":{"line":60,"column":12},"end":{"line":60,"column":23}},{"start":{"line":60,"column":27},"end":{"line":60,"column":38}}],"line":60},"19":{"loc":{"start":{"line":69,"column":8},"end":{"line":70,"column":25}},"type":"if","locations":[{"start":{"line":69,"column":8},"end":{"line":70,"column":25}},{"start":{},"end":{}}],"line":69},"20":{"loc":{"start":{"line":76,"column":8},"end":{"line":77,"column":25}},"type":"if","locations":[{"start":{"line":76,"column":8},"end":{"line":77,"column":25}},{"start":{},"end":{}}],"line":76},"21":{"loc":{"start":{"line":83,"column":8},"end":{"line":84,"column":25}},"type":"if","locations":[{"start":{"line":83,"column":8},"end":{"line":84,"column":25}},{"start":{},"end":{}}],"line":83},"22":{"loc":{"start":{"line":92,"column":8},"end":{"line":93,"column":25}},"type":"if","locations":[{"start":{"line":92,"column":8},"end":{"line":93,"column":25}},{"start":{},"end":{}}],"line":92},"23":{"loc":{"start":{"line":92,"column":12},"end":{"line":92,"column":40}},"type":"binary-expr","locations":[{"start":{"line":92,"column":12},"end":{"line":92,"column":24}},{"start":{"line":92,"column":28},"end":{"line":92,"column":40}}],"line":92},"24":{"loc":{"start":{"line":101,"column":8},"end":{"line":102,"column":25}},"type":"if","locations":[{"start":{"line":101,"column":8},"end":{"line":102,"column":25}},{"start":{},"end":{}}],"line":101},"25":{"loc":{"start":{"line":108,"column":8},"end":{"line":109,"column":25}},"type":"if","locations":[{"start":{"line":108,"column":8},"end":{"line":109,"column":25}},{"start":{},"end":{}}],"line":108},"26":{"loc":{"start":{"line":115,"column":8},"end":{"line":116,"column":25}},"type":"if","locations":[{"start":{"line":115,"column":8},"end":{"line":116,"column":25}},{"start":{},"end":{}}],"line":115},"27":{"loc":{"start":{"line":122,"column":15},"end":{"line":122,"column":59}},"type":"cond-expr","locations":[{"start":{"line":122,"column":47},"end":{"line":122,"column":51}},{"start":{"line":122,"column":54},"end":{"line":122,"column":59}}],"line":122},"28":{"loc":{"start":{"line":122,"column":15},"end":{"line":122,"column":44}},"type":"binary-expr","locations":[{"start":{"line":122,"column":15},"end":{"line":122,"column":25}},{"start":{"line":122,"column":29},"end":{"line":122,"column":44}}],"line":122},"29":{"loc":{"start":{"line":126,"column":8},"end":{"line":128,"column":9}},"type":"if","locations":[{"start":{"line":126,"column":8},"end":{"line":128,"column":9}},{"start":{},"end":{}}],"line":126},"30":{"loc":{"start":{"line":141,"column":8},"end":{"line":142,"column":25}},"type":"if","locations":[{"start":{"line":141,"column":8},"end":{"line":142,"column":25}},{"start":{},"end":{}}],"line":141},"31":{"loc":{"start":{"line":147,"column":13},"end":{"line":147,"column":50}},"type":"cond-expr","locations":[{"start":{"line":147,"column":29},"end":{"line":147,"column":42}},{"start":{"line":147,"column":45},"end":{"line":147,"column":50}}],"line":147},"32":{"loc":{"start":{"line":151,"column":8},"end":{"line":158,"column":9}},"type":"if","locations":[{"start":{"line":151,"column":8},"end":{"line":158,"column":9}},{"start":{"line":155,"column":13},"end":{"line":158,"column":9}}],"line":151},"33":{"loc":{"start":{"line":161,"column":8},"end":{"line":162,"column":25}},"type":"if","locations":[{"start":{"line":161,"column":8},"end":{"line":162,"column":25}},{"start":{},"end":{}}],"line":161},"34":{"loc":{"start":{"line":168,"column":8},"end":{"line":169,"column":25}},"type":"if","locations":[{"start":{"line":168,"column":8},"end":{"line":169,"column":25}},{"start":{},"end":{}}],"line":168},"35":{"loc":{"start":{"line":175,"column":8},"end":{"line":176,"column":25}},"type":"if","locations":[{"start":{"line":175,"column":8},"end":{"line":176,"column":25}},{"start":{},"end":{}}],"line":175},"36":{"loc":{"start":{"line":185,"column":8},"end":{"line":186,"column":52}},"type":"if","locations":[{"start":{"line":185,"column":8},"end":{"line":186,"column":52}},{"start":{},"end":{}}],"line":185},"37":{"loc":{"start":{"line":187,"column":8},"end":{"line":188,"column":48}},"type":"if","locations":[{"start":{"line":187,"column":8},"end":{"line":188,"column":48}},{"start":{},"end":{}}],"line":187},"38":{"loc":{"start":{"line":189,"column":8},"end":{"line":190,"column":56}},"type":"if","locations":[{"start":{"line":189,"column":8},"end":{"line":190,"column":56}},{"start":{},"end":{}}],"line":189},"39":{"loc":{"start":{"line":194,"column":8},"end":{"line":195,"column":25}},"type":"if","locations":[{"start":{"line":194,"column":8},"end":{"line":195,"column":25}},{"start":{},"end":{}}],"line":194},"40":{"loc":{"start":{"line":194,"column":12},"end":{"line":194,"column":46}},"type":"binary-expr","locations":[{"start":{"line":194,"column":12},"end":{"line":194,"column":27}},{"start":{"line":194,"column":31},"end":{"line":194,"column":46}}],"line":194},"41":{"loc":{"start":{"line":207,"column":8},"end":{"line":227,"column":9}},"type":"if","locations":[{"start":{"line":207,"column":8},"end":{"line":227,"column":9}},{"start":{"line":220,"column":13},"end":{"line":227,"column":9}}],"line":207},"42":{"loc":{"start":{"line":212,"column":12},"end":{"line":217,"column":13}},"type":"if","locations":[{"start":{"line":212,"column":12},"end":{"line":217,"column":13}},{"start":{"line":215,"column":17},"end":{"line":217,"column":13}}],"line":212},"43":{"loc":{"start":{"line":213,"column":35},"end":{"line":213,"column":83}},"type":"binary-expr","locations":[{"start":{"line":213,"column":35},"end":{"line":213,"column":56}},{"start":{"line":213,"column":60},"end":{"line":213,"column":83}}],"line":213},"44":{"loc":{"start":{"line":218,"column":31},"end":{"line":218,"column":71}},"type":"binary-expr","locations":[{"start":{"line":218,"column":31},"end":{"line":218,"column":54}},{"start":{"line":218,"column":58},"end":{"line":218,"column":71}}],"line":218},"45":{"loc":{"start":{"line":225,"column":31},"end":{"line":225,"column":83}},"type":"binary-expr","locations":[{"start":{"line":225,"column":31},"end":{"line":225,"column":54}},{"start":{"line":225,"column":58},"end":{"line":225,"column":83}}],"line":225},"46":{"loc":{"start":{"line":226,"column":31},"end":{"line":226,"column":73}},"type":"binary-expr","locations":[{"start":{"line":226,"column":31},"end":{"line":226,"column":56}},{"start":{"line":226,"column":60},"end":{"line":226,"column":73}}],"line":226},"47":{"loc":{"start":{"line":251,"column":16},"end":{"line":251,"column":108}},"type":"if","locations":[{"start":{"line":251,"column":16},"end":{"line":251,"column":108}},{"start":{},"end":{}}],"line":251},"48":{"loc":{"start":{"line":251,"column":20},"end":{"line":251,"column":85}},"type":"binary-expr","locations":[{"start":{"line":251,"column":20},"end":{"line":251,"column":33}},{"start":{"line":251,"column":37},"end":{"line":251,"column":56}},{"start":{"line":251,"column":61},"end":{"line":251,"column":84}}],"line":251},"49":{"loc":{"start":{"line":253,"column":22},"end":{"line":253,"column":47}},"type":"if","locations":[{"start":{"line":253,"column":22},"end":{"line":253,"column":47}},{"start":{},"end":{}}],"line":253},"50":{"loc":{"start":{"line":259,"column":8},"end":{"line":260,"column":48}},"type":"if","locations":[{"start":{"line":259,"column":8},"end":{"line":260,"column":48}},{"start":{},"end":{}}],"line":259},"51":{"loc":{"start":{"line":261,"column":8},"end":{"line":262,"column":41}},"type":"if","locations":[{"start":{"line":261,"column":8},"end":{"line":262,"column":41}},{"start":{},"end":{}}],"line":261},"52":{"loc":{"start":{"line":266,"column":15},"end":{"line":266,"column":67}},"type":"cond-expr","locations":[{"start":{"line":266,"column":31},"end":{"line":266,"column":48}},{"start":{"line":266,"column":51},"end":{"line":266,"column":67}}],"line":266},"53":{"loc":{"start":{"line":271,"column":8},"end":{"line":276,"column":9}},"type":"if","locations":[{"start":{"line":271,"column":8},"end":{"line":276,"column":9}},{"start":{},"end":{}}],"line":271},"54":{"loc":{"start":{"line":273,"column":23},"end":{"line":273,"column":58}},"type":"cond-expr","locations":[{"start":{"line":273,"column":39},"end":{"line":273,"column":48}},{"start":{"line":273,"column":51},"end":{"line":273,"column":58}}],"line":273},"55":{"loc":{"start":{"line":274,"column":23},"end":{"line":275,"column":52}},"type":"cond-expr","locations":[{"start":{"line":275,"column":16},"end":{"line":275,"column":33}},{"start":{"line":275,"column":36},"end":{"line":275,"column":52}}],"line":274},"56":{"loc":{"start":{"line":277,"column":8},"end":{"line":282,"column":9}},"type":"if","locations":[{"start":{"line":277,"column":8},"end":{"line":282,"column":9}},{"start":{},"end":{}}],"line":277},"57":{"loc":{"start":{"line":292,"column":8},"end":{"line":302,"column":9}},"type":"if","locations":[{"start":{"line":292,"column":8},"end":{"line":302,"column":9}},{"start":{},"end":{}}],"line":292},"58":{"loc":{"start":{"line":296,"column":23},"end":{"line":296,"column":53}},"type":"cond-expr","locations":[{"start":{"line":296,"column":28},"end":{"line":296,"column":40}},{"start":{"line":296,"column":43},"end":{"line":296,"column":53}}],"line":296},"59":{"loc":{"start":{"line":297,"column":23},"end":{"line":297,"column":62}},"type":"cond-expr","locations":[{"start":{"line":297,"column":28},"end":{"line":297,"column":44}},{"start":{"line":297,"column":47},"end":{"line":297,"column":62}}],"line":297},"60":{"loc":{"start":{"line":298,"column":12},"end":{"line":301,"column":13}},"type":"if","locations":[{"start":{"line":298,"column":12},"end":{"line":301,"column":13}},{"start":{},"end":{}}],"line":298},"61":{"loc":{"start":{"line":300,"column":27},"end":{"line":300,"column":57}},"type":"cond-expr","locations":[{"start":{"line":300,"column":32},"end":{"line":300,"column":44}},{"start":{"line":300,"column":47},"end":{"line":300,"column":57}}],"line":300},"62":{"loc":{"start":{"line":311,"column":8},"end":{"line":315,"column":9}},"type":"if","locations":[{"start":{"line":311,"column":8},"end":{"line":315,"column":9}},{"start":{},"end":{}}],"line":311},"63":{"loc":{"start":{"line":313,"column":26},"end":{"line":313,"column":50}},"type":"cond-expr","locations":[{"start":{"line":313,"column":31},"end":{"line":313,"column":40}},{"start":{"line":313,"column":43},"end":{"line":313,"column":50}}],"line":313},"64":{"loc":{"start":{"line":314,"column":26},"end":{"line":314,"column":65}},"type":"cond-expr","locations":[{"start":{"line":314,"column":31},"end":{"line":314,"column":47}},{"start":{"line":314,"column":50},"end":{"line":314,"column":65}}],"line":314},"65":{"loc":{"start":{"line":316,"column":8},"end":{"line":321,"column":9}},"type":"if","locations":[{"start":{"line":316,"column":8},"end":{"line":321,"column":9}},{"start":{"line":319,"column":13},"end":{"line":321,"column":9}}],"line":316},"66":{"loc":{"start":{"line":327,"column":12},"end":{"line":328,"column":66}},"type":"if","locations":[{"start":{"line":327,"column":12},"end":{"line":328,"column":66}},{"start":{},"end":{}}],"line":327},"67":{"loc":{"start":{"line":328,"column":40},"end":{"line":328,"column":65}},"type":"cond-expr","locations":[{"start":{"line":328,"column":45},"end":{"line":328,"column":54}},{"start":{"line":328,"column":57},"end":{"line":328,"column":65}}],"line":328},"68":{"loc":{"start":{"line":330,"column":8},"end":{"line":355,"column":13}},"type":"if","locations":[{"start":{"line":330,"column":8},"end":{"line":355,"column":13}},{"start":{},"end":{}}],"line":330},"69":{"loc":{"start":{"line":330,"column":12},"end":{"line":330,"column":42}},"type":"binary-expr","locations":[{"start":{"line":330,"column":12},"end":{"line":330,"column":24}},{"start":{"line":330,"column":28},"end":{"line":330,"column":42}}],"line":330},"70":{"loc":{"start":{"line":331,"column":12},"end":{"line":355,"column":13}},"type":"if","locations":[{"start":{"line":331,"column":12},"end":{"line":355,"column":13}},{"start":{"line":352,"column":17},"end":{"line":355,"column":13}}],"line":331},"71":{"loc":{"start":{"line":332,"column":26},"end":{"line":332,"column":60}},"type":"cond-expr","locations":[{"start":{"line":332,"column":48},"end":{"line":332,"column":53}},{"start":{"line":332,"column":56},"end":{"line":332,"column":60}}],"line":332},"72":{"loc":{"start":{"line":336,"column":16},"end":{"line":350,"column":17}},"type":"if","locations":[{"start":{"line":336,"column":16},"end":{"line":350,"column":17}},{"start":{},"end":{}}],"line":336},"73":{"loc":{"start":{"line":338,"column":20},"end":{"line":349,"column":21}},"type":"if","locations":[{"start":{"line":338,"column":20},"end":{"line":349,"column":21}},{"start":{"line":344,"column":25},"end":{"line":349,"column":21}}],"line":338},"74":{"loc":{"start":{"line":339,"column":24},"end":{"line":340,"column":52}},"type":"if","locations":[{"start":{"line":339,"column":24},"end":{"line":340,"column":52}},{"start":{},"end":{}}],"line":339},"75":{"loc":{"start":{"line":341,"column":24},"end":{"line":342,"column":53}},"type":"if","locations":[{"start":{"line":341,"column":24},"end":{"line":342,"column":53}},{"start":{},"end":{}}],"line":341},"76":{"loc":{"start":{"line":345,"column":24},"end":{"line":346,"column":52}},"type":"if","locations":[{"start":{"line":345,"column":24},"end":{"line":346,"column":52}},{"start":{},"end":{}}],"line":345},"77":{"loc":{"start":{"line":347,"column":24},"end":{"line":348,"column":53}},"type":"if","locations":[{"start":{"line":347,"column":24},"end":{"line":348,"column":53}},{"start":{},"end":{}}],"line":347},"78":{"loc":{"start":{"line":356,"column":8},"end":{"line":360,"column":9}},"type":"if","locations":[{"start":{"line":356,"column":8},"end":{"line":360,"column":9}},{"start":{},"end":{}}],"line":356},"79":{"loc":{"start":{"line":356,"column":12},"end":{"line":356,"column":41}},"type":"binary-expr","locations":[{"start":{"line":356,"column":12},"end":{"line":356,"column":23}},{"start":{"line":356,"column":27},"end":{"line":356,"column":41}}],"line":356},"80":{"loc":{"start":{"line":357,"column":25},"end":{"line":357,"column":72}},"type":"cond-expr","locations":[{"start":{"line":357,"column":60},"end":{"line":357,"column":65}},{"start":{"line":357,"column":68},"end":{"line":357,"column":72}}],"line":357},"81":{"loc":{"start":{"line":357,"column":25},"end":{"line":357,"column":57}},"type":"binary-expr","locations":[{"start":{"line":357,"column":25},"end":{"line":357,"column":41}},{"start":{"line":357,"column":45},"end":{"line":357,"column":57}}],"line":357}},"s":{"0":2,"1":14,"2":14,"3":14,"4":14,"5":14,"6":0,"7":0,"8":0,"9":0,"10":0,"11":0,"12":2,"13":2,"14":2,"15":4,"16":4,"17":10,"18":10,"19":3,"20":3,"21":0,"22":0,"23":0,"24":7,"25":7,"26":0,"27":0,"28":0,"29":0,"30":4,"31":4,"32":2,"33":6,"34":6,"35":2,"36":6,"37":6,"38":2,"39":6,"40":6,"41":6,"42":6,"43":2,"44":2,"45":2,"46":2,"47":6,"48":2,"49":4,"50":4,"51":4,"52":4,"53":4,"54":2,"55":6,"56":2,"57":4,"58":4,"59":4,"60":2,"61":2,"62":1,"63":1,"64":1,"65":1,"66":2,"67":1,"68":0,"69":1,"70":1,"71":1,"72":1,"73":2,"74":0,"75":0,"76":0,"77":0,"78":0,"79":0,"80":0,"81":2,"82":0,"83":0,"84":0,"85":0,"86":0,"87":2,"88":0,"89":0,"90":0,"91":0,"92":0,"93":2,"94":0,"95":0,"96":0,"97":0,"98":0,"99":2,"100":1,"101":2,"102":25,"103":25,"104":2,"105":6,"106":6,"107":2,"108":10,"109":2,"110":3,"111":2,"112":2,"113":1,"114":1,"115":1,"116":1,"117":1,"118":2,"119":0,"120":0,"121":0,"122":0,"123":0,"124":2,"125":0,"126":0,"127":0,"128":0,"129":0,"130":2,"131":0,"132":0,"133":0,"134":0,"135":0,"136":2,"137":0,"138":0,"139":0,"140":0,"141":0,"142":2,"143":10,"144":10,"145":10,"146":10,"147":10,"148":10,"149":5,"150":10,"151":3,"152":10,"153":2,"154":10,"155":0,"156":10,"157":10,"158":10,"159":10,"160":10,"161":10,"162":10,"163":10,"164":10,"165":10,"166":10,"167":10,"168":10,"169":10,"170":10,"171":10,"172":0,"173":0,"174":0,"175":0,"176":0,"177":0,"178":0,"179":0,"180":10,"181":10,"182":10,"183":10,"184":10,"185":10,"186":10,"187":10,"188":2,"189":14,"190":14,"191":14,"192":14,"193":14,"194":14,"195":14,"196":0,"197":14,"198":14,"199":0,"200":14,"201":0,"202":14,"203":2,"204":25,"205":25,"206":4,"207":25,"208":4,"209":25,"210":2,"211":18,"212":2,"213":20,"214":20,"215":20,"216":15,"217":15,"218":15,"219":20,"220":10,"221":10,"222":2,"223":10,"224":10,"225":10,"226":10,"227":10,"228":10,"229":10,"230":10,"231":10,"232":10,"233":10,"234":10,"235":10,"236":2,"237":5,"238":5,"239":5,"240":5,"241":5,"242":5,"243":3,"244":3,"245":3,"246":5,"247":0,"248":5,"249":5,"250":2,"251":10,"252":10,"253":10,"254":10,"255":10,"256":10,"257":10,"258":45,"259":38,"260":10,"261":10,"262":5,"263":5,"264":5,"265":5,"266":5,"267":5,"268":5,"269":5,"270":5,"271":0,"272":0,"273":0,"274":0,"275":5,"276":5,"277":5,"278":5,"279":5,"280":5,"281":10,"282":10,"283":10,"284":10,"285":2,"286":2},"f":{"0":14,"1":0,"2":2,"3":4,"4":10,"5":6,"6":6,"7":6,"8":6,"9":6,"10":2,"11":1,"12":0,"13":0,"14":0,"15":0,"16":1,"17":25,"18":6,"19":10,"20":3,"21":2,"22":0,"23":0,"24":0,"25":0,"26":10,"27":10,"28":14,"29":25,"30":18,"31":20,"32":10,"33":5,"34":10,"35":45},"b":{"0":[2,2,2],"1":[14,14],"2":[14,14],"3":[14,0],"4":[0,0],"5":[0,0],"6":[0,0],"7":[0,0],"8":[0,0],"9":[0,0],"10":[3,7],"11":[3,0],"12":[7,0],"13":[1,5],"14":[6,0],"15":[2,4],"16":[2,0],"17":[2,4],"18":[6,2],"19":[2,4],"20":[1,1],"21":[0,1],"22":[0,0],"23":[0,0],"24":[0,0],"25":[0,0],"26":[0,0],"27":[0,1],"28":[1,1],"29":[25,0],"30":[1,1],"31":[0,1],"32":[0,0],"33":[0,0],"34":[0,0],"35":[0,0],"36":[10,0],"37":[5,5],"38":[3,7],"39":[0,10],"40":[10,0],"41":[0,10],"42":[0,0],"43":[0,0],"44":[0,0],"45":[10,0],"46":[10,0],"47":[0,14],"48":[14,14,0],"49":[0,14],"50":[4,21],"51":[4,21],"52":[0,18],"53":[15,5],"54":[0,15],"55":[0,15],"56":[10,10],"57":[10,0],"58":[0,10],"59":[0,10],"60":[10,0],"61":[0,10],"62":[3,2],"63":[0,3],"64":[0,3],"65":[0,5],"66":[38,7],"67":[13,25],"68":[10,0],"69":[10,10],"70":[5,5],"71":[5,0],"72":[5,0],"73":[0,5],"74":[0,0],"75":[0,0],"76":[5,0],"77":[5,0],"78":[10,0],"79":[10,10],"80":[10,0],"81":[10,10]},"inputSourceMap":null,"_coverageSchema":"1a1c01bbd47fc00a2c39e90264f33305004495a9","hash":"afb26f33b3012193a41dd788e8928b33e1233c73"}
}
