TN:
SF:src\plugins\range-slider-fox\observer.ts
FN:2,(anonymous_0)
FN:6,(anonymous_1)
FN:15,(anonymous_2)
FN:16,Observer
FN:19,(anonymous_4)
FN:26,(anonymous_5)
FN:27,(anonymous_6)
FN:30,(anonymous_7)
FNF:8
FNH:7
FNDA:115,(anonymous_0)
FNDA:0,(anonymous_1)
FNDA:4,(anonymous_2)
FNDA:17,Observer
FNDA:53,(anonymous_4)
FNDA:2,(anonymous_5)
FNDA:3,(anonymous_6)
FNDA:115,(anonymous_7)
DA:2,4
DA:3,115
DA:4,115
DA:5,0
DA:7,0
DA:8,0
DA:11,0
DA:13,4
DA:14,4
DA:15,4
DA:17,17
DA:19,4
DA:20,53
DA:21,52
DA:22,52
DA:24,1
DA:26,4
DA:27,3
DA:28,2
DA:30,4
DA:32,115
DA:33,115
DA:34,631
DA:35,631
DA:38,0
DA:40,115
DA:41,115
DA:43,115
DA:46,4
DA:48,4
LF:30
LH:25
BRDA:2,0,0,4
BRDA:2,0,1,4
BRDA:2,0,2,4
BRDA:3,1,0,115
BRDA:3,1,1,115
BRDA:3,2,0,115
BRDA:3,2,1,115
BRDA:4,3,0,115
BRDA:4,3,1,0
BRDA:5,4,0,0
BRDA:5,4,1,0
BRDA:5,5,0,0
BRDA:5,5,1,0
BRDA:7,6,0,0
BRDA:7,6,1,0
BRDA:7,7,0,0
BRDA:7,7,1,0
BRDA:8,8,0,0
BRDA:8,8,1,0
BRDA:11,9,0,0
BRDA:11,9,1,0
BRDA:20,10,0,52
BRDA:20,10,1,1
BRDA:41,11,0,0
BRDA:41,11,1,115
BRDA:41,12,0,115
BRDA:41,12,1,115
BRDA:41,12,2,0
BRDA:43,13,0,0
BRDA:43,13,1,115
BRF:30
BRH:14
end_of_record
TN:
SF:src\plugins\range-slider-fox\range-slider-fox.ts
FN:5,(anonymous_0)
FN:6,(anonymous_1)
FNF:2
FNH:2
FNDA:2,(anonymous_0)
FNDA:2,(anonymous_1)
DA:2,2
DA:3,2
DA:4,2
DA:5,2
DA:6,2
DA:7,2
DA:8,2
DA:12,2
DA:13,2
LF:9
LH:9
BRDA:7,0,0,2
BRDA:7,0,1,0
BRF:2
BRH:1
end_of_record
TN:
SF:src\plugins\range-slider-fox\mvc\controller\controller.ts
FN:2,(anonymous_0)
FN:3,adopt
FN:3,(anonymous_2)
FN:4,(anonymous_3)
FN:5,fulfilled
FN:6,rejected
FN:7,step
FN:11,(anonymous_7)
FN:12,(anonymous_8)
FN:13,(anonymous_9)
FN:14,verb
FN:14,(anonymous_11)
FN:15,step
FN:38,(anonymous_13)
FN:42,(anonymous_14)
FN:52,(anonymous_15)
FN:54,(anonymous_16)
FN:55,(anonymous_17)
FN:56,Controller
FN:61,(anonymous_19)
FN:62,(anonymous_20)
FN:62,(anonymous_21)
FN:64,(anonymous_22)
FN:81,(anonymous_23)
FN:90,(anonymous_24)
FN:90,(anonymous_25)
FN:92,(anonymous_26)
FN:109,(anonymous_27)
FN:113,(anonymous_28)
FN:118,(anonymous_29)
FN:135,(anonymous_30)
FN:142,(anonymous_31)
FN:151,(anonymous_32)
FN:180,(anonymous_33)
FN:195,(anonymous_34)
FN:202,(anonymous_35)
FN:216,(anonymous_36)
FN:216,(anonymous_37)
FN:218,(anonymous_38)
FN:241,(anonymous_39)
FN:248,(anonymous_40)
FN:260,(anonymous_41)
FN:268,(anonymous_42)
FN:277,(anonymous_43)
FN:284,(anonymous_44)
FN:293,(anonymous_45)
FN:302,(anonymous_46)
FN:309,(anonymous_47)
FN:318,(anonymous_48)
FN:329,(anonymous_49)
FN:330,(anonymous_50)
FN:331,(anonymous_51)
FN:347,(anonymous_52)
FN:348,(anonymous_53)
FN:390,(anonymous_54)
FN:391,(anonymous_55)
FN:393,(anonymous_56)
FNF:57
FNH:53
FNDA:99,(anonymous_0)
FNDA:40,adopt
FNDA:32,(anonymous_2)
FNDA:99,(anonymous_3)
FNDA:40,fulfilled
FNDA:0,rejected
FNDA:139,step
FNDA:99,(anonymous_7)
FNDA:40,(anonymous_8)
FNDA:0,(anonymous_9)
FNDA:297,verb
FNDA:139,(anonymous_11)
FNDA:139,step
FNDA:4,(anonymous_13)
FNDA:0,(anonymous_14)
FNDA:2,(anonymous_15)
FNDA:2,(anonymous_16)
FNDA:2,(anonymous_17)
FNDA:2,Controller
FNDA:3,(anonymous_19)
FNDA:1,(anonymous_20)
FNDA:1,(anonymous_21)
FNDA:3,(anonymous_22)
FNDA:1,(anonymous_23)
FNDA:45,(anonymous_24)
FNDA:45,(anonymous_25)
FNDA:51,(anonymous_26)
FNDA:11,(anonymous_27)
FNDA:0,(anonymous_28)
FNDA:45,(anonymous_29)
FNDA:45,(anonymous_30)
FNDA:11,(anonymous_31)
FNDA:45,(anonymous_32)
FNDA:11,(anonymous_33)
FNDA:45,(anonymous_34)
FNDA:45,(anonymous_35)
FNDA:45,(anonymous_36)
FNDA:45,(anonymous_37)
FNDA:53,(anonymous_38)
FNDA:45,(anonymous_39)
FNDA:45,(anonymous_40)
FNDA:45,(anonymous_41)
FNDA:11,(anonymous_42)
FNDA:11,(anonymous_43)
FNDA:45,(anonymous_44)
FNDA:11,(anonymous_45)
FNDA:45,(anonymous_46)
FNDA:11,(anonymous_47)
FNDA:11,(anonymous_48)
FNDA:2,(anonymous_49)
FNDA:2,(anonymous_50)
FNDA:8,(anonymous_51)
FNDA:2,(anonymous_52)
FNDA:4,(anonymous_53)
FNDA:6,(anonymous_54)
FNDA:6,(anonymous_55)
FNDA:30,(anonymous_56)
DA:2,2
DA:3,40
DA:4,99
DA:5,40
DA:6,0
DA:7,139
DA:8,99
DA:11,2
DA:12,99
DA:13,99
DA:14,297
DA:16,139
DA:17,284
DA:18,284
DA:19,284
DA:20,284
DA:21,139
DA:22,40
DA:23,0
DA:24,0
DA:26,105
DA:27,6
DA:28,0
DA:29,0
DA:30,0
DA:31,0
DA:33,145
DA:34,284
DA:35,99
DA:38,2
DA:39,4
DA:40,4
DA:41,0
DA:43,0
DA:44,0
DA:47,0
DA:49,2
DA:50,2
DA:51,2
DA:52,2
DA:53,2
DA:54,2
DA:55,2
DA:57,2
DA:58,2
DA:59,2
DA:60,2
DA:61,2
DA:62,2
DA:64,1
DA:65,3
DA:67,1
DA:68,0
DA:69,1
DA:70,1
DA:72,1
DA:73,1
DA:75,1
DA:76,1
DA:77,1
DA:81,2
DA:82,1
DA:83,1
DA:84,1
DA:85,0
DA:86,0
DA:87,1
DA:88,1
DA:90,45
DA:92,45
DA:93,51
DA:95,45
DA:96,45
DA:97,42
DA:98,3
DA:100,3
DA:101,3
DA:103,3
DA:104,3
DA:105,3
DA:109,2
DA:110,11
DA:111,11
DA:112,11
DA:113,0
DA:114,0
DA:116,0
DA:118,2
DA:119,45
DA:120,45
DA:121,41
DA:122,4
DA:123,4
DA:124,4
DA:125,0
DA:126,4
DA:127,4
DA:128,0
DA:129,0
DA:130,0
DA:132,4
DA:133,4
DA:135,2
DA:136,45
DA:137,45
DA:138,41
DA:139,4
DA:140,4
DA:142,2
DA:143,11
DA:144,11
DA:145,11
DA:146,0
DA:147,0
DA:148,0
DA:149,0
DA:151,2
DA:152,45
DA:153,45
DA:154,40
DA:155,5
DA:156,5
DA:157,5
DA:158,5
DA:159,5
DA:160,5
DA:161,1
DA:162,1
DA:164,5
DA:166,5
DA:167,1
DA:168,5
DA:169,1
DA:172,5
DA:173,1
DA:174,1
DA:177,5
DA:178,5
DA:180,2
DA:181,11
DA:182,11
DA:183,11
DA:184,0
DA:185,0
DA:186,0
DA:193,0
DA:195,2
DA:196,45
DA:197,45
DA:198,41
DA:199,4
DA:200,4
DA:202,2
DA:203,45
DA:204,45
DA:205,41
DA:206,4
DA:207,4
DA:208,1
DA:209,1
DA:210,1
DA:211,1
DA:214,4
DA:216,45
DA:218,45
DA:219,53
DA:221,45
DA:222,45
DA:223,41
DA:224,4
DA:226,4
DA:227,4
DA:229,4
DA:230,4
DA:232,4
DA:233,0
DA:234,0
DA:235,0
DA:237,4
DA:241,2
DA:242,45
DA:243,45
DA:244,41
DA:245,4
DA:246,4
DA:248,2
DA:249,45
DA:250,45
DA:251,41
DA:252,4
DA:253,4
DA:254,4
DA:255,4
DA:256,4
DA:257,1
DA:258,4
DA:260,2
DA:261,45
DA:262,45
DA:263,41
DA:264,4
DA:265,4
DA:266,4
DA:268,2
DA:269,11
DA:270,11
DA:271,11
DA:272,0
DA:273,0
DA:274,0
DA:275,0
DA:277,2
DA:278,11
DA:279,11
DA:280,3
DA:281,8
DA:282,8
DA:284,2
DA:285,45
DA:286,45
DA:287,41
DA:288,4
DA:289,4
DA:290,4
DA:291,4
DA:293,2
DA:294,11
DA:295,11
DA:296,11
DA:297,0
DA:298,0
DA:299,0
DA:300,0
DA:302,2
DA:303,45
DA:304,45
DA:305,44
DA:306,1
DA:307,1
DA:309,2
DA:310,11
DA:311,11
DA:312,11
DA:313,0
DA:314,0
DA:315,0
DA:316,0
DA:318,2
DA:319,11
DA:320,11
DA:321,10
DA:322,1
DA:323,1
DA:325,2
DA:326,2
DA:327,2
DA:329,2
DA:330,2
DA:331,2
DA:332,8
DA:333,2
DA:335,2
DA:336,2
DA:338,2
DA:339,2
DA:341,2
DA:342,2
DA:347,2
DA:348,2
DA:350,4
DA:351,4
DA:352,40
DA:353,40
DA:356,0
DA:358,4
DA:359,4
DA:361,4
DA:364,2
DA:378,2
DA:379,2
DA:388,2
DA:390,2
DA:391,6
DA:393,6
DA:394,30
DA:395,6
DA:397,6
DA:398,6
DA:400,6
DA:401,6
DA:402,0
DA:404,0
DA:405,0
DA:406,0
DA:407,0
DA:408,0
DA:410,0
DA:411,0
DA:413,0
DA:414,0
DA:415,0
DA:417,0
DA:418,0
DA:419,0
DA:425,0
DA:426,0
DA:427,6
DA:429,6
DA:430,6
DA:435,2
DA:437,2
LF:311
LH:250
BRDA:2,0,0,2
BRDA:2,0,1,2
BRDA:2,0,2,2
BRDA:3,1,0,8
BRDA:3,1,1,32
BRDA:4,2,0,99
BRDA:4,2,1,99
BRDA:7,3,0,99
BRDA:7,3,1,40
BRDA:8,4,0,99
BRDA:8,4,1,99
BRDA:11,5,0,2
BRDA:11,5,1,2
BRDA:11,5,2,2
BRDA:12,6,0,0
BRDA:12,6,1,40
BRDA:13,7,0,99
BRDA:13,7,1,99
BRDA:16,8,0,0
BRDA:16,8,1,139
BRDA:18,9,0,0
BRDA:18,9,1,284
BRDA:18,10,0,284
BRDA:18,10,1,0
BRDA:18,10,2,0
BRDA:18,11,0,0
BRDA:18,11,1,0
BRDA:18,12,0,0
BRDA:18,12,1,0
BRDA:18,13,0,0
BRDA:18,13,1,0
BRDA:18,14,0,0
BRDA:18,14,1,0
BRDA:19,15,0,0
BRDA:19,15,1,284
BRDA:20,16,0,139
BRDA:20,16,1,139
BRDA:20,16,2,40
BRDA:20,16,3,0
BRDA:20,16,4,0
BRDA:20,16,5,105
BRDA:26,17,0,99
BRDA:26,17,1,6
BRDA:26,18,0,105
BRDA:26,18,1,105
BRDA:26,18,2,105
BRDA:26,19,0,105
BRDA:26,19,1,0
BRDA:27,20,0,6
BRDA:27,20,1,0
BRDA:27,21,0,6
BRDA:27,21,1,6
BRDA:27,21,2,0
BRDA:27,21,3,0
BRDA:28,22,0,0
BRDA:28,22,1,0
BRDA:28,23,0,0
BRDA:28,23,1,0
BRDA:29,24,0,0
BRDA:29,24,1,0
BRDA:29,25,0,0
BRDA:29,25,1,0
BRDA:30,26,0,0
BRDA:30,26,1,0
BRDA:35,27,0,0
BRDA:35,27,1,99
BRDA:35,28,0,99
BRDA:35,28,1,0
BRDA:38,29,0,2
BRDA:38,29,1,2
BRDA:38,29,2,2
BRDA:39,30,0,4
BRDA:39,30,1,4
BRDA:39,31,0,4
BRDA:39,31,1,4
BRDA:40,32,0,4
BRDA:40,32,1,0
BRDA:41,33,0,0
BRDA:41,33,1,0
BRDA:41,34,0,0
BRDA:41,34,1,0
BRDA:43,35,0,0
BRDA:43,35,1,0
BRDA:43,36,0,0
BRDA:43,36,1,0
BRDA:44,37,0,0
BRDA:44,37,1,0
BRDA:47,38,0,0
BRDA:47,38,1,0
BRDA:65,39,0,1
BRDA:65,39,1,1
BRDA:65,39,2,1
BRDA:67,40,0,0
BRDA:67,40,1,1
BRDA:84,41,0,0
BRDA:84,41,1,1
BRDA:84,42,0,1
BRDA:84,42,1,0
BRDA:85,43,0,0
BRDA:85,43,1,0
BRDA:93,44,0,45
BRDA:93,44,1,3
BRDA:93,44,2,3
BRDA:96,45,0,42
BRDA:96,45,1,3
BRDA:111,46,0,11
BRDA:111,46,1,0
BRDA:120,47,0,41
BRDA:120,47,1,4
BRDA:123,48,0,4
BRDA:123,48,1,1
BRDA:124,49,0,0
BRDA:124,49,1,4
BRDA:127,50,0,0
BRDA:127,50,1,4
BRDA:127,51,0,4
BRDA:127,51,1,0
BRDA:137,52,0,41
BRDA:137,52,1,4
BRDA:144,53,0,11
BRDA:144,53,1,0
BRDA:146,54,0,0
BRDA:146,54,1,0
BRDA:153,55,0,40
BRDA:153,55,1,5
BRDA:156,56,0,5
BRDA:156,56,1,2
BRDA:160,57,0,1
BRDA:160,57,1,4
BRDA:166,58,0,1
BRDA:166,58,1,4
BRDA:166,59,0,5
BRDA:166,59,1,1
BRDA:168,60,0,1
BRDA:168,60,1,4
BRDA:172,61,0,1
BRDA:172,61,1,4
BRDA:182,62,0,11
BRDA:182,62,1,0
BRDA:184,63,0,0
BRDA:184,63,1,0
BRDA:197,64,0,41
BRDA:197,64,1,4
BRDA:204,65,0,41
BRDA:204,65,1,4
BRDA:206,66,0,4
BRDA:206,66,1,2
BRDA:207,67,0,1
BRDA:207,67,1,3
BRDA:209,68,0,1
BRDA:209,68,1,0
BRDA:219,69,0,45
BRDA:219,69,1,4
BRDA:219,69,2,4
BRDA:222,70,0,41
BRDA:222,70,1,4
BRDA:232,71,0,0
BRDA:232,71,1,4
BRDA:243,72,0,41
BRDA:243,72,1,4
BRDA:250,73,0,41
BRDA:250,73,1,4
BRDA:255,74,0,4
BRDA:255,74,1,2
BRDA:256,75,0,1
BRDA:256,75,1,3
BRDA:262,76,0,41
BRDA:262,76,1,4
BRDA:270,77,0,11
BRDA:270,77,1,0
BRDA:272,78,0,0
BRDA:272,78,1,0
BRDA:279,79,0,3
BRDA:279,79,1,8
BRDA:279,80,0,11
BRDA:279,80,1,10
BRDA:286,81,0,41
BRDA:286,81,1,4
BRDA:295,82,0,11
BRDA:295,82,1,0
BRDA:297,83,0,0
BRDA:297,83,1,0
BRDA:304,84,0,44
BRDA:304,84,1,1
BRDA:311,85,0,11
BRDA:311,85,1,0
BRDA:313,86,0,0
BRDA:313,86,1,0
BRDA:320,87,0,10
BRDA:320,87,1,1
BRDA:332,88,0,2
BRDA:332,88,1,2
BRDA:332,88,2,2
BRDA:332,88,3,2
BRDA:359,89,0,0
BRDA:359,89,1,4
BRDA:359,90,0,4
BRDA:359,90,1,4
BRDA:359,90,2,0
BRDA:361,91,0,0
BRDA:361,91,1,4
BRDA:394,92,0,6
BRDA:394,92,1,6
BRDA:394,92,2,6
BRDA:394,92,3,0
BRDA:394,92,4,0
BRDA:394,92,5,0
BRDA:394,92,6,0
BRDA:394,92,7,0
BRDA:394,92,8,0
BRDA:394,92,9,0
BRDA:394,92,10,6
BRDA:394,92,11,6
BRDA:401,93,0,6
BRDA:401,93,1,0
BRDA:401,94,0,6
BRDA:401,94,1,6
BRDA:407,95,0,0
BRDA:407,95,1,0
BRF:219
BRH:135
end_of_record
TN:
SF:src\plugins\range-slider-fox\mvc\model\model.ts
FN:2,(anonymous_0)
FN:3,(anonymous_1)
FN:5,(anonymous_2)
FN:6,(anonymous_3)
FN:9,(anonymous_4)
FN:13,__
FN:17,(anonymous_6)
FN:18,(anonymous_7)
FN:28,(anonymous_8)
FN:29,adopt
FN:29,(anonymous_10)
FN:30,(anonymous_11)
FN:31,fulfilled
FN:32,rejected
FN:33,step
FN:37,(anonymous_15)
FN:38,(anonymous_16)
FN:39,(anonymous_17)
FN:40,verb
FN:40,(anonymous_19)
FN:41,step
FN:64,(anonymous_21)
FN:80,(anonymous_22)
FN:85,(anonymous_23)
FN:89,(anonymous_24)
FN:99,(anonymous_25)
FN:101,Model
FN:107,(anonymous_27)
FN:112,(anonymous_28)
FN:117,(anonymous_29)
FN:124,(anonymous_30)
FN:127,(anonymous_31)
FN:145,(anonymous_32)
FN:169,(anonymous_33)
FN:213,(anonymous_34)
FN:223,(anonymous_35)
FN:248,(anonymous_36)
FN:295,(anonymous_37)
FN:296,(anonymous_38)
FN:297,(anonymous_39)
FN:340,(anonymous_40)
FN:344,(anonymous_41)
FN:347,(anonymous_42)
FN:350,(anonymous_43)
FN:355,(anonymous_44)
FN:360,(anonymous_45)
FN:363,(anonymous_46)
FN:441,(anonymous_47)
FN:457,(anonymous_48)
FN:461,(anonymous_49)
FN:466,(anonymous_50)
FN:485,(anonymous_51)
FN:497,(anonymous_52)
FN:508,(anonymous_53)
FN:524,(anonymous_54)
FN:534,(anonymous_55)
FN:538,(anonymous_56)
FN:559,(anonymous_57)
FN:581,(anonymous_58)
FN:616,(anonymous_59)
FN:643,(anonymous_60)
FN:645,(anonymous_61)
FN:645,(anonymous_62)
FN:648,(anonymous_63)
FN:651,(anonymous_64)
FN:674,(anonymous_65)
FN:677,(anonymous_66)
FN:680,(anonymous_67)
FN:706,(anonymous_68)
FN:709,(anonymous_69)
FN:719,(anonymous_70)
FN:766,(anonymous_71)
FN:783,(anonymous_72)
FN:801,(anonymous_73)
FN:877,(anonymous_74)
FN:894,(anonymous_75)
FN:941,(anonymous_76)
FN:957,(anonymous_77)
FN:975,(anonymous_78)
FN:1025,(anonymous_79)
FN:1039,(anonymous_80)
FN:1053,(anonymous_81)
FN:1056,(anonymous_82)
FN:1076,(anonymous_83)
FN:1079,(anonymous_84)
FNF:85
FNH:61
FNDA:3,(anonymous_0)
FNDA:3,(anonymous_1)
FNDA:0,(anonymous_2)
FNDA:0,(anonymous_3)
FNDA:3,(anonymous_4)
FNDA:3,__
FNDA:2,(anonymous_6)
FNDA:0,(anonymous_7)
FNDA:15,(anonymous_8)
FNDA:114,adopt
FNDA:108,(anonymous_10)
FNDA:15,(anonymous_11)
FNDA:114,fulfilled
FNDA:0,rejected
FNDA:129,step
FNDA:15,(anonymous_15)
FNDA:114,(anonymous_16)
FNDA:0,(anonymous_17)
FNDA:45,verb
FNDA:129,(anonymous_19)
FNDA:129,step
FNDA:1,(anonymous_21)
FNDA:2,(anonymous_22)
FNDA:101,(anonymous_23)
FNDA:0,(anonymous_24)
FNDA:3,(anonymous_25)
FNDA:6,Model
FNDA:0,(anonymous_27)
FNDA:0,(anonymous_28)
FNDA:0,(anonymous_29)
FNDA:0,(anonymous_30)
FNDA:0,(anonymous_31)
FNDA:0,(anonymous_32)
FNDA:0,(anonymous_33)
FNDA:1,(anonymous_34)
FNDA:21,(anonymous_35)
FNDA:2,(anonymous_36)
FNDA:9,(anonymous_37)
FNDA:9,(anonymous_38)
FNDA:99,(anonymous_39)
FNDA:4,(anonymous_40)
FNDA:0,(anonymous_41)
FNDA:0,(anonymous_42)
FNDA:5,(anonymous_43)
FNDA:1,(anonymous_44)
FNDA:12,(anonymous_45)
FNDA:0,(anonymous_46)
FNDA:8,(anonymous_47)
FNDA:1,(anonymous_48)
FNDA:33,(anonymous_49)
FNDA:35,(anonymous_50)
FNDA:5,(anonymous_51)
FNDA:0,(anonymous_52)
FNDA:5,(anonymous_53)
FNDA:0,(anonymous_54)
FNDA:0,(anonymous_55)
FNDA:0,(anonymous_56)
FNDA:0,(anonymous_57)
FNDA:0,(anonymous_58)
FNDA:6,(anonymous_59)
FNDA:6,(anonymous_60)
FNDA:6,(anonymous_61)
FNDA:6,(anonymous_62)
FNDA:30,(anonymous_63)
FNDA:1,(anonymous_64)
FNDA:42,(anonymous_65)
FNDA:42,(anonymous_66)
FNDA:97,(anonymous_67)
FNDA:139,(anonymous_68)
FNDA:104,(anonymous_69)
FNDA:9,(anonymous_70)
FNDA:9,(anonymous_71)
FNDA:21,(anonymous_72)
FNDA:16,(anonymous_73)
FNDA:9,(anonymous_74)
FNDA:9,(anonymous_75)
FNDA:9,(anonymous_76)
FNDA:9,(anonymous_77)
FNDA:9,(anonymous_78)
FNDA:9,(anonymous_79)
FNDA:9,(anonymous_80)
FNDA:5,(anonymous_81)
FNDA:0,(anonymous_82)
FNDA:0,(anonymous_83)
FNDA:1,(anonymous_84)
DA:2,3
DA:3,3
DA:4,3
DA:5,0
DA:6,0
DA:7,3
DA:9,3
DA:10,3
DA:11,0
DA:12,3
DA:13,3
DA:14,3
DA:17,3
DA:18,2
DA:19,0
DA:20,0
DA:21,0
DA:22,0
DA:24,0
DA:26,2
DA:28,3
DA:29,114
DA:30,15
DA:31,114
DA:32,0
DA:33,129
DA:34,15
DA:37,3
DA:38,114
DA:39,15
DA:40,129
DA:42,129
DA:43,258
DA:44,258
DA:45,258
DA:46,258
DA:47,129
DA:48,114
DA:49,0
DA:50,0
DA:52,15
DA:53,0
DA:54,0
DA:55,0
DA:56,0
DA:57,0
DA:59,129
DA:60,258
DA:61,15
DA:64,3
DA:65,1
DA:66,1
DA:67,1
DA:68,1
DA:69,1
DA:71,0
DA:73,1
DA:74,1
DA:76,1
DA:78,1
DA:80,3
DA:81,2
DA:82,2
DA:83,2
DA:85,3
DA:86,101
DA:87,101
DA:88,0
DA:90,0
DA:91,0
DA:94,0
DA:96,3
DA:97,3
DA:98,3
DA:99,3
DA:100,3
DA:102,6
DA:103,6
DA:104,6
DA:105,6
DA:106,6
DA:107,6
DA:108,0
DA:109,0
DA:110,0
DA:112,6
DA:113,0
DA:114,0
DA:115,0
DA:117,6
DA:118,0
DA:119,0
DA:120,0
DA:121,0
DA:122,0
DA:124,6
DA:125,0
DA:126,0
DA:127,0
DA:128,0
DA:129,0
DA:130,0
DA:132,0
DA:133,0
DA:134,0
DA:136,0
DA:139,0
DA:140,0
DA:142,0
DA:145,6
DA:146,0
DA:147,0
DA:148,0
DA:149,0
DA:151,0
DA:152,0
DA:154,0
DA:155,0
DA:156,0
DA:157,0
DA:160,0
DA:162,0
DA:169,6
DA:170,0
DA:171,0
DA:172,0
DA:173,0
DA:174,0
DA:175,0
DA:176,0
DA:177,0
DA:178,0
DA:181,0
DA:183,0
DA:184,0
DA:185,0
DA:187,0
DA:188,0
DA:189,0
DA:191,0
DA:192,0
DA:193,0
DA:194,0
DA:195,0
DA:198,0
DA:199,0
DA:201,0
DA:202,0
DA:204,0
DA:205,0
DA:207,0
DA:213,6
DA:215,1
DA:216,1
DA:217,1
DA:218,1
DA:220,6
DA:221,6
DA:223,3
DA:224,21
DA:248,3
DA:250,2
DA:251,2
DA:252,2
DA:253,2
DA:254,42
DA:255,42
DA:256,42
DA:259,0
DA:261,2
DA:262,2
DA:264,2
DA:266,2
DA:279,2
DA:280,2
DA:281,22
DA:282,22
DA:285,0
DA:287,2
DA:288,2
DA:290,2
DA:292,2
DA:293,2
DA:295,3
DA:296,9
DA:297,9
DA:298,99
DA:300,9
DA:301,9
DA:303,9
DA:304,9
DA:306,9
DA:307,9
DA:309,9
DA:310,9
DA:312,9
DA:313,9
DA:315,9
DA:316,9
DA:318,9
DA:319,9
DA:321,9
DA:322,9
DA:324,9
DA:325,9
DA:327,9
DA:328,9
DA:330,9
DA:331,9
DA:332,3
DA:333,9
DA:334,9
DA:335,9
DA:340,3
DA:341,4
DA:344,3
DA:345,0
DA:347,3
DA:348,0
DA:350,3
DA:351,5
DA:352,5
DA:353,5
DA:355,3
DA:356,1
DA:357,1
DA:358,1
DA:360,3
DA:361,12
DA:363,3
DA:364,0
DA:365,0
DA:366,0
DA:367,0
DA:368,0
DA:374,0
DA:375,0
DA:376,0
DA:377,0
DA:378,0
DA:379,0
DA:380,0
DA:381,0
DA:382,0
DA:384,0
DA:386,0
DA:387,0
DA:388,0
DA:391,0
DA:392,0
DA:397,0
DA:398,0
DA:400,0
DA:401,0
DA:402,0
DA:406,0
DA:407,0
DA:409,0
DA:410,0
DA:412,0
DA:413,0
DA:414,0
DA:415,0
DA:416,0
DA:418,0
DA:419,0
DA:420,0
DA:421,0
DA:422,0
DA:423,0
DA:424,0
DA:425,0
DA:426,0
DA:427,0
DA:428,0
DA:429,0
DA:430,0
DA:431,0
DA:432,0
DA:433,0
DA:435,0
DA:439,0
DA:441,3
DA:442,8
DA:443,7
DA:444,1
DA:445,1
DA:446,1
DA:447,1
DA:448,920
DA:449,229
DA:450,229
DA:453,1
DA:454,1
DA:455,1
DA:457,3
DA:458,1
DA:459,1
DA:460,1
DA:461,1
DA:462,33
DA:463,33
DA:464,33
DA:466,1
DA:467,35
DA:468,35
DA:470,1
DA:471,1
DA:472,1
DA:473,1
DA:474,1
DA:475,32
DA:476,32
DA:478,1
DA:479,1
DA:485,3
DA:486,5
DA:487,5
DA:488,5
DA:489,2
DA:490,2
DA:493,3
DA:495,5
DA:497,3
DA:498,0
DA:499,0
DA:500,0
DA:501,0
DA:502,0
DA:506,0
DA:508,3
DA:509,5
DA:510,5
DA:511,0
DA:512,0
DA:513,0
DA:515,0
DA:521,0
DA:522,0
DA:524,3
DA:525,0
DA:526,0
DA:527,0
DA:528,0
DA:529,0
DA:530,0
DA:531,0
DA:532,0
DA:533,0
DA:534,0
DA:535,0
DA:536,0
DA:538,0
DA:539,0
DA:540,0
DA:541,0
DA:542,0
DA:543,0
DA:545,0
DA:546,0
DA:547,0
DA:548,0
DA:551,0
DA:552,0
DA:553,0
DA:554,0
DA:557,0
DA:559,0
DA:560,0
DA:561,0
DA:562,0
DA:564,0
DA:565,0
DA:566,0
DA:567,0
DA:570,0
DA:572,0
DA:573,0
DA:574,0
DA:575,0
DA:576,0
DA:577,0
DA:581,0
DA:582,0
DA:583,0
DA:586,0
DA:588,0
DA:589,0
DA:590,0
DA:591,0
DA:592,0
DA:595,0
DA:596,0
DA:597,0
DA:599,0
DA:600,0
DA:602,0
DA:604,0
DA:605,0
DA:608,0
DA:611,0
DA:616,3
DA:617,6
DA:618,6
DA:619,6
DA:643,3
DA:644,6
DA:645,6
DA:648,6
DA:649,30
DA:651,6
DA:652,6
DA:653,6
DA:654,6
DA:655,6
DA:656,6
DA:658,6
DA:659,6
DA:660,6
DA:662,6
DA:663,6
DA:665,6
DA:666,6
DA:668,6
DA:669,6
DA:674,3
DA:675,42
DA:677,3
DA:678,42
DA:680,3
DA:683,97
DA:684,97
DA:685,97
DA:686,97
DA:687,128
DA:688,128
DA:689,128
DA:690,73
DA:691,73
DA:695,0
DA:697,97
DA:698,97
DA:700,97
DA:702,97
DA:703,24
DA:704,73
DA:706,3
DA:707,139
DA:709,3
DA:710,104
DA:711,104
DA:712,104
DA:713,104
DA:714,104
DA:715,0
DA:717,104
DA:719,3
DA:720,9
DA:721,9
DA:722,2
DA:723,7
DA:724,7
DA:725,7
DA:726,7
DA:727,0
DA:728,7
DA:729,7
DA:730,0
DA:731,7
DA:732,0
DA:733,7
DA:734,0
DA:735,0
DA:736,0
DA:739,7
DA:740,7
DA:741,7
DA:742,7
DA:743,0
DA:744,7
DA:745,0
DA:746,7
DA:747,0
DA:748,7
DA:749,0
DA:750,7
DA:756,7
DA:757,7
DA:762,7
DA:764,0
DA:766,3
DA:767,9
DA:768,9
DA:769,9
DA:770,2
DA:771,7
DA:772,7
DA:773,7
DA:774,7
DA:775,7
DA:776,0
DA:777,7
DA:778,7
DA:779,0
DA:780,7
DA:781,7
DA:782,0
DA:783,7
DA:784,21
DA:785,0
DA:786,21
DA:787,0
DA:788,21
DA:790,7
DA:791,7
DA:792,7
DA:793,7
DA:799,7
DA:801,3
DA:803,16
DA:804,16
DA:805,6
DA:806,10
DA:807,10
DA:808,10
DA:810,10
DA:811,0
DA:812,10
DA:813,0
DA:814,10
DA:815,9
DA:818,1
DA:819,1
DA:822,0
DA:824,10
DA:825,10
DA:826,0
DA:827,10
DA:828,10
DA:831,0
DA:832,0
DA:833,0
DA:834,0
DA:836,10
DA:838,3
DA:839,3
DA:840,0
DA:841,3
DA:842,0
DA:843,0
DA:844,0
DA:846,3
DA:847,3
DA:850,0
DA:854,7
DA:855,7
DA:858,0
DA:861,10
DA:862,0
DA:863,0
DA:864,0
DA:865,0
DA:867,10
DA:873,10
DA:874,0
DA:875,10
DA:877,3
DA:878,9
DA:879,9
DA:880,2
DA:881,0
DA:882,2
DA:884,7
DA:885,6
DA:887,1
DA:888,7
DA:892,7
DA:894,3
DA:896,9
DA:897,9
DA:898,2
DA:899,7
DA:900,7
DA:901,7
DA:902,7
DA:903,7
DA:904,7
DA:905,7
DA:906,0
DA:907,7
DA:908,7
DA:909,7
DA:910,7
DA:911,7
DA:912,0
DA:914,7
DA:915,6
DA:917,7
DA:918,0
DA:920,7
DA:921,7
DA:922,7
DA:923,7
DA:924,6
DA:925,0
DA:926,0
DA:932,7
DA:939,7
DA:941,3
DA:942,9
DA:943,9
DA:944,2
DA:945,7
DA:946,7
DA:947,7
DA:950,0
DA:951,7
DA:955,7
DA:957,3
DA:958,9
DA:959,9
DA:960,2
DA:961,7
DA:962,7
DA:963,7
DA:966,0
DA:969,7
DA:973,7
DA:975,3
DA:976,9
DA:977,9
DA:978,2
DA:979,7
DA:980,7
DA:981,7
DA:982,7
DA:983,7
DA:984,7
DA:985,7
DA:988,0
DA:990,7
DA:991,7
DA:992,7
DA:995,0
DA:997,7
DA:998,7
DA:999,7
DA:1002,0
DA:1004,7
DA:1005,7
DA:1006,7
DA:1009,0
DA:1011,7
DA:1023,7
DA:1025,3
DA:1026,9
DA:1027,9
DA:1028,2
DA:1029,0
DA:1030,2
DA:1032,7
DA:1033,7
DA:1037,7
DA:1039,3
DA:1040,9
DA:1041,9
DA:1042,2
DA:1043,0
DA:1044,2
DA:1046,7
DA:1047,7
DA:1051,7
DA:1053,3
DA:1054,5
DA:1056,3
DA:1057,0
DA:1058,0
DA:1059,0
DA:1060,0
DA:1061,0
DA:1062,0
DA:1065,0
DA:1067,0
DA:1068,0
DA:1069,0
DA:1072,0
DA:1074,0
DA:1076,3
DA:1077,0
DA:1079,3
DA:1080,1
DA:1081,1
DA:1082,1
DA:1083,0
DA:1084,0
DA:1087,1
DA:1088,1
DA:1090,1
DA:1092,3
DA:1094,3
LF:700
LH:420
BRDA:2,0,0,3
BRDA:2,0,1,3
BRDA:2,0,2,3
BRDA:4,1,0,3
BRDA:4,1,1,0
BRDA:4,1,2,0
BRDA:4,1,3,0
BRDA:6,2,0,0
BRDA:6,2,1,0
BRDA:10,3,0,0
BRDA:10,3,1,3
BRDA:10,4,0,3
BRDA:10,4,1,0
BRDA:14,5,0,0
BRDA:14,5,1,3
BRDA:17,6,0,3
BRDA:17,6,1,3
BRDA:17,6,2,3
BRDA:18,7,0,2
BRDA:18,7,1,0
BRDA:21,8,0,0
BRDA:21,8,1,0
BRDA:28,9,0,3
BRDA:28,9,1,3
BRDA:28,9,2,3
BRDA:29,10,0,6
BRDA:29,10,1,108
BRDA:30,11,0,15
BRDA:30,11,1,15
BRDA:33,12,0,15
BRDA:33,12,1,114
BRDA:34,13,0,15
BRDA:34,13,1,15
BRDA:37,14,0,3
BRDA:37,14,1,3
BRDA:37,14,2,3
BRDA:38,15,0,0
BRDA:38,15,1,114
BRDA:39,16,0,15
BRDA:39,16,1,15
BRDA:42,17,0,0
BRDA:42,17,1,129
BRDA:44,18,0,0
BRDA:44,18,1,258
BRDA:44,19,0,258
BRDA:44,19,1,0
BRDA:44,19,2,0
BRDA:44,20,0,0
BRDA:44,20,1,0
BRDA:44,21,0,0
BRDA:44,21,1,0
BRDA:44,22,0,0
BRDA:44,22,1,0
BRDA:44,23,0,0
BRDA:44,23,1,0
BRDA:45,24,0,0
BRDA:45,24,1,258
BRDA:46,25,0,129
BRDA:46,25,1,129
BRDA:46,25,2,114
BRDA:46,25,3,0
BRDA:46,25,4,0
BRDA:46,25,5,15
BRDA:52,26,0,15
BRDA:52,26,1,0
BRDA:52,27,0,15
BRDA:52,27,1,15
BRDA:52,27,2,15
BRDA:52,28,0,15
BRDA:52,28,1,0
BRDA:53,29,0,0
BRDA:53,29,1,0
BRDA:53,30,0,0
BRDA:53,30,1,0
BRDA:53,30,2,0
BRDA:53,30,3,0
BRDA:54,31,0,0
BRDA:54,31,1,0
BRDA:54,32,0,0
BRDA:54,32,1,0
BRDA:55,33,0,0
BRDA:55,33,1,0
BRDA:55,34,0,0
BRDA:55,34,1,0
BRDA:56,35,0,0
BRDA:56,35,1,0
BRDA:61,36,0,0
BRDA:61,36,1,15
BRDA:61,37,0,15
BRDA:61,37,1,0
BRDA:64,38,0,3
BRDA:64,38,1,3
BRDA:64,38,2,3
BRDA:65,39,0,1
BRDA:65,39,1,1
BRDA:66,40,0,0
BRDA:66,40,1,1
BRDA:69,41,0,2
BRDA:69,41,1,0
BRDA:69,41,2,2
BRDA:74,42,0,0
BRDA:74,42,1,1
BRDA:74,43,0,1
BRDA:74,43,1,1
BRDA:74,43,2,0
BRDA:76,44,0,0
BRDA:76,44,1,1
BRDA:80,45,0,3
BRDA:80,45,1,3
BRDA:80,45,2,3
BRDA:85,46,0,3
BRDA:85,46,1,3
BRDA:85,46,2,3
BRDA:86,47,0,101
BRDA:86,47,1,101
BRDA:86,48,0,101
BRDA:86,48,1,101
BRDA:87,49,0,101
BRDA:87,49,1,0
BRDA:88,50,0,0
BRDA:88,50,1,0
BRDA:88,51,0,0
BRDA:88,51,1,0
BRDA:90,52,0,0
BRDA:90,52,1,0
BRDA:90,53,0,0
BRDA:90,53,1,0
BRDA:91,54,0,0
BRDA:91,54,1,0
BRDA:94,55,0,0
BRDA:94,55,1,0
BRDA:102,56,0,6
BRDA:102,56,1,6
BRDA:132,57,0,0
BRDA:132,57,1,0
BRDA:133,58,0,0
BRDA:133,58,1,0
BRDA:139,59,0,0
BRDA:139,59,1,0
BRDA:148,60,0,0
BRDA:148,60,1,0
BRDA:151,61,0,0
BRDA:151,61,1,0
BRDA:154,62,0,0
BRDA:154,62,1,0
BRDA:157,63,0,0
BRDA:157,63,1,0
BRDA:177,64,0,0
BRDA:177,64,1,0
BRDA:183,65,0,0
BRDA:183,65,1,0
BRDA:187,66,0,0
BRDA:187,66,1,0
BRDA:191,67,0,0
BRDA:191,67,1,0
BRDA:194,68,0,0
BRDA:194,68,1,0
BRDA:195,69,0,0
BRDA:195,69,1,0
BRDA:201,70,0,0
BRDA:201,70,1,0
BRDA:204,71,0,0
BRDA:204,71,1,0
BRDA:262,72,0,0
BRDA:262,72,1,2
BRDA:262,73,0,2
BRDA:262,73,1,2
BRDA:262,73,2,0
BRDA:264,74,0,0
BRDA:264,74,1,2
BRDA:288,75,0,0
BRDA:288,75,1,2
BRDA:288,76,0,2
BRDA:288,76,1,2
BRDA:288,76,2,0
BRDA:290,77,0,0
BRDA:290,77,1,2
BRDA:292,78,0,2
BRDA:292,78,1,0
BRDA:298,79,0,9
BRDA:298,79,1,9
BRDA:298,79,2,9
BRDA:298,79,3,9
BRDA:298,79,4,9
BRDA:298,79,5,9
BRDA:298,79,6,9
BRDA:298,79,7,9
BRDA:298,79,8,9
BRDA:298,79,9,9
BRDA:298,79,10,9
BRDA:331,80,0,3
BRDA:331,80,1,6
BRDA:375,81,0,0
BRDA:375,81,1,0
BRDA:377,82,0,0
BRDA:377,82,1,0
BRDA:380,83,0,0
BRDA:380,83,1,0
BRDA:384,84,0,0
BRDA:384,84,1,0
BRDA:386,85,0,0
BRDA:386,85,1,0
BRDA:397,86,0,0
BRDA:397,86,1,0
BRDA:406,87,0,0
BRDA:406,87,1,0
BRDA:409,88,0,0
BRDA:409,88,1,0
BRDA:412,89,0,0
BRDA:412,89,1,0
BRDA:412,90,0,0
BRDA:412,90,1,0
BRDA:413,91,0,0
BRDA:413,91,1,0
BRDA:415,92,0,0
BRDA:415,92,1,0
BRDA:415,93,0,0
BRDA:415,93,1,0
BRDA:419,94,0,0
BRDA:419,94,1,0
BRDA:419,95,0,0
BRDA:419,95,1,0
BRDA:421,96,0,0
BRDA:421,96,1,0
BRDA:421,97,0,0
BRDA:421,97,1,0
BRDA:423,98,0,0
BRDA:423,98,1,0
BRDA:423,99,0,0
BRDA:423,99,1,0
BRDA:425,100,0,0
BRDA:425,100,1,0
BRDA:425,101,0,0
BRDA:425,101,1,0
BRDA:427,102,0,0
BRDA:427,102,1,0
BRDA:429,103,0,0
BRDA:429,103,1,0
BRDA:430,104,0,0
BRDA:430,104,1,0
BRDA:432,105,0,0
BRDA:432,105,1,0
BRDA:432,106,0,0
BRDA:432,106,1,0
BRDA:442,107,0,7
BRDA:442,107,1,1
BRDA:448,108,0,229
BRDA:448,108,1,691
BRDA:488,109,0,2
BRDA:488,109,1,3
BRDA:500,110,0,0
BRDA:500,110,1,0
BRDA:502,111,0,0
BRDA:502,111,1,0
BRDA:503,112,0,0
BRDA:503,112,1,0
BRDA:509,113,0,5
BRDA:509,113,1,0
BRDA:512,114,0,0
BRDA:512,114,1,0
BRDA:531,115,0,0
BRDA:531,115,1,0
BRDA:532,116,0,0
BRDA:532,116,1,0
BRDA:532,117,0,0
BRDA:532,117,1,0
BRDA:532,117,2,0
BRDA:535,118,0,0
BRDA:535,118,1,0
BRDA:536,119,0,0
BRDA:536,119,1,0
BRDA:539,120,0,0
BRDA:539,120,1,0
BRDA:539,121,0,0
BRDA:539,121,1,0
BRDA:540,122,0,0
BRDA:540,122,1,0
BRDA:540,123,0,0
BRDA:540,123,1,0
BRDA:540,123,2,0
BRDA:545,124,0,0
BRDA:545,124,1,0
BRDA:546,125,0,0
BRDA:546,125,1,0
BRDA:551,126,0,0
BRDA:551,126,1,0
BRDA:552,127,0,0
BRDA:552,127,1,0
BRDA:560,128,0,0
BRDA:560,128,1,0
BRDA:560,129,0,0
BRDA:560,129,1,0
BRDA:564,130,0,0
BRDA:564,130,1,0
BRDA:565,131,0,0
BRDA:565,131,1,0
BRDA:574,132,0,0
BRDA:574,132,1,0
BRDA:576,133,0,0
BRDA:576,133,1,0
BRDA:582,134,0,0
BRDA:582,134,1,0
BRDA:583,135,0,0
BRDA:583,135,1,0
BRDA:586,136,0,0
BRDA:586,136,1,0
BRDA:588,137,0,0
BRDA:588,137,1,0
BRDA:589,138,0,0
BRDA:589,138,1,0
BRDA:589,139,0,0
BRDA:589,139,1,0
BRDA:591,140,0,0
BRDA:591,140,1,0
BRDA:591,141,0,0
BRDA:591,141,1,0
BRDA:595,142,0,0
BRDA:595,142,1,0
BRDA:596,143,0,0
BRDA:596,143,1,0
BRDA:596,144,0,0
BRDA:596,144,1,0
BRDA:599,145,0,0
BRDA:599,145,1,0
BRDA:599,146,0,0
BRDA:599,146,1,0
BRDA:602,147,0,0
BRDA:602,147,1,0
BRDA:604,148,0,0
BRDA:604,148,1,0
BRDA:649,149,0,6
BRDA:649,149,1,6
BRDA:649,149,2,6
BRDA:649,149,3,6
BRDA:649,149,4,6
BRDA:652,150,0,0
BRDA:652,150,1,6
BRDA:652,151,0,6
BRDA:652,151,1,6
BRDA:653,152,0,3
BRDA:653,152,1,3
BRDA:653,153,0,6
BRDA:653,153,1,6
BRDA:654,154,0,5
BRDA:654,154,1,1
BRDA:654,155,0,6
BRDA:654,155,1,6
BRDA:655,156,0,2
BRDA:655,156,1,4
BRDA:655,157,0,6
BRDA:655,157,1,6
BRDA:688,158,0,73
BRDA:688,158,1,55
BRDA:688,159,0,128
BRDA:688,159,1,128
BRDA:689,160,0,73
BRDA:689,160,1,55
BRDA:698,161,0,0
BRDA:698,161,1,97
BRDA:698,162,0,97
BRDA:698,162,1,97
BRDA:698,162,2,73
BRDA:700,163,0,0
BRDA:700,163,1,97
BRDA:702,164,0,24
BRDA:702,164,1,73
BRDA:707,165,0,139
BRDA:707,165,1,0
BRDA:707,166,0,139
BRDA:707,166,1,0
BRDA:707,167,0,139
BRDA:707,167,1,139
BRDA:713,168,0,20
BRDA:713,168,1,84
BRDA:713,169,0,20
BRDA:713,169,1,84
BRDA:713,170,0,104
BRDA:713,170,1,104
BRDA:714,171,0,0
BRDA:714,171,1,104
BRDA:715,172,0,0
BRDA:715,172,1,0
BRDA:721,173,0,2
BRDA:721,173,1,7
BRDA:726,174,0,0
BRDA:726,174,1,7
BRDA:729,175,0,0
BRDA:729,175,1,7
BRDA:731,176,0,0
BRDA:731,176,1,7
BRDA:731,177,0,7
BRDA:731,177,1,7
BRDA:733,178,0,0
BRDA:733,178,1,7
BRDA:739,179,0,7
BRDA:739,179,1,0
BRDA:739,180,0,7
BRDA:739,180,1,0
BRDA:742,181,0,0
BRDA:742,181,1,7
BRDA:744,182,0,0
BRDA:744,182,1,7
BRDA:746,183,0,0
BRDA:746,183,1,7
BRDA:748,184,0,0
BRDA:748,184,1,7
BRDA:756,185,0,7
BRDA:756,185,1,0
BRDA:769,186,0,2
BRDA:769,186,1,7
BRDA:775,187,0,0
BRDA:775,187,1,7
BRDA:778,188,0,0
BRDA:778,188,1,7
BRDA:781,189,0,0
BRDA:781,189,1,7
BRDA:784,190,0,0
BRDA:784,190,1,21
BRDA:786,191,0,0
BRDA:786,191,1,21
BRDA:804,192,0,6
BRDA:804,192,1,10
BRDA:810,193,0,0
BRDA:810,193,1,10
BRDA:812,194,0,0
BRDA:812,194,1,10
BRDA:814,195,0,9
BRDA:814,195,1,1
BRDA:814,196,0,10
BRDA:814,196,1,4
BRDA:818,197,0,1
BRDA:818,197,1,0
BRDA:825,198,0,0
BRDA:825,198,1,10
BRDA:827,199,0,10
BRDA:827,199,1,0
BRDA:827,200,0,10
BRDA:827,200,1,10
BRDA:831,201,0,0
BRDA:831,201,1,0
BRDA:833,202,0,0
BRDA:833,202,1,0
BRDA:836,203,0,3
BRDA:836,203,1,7
BRDA:839,204,0,0
BRDA:839,204,1,3
BRDA:841,205,0,0
BRDA:841,205,1,3
BRDA:846,206,0,3
BRDA:846,206,1,0
BRDA:854,207,0,7
BRDA:854,207,1,0
BRDA:854,208,0,7
BRDA:854,208,1,7
BRDA:855,209,0,1
BRDA:855,209,1,6
BRDA:855,210,0,7
BRDA:855,210,1,7
BRDA:858,211,0,0
BRDA:858,211,1,0
BRDA:858,212,0,0
BRDA:858,212,1,0
BRDA:861,213,0,0
BRDA:861,213,1,10
BRDA:861,214,0,10
BRDA:861,214,1,6
BRDA:862,215,0,0
BRDA:862,215,1,0
BRDA:862,216,0,0
BRDA:862,216,1,0
BRDA:864,217,0,0
BRDA:864,217,1,0
BRDA:873,218,0,0
BRDA:873,218,1,10
BRDA:873,219,0,10
BRDA:873,219,1,4
BRDA:879,220,0,2
BRDA:879,220,1,7
BRDA:880,221,0,0
BRDA:880,221,1,2
BRDA:884,222,0,6
BRDA:884,222,1,1
BRDA:897,223,0,2
BRDA:897,223,1,7
BRDA:903,224,0,7
BRDA:903,224,1,0
BRDA:903,225,0,7
BRDA:903,225,1,7
BRDA:905,226,0,0
BRDA:905,226,1,7
BRDA:905,227,0,7
BRDA:905,227,1,7
BRDA:907,228,0,7
BRDA:907,228,1,0
BRDA:907,229,0,7
BRDA:907,229,1,7
BRDA:908,230,0,7
BRDA:908,230,1,0
BRDA:908,231,0,7
BRDA:908,231,1,7
BRDA:909,232,0,7
BRDA:909,232,1,0
BRDA:909,233,0,7
BRDA:909,233,1,7
BRDA:911,234,0,0
BRDA:911,234,1,7
BRDA:914,235,0,6
BRDA:914,235,1,1
BRDA:914,236,0,7
BRDA:914,236,1,6
BRDA:917,237,0,0
BRDA:917,237,1,7
BRDA:917,238,0,7
BRDA:917,238,1,7
BRDA:923,239,0,6
BRDA:923,239,1,1
BRDA:924,240,0,0
BRDA:924,240,1,6
BRDA:943,241,0,2
BRDA:943,241,1,7
BRDA:946,242,0,7
BRDA:946,242,1,0
BRDA:946,243,0,7
BRDA:946,243,1,1
BRDA:959,244,0,2
BRDA:959,244,1,7
BRDA:962,245,0,7
BRDA:962,245,1,0
BRDA:977,246,0,2
BRDA:977,246,1,7
BRDA:984,247,0,7
BRDA:984,247,1,0
BRDA:991,248,0,7
BRDA:991,248,1,0
BRDA:998,249,0,7
BRDA:998,249,1,0
BRDA:1005,250,0,7
BRDA:1005,250,1,0
BRDA:1027,251,0,2
BRDA:1027,251,1,7
BRDA:1028,252,0,0
BRDA:1028,252,1,2
BRDA:1041,253,0,2
BRDA:1041,253,1,7
BRDA:1042,254,0,0
BRDA:1042,254,1,2
BRDA:1061,255,0,0
BRDA:1061,255,1,0
BRDA:1068,256,0,0
BRDA:1068,256,1,0
BRDA:1082,257,0,0
BRDA:1082,257,1,1
BRDA:1082,258,0,1
BRDA:1082,258,1,0
BRF:554
BRH:249
end_of_record
TN:
SF:src\plugins\range-slider-fox\mvc\view\view.ts
FN:2,(anonymous_0)
FN:3,(anonymous_1)
FN:5,(anonymous_2)
FN:6,(anonymous_3)
FN:9,(anonymous_4)
FN:13,__
FN:17,(anonymous_6)
FN:18,(anonymous_7)
FN:28,(anonymous_8)
FN:29,adopt
FN:29,(anonymous_10)
FN:30,(anonymous_11)
FN:31,fulfilled
FN:32,rejected
FN:33,step
FN:37,(anonymous_15)
FN:38,(anonymous_16)
FN:39,(anonymous_17)
FN:40,verb
FN:40,(anonymous_19)
FN:41,step
FN:64,(anonymous_21)
FN:68,(anonymous_22)
FN:82,(anonymous_23)
FN:84,View
FN:86,(anonymous_25)
FN:97,(anonymous_26)
FN:110,(anonymous_27)
FN:114,(anonymous_28)
FN:119,(anonymous_29)
FN:125,(anonymous_30)
FN:126,(anonymous_31)
FN:158,(anonymous_32)
FN:159,(anonymous_33)
FN:161,(anonymous_34)
FN:188,(anonymous_35)
FN:190,(anonymous_36)
FN:197,(anonymous_37)
FN:205,(anonymous_38)
FN:208,(anonymous_39)
FN:211,(anonymous_40)
FN:214,(anonymous_41)
FN:218,(anonymous_42)
FN:243,(anonymous_43)
FN:249,(anonymous_44)
FN:252,(anonymous_45)
FN:257,(anonymous_46)
FN:260,(anonymous_47)
FN:263,(anonymous_48)
FN:270,(anonymous_49)
FN:278,(anonymous_50)
FN:285,(anonymous_51)
FN:289,(anonymous_52)
FN:292,(anonymous_53)
FN:295,(anonymous_54)
FN:298,(anonymous_55)
FN:322,(anonymous_56)
FN:359,(anonymous_57)
FN:378,(anonymous_58)
FN:380,(anonymous_59)
FN:380,(anonymous_60)
FN:382,(anonymous_61)
FN:417,(anonymous_62)
FN:422,(anonymous_63)
FNF:64
FNH:53
FNDA:2,(anonymous_0)
FNDA:2,(anonymous_1)
FNDA:0,(anonymous_2)
FNDA:0,(anonymous_3)
FNDA:2,(anonymous_4)
FNDA:2,__
FNDA:1,(anonymous_6)
FNDA:0,(anonymous_7)
FNDA:6,(anonymous_8)
FNDA:36,adopt
FNDA:36,(anonymous_10)
FNDA:6,(anonymous_11)
FNDA:36,fulfilled
FNDA:0,rejected
FNDA:42,step
FNDA:6,(anonymous_15)
FNDA:36,(anonymous_16)
FNDA:0,(anonymous_17)
FNDA:18,verb
FNDA:42,(anonymous_19)
FNDA:42,step
FNDA:12,(anonymous_21)
FNDA:0,(anonymous_22)
FNDA:2,(anonymous_23)
FNDA:2,View
FNDA:1,(anonymous_25)
FNDA:5,(anonymous_26)
FNDA:3,(anonymous_27)
FNDA:4,(anonymous_28)
FNDA:4,(anonymous_29)
FNDA:2,(anonymous_30)
FNDA:10,(anonymous_31)
FNDA:4,(anonymous_32)
FNDA:4,(anonymous_33)
FNDA:24,(anonymous_34)
FNDA:2,(anonymous_35)
FNDA:0,(anonymous_36)
FNDA:4,(anonymous_37)
FNDA:5,(anonymous_38)
FNDA:5,(anonymous_39)
FNDA:1,(anonymous_40)
FNDA:5,(anonymous_41)
FNDA:4,(anonymous_42)
FNDA:1,(anonymous_43)
FNDA:0,(anonymous_44)
FNDA:6,(anonymous_45)
FNDA:0,(anonymous_46)
FNDA:6,(anonymous_47)
FNDA:6,(anonymous_48)
FNDA:0,(anonymous_49)
FNDA:4,(anonymous_50)
FNDA:5,(anonymous_51)
FNDA:1,(anonymous_52)
FNDA:1,(anonymous_53)
FNDA:1,(anonymous_54)
FNDA:2,(anonymous_55)
FNDA:36,(anonymous_56)
FNDA:0,(anonymous_57)
FNDA:2,(anonymous_58)
FNDA:2,(anonymous_59)
FNDA:2,(anonymous_60)
FNDA:18,(anonymous_61)
FNDA:2,(anonymous_62)
FNDA:10,(anonymous_63)
DA:2,2
DA:3,2
DA:4,2
DA:5,0
DA:6,0
DA:7,2
DA:9,2
DA:10,2
DA:11,0
DA:12,2
DA:13,2
DA:14,2
DA:17,2
DA:18,1
DA:19,0
DA:20,0
DA:21,0
DA:22,0
DA:24,0
DA:26,1
DA:28,2
DA:29,36
DA:30,6
DA:31,36
DA:32,0
DA:33,42
DA:34,6
DA:37,2
DA:38,36
DA:39,6
DA:40,42
DA:42,42
DA:43,84
DA:44,84
DA:45,84
DA:46,84
DA:47,42
DA:48,36
DA:49,0
DA:50,0
DA:52,6
DA:53,0
DA:54,0
DA:55,0
DA:56,0
DA:57,0
DA:59,42
DA:60,84
DA:61,6
DA:64,2
DA:65,12
DA:66,12
DA:67,0
DA:69,0
DA:70,0
DA:73,0
DA:75,2
DA:76,2
DA:77,2
DA:78,2
DA:79,2
DA:80,2
DA:81,2
DA:82,2
DA:83,2
DA:85,2
DA:86,2
DA:87,1
DA:88,1
DA:90,2
DA:91,2
DA:92,2
DA:93,2
DA:94,2
DA:95,2
DA:97,2
DA:98,5
DA:99,5
DA:100,5
DA:101,5
DA:102,5
DA:103,5
DA:104,5
DA:105,1
DA:107,5
DA:110,2
DA:111,3
DA:112,0
DA:114,2
DA:115,4
DA:116,4
DA:117,4
DA:119,2
DA:120,4
DA:123,4
DA:125,2
DA:126,2
DA:128,10
DA:129,10
DA:130,10
DA:131,12
DA:132,12
DA:135,0
DA:137,10
DA:138,10
DA:140,10
DA:142,10
DA:144,2
DA:148,2
DA:149,2
DA:150,2
DA:151,2
DA:152,2
DA:153,2
DA:154,2
DA:155,2
DA:156,2
DA:158,2
DA:159,4
DA:161,4
DA:162,24
DA:164,4
DA:165,4
DA:166,4
DA:167,4
DA:168,4
DA:170,4
DA:171,4
DA:173,4
DA:174,4
DA:176,4
DA:177,4
DA:179,4
DA:180,4
DA:182,4
DA:183,4
DA:188,2
DA:189,2
DA:190,2
DA:191,0
DA:197,2
DA:198,4
DA:199,2
DA:200,4
DA:201,4
DA:202,4
DA:205,2
DA:206,5
DA:208,2
DA:209,5
DA:211,2
DA:212,1
DA:214,2
DA:215,5
DA:218,2
DA:219,4
DA:220,4
DA:221,4
DA:222,4
DA:223,4
DA:226,0
DA:228,4
DA:229,4
DA:230,4
DA:231,1
DA:232,1
DA:236,0
DA:237,0
DA:238,0
DA:239,0
DA:243,2
DA:244,1
DA:245,1
DA:246,1
DA:249,2
DA:250,0
DA:252,2
DA:253,6
DA:254,6
DA:255,6
DA:257,2
DA:258,0
DA:260,2
DA:261,6
DA:263,2
DA:264,6
DA:265,6
DA:266,2
DA:267,2
DA:270,2
DA:271,0
DA:272,0
DA:273,0
DA:274,0
DA:278,2
DA:279,4
DA:280,4
DA:281,4
DA:283,4
DA:285,2
DA:286,5
DA:289,2
DA:290,1
DA:292,2
DA:293,1
DA:295,2
DA:296,1
DA:298,2
DA:300,2
DA:301,2
DA:321,2
DA:322,2
DA:323,36
DA:324,36
DA:325,0
DA:326,0
DA:327,0
DA:328,0
DA:329,0
DA:331,0
DA:332,0
DA:333,0
DA:335,0
DA:338,2
DA:339,2
DA:340,2
DA:341,36
DA:342,36
DA:343,36
DA:344,0
DA:345,0
DA:346,0
DA:347,0
DA:351,0
DA:353,2
DA:354,2
DA:356,2
DA:358,2
DA:359,2
DA:361,0
DA:362,0
DA:363,0
DA:364,0
DA:365,0
DA:366,0
DA:367,0
DA:374,2
DA:378,2
DA:379,2
DA:380,2
DA:382,2
DA:383,18
DA:384,2
DA:386,2
DA:387,2
DA:389,2
DA:390,2
DA:391,2
DA:393,2
DA:394,2
DA:395,2
DA:397,2
DA:398,2
DA:399,2
DA:401,2
DA:402,2
DA:403,2
DA:405,2
DA:406,2
DA:408,2
DA:409,2
DA:411,2
DA:412,2
DA:417,2
DA:418,2
DA:419,2
DA:420,2
DA:422,2
DA:423,10
DA:424,10
DA:425,0
DA:428,10
DA:430,10
DA:435,2
DA:437,2
LF:285
LH:229
BRDA:2,0,0,2
BRDA:2,0,1,2
BRDA:2,0,2,2
BRDA:4,1,0,2
BRDA:4,1,1,0
BRDA:4,1,2,0
BRDA:4,1,3,0
BRDA:6,2,0,0
BRDA:6,2,1,0
BRDA:10,3,0,0
BRDA:10,3,1,2
BRDA:10,4,0,2
BRDA:10,4,1,0
BRDA:14,5,0,0
BRDA:14,5,1,2
BRDA:17,6,0,2
BRDA:17,6,1,2
BRDA:17,6,2,2
BRDA:18,7,0,1
BRDA:18,7,1,0
BRDA:21,8,0,0
BRDA:21,8,1,0
BRDA:28,9,0,2
BRDA:28,9,1,2
BRDA:28,9,2,2
BRDA:29,10,0,0
BRDA:29,10,1,36
BRDA:30,11,0,6
BRDA:30,11,1,6
BRDA:33,12,0,6
BRDA:33,12,1,36
BRDA:34,13,0,6
BRDA:34,13,1,6
BRDA:37,14,0,2
BRDA:37,14,1,2
BRDA:37,14,2,2
BRDA:38,15,0,0
BRDA:38,15,1,36
BRDA:39,16,0,6
BRDA:39,16,1,6
BRDA:42,17,0,0
BRDA:42,17,1,42
BRDA:44,18,0,0
BRDA:44,18,1,84
BRDA:44,19,0,84
BRDA:44,19,1,0
BRDA:44,19,2,0
BRDA:44,20,0,0
BRDA:44,20,1,0
BRDA:44,21,0,0
BRDA:44,21,1,0
BRDA:44,22,0,0
BRDA:44,22,1,0
BRDA:44,23,0,0
BRDA:44,23,1,0
BRDA:45,24,0,0
BRDA:45,24,1,84
BRDA:46,25,0,42
BRDA:46,25,1,42
BRDA:46,25,2,36
BRDA:46,25,3,0
BRDA:46,25,4,0
BRDA:46,25,5,6
BRDA:52,26,0,6
BRDA:52,26,1,0
BRDA:52,27,0,6
BRDA:52,27,1,6
BRDA:52,27,2,6
BRDA:52,28,0,6
BRDA:52,28,1,0
BRDA:53,29,0,0
BRDA:53,29,1,0
BRDA:53,30,0,0
BRDA:53,30,1,0
BRDA:53,30,2,0
BRDA:53,30,3,0
BRDA:54,31,0,0
BRDA:54,31,1,0
BRDA:54,32,0,0
BRDA:54,32,1,0
BRDA:55,33,0,0
BRDA:55,33,1,0
BRDA:55,34,0,0
BRDA:55,34,1,0
BRDA:56,35,0,0
BRDA:56,35,1,0
BRDA:61,36,0,0
BRDA:61,36,1,6
BRDA:61,37,0,6
BRDA:61,37,1,0
BRDA:64,38,0,2
BRDA:64,38,1,2
BRDA:64,38,2,2
BRDA:65,39,0,12
BRDA:65,39,1,12
BRDA:65,40,0,12
BRDA:65,40,1,12
BRDA:66,41,0,12
BRDA:66,41,1,0
BRDA:67,42,0,0
BRDA:67,42,1,0
BRDA:67,43,0,0
BRDA:67,43,1,0
BRDA:69,44,0,0
BRDA:69,44,1,0
BRDA:69,45,0,0
BRDA:69,45,1,0
BRDA:70,46,0,0
BRDA:70,46,1,0
BRDA:73,47,0,0
BRDA:73,47,1,0
BRDA:85,48,0,2
BRDA:85,48,1,2
BRDA:99,49,0,5
BRDA:99,49,1,0
BRDA:104,50,0,1
BRDA:104,50,1,4
BRDA:111,51,0,0
BRDA:111,51,1,3
BRDA:117,52,0,0
BRDA:117,52,1,4
BRDA:120,53,0,1
BRDA:120,53,1,3
BRDA:138,54,0,0
BRDA:138,54,1,10
BRDA:138,55,0,10
BRDA:138,55,1,10
BRDA:138,55,2,0
BRDA:140,56,0,0
BRDA:140,56,1,10
BRDA:162,57,0,4
BRDA:162,57,1,4
BRDA:162,57,2,4
BRDA:162,57,3,4
BRDA:162,57,4,4
BRDA:162,57,5,4
BRDA:166,58,0,1
BRDA:166,58,1,3
BRDA:167,59,0,1
BRDA:167,59,1,3
BRDA:193,60,0,0
BRDA:193,60,1,0
BRDA:198,61,0,2
BRDA:198,61,1,2
BRDA:221,62,0,4
BRDA:221,62,1,0
BRDA:228,63,0,4
BRDA:228,63,1,0
BRDA:230,64,0,1
BRDA:230,64,1,3
BRDA:237,65,0,0
BRDA:237,65,1,0
BRDA:244,66,0,1
BRDA:244,66,1,0
BRDA:253,67,0,6
BRDA:253,67,1,0
BRDA:253,68,0,6
BRDA:253,68,1,6
BRDA:265,69,0,2
BRDA:265,69,1,4
BRDA:272,70,0,0
BRDA:272,70,1,0
BRDA:272,71,0,0
BRDA:272,71,1,0
BRDA:281,72,0,1
BRDA:281,72,1,3
BRDA:324,73,0,0
BRDA:324,73,1,36
BRDA:328,74,0,0
BRDA:328,74,1,0
BRDA:332,75,0,0
BRDA:332,75,1,0
BRDA:343,76,0,0
BRDA:343,76,1,36
BRDA:354,77,0,0
BRDA:354,77,1,2
BRDA:354,78,0,2
BRDA:354,78,1,2
BRDA:354,78,2,0
BRDA:356,79,0,0
BRDA:356,79,1,2
BRDA:364,80,0,0
BRDA:364,80,1,0
BRDA:383,81,0,2
BRDA:383,81,1,2
BRDA:383,81,2,2
BRDA:383,81,3,2
BRDA:383,81,4,2
BRDA:383,81,5,2
BRDA:383,81,6,2
BRDA:383,81,7,2
BRDA:383,81,8,2
BRDA:424,82,0,0
BRDA:424,82,1,10
BRF:194
BRH:103
end_of_record
TN:
SF:src\plugins\range-slider-fox\mvc\view\sub-view\bar.ts
FN:2,(anonymous_0)
FN:3,(anonymous_1)
FN:5,(anonymous_2)
FN:6,(anonymous_3)
FN:9,(anonymous_4)
FN:13,__
FN:17,(anonymous_6)
FN:21,(anonymous_7)
FN:31,(anonymous_8)
FN:33,Bar
FN:39,(anonymous_10)
FN:42,(anonymous_11)
FN:45,(anonymous_12)
FN:48,(anonymous_13)
FN:74,(anonymous_14)
FN:76,(anonymous_15)
FN:84,(anonymous_16)
FN:99,(anonymous_17)
FN:107,(anonymous_18)
FN:121,(anonymous_19)
FN:124,(anonymous_20)
FN:127,(anonymous_21)
FNF:22
FNH:18
FNDA:2,(anonymous_0)
FNDA:2,(anonymous_1)
FNDA:0,(anonymous_2)
FNDA:0,(anonymous_3)
FNDA:2,(anonymous_4)
FNDA:2,__
FNDA:1,(anonymous_6)
FNDA:0,(anonymous_7)
FNDA:2,(anonymous_8)
FNDA:2,Bar
FNDA:4,(anonymous_10)
FNDA:4,(anonymous_11)
FNDA:1,(anonymous_12)
FNDA:1,(anonymous_13)
FNDA:1,(anonymous_14)
FNDA:0,(anonymous_15)
FNDA:4,(anonymous_16)
FNDA:4,(anonymous_17)
FNDA:5,(anonymous_18)
FNDA:1,(anonymous_19)
FNDA:1,(anonymous_20)
FNDA:1,(anonymous_21)
DA:2,2
DA:3,2
DA:4,2
DA:5,0
DA:6,0
DA:7,2
DA:9,2
DA:10,2
DA:11,0
DA:12,2
DA:13,2
DA:14,2
DA:17,2
DA:18,1
DA:19,1
DA:20,0
DA:22,0
DA:23,0
DA:26,0
DA:28,2
DA:29,2
DA:30,2
DA:31,2
DA:32,2
DA:34,2
DA:35,2
DA:36,2
DA:37,2
DA:39,2
DA:40,4
DA:42,2
DA:43,4
DA:44,4
DA:45,4
DA:46,1
DA:47,1
DA:48,1
DA:49,1
DA:50,1
DA:51,0
DA:52,1
DA:53,1
DA:54,1
DA:55,1
DA:56,1
DA:57,1
DA:59,1
DA:60,1
DA:61,0
DA:64,0
DA:65,0
DA:67,1
DA:68,1
DA:70,4
DA:71,1
DA:72,4
DA:74,2
DA:75,1
DA:76,1
DA:77,0
DA:78,0
DA:84,2
DA:85,4
DA:86,1
DA:87,1
DA:88,1
DA:90,3
DA:91,0
DA:92,3
DA:93,2
DA:94,1
DA:95,1
DA:96,1
DA:97,1
DA:99,2
DA:100,4
DA:101,3
DA:102,1
DA:103,1
DA:104,1
DA:105,1
DA:107,2
DA:108,5
DA:109,4
DA:110,1
DA:111,1
DA:112,0
DA:113,0
DA:116,1
DA:117,1
DA:119,1
DA:121,2
DA:122,1
DA:124,2
DA:125,1
DA:127,2
DA:129,1
DA:130,1
DA:131,1
DA:132,1
DA:133,1
DA:136,0
DA:138,1
DA:139,1
DA:141,1
DA:143,1
DA:145,2
DA:147,2
LF:108
LH:91
BRDA:2,0,0,2
BRDA:2,0,1,2
BRDA:2,0,2,2
BRDA:4,1,0,2
BRDA:4,1,1,0
BRDA:4,1,2,0
BRDA:4,1,3,0
BRDA:6,2,0,0
BRDA:6,2,1,0
BRDA:10,3,0,0
BRDA:10,3,1,2
BRDA:10,4,0,2
BRDA:10,4,1,0
BRDA:14,5,0,0
BRDA:14,5,1,2
BRDA:17,6,0,2
BRDA:17,6,1,2
BRDA:17,6,2,2
BRDA:18,7,0,1
BRDA:18,7,1,1
BRDA:18,8,0,1
BRDA:18,8,1,1
BRDA:19,9,0,1
BRDA:19,9,1,0
BRDA:20,10,0,0
BRDA:20,10,1,0
BRDA:20,11,0,0
BRDA:20,11,1,0
BRDA:22,12,0,0
BRDA:22,12,1,0
BRDA:22,13,0,0
BRDA:22,13,1,0
BRDA:23,14,0,0
BRDA:23,14,1,0
BRDA:26,15,0,0
BRDA:26,15,1,0
BRDA:34,16,0,2
BRDA:34,16,1,2
BRDA:44,17,0,1
BRDA:44,17,1,3
BRDA:50,18,0,0
BRDA:50,18,1,1
BRDA:59,19,0,1
BRDA:59,19,1,0
BRDA:60,20,0,0
BRDA:60,20,1,1
BRDA:64,21,0,0
BRDA:64,21,1,0
BRDA:70,22,0,1
BRDA:70,22,1,3
BRDA:77,23,0,0
BRDA:77,23,1,0
BRDA:85,24,0,1
BRDA:85,24,1,3
BRDA:85,25,0,4
BRDA:85,25,1,3
BRDA:90,26,0,0
BRDA:90,26,1,3
BRDA:90,27,0,3
BRDA:90,27,1,1
BRDA:92,28,0,2
BRDA:92,28,1,1
BRDA:92,29,0,3
BRDA:92,29,1,2
BRDA:100,30,0,3
BRDA:100,30,1,1
BRDA:104,31,0,0
BRDA:104,31,1,1
BRDA:108,32,0,4
BRDA:108,32,1,1
BRDA:111,33,0,0
BRDA:111,33,1,1
BRDA:139,34,0,0
BRDA:139,34,1,1
BRDA:139,35,0,1
BRDA:139,35,1,1
BRDA:139,35,2,0
BRDA:141,36,0,0
BRDA:141,36,1,1
BRF:79
BRH:45
end_of_record
TN:
SF:src\plugins\range-slider-fox\mvc\view\sub-view\grid.ts
FN:2,(anonymous_0)
FN:3,(anonymous_1)
FN:5,(anonymous_2)
FN:6,(anonymous_3)
FN:9,(anonymous_4)
FN:13,__
FN:17,(anonymous_6)
FN:21,(anonymous_7)
FN:31,(anonymous_8)
FN:33,Grid
FN:38,(anonymous_10)
FN:67,(anonymous_11)
FN:70,(anonymous_12)
FN:75,(anonymous_13)
FN:77,(anonymous_14)
FN:89,(anonymous_15)
FN:94,(anonymous_16)
FN:103,(anonymous_17)
FN:121,(anonymous_18)
FN:127,(anonymous_19)
FN:134,(anonymous_20)
FN:140,(anonymous_21)
FN:187,(anonymous_22)
FN:189,(anonymous_23)
FN:214,(anonymous_24)
FN:244,(anonymous_25)
FN:252,(anonymous_26)
FN:264,(anonymous_27)
FN:278,(anonymous_28)
FN:287,(anonymous_29)
FN:288,(anonymous_30)
FN:291,(anonymous_31)
FN:296,(anonymous_32)
FN:305,(anonymous_33)
FN:320,(anonymous_34)
FNF:35
FNH:26
FNDA:2,(anonymous_0)
FNDA:2,(anonymous_1)
FNDA:0,(anonymous_2)
FNDA:0,(anonymous_3)
FNDA:2,(anonymous_4)
FNDA:2,__
FNDA:78,(anonymous_6)
FNDA:0,(anonymous_7)
FNDA:2,(anonymous_8)
FNDA:2,Grid
FNDA:1,(anonymous_10)
FNDA:4,(anonymous_11)
FNDA:0,(anonymous_12)
FNDA:1,(anonymous_13)
FNDA:0,(anonymous_14)
FNDA:1,(anonymous_15)
FNDA:1,(anonymous_16)
FNDA:72,(anonymous_17)
FNDA:2,(anonymous_18)
FNDA:1,(anonymous_19)
FNDA:34,(anonymous_20)
FNDA:1,(anonymous_21)
FNDA:5,(anonymous_22)
FNDA:63,(anonymous_23)
FNDA:1,(anonymous_24)
FNDA:2,(anonymous_25)
FNDA:1,(anonymous_26)
FNDA:2,(anonymous_27)
FNDA:1,(anonymous_28)
FNDA:1,(anonymous_29)
FNDA:1,(anonymous_30)
FNDA:0,(anonymous_31)
FNDA:0,(anonymous_32)
FNDA:0,(anonymous_33)
FNDA:0,(anonymous_34)
DA:2,2
DA:3,2
DA:4,2
DA:5,0
DA:6,0
DA:7,2
DA:9,2
DA:10,2
DA:11,0
DA:12,2
DA:13,2
DA:14,2
DA:17,2
DA:18,78
DA:19,78
DA:20,0
DA:22,0
DA:23,0
DA:26,0
DA:28,2
DA:29,2
DA:30,2
DA:31,2
DA:32,2
DA:34,2
DA:35,2
DA:36,2
DA:37,2
DA:38,2
DA:40,1
DA:41,1
DA:42,35
DA:43,35
DA:44,35
DA:45,35
DA:46,35
DA:47,35
DA:48,35
DA:49,35
DA:50,35
DA:51,35
DA:54,0
DA:56,1
DA:57,1
DA:59,1
DA:62,2
DA:63,2
DA:64,2
DA:65,2
DA:67,2
DA:68,4
DA:70,2
DA:71,0
DA:72,0
DA:73,0
DA:75,2
DA:76,1
DA:77,1
DA:78,0
DA:80,0
DA:81,0
DA:82,0
DA:89,2
DA:90,1
DA:91,1
DA:92,1
DA:94,2
DA:95,1
DA:96,1
DA:97,0
DA:98,0
DA:99,0
DA:103,2
DA:105,72
DA:106,72
DA:107,72
DA:108,72
DA:109,72
DA:112,0
DA:114,72
DA:115,72
DA:117,72
DA:119,72
DA:121,2
DA:122,2
DA:123,2
DA:124,2
DA:125,2
DA:126,2
DA:127,2
DA:128,1
DA:130,2
DA:134,2
DA:135,34
DA:136,34
DA:137,34
DA:138,34
DA:140,2
DA:142,1
DA:143,1
DA:144,1
DA:145,1
DA:146,1
DA:147,1
DA:148,0
DA:149,1
DA:150,1
DA:151,1
DA:152,1
DA:153,1
DA:154,1
DA:156,1
DA:157,1
DA:158,1
DA:159,35
DA:160,35
DA:161,35
DA:162,35
DA:163,35
DA:164,0
DA:165,0
DA:166,0
DA:169,35
DA:170,35
DA:171,35
DA:173,35
DA:176,0
DA:178,1
DA:179,1
DA:181,1
DA:183,1
DA:184,1
DA:185,1
DA:186,1
DA:187,1
DA:188,5
DA:189,5
DA:190,63
DA:191,32
DA:192,32
DA:195,31
DA:196,31
DA:197,31
DA:200,5
DA:201,4
DA:202,4
DA:203,4
DA:204,4
DA:205,4
DA:208,1
DA:209,1
DA:210,1
DA:211,1
DA:214,2
DA:216,1
DA:218,1
DA:219,1
DA:220,1
DA:221,1
DA:222,1
DA:223,1
DA:224,4
DA:225,0
DA:227,1
DA:228,5
DA:229,4
DA:230,4
DA:231,31
DA:232,31
DA:235,0
DA:237,4
DA:238,4
DA:240,4
DA:243,1
DA:244,1
DA:245,2
DA:246,2
DA:248,1
DA:249,1
DA:250,1
DA:252,2
DA:253,1
DA:254,0
DA:255,1
DA:256,1
DA:257,1
DA:258,1
DA:259,1
DA:260,1
DA:261,1
DA:262,1
DA:263,1
DA:264,2
DA:267,0
DA:268,0
DA:269,0
DA:270,0
DA:272,1
DA:276,1
DA:278,2
DA:279,1
DA:280,1
DA:281,0
DA:282,1
DA:283,1
DA:285,1
DA:286,1
DA:287,1
DA:288,1
DA:289,1
DA:290,1
DA:291,1
DA:292,0
DA:293,0
DA:295,0
DA:296,0
DA:297,0
DA:298,0
DA:301,1
DA:303,1
DA:305,1
DA:306,0
DA:307,0
DA:310,0
DA:311,0
DA:312,0
DA:313,0
DA:314,0
DA:316,0
DA:320,1
DA:321,0
DA:322,0
DA:323,0
DA:324,0
DA:327,1
DA:329,2
DA:331,2
LF:237
LH:187
BRDA:2,0,0,2
BRDA:2,0,1,2
BRDA:2,0,2,2
BRDA:4,1,0,2
BRDA:4,1,1,0
BRDA:4,1,2,0
BRDA:4,1,3,0
BRDA:6,2,0,0
BRDA:6,2,1,0
BRDA:10,3,0,0
BRDA:10,3,1,2
BRDA:10,4,0,2
BRDA:10,4,1,0
BRDA:14,5,0,0
BRDA:14,5,1,2
BRDA:17,6,0,2
BRDA:17,6,1,2
BRDA:17,6,2,2
BRDA:18,7,0,78
BRDA:18,7,1,78
BRDA:18,8,0,78
BRDA:18,8,1,78
BRDA:19,9,0,78
BRDA:19,9,1,0
BRDA:20,10,0,0
BRDA:20,10,1,0
BRDA:20,11,0,0
BRDA:20,11,1,0
BRDA:22,12,0,0
BRDA:22,12,1,0
BRDA:22,13,0,0
BRDA:22,13,1,0
BRDA:23,14,0,0
BRDA:23,14,1,0
BRDA:26,15,0,0
BRDA:26,15,1,0
BRDA:34,16,0,2
BRDA:34,16,1,2
BRDA:50,17,0,0
BRDA:50,17,1,35
BRDA:57,18,0,0
BRDA:57,18,1,1
BRDA:57,19,0,1
BRDA:57,19,1,1
BRDA:57,19,2,0
BRDA:59,20,0,0
BRDA:59,20,1,1
BRDA:68,21,0,1
BRDA:68,21,1,3
BRDA:73,22,0,0
BRDA:73,22,1,0
BRDA:81,23,0,0
BRDA:81,23,1,0
BRDA:96,24,0,0
BRDA:96,24,1,1
BRDA:115,25,0,0
BRDA:115,25,1,72
BRDA:115,26,0,72
BRDA:115,26,1,72
BRDA:115,26,2,0
BRDA:117,27,0,0
BRDA:117,27,1,72
BRDA:147,28,0,0
BRDA:147,28,1,1
BRDA:153,29,0,1
BRDA:153,29,1,0
BRDA:163,30,0,0
BRDA:163,30,1,35
BRDA:179,31,0,0
BRDA:179,31,1,1
BRDA:179,32,0,1
BRDA:179,32,1,1
BRDA:179,32,2,0
BRDA:181,33,0,0
BRDA:181,33,1,1
BRDA:190,34,0,32
BRDA:190,34,1,31
BRDA:195,35,0,0
BRDA:195,35,1,31
BRDA:200,36,0,4
BRDA:200,36,1,1
BRDA:220,37,0,0
BRDA:220,37,1,1
BRDA:224,38,0,0
BRDA:224,38,1,4
BRDA:228,39,0,4
BRDA:228,39,1,1
BRDA:238,40,0,0
BRDA:238,40,1,4
BRDA:238,41,0,4
BRDA:238,41,1,4
BRDA:238,41,2,0
BRDA:240,42,0,0
BRDA:240,42,1,4
BRDA:253,43,0,0
BRDA:253,43,1,1
BRDA:253,44,0,1
BRDA:253,44,1,1
BRDA:257,45,0,0
BRDA:257,45,1,1
BRDA:258,46,0,0
BRDA:258,46,1,1
BRDA:260,47,0,0
BRDA:260,47,1,1
BRDA:262,48,0,1
BRDA:262,48,1,0
BRDA:269,49,0,0
BRDA:269,49,1,0
BRDA:280,50,0,0
BRDA:280,50,1,1
BRDA:289,51,0,1
BRDA:289,51,1,0
BRDA:292,52,0,0
BRDA:292,52,1,0
BRDA:306,53,0,0
BRDA:306,53,1,0
BRDA:312,54,0,0
BRDA:312,54,1,0
BRDA:313,55,0,0
BRDA:313,55,1,0
BRDA:313,56,0,0
BRDA:313,56,1,0
BRDA:322,57,0,0
BRDA:322,57,1,0
BRF:124
BRH:58
end_of_record
TN:
SF:src\plugins\range-slider-fox\mvc\view\sub-view\handle.ts
FN:2,(anonymous_0)
FN:3,(anonymous_1)
FN:5,(anonymous_2)
FN:6,(anonymous_3)
FN:9,(anonymous_4)
FN:13,__
FN:17,(anonymous_6)
FN:21,(anonymous_7)
FN:31,(anonymous_8)
FN:33,Handle
FN:35,(anonymous_10)
FN:38,(anonymous_11)
FN:55,(anonymous_12)
FN:72,(anonymous_13)
FN:91,(anonymous_14)
FN:97,(anonymous_15)
FN:141,(anonymous_16)
FN:144,(anonymous_17)
FN:166,(anonymous_18)
FN:171,(anonymous_19)
FN:178,(anonymous_20)
FN:193,(anonymous_21)
FN:197,(anonymous_22)
FN:200,(anonymous_23)
FN:207,(anonymous_24)
FN:211,(anonymous_25)
FN:219,(anonymous_26)
FN:223,(anonymous_27)
FN:224,(anonymous_28)
FN:225,(anonymous_29)
FN:229,(anonymous_30)
FN:241,(anonymous_31)
FNF:32
FNH:16
FNDA:2,(anonymous_0)
FNDA:2,(anonymous_1)
FNDA:0,(anonymous_2)
FNDA:0,(anonymous_3)
FNDA:2,(anonymous_4)
FNDA:2,__
FNDA:3,(anonymous_6)
FNDA:0,(anonymous_7)
FNDA:2,(anonymous_8)
FNDA:2,Handle
FNDA:8,(anonymous_10)
FNDA:0,(anonymous_11)
FNDA:0,(anonymous_12)
FNDA:0,(anonymous_13)
FNDA:5,(anonymous_14)
FNDA:3,(anonymous_15)
FNDA:4,(anonymous_16)
FNDA:5,(anonymous_17)
FNDA:5,(anonymous_18)
FNDA:1,(anonymous_19)
FNDA:5,(anonymous_20)
FNDA:0,(anonymous_21)
FNDA:0,(anonymous_22)
FNDA:0,(anonymous_23)
FNDA:0,(anonymous_24)
FNDA:0,(anonymous_25)
FNDA:0,(anonymous_26)
FNDA:3,(anonymous_27)
FNDA:0,(anonymous_28)
FNDA:0,(anonymous_29)
FNDA:0,(anonymous_30)
FNDA:0,(anonymous_31)
DA:2,2
DA:3,2
DA:4,2
DA:5,0
DA:6,0
DA:7,2
DA:9,2
DA:10,2
DA:11,0
DA:12,2
DA:13,2
DA:14,2
DA:17,2
DA:18,3
DA:19,3
DA:20,0
DA:22,0
DA:23,0
DA:26,0
DA:28,2
DA:29,2
DA:30,2
DA:31,2
DA:32,2
DA:34,2
DA:35,2
DA:36,8
DA:38,2
DA:39,0
DA:40,0
DA:41,0
DA:42,0
DA:43,0
DA:44,0
DA:45,0
DA:46,0
DA:55,2
DA:56,0
DA:57,0
DA:58,0
DA:59,0
DA:60,0
DA:61,0
DA:62,0
DA:63,0
DA:64,0
DA:65,0
DA:72,2
DA:73,0
DA:74,0
DA:75,0
DA:76,0
DA:77,0
DA:80,0
DA:82,0
DA:83,0
DA:85,2
DA:86,2
DA:87,2
DA:88,2
DA:89,2
DA:91,2
DA:92,5
DA:93,5
DA:94,0
DA:95,5
DA:96,1
DA:97,4
DA:99,3
DA:100,3
DA:101,3
DA:102,3
DA:103,3
DA:106,0
DA:108,3
DA:109,3
DA:111,3
DA:113,3
DA:114,3
DA:116,4
DA:117,4
DA:118,4
DA:119,4
DA:121,4
DA:122,2
DA:123,2
DA:125,4
DA:127,1
DA:128,1
DA:129,1
DA:134,3
DA:135,1
DA:136,1
DA:139,4
DA:141,2
DA:142,4
DA:143,4
DA:144,4
DA:145,5
DA:146,5
DA:147,2
DA:148,0
DA:149,2
DA:150,2
DA:151,2
DA:154,3
DA:155,2
DA:156,1
DA:157,1
DA:158,1
DA:160,3
DA:162,4
DA:163,4
DA:164,1
DA:166,2
DA:167,5
DA:168,5
DA:169,5
DA:171,2
DA:172,1
DA:173,1
DA:174,1
DA:175,1
DA:178,2
DA:179,5
DA:180,5
DA:181,5
DA:182,0
DA:183,5
DA:184,1
DA:186,5
DA:187,5
DA:188,5
DA:189,5
DA:190,5
DA:191,5
DA:192,5
DA:193,2
DA:194,0
DA:196,5
DA:197,1
DA:198,0
DA:200,5
DA:201,0
DA:207,5
DA:208,0
DA:209,0
DA:211,5
DA:212,0
DA:213,0
DA:219,5
DA:220,0
DA:221,0
DA:223,5
DA:224,3
DA:225,3
DA:227,5
DA:228,1
DA:229,1
DA:230,0
DA:231,0
DA:232,0
DA:233,0
DA:234,0
DA:236,1
DA:237,1
DA:240,5
DA:241,2
DA:242,0
DA:243,0
DA:244,0
DA:245,0
DA:246,0
DA:247,0
DA:249,2
DA:250,2
DA:252,5
DA:254,2
DA:256,2
LF:179
LH:122
BRDA:2,0,0,2
BRDA:2,0,1,2
BRDA:2,0,2,2
BRDA:4,1,0,2
BRDA:4,1,1,0
BRDA:4,1,2,0
BRDA:4,1,3,0
BRDA:6,2,0,0
BRDA:6,2,1,0
BRDA:10,3,0,0
BRDA:10,3,1,2
BRDA:10,4,0,2
BRDA:10,4,1,0
BRDA:14,5,0,0
BRDA:14,5,1,2
BRDA:17,6,0,2
BRDA:17,6,1,2
BRDA:17,6,2,2
BRDA:18,7,0,3
BRDA:18,7,1,3
BRDA:18,8,0,3
BRDA:18,8,1,3
BRDA:19,9,0,3
BRDA:19,9,1,0
BRDA:20,10,0,0
BRDA:20,10,1,0
BRDA:20,11,0,0
BRDA:20,11,1,0
BRDA:22,12,0,0
BRDA:22,12,1,0
BRDA:22,13,0,0
BRDA:22,13,1,0
BRDA:23,14,0,0
BRDA:23,14,1,0
BRDA:26,15,0,0
BRDA:26,15,1,0
BRDA:34,16,0,2
BRDA:34,16,1,2
BRDA:43,17,0,0
BRDA:43,17,1,0
BRDA:44,18,0,0
BRDA:44,18,1,0
BRDA:45,19,0,0
BRDA:45,19,1,0
BRDA:56,20,0,0
BRDA:56,20,1,0
BRDA:57,21,0,0
BRDA:57,21,1,0
BRDA:57,22,0,0
BRDA:57,22,1,0
BRDA:57,22,2,0
BRDA:57,22,3,0
BRDA:59,23,0,0
BRDA:59,23,1,0
BRDA:64,24,0,0
BRDA:64,24,1,0
BRDA:76,25,0,0
BRDA:76,25,1,0
BRDA:92,26,0,1
BRDA:92,26,1,4
BRDA:93,27,0,0
BRDA:93,27,1,5
BRDA:93,28,0,5
BRDA:93,28,1,1
BRDA:93,28,2,1
BRDA:95,29,0,1
BRDA:95,29,1,4
BRDA:95,30,0,5
BRDA:95,30,1,4
BRDA:95,30,2,2
BRDA:109,31,0,0
BRDA:109,31,1,3
BRDA:109,32,0,3
BRDA:109,32,1,3
BRDA:109,32,2,0
BRDA:111,33,0,0
BRDA:111,33,1,3
BRDA:121,34,0,2
BRDA:121,34,1,2
BRDA:125,35,0,1
BRDA:125,35,1,3
BRDA:127,36,0,1
BRDA:127,36,1,0
BRDA:134,37,0,1
BRDA:134,37,1,2
BRDA:143,38,0,1
BRDA:143,38,1,3
BRDA:146,39,0,2
BRDA:146,39,1,3
BRDA:147,40,0,0
BRDA:147,40,1,2
BRDA:154,41,0,2
BRDA:154,41,1,1
BRDA:163,42,0,1
BRDA:163,42,1,3
BRDA:169,43,0,1
BRDA:169,43,1,4
BRDA:172,44,0,1
BRDA:172,44,1,0
BRDA:175,45,0,0
BRDA:175,45,1,1
BRDA:180,46,0,5
BRDA:180,46,1,3
BRDA:181,47,0,0
BRDA:181,47,1,5
BRDA:181,48,0,5
BRDA:181,48,1,1
BRDA:183,49,0,1
BRDA:183,49,1,4
BRDA:183,50,0,5
BRDA:183,50,1,4
BRDA:192,51,0,2
BRDA:192,51,1,3
BRDA:196,52,0,1
BRDA:196,52,1,4
BRDA:196,53,0,5
BRDA:196,53,1,1
BRDA:212,54,0,0
BRDA:212,54,1,0
BRDA:227,55,0,1
BRDA:227,55,1,4
BRDA:228,56,0,1
BRDA:228,56,1,0
BRDA:240,57,0,2
BRDA:240,57,1,3
BRDA:242,58,0,0
BRDA:242,58,1,0
BRF:127
BRH:72
end_of_record
TN:
SF:src\plugins\range-slider-fox\mvc\view\sub-view\hints.ts
FN:2,(anonymous_0)
FN:6,(anonymous_1)
FN:15,(anonymous_2)
FN:16,Hints
FN:18,(anonymous_4)
FN:39,(anonymous_5)
FN:43,(anonymous_6)
FN:47,(anonymous_7)
FN:59,(anonymous_8)
FN:68,(anonymous_9)
FN:75,(anonymous_10)
FN:82,(anonymous_11)
FN:91,(anonymous_12)
FN:100,(anonymous_13)
FN:107,(anonymous_14)
FN:114,(anonymous_15)
FN:121,(anonymous_16)
FN:125,(anonymous_17)
FN:130,(anonymous_18)
FN:134,(anonymous_19)
FN:137,(anonymous_20)
FN:140,(anonymous_21)
FN:150,(anonymous_22)
FN:160,(anonymous_23)
FN:167,(anonymous_24)
FN:174,(anonymous_25)
FN:181,(anonymous_26)
FN:193,(anonymous_27)
FN:239,(anonymous_28)
FN:257,(anonymous_29)
FN:265,(anonymous_30)
FN:268,(anonymous_31)
FN:288,(anonymous_32)
FN:305,(anonymous_33)
FN:324,(anonymous_34)
FN:326,(anonymous_35)
FNF:36
FNH:27
FNDA:8,(anonymous_0)
FNDA:0,(anonymous_1)
FNDA:2,(anonymous_2)
FNDA:2,Hints
FNDA:8,(anonymous_4)
FNDA:4,(anonymous_5)
FNDA:4,(anonymous_6)
FNDA:4,(anonymous_7)
FNDA:4,(anonymous_8)
FNDA:4,(anonymous_9)
FNDA:2,(anonymous_10)
FNDA:1,(anonymous_11)
FNDA:0,(anonymous_12)
FNDA:0,(anonymous_13)
FNDA:0,(anonymous_14)
FNDA:0,(anonymous_15)
FNDA:1,(anonymous_16)
FNDA:17,(anonymous_17)
FNDA:4,(anonymous_18)
FNDA:6,(anonymous_19)
FNDA:3,(anonymous_20)
FNDA:2,(anonymous_21)
FNDA:0,(anonymous_22)
FNDA:0,(anonymous_23)
FNDA:0,(anonymous_24)
FNDA:0,(anonymous_25)
FNDA:6,(anonymous_26)
FNDA:6,(anonymous_27)
FNDA:8,(anonymous_28)
FNDA:17,(anonymous_29)
FNDA:14,(anonymous_30)
FNDA:12,(anonymous_31)
FNDA:6,(anonymous_32)
FNDA:5,(anonymous_33)
FNDA:6,(anonymous_34)
FNDA:29,(anonymous_35)
DA:2,2
DA:3,8
DA:4,8
DA:5,0
DA:7,0
DA:8,0
DA:11,0
DA:13,2
DA:14,2
DA:15,2
DA:17,2
DA:18,2
DA:19,8
DA:20,8
DA:21,3
DA:22,3
DA:23,0
DA:24,0
DA:25,0
DA:28,5
DA:29,5
DA:30,0
DA:31,0
DA:32,0
DA:34,0
DA:36,2
DA:37,2
DA:39,2
DA:40,4
DA:41,4
DA:43,2
DA:44,4
DA:45,4
DA:47,2
DA:48,4
DA:49,4
DA:50,4
DA:51,4
DA:52,2
DA:53,2
DA:54,2
DA:59,2
DA:60,4
DA:61,2
DA:62,2
DA:63,2
DA:64,2
DA:65,2
DA:66,2
DA:68,2
DA:69,4
DA:70,2
DA:71,2
DA:72,2
DA:73,2
DA:75,2
DA:76,2
DA:77,1
DA:78,1
DA:79,1
DA:80,1
DA:82,2
DA:83,1
DA:84,0
DA:85,1
DA:86,1
DA:87,1
DA:88,1
DA:91,2
DA:92,0
DA:93,0
DA:94,0
DA:95,0
DA:96,0
DA:97,0
DA:98,0
DA:100,2
DA:101,0
DA:102,0
DA:103,0
DA:104,0
DA:105,0
DA:107,2
DA:108,0
DA:109,0
DA:110,0
DA:111,0
DA:112,0
DA:114,2
DA:115,0
DA:116,0
DA:117,0
DA:118,0
DA:119,0
DA:121,2
DA:122,1
DA:125,2
DA:126,17
DA:127,17
DA:130,2
DA:131,4
DA:132,4
DA:134,2
DA:135,6
DA:137,2
DA:138,3
DA:140,2
DA:141,2
DA:142,1
DA:143,1
DA:144,1
DA:145,1
DA:146,1
DA:150,2
DA:151,0
DA:152,0
DA:153,0
DA:156,0
DA:157,0
DA:160,2
DA:161,0
DA:162,0
DA:163,0
DA:164,0
DA:165,0
DA:167,2
DA:168,0
DA:169,0
DA:170,0
DA:171,0
DA:172,0
DA:174,2
DA:175,0
DA:176,0
DA:177,0
DA:178,0
DA:179,0
DA:181,2
DA:182,6
DA:183,6
DA:184,6
DA:185,6
DA:186,6
DA:187,6
DA:188,5
DA:189,6
DA:190,3
DA:191,6
DA:193,2
DA:194,6
DA:195,0
DA:197,6
DA:198,6
DA:199,6
DA:201,6
DA:202,6
DA:203,6
DA:204,6
DA:205,6
DA:207,6
DA:208,0
DA:209,0
DA:210,0
DA:211,0
DA:212,0
DA:213,0
DA:216,0
DA:218,0
DA:221,6
DA:222,6
DA:223,6
DA:224,6
DA:225,6
DA:226,6
DA:229,6
DA:237,6
DA:239,2
DA:241,8
DA:242,8
DA:243,8
DA:244,8
DA:245,8
DA:248,0
DA:250,8
DA:251,8
DA:253,8
DA:255,8
DA:257,2
DA:258,17
DA:259,17
DA:260,4
DA:261,17
DA:262,4
DA:263,17
DA:265,2
DA:266,14
DA:268,2
DA:269,12
DA:270,12
DA:271,12
DA:272,11
DA:273,11
DA:274,11
DA:277,12
DA:278,6
DA:283,6
DA:288,2
DA:289,6
DA:290,6
DA:291,6
DA:292,6
DA:293,6
DA:294,6
DA:295,6
DA:296,6
DA:297,6
DA:298,6
DA:299,6
DA:300,6
DA:303,6
DA:305,2
DA:306,5
DA:307,5
DA:308,5
DA:309,5
DA:310,5
DA:311,5
DA:312,3
DA:313,3
DA:314,3
DA:316,5
DA:317,0
DA:320,5
DA:322,5
DA:324,2
DA:325,6
DA:326,6
DA:327,29
DA:328,26
DA:330,6
DA:331,6
DA:332,5
DA:333,5
DA:334,5
DA:335,5
DA:336,5
DA:337,5
DA:338,5
DA:339,0
DA:340,0
DA:341,0
DA:342,0
DA:345,5
DA:346,5
DA:347,5
DA:348,5
DA:353,1
DA:354,1
DA:356,6
DA:357,6
DA:358,6
DA:359,6
DA:362,2
DA:364,2
LF:264
LH:195
BRDA:2,0,0,2
BRDA:2,0,1,2
BRDA:2,0,2,2
BRDA:3,1,0,8
BRDA:3,1,1,8
BRDA:3,2,0,8
BRDA:3,2,1,8
BRDA:4,3,0,8
BRDA:4,3,1,0
BRDA:5,4,0,0
BRDA:5,4,1,0
BRDA:5,5,0,0
BRDA:5,5,1,0
BRDA:7,6,0,0
BRDA:7,6,1,0
BRDA:7,7,0,0
BRDA:7,7,1,0
BRDA:8,8,0,0
BRDA:8,8,1,0
BRDA:11,9,0,0
BRDA:11,9,1,0
BRDA:20,10,0,3
BRDA:20,10,1,5
BRDA:21,11,0,3
BRDA:21,11,1,0
BRDA:28,12,0,5
BRDA:28,12,1,0
BRDA:48,13,0,1
BRDA:48,13,1,3
BRDA:49,14,0,4
BRDA:49,14,1,0
BRDA:51,15,0,2
BRDA:51,15,1,2
BRDA:53,16,0,2
BRDA:53,16,1,0
BRDA:60,17,0,2
BRDA:60,17,1,2
BRDA:60,18,0,4
BRDA:60,18,1,2
BRDA:69,19,0,2
BRDA:69,19,1,2
BRDA:76,20,0,1
BRDA:76,20,1,1
BRDA:83,21,0,0
BRDA:83,21,1,1
BRDA:92,22,0,0
BRDA:92,22,1,0
BRDA:92,23,0,0
BRDA:92,23,1,0
BRDA:101,24,0,0
BRDA:101,24,1,0
BRDA:108,25,0,0
BRDA:108,25,1,0
BRDA:115,26,0,0
BRDA:115,26,1,0
BRDA:122,27,0,0
BRDA:122,27,1,1
BRDA:122,28,0,1
BRDA:122,28,1,1
BRDA:126,29,0,17
BRDA:126,29,1,0
BRDA:141,30,0,1
BRDA:141,30,1,1
BRDA:147,31,0,0
BRDA:147,31,1,1
BRDA:151,32,0,0
BRDA:151,32,1,0
BRDA:161,33,0,0
BRDA:161,33,1,0
BRDA:168,34,0,0
BRDA:168,34,1,0
BRDA:175,35,0,0
BRDA:175,35,1,0
BRDA:185,36,0,6
BRDA:185,36,1,0
BRDA:187,37,0,5
BRDA:187,37,1,1
BRDA:189,38,0,3
BRDA:189,38,1,3
BRDA:194,39,0,0
BRDA:194,39,1,6
BRDA:194,40,0,6
BRDA:194,40,1,0
BRDA:207,41,0,0
BRDA:207,41,1,6
BRDA:212,42,0,0
BRDA:212,42,1,0
BRDA:213,43,0,0
BRDA:213,43,1,0
BRDA:218,44,0,0
BRDA:218,44,1,0
BRDA:225,45,0,6
BRDA:225,45,1,0
BRDA:226,46,0,6
BRDA:226,46,1,0
BRDA:251,47,0,0
BRDA:251,47,1,8
BRDA:251,48,0,8
BRDA:251,48,1,8
BRDA:251,48,2,0
BRDA:253,49,0,0
BRDA:253,49,1,8
BRDA:259,50,0,4
BRDA:259,50,1,13
BRDA:261,51,0,4
BRDA:261,51,1,13
BRDA:266,52,0,0
BRDA:266,52,1,14
BRDA:271,53,0,11
BRDA:271,53,1,1
BRDA:273,54,0,0
BRDA:273,54,1,11
BRDA:274,55,0,0
BRDA:274,55,1,11
BRDA:277,56,0,6
BRDA:277,56,1,6
BRDA:292,57,0,6
BRDA:292,57,1,0
BRDA:296,58,0,0
BRDA:296,58,1,6
BRDA:297,59,0,0
BRDA:297,59,1,6
BRDA:298,60,0,6
BRDA:298,60,1,0
BRDA:300,61,0,0
BRDA:300,61,1,6
BRDA:311,62,0,3
BRDA:311,62,1,2
BRDA:313,63,0,0
BRDA:313,63,1,3
BRDA:314,64,0,0
BRDA:314,64,1,3
BRDA:316,65,0,0
BRDA:316,65,1,5
BRDA:327,66,0,26
BRDA:327,66,1,3
BRDA:328,67,0,5
BRDA:328,67,1,21
BRDA:330,68,0,6
BRDA:330,68,1,0
BRDA:330,69,0,6
BRDA:330,69,1,6
BRDA:331,70,0,5
BRDA:331,70,1,1
BRDA:332,71,0,5
BRDA:332,71,1,0
BRDA:336,72,0,5
BRDA:336,72,1,0
BRDA:338,73,0,0
BRDA:338,73,1,5
BRDA:339,74,0,0
BRDA:339,74,1,0
BRDA:341,75,0,0
BRDA:341,75,1,0
BRDA:345,76,0,5
BRDA:345,76,1,0
BRDA:347,77,0,5
BRDA:347,77,1,0
BRDA:356,78,0,6
BRDA:356,78,1,0
BRDA:356,79,0,6
BRDA:356,79,1,6
BRDA:357,80,0,6
BRDA:357,80,1,0
BRDA:357,81,0,6
BRDA:357,81,1,6
BRF:166
BRH:89
end_of_record
