TN:
SF:src\plugins\range-slider-fox\observer.ts
FN:5,(anonymous_0)
FN:12,(anonymous_1)
FN:13,(anonymous_2)
FN:17,(anonymous_3)
FNF:4
FNH:4
FNDA:421,(anonymous_0)
FNDA:2,(anonymous_1)
FNDA:3,(anonymous_2)
FNDA:708,(anonymous_3)
DA:2,8
DA:3,8
DA:6,421
DA:7,420
DA:8,420
DA:10,1
DA:13,3
DA:14,2
DA:16,142
DA:18,708
DA:19,3380
DA:23,8
LF:12
LH:12
BRDA:6,0,0,420
BRDA:6,0,1,1
BRF:2
BRH:2
end_of_record
TN:
SF:src\plugins\range-slider-fox\range-slider-fox.ts
FN:5,(anonymous_0)
FN:6,(anonymous_1)
FNF:2
FNH:2
FNDA:2,(anonymous_0)
FNDA:2,(anonymous_1)
DA:2,1
DA:3,1
DA:4,1
DA:5,1
DA:6,2
DA:7,2
DA:8,2
DA:12,1
DA:13,1
LF:9
LH:9
BRDA:7,0,0,2
BRDA:7,0,1,0
BRF:2
BRH:1
end_of_record
TN:
SF:src\plugins\range-slider-fox\mvc\controller\controller.ts
FN:5,(anonymous_0)
FN:7,(anonymous_1)
FN:12,(anonymous_2)
FN:15,(anonymous_3)
FN:20,(anonymous_4)
FN:28,(anonymous_5)
FN:37,(anonymous_6)
FN:45,(anonymous_7)
FN:50,(anonymous_8)
FN:51,(anonymous_9)
FN:82,(anonymous_10)
FN:91,(anonymous_11)
FN:95,(anonymous_12)
FN:102,(anonymous_13)
FN:119,(anonymous_14)
FN:126,(anonymous_15)
FN:135,(anonymous_16)
FN:164,(anonymous_17)
FN:179,(anonymous_18)
FN:186,(anonymous_19)
FN:200,(anonymous_20)
FN:215,(anonymous_21)
FN:222,(anonymous_22)
FN:234,(anonymous_23)
FN:256,(anonymous_24)
FN:264,(anonymous_25)
FN:273,(anonymous_26)
FN:280,(anonymous_27)
FN:289,(anonymous_28)
FN:298,(anonymous_29)
FN:305,(anonymous_30)
FN:314,(anonymous_31)
FNF:32
FNH:32
FNDA:21,(anonymous_0)
FNDA:19,(anonymous_1)
FNDA:17,(anonymous_2)
FNDA:18,(anonymous_3)
FNDA:1,(anonymous_4)
FNDA:13,(anonymous_5)
FNDA:2,(anonymous_6)
FNDA:18,(anonymous_7)
FNDA:18,(anonymous_8)
FNDA:36,(anonymous_9)
FNDA:237,(anonymous_10)
FNDA:66,(anonymous_11)
FNDA:3,(anonymous_12)
FNDA:237,(anonymous_13)
FNDA:237,(anonymous_14)
FNDA:66,(anonymous_15)
FNDA:237,(anonymous_16)
FNDA:66,(anonymous_17)
FNDA:237,(anonymous_18)
FNDA:237,(anonymous_19)
FNDA:237,(anonymous_20)
FNDA:237,(anonymous_21)
FNDA:237,(anonymous_22)
FNDA:34,(anonymous_23)
FNDA:237,(anonymous_24)
FNDA:66,(anonymous_25)
FNDA:66,(anonymous_26)
FNDA:237,(anonymous_27)
FNDA:66,(anonymous_28)
FNDA:237,(anonymous_29)
FNDA:66,(anonymous_30)
FNDA:66,(anonymous_31)
DA:2,6
DA:3,6
DA:4,6
DA:5,21
DA:6,6
DA:7,19
DA:9,18
DA:10,18
DA:11,18
DA:12,18
DA:16,18
DA:17,18
DA:18,18
DA:21,1
DA:22,0
DA:23,1
DA:24,1
DA:25,1
DA:26,1
DA:29,13
DA:30,13
DA:31,13
DA:32,12
DA:33,1
DA:34,12
DA:35,12
DA:38,2
DA:39,2
DA:40,2
DA:41,0
DA:42,2
DA:43,2
DA:46,18
DA:47,18
DA:48,18
DA:51,18
DA:52,36
DA:53,360
DA:56,18
DA:70,18
DA:71,18
DA:80,18
DA:82,18
DA:83,237
DA:84,237
DA:85,218
DA:86,19
DA:87,19
DA:88,19
DA:89,19
DA:91,18
DA:92,66
DA:93,66
DA:94,62
DA:95,4
DA:96,3
DA:98,4
DA:99,1
DA:100,4
DA:102,18
DA:103,237
DA:104,237
DA:105,214
DA:106,23
DA:107,23
DA:108,23
DA:109,4
DA:110,23
DA:111,23
DA:112,0
DA:113,0
DA:114,0
DA:116,23
DA:117,23
DA:119,18
DA:120,237
DA:121,237
DA:122,217
DA:123,20
DA:124,20
DA:126,18
DA:127,66
DA:128,66
DA:129,66
DA:130,0
DA:131,0
DA:132,0
DA:133,0
DA:135,18
DA:136,237
DA:137,237
DA:138,207
DA:139,30
DA:140,30
DA:141,30
DA:142,30
DA:143,30
DA:144,30
DA:145,10
DA:146,10
DA:148,30
DA:150,30
DA:151,6
DA:152,30
DA:153,11
DA:156,30
DA:157,11
DA:158,11
DA:161,30
DA:162,30
DA:164,18
DA:165,66
DA:166,66
DA:167,64
DA:168,2
DA:169,0
DA:170,2
DA:177,2
DA:179,18
DA:180,237
DA:181,237
DA:182,217
DA:183,20
DA:184,20
DA:186,18
DA:187,237
DA:188,237
DA:189,217
DA:190,20
DA:191,20
DA:192,1
DA:193,1
DA:194,1
DA:195,1
DA:198,20
DA:200,18
DA:201,237
DA:202,237
DA:203,217
DA:204,20
DA:205,20
DA:206,20
DA:208,20
DA:209,1
DA:210,1
DA:211,1
DA:213,20
DA:215,18
DA:216,237
DA:217,237
DA:218,217
DA:219,20
DA:220,20
DA:222,18
DA:223,237
DA:224,237
DA:225,215
DA:226,22
DA:227,22
DA:228,22
DA:229,22
DA:230,22
DA:231,3
DA:232,22
DA:235,34
DA:236,34
DA:237,34
DA:238,0
DA:239,0
DA:240,0
DA:241,0
DA:242,0
DA:243,0
DA:246,0
DA:248,0
DA:254,34
DA:256,18
DA:257,237
DA:258,237
DA:259,217
DA:260,20
DA:261,20
DA:262,20
DA:264,18
DA:265,66
DA:266,66
DA:267,65
DA:268,1
DA:269,0
DA:270,1
DA:271,1
DA:273,18
DA:274,66
DA:275,66
DA:276,29
DA:277,37
DA:278,37
DA:280,18
DA:281,237
DA:282,237
DA:283,216
DA:284,21
DA:285,21
DA:286,21
DA:287,21
DA:289,18
DA:290,66
DA:291,66
DA:292,65
DA:293,1
DA:294,0
DA:295,1
DA:296,1
DA:298,18
DA:299,237
DA:300,237
DA:301,235
DA:302,2
DA:303,2
DA:305,18
DA:306,66
DA:307,66
DA:308,65
DA:309,1
DA:310,0
DA:311,1
DA:312,1
DA:314,18
DA:315,66
DA:316,66
DA:317,64
DA:318,2
DA:319,2
DA:322,6
LF:234
LH:213
BRDA:21,0,0,0
BRDA:21,0,1,1
BRDA:31,1,0,12
BRDA:31,1,1,1
BRDA:31,2,0,13
BRDA:31,2,1,12
BRDA:32,3,0,1
BRDA:32,3,1,11
BRDA:40,4,0,0
BRDA:40,4,1,2
BRDA:84,5,0,218
BRDA:84,5,1,19
BRDA:93,6,0,62
BRDA:93,6,1,4
BRDA:98,7,0,1
BRDA:98,7,1,3
BRDA:104,8,0,214
BRDA:104,8,1,23
BRDA:107,9,0,23
BRDA:107,9,1,5
BRDA:108,10,0,4
BRDA:108,10,1,19
BRDA:111,11,0,0
BRDA:111,11,1,23
BRDA:111,12,0,23
BRDA:111,12,1,0
BRDA:121,13,0,217
BRDA:121,13,1,20
BRDA:128,14,0,66
BRDA:128,14,1,0
BRDA:130,15,0,0
BRDA:130,15,1,0
BRDA:137,16,0,207
BRDA:137,16,1,30
BRDA:140,17,0,30
BRDA:140,17,1,12
BRDA:144,18,0,10
BRDA:144,18,1,20
BRDA:150,19,0,6
BRDA:150,19,1,24
BRDA:150,20,0,30
BRDA:150,20,1,10
BRDA:152,21,0,11
BRDA:152,21,1,19
BRDA:156,22,0,11
BRDA:156,22,1,19
BRDA:166,23,0,64
BRDA:166,23,1,2
BRDA:168,24,0,0
BRDA:168,24,1,2
BRDA:181,25,0,217
BRDA:181,25,1,20
BRDA:188,26,0,217
BRDA:188,26,1,20
BRDA:190,27,0,20
BRDA:190,27,1,2
BRDA:191,28,0,1
BRDA:191,28,1,19
BRDA:193,29,0,1
BRDA:193,29,1,0
BRDA:202,30,0,217
BRDA:202,30,1,20
BRDA:208,31,0,1
BRDA:208,31,1,19
BRDA:217,32,0,217
BRDA:217,32,1,20
BRDA:224,33,0,215
BRDA:224,33,1,22
BRDA:229,34,0,22
BRDA:229,34,1,4
BRDA:230,35,0,3
BRDA:230,35,1,19
BRDA:237,36,0,0
BRDA:237,36,1,34
BRDA:237,37,0,34
BRDA:237,37,1,34
BRDA:241,38,0,0
BRDA:241,38,1,0
BRDA:258,39,0,217
BRDA:258,39,1,20
BRDA:266,40,0,65
BRDA:266,40,1,1
BRDA:268,41,0,0
BRDA:268,41,1,1
BRDA:275,42,0,29
BRDA:275,42,1,37
BRDA:275,43,0,66
BRDA:275,43,1,55
BRDA:282,44,0,216
BRDA:282,44,1,21
BRDA:291,45,0,65
BRDA:291,45,1,1
BRDA:293,46,0,0
BRDA:293,46,1,1
BRDA:300,47,0,235
BRDA:300,47,1,2
BRDA:307,48,0,65
BRDA:307,48,1,1
BRDA:309,49,0,0
BRDA:309,49,1,1
BRDA:316,50,0,64
BRDA:316,50,1,2
BRF:102
BRH:87
end_of_record
TN:
SF:src\plugins\range-slider-fox\mvc\model\model.ts
FN:48,(anonymous_0)
FN:52,(anonymous_1)
FN:77,(anonymous_2)
FN:106,(anonymous_3)
FN:124,(anonymous_4)
FN:128,(anonymous_5)
FN:133,(anonymous_6)
FN:138,(anonymous_7)
FN:141,(anonymous_8)
FN:219,(anonymous_9)
FN:236,(anonymous_10)
FN:240,(anonymous_11)
FN:244,(anonymous_12)
FN:250,(anonymous_13)
FN:253,(anonymous_14)
FN:258,(anonymous_15)
FN:278,(anonymous_16)
FN:290,(anonymous_17)
FN:293,(anonymous_18)
FN:311,(anonymous_19)
FN:336,(anonymous_20)
FN:381,(anonymous_21)
FN:398,(anonymous_22)
FN:404,(anonymous_23)
FN:413,(anonymous_24)
FN:417,(anonymous_25)
FN:438,(anonymous_26)
FN:460,(anonymous_27)
FN:500,(anonymous_28)
FN:511,(anonymous_29)
FN:514,(anonymous_30)
FN:517,(anonymous_31)
FN:532,(anonymous_32)
FN:538,(anonymous_33)
FN:565,(anonymous_34)
FN:566,(anonymous_35)
FN:567,(anonymous_36)
FN:582,(anonymous_37)
FN:585,(anonymous_38)
FN:588,(anonymous_39)
FN:601,(anonymous_40)
FN:604,(anonymous_41)
FN:614,(anonymous_42)
FN:660,(anonymous_43)
FN:679,(anonymous_44)
FN:697,(anonymous_45)
FN:772,(anonymous_46)
FN:788,(anonymous_47)
FN:840,(anonymous_48)
FN:855,(anonymous_49)
FN:872,(anonymous_50)
FN:889,(anonymous_51)
FN:890,(anonymous_52)
FN:911,(anonymous_53)
FN:965,(anonymous_54)
FN:978,(anonymous_55)
FN:991,(anonymous_56)
FN:994,(anonymous_57)
FN:1014,(anonymous_58)
FN:1017,(anonymous_59)
FNF:60
FNH:57
FNDA:49,(anonymous_0)
FNDA:149,(anonymous_1)
FNDA:2,(anonymous_2)
FNDA:64,(anonymous_3)
FNDA:41,(anonymous_4)
FNDA:45,(anonymous_5)
FNDA:21,(anonymous_6)
FNDA:83,(anonymous_7)
FNDA:12,(anonymous_8)
FNDA:45,(anonymous_9)
FNDA:1,(anonymous_10)
FNDA:1,(anonymous_11)
FNDA:1,(anonymous_12)
FNDA:8,(anonymous_13)
FNDA:301,(anonymous_14)
FNDA:317,(anonymous_15)
FNDA:34,(anonymous_16)
FNDA:5,(anonymous_17)
FNDA:1,(anonymous_18)
FNDA:3,(anonymous_19)
FNDA:13,(anonymous_20)
FNDA:24,(anonymous_21)
FNDA:3,(anonymous_22)
FNDA:8,(anonymous_23)
FNDA:0,(anonymous_24)
FNDA:0,(anonymous_25)
FNDA:0,(anonymous_26)
FNDA:8,(anonymous_27)
FNDA:7,(anonymous_28)
FNDA:17,(anonymous_29)
FNDA:11,(anonymous_30)
FNDA:492,(anonymous_31)
FNDA:11,(anonymous_32)
FNDA:49,(anonymous_33)
FNDA:49,(anonymous_34)
FNDA:49,(anonymous_35)
FNDA:49,(anonymous_36)
FNDA:42,(anonymous_37)
FNDA:42,(anonymous_38)
FNDA:728,(anonymous_39)
FNDA:1132,(anonymous_40)
FNDA:814,(anonymous_41)
FNDA:64,(anonymous_42)
FNDA:64,(anonymous_43)
FNDA:150,(anonymous_44)
FNDA:152,(anonymous_45)
FNDA:64,(anonymous_46)
FNDA:64,(anonymous_47)
FNDA:64,(anonymous_48)
FNDA:64,(anonymous_49)
FNDA:64,(anonymous_50)
FNDA:2,(anonymous_51)
FNDA:2,(anonymous_52)
FNDA:64,(anonymous_53)
FNDA:64,(anonymous_54)
FNDA:64,(anonymous_55)
FNDA:50,(anonymous_56)
FNDA:12,(anonymous_57)
FNDA:3,(anonymous_58)
FNDA:8,(anonymous_59)
DA:2,7
DA:3,7
DA:4,7
DA:36,49
DA:37,49
DA:39,49
DA:40,49
DA:49,49
DA:50,49
DA:53,149
DA:78,2
DA:79,2
DA:80,2
DA:81,42
DA:82,42
DA:84,2
DA:97,2
DA:98,22
DA:103,2
DA:104,2
DA:107,64
DA:108,64
DA:109,64
DA:110,64
DA:111,64
DA:112,64
DA:113,64
DA:114,64
DA:115,64
DA:116,64
DA:117,64
DA:118,64
DA:119,64
DA:120,15
DA:121,64
DA:122,64
DA:125,41
DA:129,45
DA:130,45
DA:131,45
DA:134,21
DA:135,21
DA:136,21
DA:139,83
DA:142,12
DA:143,12
DA:144,12
DA:145,12
DA:146,12
DA:152,12
DA:153,12
DA:154,3
DA:155,12
DA:156,1
DA:157,12
DA:158,12
DA:159,1
DA:160,1
DA:162,11
DA:164,8
DA:165,4
DA:166,4
DA:169,4
DA:170,4
DA:175,3
DA:176,1
DA:178,2
DA:179,3
DA:180,3
DA:184,12
DA:185,8
DA:187,12
DA:188,7
DA:190,12
DA:191,1
DA:192,0
DA:193,1
DA:194,1
DA:196,12
DA:197,12
DA:198,4
DA:199,12
DA:200,2
DA:201,12
DA:202,2
DA:203,12
DA:204,4
DA:205,12
DA:206,0
DA:207,12
DA:208,2
DA:209,1
DA:210,2
DA:211,1
DA:213,12
DA:217,12
DA:220,45
DA:221,42
DA:222,3
DA:223,3
DA:224,3
DA:225,3
DA:226,3
DA:227,243
DA:228,243
DA:229,238
DA:230,238
DA:233,3
DA:234,3
DA:236,49
DA:237,1
DA:238,1
DA:240,49
DA:241,1
DA:242,1
DA:244,49
DA:245,1
DA:246,1
DA:247,1
DA:248,1
DA:251,8
DA:252,8
DA:253,8
DA:254,301
DA:255,301
DA:256,301
DA:258,8
DA:259,317
DA:260,317
DA:262,8
DA:263,8
DA:264,8
DA:265,8
DA:266,8
DA:267,293
DA:268,293
DA:270,8
DA:271,8
DA:275,8
DA:279,34
DA:280,34
DA:281,34
DA:282,13
DA:283,13
DA:286,21
DA:288,34
DA:290,49
DA:291,5
DA:292,5
DA:293,5
DA:294,1
DA:295,1
DA:296,1
DA:298,5
DA:299,2
DA:300,1
DA:302,1
DA:305,3
DA:306,0
DA:308,3
DA:311,49
DA:312,3
DA:313,3
DA:314,3
DA:315,0
DA:317,3
DA:318,2
DA:320,1
DA:321,1
DA:322,1
DA:323,1
DA:326,0
DA:328,3
DA:333,3
DA:336,49
DA:337,13
DA:338,13
DA:339,13
DA:340,13
DA:341,13
DA:342,13
DA:343,13
DA:344,13
DA:345,2
DA:348,11
DA:350,13
DA:351,3
DA:352,3
DA:354,10
DA:355,2
DA:356,2
DA:358,8
DA:359,5
DA:360,5
DA:361,5
DA:362,5
DA:365,3
DA:366,3
DA:368,13
DA:369,9
DA:371,13
DA:372,4
DA:374,13
DA:379,13
DA:382,24
DA:383,22
DA:384,2
DA:385,2
DA:386,2
DA:388,2
DA:394,2
DA:395,2
DA:396,2
DA:398,49
DA:399,3
DA:400,3
DA:401,3
DA:402,3
DA:405,8
DA:406,8
DA:407,8
DA:408,8
DA:409,8
DA:410,8
DA:411,8
DA:412,0
DA:413,0
DA:414,0
DA:415,0
DA:417,0
DA:418,0
DA:419,0
DA:420,0
DA:421,0
DA:422,0
DA:424,0
DA:425,0
DA:426,0
DA:427,0
DA:430,0
DA:431,0
DA:432,0
DA:433,0
DA:436,0
DA:438,0
DA:439,0
DA:440,0
DA:441,0
DA:443,0
DA:444,0
DA:445,0
DA:446,0
DA:449,0
DA:451,0
DA:452,0
DA:453,0
DA:454,0
DA:455,0
DA:456,0
DA:460,8
DA:461,8
DA:462,8
DA:463,4
DA:464,4
DA:467,4
DA:468,4
DA:470,8
DA:471,8
DA:472,0
DA:473,8
DA:474,0
DA:477,8
DA:478,8
DA:479,0
DA:481,8
DA:482,0
DA:483,0
DA:485,8
DA:487,0
DA:488,0
DA:491,0
DA:494,8
DA:498,8
DA:501,7
DA:502,48
DA:503,48
DA:504,4
DA:505,4
DA:509,3
DA:512,17
DA:515,11
DA:518,492
DA:519,492
DA:520,492
DA:521,492
DA:522,1413
DA:523,12
DA:524,1413
DA:525,1413
DA:526,24
DA:527,1413
DA:528,12
DA:530,492
DA:533,11
DA:534,11
DA:535,11
DA:536,11
DA:539,49
DA:540,49
DA:541,49
DA:566,49
DA:567,49
DA:568,49
DA:569,49
DA:570,49
DA:571,49
DA:572,49
DA:573,49
DA:574,49
DA:578,49
DA:579,49
DA:583,42
DA:586,42
DA:589,728
DA:590,728
DA:591,995
DA:592,995
DA:593,553
DA:594,553
DA:597,728
DA:598,175
DA:599,553
DA:602,1132
DA:605,814
DA:606,814
DA:607,814
DA:608,814
DA:609,814
DA:610,17
DA:612,797
DA:615,64
DA:616,10
DA:617,54
DA:618,54
DA:619,54
DA:620,54
DA:621,0
DA:622,54
DA:623,54
DA:624,0
DA:625,54
DA:626,0
DA:627,54
DA:628,0
DA:629,0
DA:630,0
DA:633,54
DA:634,54
DA:635,54
DA:636,54
DA:637,1
DA:638,54
DA:639,0
DA:640,54
DA:641,0
DA:642,54
DA:643,0
DA:644,54
DA:650,54
DA:651,52
DA:656,54
DA:658,0
DA:661,64
DA:666,14
DA:667,50
DA:668,50
DA:669,50
DA:670,50
DA:671,50
DA:672,0
DA:673,50
DA:674,50
DA:675,0
DA:676,50
DA:677,50
DA:678,0
DA:679,50
DA:680,150
DA:681,0
DA:682,150
DA:683,0
DA:684,150
DA:686,50
DA:687,50
DA:688,50
DA:689,50
DA:695,50
DA:698,152
DA:699,56
DA:700,96
DA:701,96
DA:702,96
DA:704,96
DA:705,1
DA:706,95
DA:707,0
DA:708,95
DA:709,68
DA:712,27
DA:713,27
DA:716,0
DA:718,95
DA:719,95
DA:720,0
DA:721,95
DA:722,86
DA:725,9
DA:726,7
DA:727,9
DA:728,0
DA:730,95
DA:732,53
DA:733,53
DA:734,0
DA:735,53
DA:736,0
DA:737,0
DA:738,0
DA:740,53
DA:741,52
DA:744,1
DA:748,42
DA:749,24
DA:752,18
DA:755,95
DA:756,0
DA:757,0
DA:758,0
DA:759,0
DA:761,95
DA:767,95
DA:768,37
DA:769,37
DA:770,95
DA:773,64
DA:774,14
DA:775,1
DA:776,14
DA:778,50
DA:779,43
DA:781,7
DA:782,50
DA:786,50
DA:789,64
DA:795,14
DA:796,50
DA:797,50
DA:798,50
DA:799,50
DA:800,50
DA:801,50
DA:802,50
DA:803,0
DA:804,50
DA:805,50
DA:806,50
DA:807,50
DA:808,50
DA:809,0
DA:811,50
DA:812,0
DA:813,50
DA:814,41
DA:816,50
DA:817,0
DA:819,50
DA:820,50
DA:821,50
DA:822,50
DA:823,43
DA:824,0
DA:825,0
DA:831,50
DA:838,50
DA:841,64
DA:842,14
DA:843,50
DA:844,50
DA:845,50
DA:848,0
DA:849,50
DA:853,50
DA:856,64
DA:857,14
DA:858,50
DA:859,50
DA:860,50
DA:863,0
DA:866,50
DA:870,50
DA:873,64
DA:874,64
DA:880,64
DA:881,64
DA:882,132
DA:883,44
DA:884,44
DA:887,64
DA:888,20
DA:889,44
DA:890,44
DA:891,2
DA:892,1
DA:894,1
DA:895,1
DA:897,44
DA:898,44
DA:899,0
DA:900,44
DA:901,33
DA:902,2
DA:903,44
DA:904,4
DA:905,0
DA:906,44
DA:907,42
DA:908,0
DA:909,44
DA:912,64
DA:918,12
DA:919,52
DA:920,52
DA:921,52
DA:922,52
DA:923,52
DA:924,52
DA:925,52
DA:928,0
DA:930,52
DA:931,52
DA:932,52
DA:935,0
DA:937,52
DA:938,52
DA:939,52
DA:942,0
DA:944,52
DA:945,52
DA:946,52
DA:949,0
DA:951,52
DA:963,52
DA:966,64
DA:967,14
DA:968,1
DA:969,14
DA:971,50
DA:972,50
DA:976,50
DA:979,64
DA:980,13
DA:981,1
DA:982,13
DA:984,51
DA:985,51
DA:989,51
DA:992,50
DA:995,12
DA:996,12
DA:997,12
DA:998,12
DA:999,12
DA:1000,4
DA:1003,8
DA:1005,12
DA:1006,12
DA:1007,6
DA:1010,6
DA:1012,12
DA:1015,3
DA:1018,8
DA:1019,8
DA:1020,8
DA:1021,1
DA:1022,1
DA:1025,7
DA:1026,7
DA:1028,8
DA:1031,7
LF:589
LH:500
BRDA:103,0,0,2
BRDA:103,0,1,0
BRDA:103,1,0,2
BRDA:103,1,1,2
BRDA:119,2,0,15
BRDA:119,2,1,49
BRDA:119,3,0,64
BRDA:119,3,1,15
BRDA:139,4,0,21
BRDA:139,4,1,62
BRDA:153,5,0,3
BRDA:153,5,1,9
BRDA:155,6,0,1
BRDA:155,6,1,11
BRDA:158,7,0,1
BRDA:158,7,1,11
BRDA:162,8,0,8
BRDA:162,8,1,3
BRDA:164,9,0,4
BRDA:164,9,1,4
BRDA:175,10,0,1
BRDA:175,10,1,2
BRDA:184,11,0,8
BRDA:184,11,1,4
BRDA:187,12,0,7
BRDA:187,12,1,5
BRDA:190,13,0,1
BRDA:190,13,1,11
BRDA:190,14,0,12
BRDA:190,14,1,1
BRDA:191,15,0,0
BRDA:191,15,1,1
BRDA:193,16,0,1
BRDA:193,16,1,0
BRDA:193,17,0,1
BRDA:193,17,1,1
BRDA:197,18,0,4
BRDA:197,18,1,8
BRDA:197,19,0,12
BRDA:197,19,1,4
BRDA:199,20,0,2
BRDA:199,20,1,10
BRDA:199,21,0,12
BRDA:199,21,1,2
BRDA:201,22,0,2
BRDA:201,22,1,10
BRDA:201,23,0,12
BRDA:201,23,1,2
BRDA:203,24,0,4
BRDA:203,24,1,8
BRDA:203,25,0,12
BRDA:203,25,1,4
BRDA:205,26,0,0
BRDA:205,26,1,12
BRDA:207,27,0,2
BRDA:207,27,1,10
BRDA:208,28,0,1
BRDA:208,28,1,1
BRDA:210,29,0,1
BRDA:210,29,1,1
BRDA:210,30,0,2
BRDA:210,30,1,2
BRDA:220,31,0,42
BRDA:220,31,1,3
BRDA:228,32,0,238
BRDA:228,32,1,5
BRDA:228,33,0,243
BRDA:228,33,1,241
BRDA:281,34,0,13
BRDA:281,34,1,21
BRDA:298,35,0,2
BRDA:298,35,1,3
BRDA:299,36,0,1
BRDA:299,36,1,1
BRDA:305,37,0,0
BRDA:305,37,1,3
BRDA:314,38,0,0
BRDA:314,38,1,3
BRDA:317,39,0,2
BRDA:317,39,1,1
BRDA:320,40,0,1
BRDA:320,40,1,0
BRDA:323,41,0,0
BRDA:323,41,1,1
BRDA:344,42,0,2
BRDA:344,42,1,11
BRDA:350,43,0,3
BRDA:350,43,1,10
BRDA:354,44,0,2
BRDA:354,44,1,8
BRDA:358,45,0,5
BRDA:358,45,1,3
BRDA:361,46,0,2
BRDA:361,46,1,3
BRDA:362,47,0,2
BRDA:362,47,1,3
BRDA:368,48,0,9
BRDA:368,48,1,4
BRDA:371,49,0,4
BRDA:371,49,1,9
BRDA:382,50,0,22
BRDA:382,50,1,2
BRDA:385,51,0,2
BRDA:385,51,1,0
BRDA:394,52,0,2
BRDA:394,52,1,0
BRDA:410,53,0,8
BRDA:410,53,1,0
BRDA:411,54,0,0
BRDA:411,54,1,8
BRDA:411,55,0,8
BRDA:411,55,1,0
BRDA:411,55,2,0
BRDA:414,56,0,0
BRDA:414,56,1,0
BRDA:415,57,0,0
BRDA:415,57,1,0
BRDA:418,58,0,0
BRDA:418,58,1,0
BRDA:418,59,0,0
BRDA:418,59,1,0
BRDA:419,60,0,0
BRDA:419,60,1,0
BRDA:419,61,0,0
BRDA:419,61,1,0
BRDA:419,61,2,0
BRDA:424,62,0,0
BRDA:424,62,1,0
BRDA:425,63,0,0
BRDA:425,63,1,0
BRDA:430,64,0,0
BRDA:430,64,1,0
BRDA:431,65,0,0
BRDA:431,65,1,0
BRDA:439,66,0,0
BRDA:439,66,1,0
BRDA:439,67,0,0
BRDA:439,67,1,0
BRDA:443,68,0,0
BRDA:443,68,1,0
BRDA:444,69,0,0
BRDA:444,69,1,0
BRDA:453,70,0,0
BRDA:453,70,1,0
BRDA:455,71,0,0
BRDA:455,71,1,0
BRDA:462,72,0,4
BRDA:462,72,1,4
BRDA:463,73,0,2
BRDA:463,73,1,2
BRDA:467,74,0,2
BRDA:467,74,1,2
BRDA:470,75,0,8
BRDA:470,75,1,0
BRDA:471,76,0,0
BRDA:471,76,1,8
BRDA:471,77,0,8
BRDA:471,77,1,0
BRDA:473,78,0,0
BRDA:473,78,1,8
BRDA:473,79,0,8
BRDA:473,79,1,0
BRDA:477,80,0,8
BRDA:477,80,1,0
BRDA:478,81,0,0
BRDA:478,81,1,8
BRDA:478,82,0,8
BRDA:478,82,1,0
BRDA:481,83,0,0
BRDA:481,83,1,8
BRDA:481,84,0,8
BRDA:481,84,1,0
BRDA:485,85,0,4
BRDA:485,85,1,4
BRDA:487,86,0,0
BRDA:487,86,1,0
BRDA:503,87,0,4
BRDA:503,87,1,44
BRDA:505,88,0,2
BRDA:505,88,1,2
BRDA:506,89,0,2
BRDA:506,89,1,0
BRDA:522,90,0,12
BRDA:522,90,1,1401
BRDA:525,91,0,24
BRDA:525,91,1,1389
BRDA:527,92,0,12
BRDA:527,92,1,1401
BRDA:568,93,0,49
BRDA:568,93,1,49
BRDA:569,94,0,49
BRDA:569,94,1,38
BRDA:570,95,0,49
BRDA:570,95,1,9
BRDA:571,96,0,49
BRDA:571,96,1,47
BRDA:578,97,0,49
BRDA:578,97,1,0
BRDA:591,98,0,995
BRDA:591,98,1,442
BRDA:592,99,0,553
BRDA:592,99,1,442
BRDA:597,100,0,175
BRDA:597,100,1,553
BRDA:602,101,0,1114
BRDA:602,101,1,18
BRDA:602,102,0,1132
BRDA:602,102,1,18
BRDA:608,103,0,112
BRDA:608,103,1,702
BRDA:608,104,0,814
BRDA:608,104,1,702
BRDA:609,105,0,17
BRDA:609,105,1,797
BRDA:610,106,0,17
BRDA:610,106,1,0
BRDA:615,107,0,10
BRDA:615,107,1,54
BRDA:620,108,0,0
BRDA:620,108,1,54
BRDA:623,109,0,0
BRDA:623,109,1,54
BRDA:625,110,0,0
BRDA:625,110,1,54
BRDA:625,111,0,54
BRDA:625,111,1,54
BRDA:627,112,0,0
BRDA:627,112,1,54
BRDA:633,113,0,54
BRDA:633,113,1,0
BRDA:633,114,0,54
BRDA:633,114,1,3
BRDA:636,115,0,1
BRDA:636,115,1,53
BRDA:638,116,0,0
BRDA:638,116,1,54
BRDA:640,117,0,0
BRDA:640,117,1,54
BRDA:642,118,0,0
BRDA:642,118,1,54
BRDA:650,119,0,52
BRDA:650,119,1,2
BRDA:661,120,0,14
BRDA:661,120,1,50
BRDA:671,121,0,0
BRDA:671,121,1,50
BRDA:674,122,0,0
BRDA:674,122,1,50
BRDA:677,123,0,0
BRDA:677,123,1,50
BRDA:680,124,0,0
BRDA:680,124,1,150
BRDA:682,125,0,0
BRDA:682,125,1,150
BRDA:698,126,0,56
BRDA:698,126,1,96
BRDA:704,127,0,1
BRDA:704,127,1,95
BRDA:706,128,0,0
BRDA:706,128,1,95
BRDA:708,129,0,68
BRDA:708,129,1,27
BRDA:708,130,0,95
BRDA:708,130,1,59
BRDA:712,131,0,27
BRDA:712,131,1,0
BRDA:719,132,0,0
BRDA:719,132,1,95
BRDA:721,133,0,86
BRDA:721,133,1,9
BRDA:721,134,0,95
BRDA:721,134,1,86
BRDA:725,135,0,7
BRDA:725,135,1,2
BRDA:727,136,0,0
BRDA:727,136,1,9
BRDA:730,137,0,53
BRDA:730,137,1,42
BRDA:733,138,0,0
BRDA:733,138,1,53
BRDA:735,139,0,0
BRDA:735,139,1,53
BRDA:740,140,0,52
BRDA:740,140,1,1
BRDA:748,141,0,24
BRDA:748,141,1,18
BRDA:748,142,0,42
BRDA:748,142,1,42
BRDA:749,143,0,24
BRDA:749,143,1,21
BRDA:752,144,0,18
BRDA:752,144,1,12
BRDA:755,145,0,0
BRDA:755,145,1,95
BRDA:755,146,0,95
BRDA:755,146,1,48
BRDA:756,147,0,0
BRDA:756,147,1,0
BRDA:756,148,0,0
BRDA:756,148,1,0
BRDA:758,149,0,0
BRDA:758,149,1,0
BRDA:767,150,0,37
BRDA:767,150,1,58
BRDA:767,151,0,95
BRDA:767,151,1,47
BRDA:768,152,0,37
BRDA:768,152,1,0
BRDA:773,153,0,14
BRDA:773,153,1,50
BRDA:774,154,0,1
BRDA:774,154,1,13
BRDA:778,155,0,43
BRDA:778,155,1,7
BRDA:789,156,0,14
BRDA:789,156,1,50
BRDA:800,157,0,50
BRDA:800,157,1,0
BRDA:802,158,0,0
BRDA:802,158,1,50
BRDA:802,159,0,50
BRDA:802,159,1,50
BRDA:804,160,0,50
BRDA:804,160,1,0
BRDA:805,161,0,50
BRDA:805,161,1,0
BRDA:806,162,0,50
BRDA:806,162,1,0
BRDA:808,163,0,0
BRDA:808,163,1,50
BRDA:811,164,0,0
BRDA:811,164,1,50
BRDA:813,165,0,41
BRDA:813,165,1,9
BRDA:813,166,0,50
BRDA:813,166,1,42
BRDA:816,167,0,0
BRDA:816,167,1,50
BRDA:816,168,0,50
BRDA:816,168,1,50
BRDA:822,169,0,43
BRDA:822,169,1,7
BRDA:823,170,0,0
BRDA:823,170,1,43
BRDA:841,171,0,14
BRDA:841,171,1,50
BRDA:844,172,0,50
BRDA:844,172,1,0
BRDA:844,173,0,50
BRDA:844,173,1,6
BRDA:856,174,0,14
BRDA:856,174,1,50
BRDA:859,175,0,50
BRDA:859,175,1,0
BRDA:882,176,0,44
BRDA:882,176,1,88
BRDA:887,177,0,20
BRDA:887,177,1,44
BRDA:891,178,0,1
BRDA:891,178,1,1
BRDA:894,179,0,1
BRDA:894,179,1,0
BRDA:897,180,0,44
BRDA:897,180,1,0
BRDA:898,181,0,0
BRDA:898,181,1,44
BRDA:900,182,0,33
BRDA:900,182,1,11
BRDA:901,183,0,2
BRDA:901,183,1,31
BRDA:903,184,0,4
BRDA:903,184,1,40
BRDA:904,185,0,0
BRDA:904,185,1,4
BRDA:906,186,0,42
BRDA:906,186,1,2
BRDA:907,187,0,0
BRDA:907,187,1,42
BRDA:912,188,0,12
BRDA:912,188,1,52
BRDA:924,189,0,52
BRDA:924,189,1,0
BRDA:931,190,0,52
BRDA:931,190,1,0
BRDA:938,191,0,52
BRDA:938,191,1,0
BRDA:945,192,0,52
BRDA:945,192,1,0
BRDA:966,193,0,14
BRDA:966,193,1,50
BRDA:967,194,0,1
BRDA:967,194,1,13
BRDA:979,195,0,13
BRDA:979,195,1,51
BRDA:980,196,0,1
BRDA:980,196,1,12
BRDA:999,197,0,4
BRDA:999,197,1,8
BRDA:1006,198,0,6
BRDA:1006,198,1,6
BRDA:1020,199,0,1
BRDA:1020,199,1,7
BRDA:1020,200,0,8
BRDA:1020,200,1,1
BRF:404
BRH:295
end_of_record
TN:
SF:src\plugins\range-slider-fox\mvc\view\resize.ts
FN:8,(anonymous_0)
FN:11,(anonymous_1)
FN:15,(anonymous_2)
FN:19,(anonymous_3)
FN:33,(anonymous_4)
FN:41,(anonymous_5)
FN:43,(anonymous_6)
FN:48,(anonymous_7)
FNF:8
FNH:7
FNDA:5,(anonymous_0)
FNDA:0,(anonymous_1)
FNDA:5,(anonymous_2)
FNDA:1,(anonymous_3)
FNDA:1,(anonymous_4)
FNDA:5,(anonymous_5)
FNDA:1,(anonymous_6)
FNDA:1,(anonymous_7)
DA:2,7
DA:3,7
DA:9,5
DA:10,5
DA:11,5
DA:12,5
DA:13,5
DA:17,5
DA:18,5
DA:19,5
DA:20,1
DA:21,0
DA:24,1
DA:25,1
DA:26,1
DA:27,1
DA:28,1
DA:32,5
DA:33,5
DA:34,1
DA:35,1
DA:36,1
DA:37,1
DA:42,5
DA:43,5
DA:44,1
DA:45,0
DA:47,1
DA:48,1
DA:49,1
DA:50,1
DA:53,5
DA:56,7
LF:33
LH:31
BRDA:9,0,0,5
BRDA:9,0,1,0
BRDA:10,1,0,5
BRDA:10,1,1,0
BRDA:12,2,0,5
BRDA:12,2,1,0
BRDA:20,3,0,0
BRDA:20,3,1,1
BRDA:26,4,0,1
BRDA:26,4,1,0
BRDA:35,5,0,1
BRDA:35,5,1,0
BRDA:41,6,0,5
BRDA:44,7,0,0
BRDA:44,7,1,1
BRF:15
BRH:8
end_of_record
TN:
SF:src\plugins\range-slider-fox\mvc\view\view.ts
FN:26,(anonymous_0)
FN:33,(anonymous_1)
FN:43,(anonymous_2)
FN:60,(anonymous_3)
FN:71,(anonymous_4)
FN:76,(anonymous_5)
FN:82,(anonymous_6)
FN:83,(anonymous_7)
FN:105,(anonymous_8)
FN:116,(anonymous_9)
FN:117,(anonymous_10)
FN:124,(anonymous_11)
FN:132,(anonymous_12)
FN:135,(anonymous_13)
FN:138,(anonymous_14)
FN:141,(anonymous_15)
FN:145,(anonymous_16)
FN:170,(anonymous_17)
FN:176,(anonymous_18)
FN:179,(anonymous_19)
FN:184,(anonymous_20)
FN:187,(anonymous_21)
FN:190,(anonymous_22)
FN:197,(anonymous_23)
FN:205,(anonymous_24)
FN:212,(anonymous_25)
FN:216,(anonymous_26)
FN:219,(anonymous_27)
FN:222,(anonymous_28)
FN:225,(anonymous_29)
FN:247,(anonymous_30)
FN:274,(anonymous_31)
FN:291,(anonymous_32)
FN:292,(anonymous_33)
FN:303,(anonymous_34)
FN:308,(anonymous_35)
FN:312,(anonymous_36)
FNF:37
FNH:35
FNDA:19,(anonymous_0)
FNDA:2,(anonymous_1)
FNDA:31,(anonymous_2)
FNDA:20,(anonymous_3)
FNDA:22,(anonymous_4)
FNDA:22,(anonymous_5)
FNDA:19,(anonymous_6)
FNDA:95,(anonymous_7)
FNDA:21,(anonymous_8)
FNDA:18,(anonymous_9)
FNDA:1,(anonymous_10)
FNDA:22,(anonymous_11)
FNDA:30,(anonymous_12)
FNDA:30,(anonymous_13)
FNDA:10,(anonymous_14)
FNDA:30,(anonymous_15)
FNDA:22,(anonymous_16)
FNDA:6,(anonymous_17)
FNDA:4,(anonymous_18)
FNDA:34,(anonymous_19)
FNDA:0,(anonymous_20)
FNDA:34,(anonymous_21)
FNDA:34,(anonymous_22)
FNDA:0,(anonymous_23)
FNDA:21,(anonymous_24)
FNDA:32,(anonymous_25)
FNDA:2,(anonymous_26)
FNDA:2,(anonymous_27)
FNDA:2,(anonymous_28)
FNDA:18,(anonymous_29)
FNDA:325,(anonymous_30)
FNDA:1,(anonymous_31)
FNDA:19,(anonymous_32)
FNDA:18,(anonymous_33)
FNDA:18,(anonymous_34)
FNDA:6,(anonymous_35)
FNDA:55,(anonymous_36)
DA:2,6
DA:3,6
DA:4,6
DA:5,6
DA:6,6
DA:7,6
DA:8,6
DA:27,19
DA:28,19
DA:29,19
DA:30,19
DA:31,19
DA:34,2
DA:35,2
DA:36,2
DA:37,2
DA:39,2
DA:40,2
DA:41,1
DA:44,31
DA:45,31
DA:46,31
DA:47,31
DA:48,31
DA:49,31
DA:50,31
DA:51,11
DA:53,31
DA:56,0
DA:58,31
DA:61,20
DA:62,20
DA:63,3
DA:67,3
DA:69,17
DA:72,22
DA:73,22
DA:74,22
DA:77,22
DA:80,22
DA:83,19
DA:84,95
DA:85,95
DA:86,190
DA:88,95
DA:90,19
DA:91,19
DA:93,19
DA:95,19
DA:97,19
DA:99,19
DA:100,19
DA:101,19
DA:102,19
DA:103,19
DA:106,21
DA:107,21
DA:108,21
DA:109,21
DA:110,21
DA:111,21
DA:112,21
DA:113,21
DA:114,21
DA:117,18
DA:118,1
DA:125,22
DA:126,4
DA:127,22
DA:128,22
DA:129,22
DA:133,30
DA:136,30
DA:139,10
DA:142,30
DA:146,22
DA:147,22
DA:148,22
DA:149,20
DA:150,20
DA:153,2
DA:155,22
DA:156,22
DA:157,22
DA:158,7
DA:159,7
DA:163,0
DA:164,0
DA:165,0
DA:166,0
DA:171,6
DA:172,1
DA:173,1
DA:177,4
DA:180,34
DA:181,34
DA:182,34
DA:185,0
DA:188,34
DA:191,34
DA:192,34
DA:193,13
DA:194,13
DA:198,0
DA:199,0
DA:200,0
DA:201,0
DA:206,21
DA:207,21
DA:208,21
DA:210,21
DA:213,32
DA:217,2
DA:220,2
DA:223,2
DA:226,18
DA:246,18
DA:247,18
DA:248,325
DA:249,325
DA:250,4
DA:251,4
DA:252,4
DA:253,4
DA:254,4
DA:256,0
DA:257,0
DA:258,0
DA:260,0
DA:263,18
DA:264,18
DA:265,324
DA:266,324
DA:267,3
DA:268,3
DA:269,3
DA:271,324
DA:273,18
DA:274,18
DA:275,1
DA:276,1
DA:277,1
DA:278,1
DA:279,1
DA:280,1
DA:281,1
DA:287,18
DA:292,19
DA:293,18
DA:294,18
DA:295,18
DA:296,18
DA:297,18
DA:298,18
DA:299,18
DA:300,18
DA:304,18
DA:305,18
DA:306,18
DA:308,19
DA:309,6
DA:310,6
DA:313,55
DA:314,55
DA:315,2
DA:318,53
DA:320,55
DA:326,6
LF:168
LH:154
BRDA:35,0,0,2
BRDA:35,0,1,0
BRDA:40,1,0,1
BRDA:40,1,1,1
BRDA:46,2,0,31
BRDA:46,2,1,0
BRDA:50,3,0,11
BRDA:50,3,1,20
BRDA:61,4,0,20
BRDA:61,4,1,0
BRDA:62,5,0,3
BRDA:62,5,1,17
BRDA:74,6,0,1
BRDA:74,6,1,21
BRDA:77,7,0,1
BRDA:77,7,1,21
BRDA:108,8,0,2
BRDA:108,8,1,19
BRDA:109,9,0,2
BRDA:109,9,1,19
BRDA:120,10,0,0
BRDA:120,10,1,1
BRDA:125,11,0,4
BRDA:125,11,1,18
BRDA:148,12,0,20
BRDA:148,12,1,2
BRDA:155,13,0,22
BRDA:155,13,1,0
BRDA:157,14,0,7
BRDA:157,14,1,15
BRDA:164,15,0,0
BRDA:164,15,1,0
BRDA:171,16,0,1
BRDA:171,16,1,5
BRDA:180,17,0,34
BRDA:180,17,1,0
BRDA:180,18,0,34
BRDA:180,18,1,34
BRDA:192,19,0,13
BRDA:192,19,1,21
BRDA:199,20,0,0
BRDA:199,20,1,0
BRDA:199,21,0,0
BRDA:199,21,1,0
BRDA:208,22,0,1
BRDA:208,22,1,20
BRDA:249,23,0,4
BRDA:249,23,1,321
BRDA:253,24,0,4
BRDA:253,24,1,0
BRDA:257,25,0,0
BRDA:257,25,1,0
BRDA:266,26,0,3
BRDA:266,26,1,321
BRDA:278,27,0,1
BRDA:278,27,1,0
BRDA:314,28,0,2
BRDA:314,28,1,53
BRF:58
BRH:42
end_of_record
TN:
SF:src\plugins\range-slider-fox\mvc\view\sub-view\bar.ts
FN:11,(anonymous_0)
FN:16,(anonymous_1)
FN:19,(anonymous_2)
FN:21,(anonymous_3)
FN:24,(anonymous_4)
FN:51,(anonymous_5)
FN:52,(anonymous_6)
FN:60,(anonymous_7)
FN:76,(anonymous_8)
FN:84,(anonymous_9)
FN:98,(anonymous_10)
FN:101,(anonymous_11)
FN:104,(anonymous_12)
FNF:13
FNH:13
FNDA:24,(anonymous_0)
FNDA:27,(anonymous_1)
FNDA:22,(anonymous_2)
FNDA:3,(anonymous_3)
FNDA:3,(anonymous_4)
FNDA:6,(anonymous_5)
FNDA:1,(anonymous_6)
FNDA:25,(anonymous_7)
FNDA:22,(anonymous_8)
FNDA:34,(anonymous_9)
FNDA:3,(anonymous_10)
FNDA:2,(anonymous_11)
FNDA:6,(anonymous_12)
DA:2,6
DA:3,6
DA:4,6
DA:12,24
DA:13,24
DA:14,24
DA:17,27
DA:20,22
DA:21,22
DA:22,3
DA:23,3
DA:24,3
DA:25,3
DA:26,3
DA:27,1
DA:28,2
DA:29,2
DA:30,2
DA:31,2
DA:32,2
DA:33,2
DA:35,3
DA:36,2
DA:37,0
DA:40,1
DA:41,1
DA:43,2
DA:44,2
DA:45,2
DA:47,22
DA:48,3
DA:49,19
DA:52,6
DA:53,1
DA:54,1
DA:61,25
DA:62,1
DA:63,1
DA:64,1
DA:66,24
DA:67,0
DA:68,24
DA:69,18
DA:70,6
DA:71,6
DA:72,6
DA:73,6
DA:74,6
DA:77,22
DA:78,19
DA:79,3
DA:80,3
DA:81,3
DA:82,3
DA:85,34
DA:86,29
DA:87,5
DA:88,5
DA:89,0
DA:90,0
DA:93,5
DA:94,5
DA:96,5
DA:99,3
DA:102,2
DA:105,6
DA:106,6
DA:107,12
DA:109,6
DA:112,6
LF:70
LH:66
BRDA:20,0,0,3
BRDA:20,0,1,19
BRDA:26,1,0,1
BRDA:26,1,1,2
BRDA:35,2,0,2
BRDA:35,2,1,1
BRDA:36,3,0,0
BRDA:36,3,1,2
BRDA:40,4,0,1
BRDA:40,4,1,0
BRDA:47,5,0,3
BRDA:47,5,1,19
BRDA:53,6,0,0
BRDA:53,6,1,1
BRDA:61,7,0,1
BRDA:61,7,1,24
BRDA:61,8,0,25
BRDA:61,8,1,19
BRDA:66,9,0,0
BRDA:66,9,1,24
BRDA:66,10,0,24
BRDA:66,10,1,6
BRDA:68,11,0,18
BRDA:68,11,1,6
BRDA:68,12,0,24
BRDA:68,12,1,18
BRDA:77,13,0,19
BRDA:77,13,1,3
BRDA:81,14,0,0
BRDA:81,14,1,3
BRDA:85,15,0,29
BRDA:85,15,1,5
BRDA:88,16,0,0
BRDA:88,16,1,5
BRF:34
BRH:28
end_of_record
TN:
SF:src\plugins\range-slider-fox\mvc\view\sub-view\grid.ts
FN:19,(anonymous_0)
FN:25,(anonymous_1)
FN:28,(anonymous_2)
FN:33,(anonymous_3)
FN:49,(anonymous_4)
FN:55,(anonymous_5)
FN:66,(anonymous_6)
FN:70,(anonymous_7)
FN:71,(anonymous_8)
FN:82,(anonymous_9)
FN:89,(anonymous_10)
FN:94,(anonymous_11)
FN:101,(anonymous_12)
FN:107,(anonymous_13)
FN:142,(anonymous_14)
FN:144,(anonymous_15)
FN:168,(anonymous_16)
FN:176,(anonymous_17)
FN:194,(anonymous_18)
FN:202,(anonymous_19)
FN:214,(anonymous_20)
FNF:21
FNH:20
FNDA:24,(anonymous_0)
FNDA:23,(anonymous_1)
FNDA:1,(anonymous_2)
FNDA:5,(anonymous_3)
FNDA:5,(anonymous_4)
FNDA:3,(anonymous_5)
FNDA:1,(anonymous_6)
FNDA:5,(anonymous_7)
FNDA:1,(anonymous_8)
FNDA:422,(anonymous_9)
FNDA:24,(anonymous_10)
FNDA:5,(anonymous_11)
FNDA:154,(anonymous_12)
FNDA:5,(anonymous_13)
FNDA:21,(anonymous_14)
FNDA:282,(anonymous_15)
FNDA:0,(anonymous_16)
FNDA:5,(anonymous_17)
FNDA:8,(anonymous_18)
FNDA:5,(anonymous_19)
FNDA:8,(anonymous_20)
DA:2,6
DA:3,6
DA:4,6
DA:5,6
DA:11,24
DA:12,24
DA:13,24
DA:18,24
DA:20,24
DA:21,24
DA:22,24
DA:23,24
DA:26,23
DA:29,1
DA:30,1
DA:31,1
DA:33,24
DA:34,5
DA:35,199
DA:36,199
DA:37,199
DA:38,199
DA:39,199
DA:40,199
DA:41,199
DA:42,199
DA:43,199
DA:44,199
DA:45,199
DA:47,5
DA:50,5
DA:51,5
DA:52,5
DA:53,5
DA:56,3
DA:57,3
DA:58,1
DA:59,1
DA:60,41
DA:62,1
DA:64,2
DA:67,1
DA:68,1
DA:71,5
DA:72,1
DA:73,1
DA:74,1
DA:75,1
DA:83,422
DA:84,422
DA:85,844
DA:87,422
DA:90,24
DA:91,24
DA:92,24
DA:93,24
DA:94,24
DA:95,5
DA:97,24
DA:102,154
DA:103,154
DA:104,154
DA:105,154
DA:108,5
DA:109,5
DA:110,5
DA:111,5
DA:112,5
DA:113,1
DA:114,5
DA:115,5
DA:116,5
DA:117,5
DA:118,5
DA:119,4
DA:121,5
DA:122,5
DA:123,158
DA:124,158
DA:125,158
DA:126,158
DA:127,0
DA:128,0
DA:129,0
DA:132,158
DA:133,158
DA:134,158
DA:136,158
DA:138,5
DA:139,5
DA:140,5
DA:141,5
DA:142,5
DA:143,21
DA:144,21
DA:145,282
DA:146,146
DA:147,146
DA:150,136
DA:151,136
DA:152,136
DA:155,21
DA:156,16
DA:157,16
DA:158,16
DA:159,16
DA:160,16
DA:163,5
DA:164,5
DA:165,5
DA:166,5
DA:167,4
DA:168,4
DA:169,0
DA:170,0
DA:178,5
DA:179,5
DA:180,5
DA:181,5
DA:182,5
DA:183,5
DA:184,16
DA:185,0
DA:187,5
DA:188,21
DA:189,16
DA:190,142
DA:193,5
DA:194,5
DA:195,8
DA:196,8
DA:198,5
DA:199,5
DA:200,5
DA:203,5
DA:204,1
DA:205,4
DA:206,4
DA:207,4
DA:208,4
DA:209,4
DA:210,4
DA:211,4
DA:212,4
DA:213,4
DA:214,8
DA:217,0
DA:218,0
DA:219,0
DA:220,0
DA:222,4
DA:226,4
DA:229,6
LF:153
LH:143
BRDA:26,0,0,3
BRDA:26,0,1,20
BRDA:31,1,0,0
BRDA:31,1,1,1
BRDA:44,2,0,0
BRDA:44,2,1,199
BRDA:57,3,0,1
BRDA:57,3,1,2
BRDA:74,4,0,1
BRDA:74,4,1,0
BRDA:112,5,0,1
BRDA:112,5,1,4
BRDA:118,6,0,4
BRDA:118,6,1,1
BRDA:126,7,0,0
BRDA:126,7,1,158
BRDA:145,8,0,146
BRDA:145,8,1,136
BRDA:150,9,0,0
BRDA:150,9,1,136
BRDA:155,10,0,16
BRDA:155,10,1,5
BRDA:166,11,0,4
BRDA:166,11,1,1
BRDA:169,12,0,0
BRDA:169,12,1,0
BRDA:169,13,0,0
BRDA:169,13,1,0
BRDA:180,14,0,0
BRDA:180,14,1,5
BRDA:184,15,0,0
BRDA:184,15,1,16
BRDA:188,16,0,16
BRDA:188,16,1,5
BRDA:203,17,0,1
BRDA:203,17,1,4
BRDA:203,18,0,5
BRDA:203,18,1,5
BRDA:207,19,0,0
BRDA:207,19,1,4
BRDA:208,20,0,0
BRDA:208,20,1,4
BRDA:210,21,0,0
BRDA:210,21,1,4
BRDA:212,22,0,4
BRDA:212,22,1,0
BRDA:219,23,0,0
BRDA:219,23,1,0
BRF:48
BRH:31
end_of_record
TN:
SF:src\plugins\range-slider-fox\mvc\view\sub-view\handle.ts
FN:13,(anonymous_0)
FN:20,(anonymous_1)
FN:26,(anonymous_2)
FN:60,(anonymous_3)
FN:62,(anonymous_4)
FN:84,(anonymous_5)
FN:93,(anonymous_6)
FN:102,(anonymous_7)
FN:116,(anonymous_8)
FN:120,(anonymous_9)
FN:123,(anonymous_10)
FN:130,(anonymous_11)
FN:134,(anonymous_12)
FN:142,(anonymous_13)
FN:146,(anonymous_14)
FN:147,(anonymous_15)
FN:148,(anonymous_16)
FN:152,(anonymous_17)
FN:164,(anonymous_18)
FN:177,(anonymous_19)
FN:180,(anonymous_20)
FN:197,(anonymous_21)
FN:214,(anonymous_22)
FNF:23
FNH:21
FNDA:23,(anonymous_0)
FNDA:37,(anonymous_1)
FNDA:32,(anonymous_2)
FNDA:24,(anonymous_3)
FNDA:32,(anonymous_4)
FNDA:33,(anonymous_5)
FNDA:13,(anonymous_6)
FNDA:31,(anonymous_7)
FNDA:2,(anonymous_8)
FNDA:2,(anonymous_9)
FNDA:1,(anonymous_10)
FNDA:1,(anonymous_11)
FNDA:1,(anonymous_12)
FNDA:1,(anonymous_13)
FNDA:25,(anonymous_14)
FNDA:0,(anonymous_15)
FNDA:0,(anonymous_16)
FNDA:1,(anonymous_17)
FNDA:1,(anonymous_18)
FNDA:50,(anonymous_19)
FNDA:2,(anonymous_20)
FNDA:4,(anonymous_21)
FNDA:2,(anonymous_22)
DA:2,6
DA:3,6
DA:4,6
DA:14,23
DA:15,23
DA:16,23
DA:17,23
DA:18,23
DA:21,37
DA:22,37
DA:23,6
DA:24,31
DA:25,6
DA:26,25
DA:27,32
DA:28,32
DA:29,64
DA:31,32
DA:32,32
DA:34,25
DA:35,25
DA:36,25
DA:37,25
DA:39,25
DA:40,23
DA:42,23
DA:44,25
DA:46,9
DA:47,9
DA:48,9
DA:53,16
DA:54,1
DA:55,1
DA:58,25
DA:61,24
DA:62,24
DA:63,32
DA:64,32
DA:65,5
DA:66,1
DA:67,4
DA:68,4
DA:69,4
DA:72,27
DA:73,24
DA:74,3
DA:75,3
DA:76,3
DA:78,7
DA:80,24
DA:81,24
DA:82,8
DA:85,33
DA:86,13
DA:87,13
DA:88,13
DA:89,13
DA:91,20
DA:94,13
DA:95,13
DA:96,13
DA:97,13
DA:98,13
DA:100,0
DA:103,31
DA:104,31
DA:105,5
DA:106,26
DA:107,1
DA:109,26
DA:110,26
DA:111,26
DA:112,26
DA:113,26
DA:114,26
DA:115,26
DA:116,19
DA:117,2
DA:119,26
DA:120,6
DA:121,2
DA:123,26
DA:124,1
DA:130,26
DA:131,1
DA:132,1
DA:134,26
DA:135,1
DA:136,1
DA:142,26
DA:143,1
DA:144,1
DA:146,26
DA:147,25
DA:148,25
DA:150,26
DA:151,6
DA:152,6
DA:153,1
DA:154,1
DA:155,1
DA:156,1
DA:157,1
DA:159,6
DA:160,6
DA:163,26
DA:164,19
DA:165,1
DA:166,1
DA:167,1
DA:168,1
DA:169,1
DA:170,1
DA:172,19
DA:173,19
DA:175,26
DA:177,23
DA:178,50
DA:180,23
DA:181,2
DA:182,2
DA:183,2
DA:184,2
DA:185,2
DA:186,2
DA:187,2
DA:188,2
DA:197,23
DA:198,4
DA:199,4
DA:200,4
DA:201,0
DA:202,0
DA:203,0
DA:204,0
DA:205,0
DA:206,0
DA:207,0
DA:214,23
DA:215,2
DA:216,2
DA:217,2
DA:218,2
DA:219,0
DA:222,2
DA:224,2
DA:225,2
DA:228,6
LF:148
LH:139
BRDA:21,0,0,15
BRDA:21,0,1,22
BRDA:22,1,0,6
BRDA:22,1,1,31
BRDA:22,2,0,37
BRDA:22,2,1,15
BRDA:22,2,2,7
BRDA:24,3,0,6
BRDA:24,3,1,25
BRDA:24,4,0,31
BRDA:24,4,1,22
BRDA:24,4,2,7
BRDA:39,5,0,23
BRDA:39,5,1,2
BRDA:44,6,0,9
BRDA:44,6,1,16
BRDA:46,7,0,9
BRDA:46,7,1,0
BRDA:53,8,0,1
BRDA:53,8,1,15
BRDA:61,9,0,3
BRDA:61,9,1,21
BRDA:64,10,0,5
BRDA:64,10,1,27
BRDA:65,11,0,1
BRDA:65,11,1,4
BRDA:72,12,0,24
BRDA:72,12,1,3
BRDA:81,13,0,8
BRDA:81,13,1,16
BRDA:85,14,0,13
BRDA:85,14,1,20
BRDA:88,15,0,0
BRDA:88,15,1,13
BRDA:94,16,0,13
BRDA:94,16,1,0
BRDA:97,17,0,0
BRDA:97,17,1,13
BRDA:103,18,0,31
BRDA:103,18,1,12
BRDA:104,19,0,5
BRDA:104,19,1,26
BRDA:104,20,0,31
BRDA:104,20,1,11
BRDA:106,21,0,1
BRDA:106,21,1,25
BRDA:106,22,0,26
BRDA:106,22,1,20
BRDA:115,23,0,19
BRDA:115,23,1,7
BRDA:119,24,0,6
BRDA:119,24,1,20
BRDA:119,25,0,26
BRDA:119,25,1,6
BRDA:135,26,0,1
BRDA:135,26,1,0
BRDA:150,27,0,6
BRDA:150,27,1,20
BRDA:151,28,0,6
BRDA:151,28,1,0
BRDA:163,29,0,19
BRDA:163,29,1,7
BRDA:165,30,0,1
BRDA:165,30,1,0
BRDA:185,31,0,0
BRDA:185,31,1,2
BRDA:186,32,0,0
BRDA:186,32,1,2
BRDA:187,33,0,0
BRDA:187,33,1,2
BRDA:198,34,0,4
BRDA:198,34,1,4
BRDA:199,35,0,4
BRDA:199,35,1,0
BRDA:199,36,0,4
BRDA:199,36,1,0
BRDA:199,36,2,4
BRDA:199,36,3,4
BRDA:201,37,0,0
BRDA:201,37,1,0
BRDA:206,38,0,0
BRDA:206,38,1,0
BRDA:218,39,0,0
BRDA:218,39,1,2
BRF:84
BRH:67
end_of_record
TN:
SF:src\plugins\range-slider-fox\mvc\view\sub-view\hints.ts
FN:17,(anonymous_0)
FN:21,(anonymous_1)
FN:26,(anonymous_2)
FN:31,(anonymous_3)
FN:45,(anonymous_4)
FN:56,(anonymous_5)
FN:64,(anonymous_6)
FN:72,(anonymous_7)
FN:82,(anonymous_8)
FN:91,(anonymous_9)
FN:98,(anonymous_10)
FN:105,(anonymous_11)
FN:112,(anonymous_12)
FN:116,(anonymous_13)
FN:121,(anonymous_14)
FN:124,(anonymous_15)
FN:127,(anonymous_16)
FN:137,(anonymous_17)
FN:144,(anonymous_18)
FN:151,(anonymous_19)
FN:158,(anonymous_20)
FN:170,(anonymous_21)
FN:216,(anonymous_22)
FN:222,(anonymous_23)
FN:232,(anonymous_24)
FN:239,(anonymous_25)
FN:247,(anonymous_26)
FN:265,(anonymous_27)
FN:268,(anonymous_28)
FN:288,(anonymous_29)
FN:305,(anonymous_30)
FN:324,(anonymous_31)
FN:326,(anonymous_32)
FNF:33
FNH:33
FNDA:33,(anonymous_0)
FNDA:24,(anonymous_1)
FNDA:23,(anonymous_2)
FNDA:22,(anonymous_3)
FNDA:23,(anonymous_4)
FNDA:27,(anonymous_5)
FNDA:14,(anonymous_6)
FNDA:12,(anonymous_7)
FNDA:4,(anonymous_8)
FNDA:2,(anonymous_9)
FNDA:2,(anonymous_10)
FNDA:2,(anonymous_11)
FNDA:9,(anonymous_12)
FNDA:24,(anonymous_13)
FNDA:34,(anonymous_14)
FNDA:14,(anonymous_15)
FNDA:13,(anonymous_16)
FNDA:2,(anonymous_17)
FNDA:2,(anonymous_18)
FNDA:2,(anonymous_19)
FNDA:34,(anonymous_20)
FNDA:34,(anonymous_21)
FNDA:96,(anonymous_22)
FNDA:6,(anonymous_23)
FNDA:81,(anonymous_24)
FNDA:96,(anonymous_25)
FNDA:36,(anonymous_26)
FNDA:64,(anonymous_27)
FNDA:68,(anonymous_28)
FNDA:34,(anonymous_29)
FNDA:16,(anonymous_30)
FNDA:34,(anonymous_31)
FNDA:144,(anonymous_32)
DA:2,7
DA:3,7
DA:18,33
DA:19,33
DA:22,24
DA:23,24
DA:24,24
DA:27,23
DA:28,23
DA:29,23
DA:32,22
DA:34,22
DA:35,22
DA:36,22
DA:37,7
DA:38,7
DA:39,7
DA:42,22
DA:46,23
DA:47,3
DA:48,20
DA:49,20
DA:50,20
DA:51,20
DA:52,20
DA:53,20
DA:54,20
DA:57,27
DA:58,5
DA:59,22
DA:60,22
DA:61,22
DA:62,22
DA:65,14
DA:66,4
DA:67,10
DA:68,10
DA:69,10
DA:70,10
DA:73,12
DA:74,3
DA:75,9
DA:76,9
DA:77,9
DA:78,9
DA:79,9
DA:83,4
DA:84,1
DA:85,3
DA:86,3
DA:87,3
DA:88,3
DA:89,3
DA:92,2
DA:93,1
DA:94,1
DA:95,1
DA:96,1
DA:99,2
DA:100,1
DA:101,1
DA:102,1
DA:103,1
DA:106,2
DA:107,1
DA:108,1
DA:109,1
DA:110,1
DA:113,9
DA:117,24
DA:118,24
DA:119,24
DA:122,34
DA:125,14
DA:128,13
DA:129,1
DA:130,12
DA:131,12
DA:132,12
DA:133,12
DA:138,2
DA:139,0
DA:140,2
DA:141,2
DA:142,2
DA:145,2
DA:146,0
DA:147,2
DA:148,2
DA:149,2
DA:152,2
DA:153,0
DA:154,2
DA:155,2
DA:156,2
DA:159,34
DA:160,34
DA:161,34
DA:162,34
DA:163,34
DA:164,34
DA:165,16
DA:166,34
DA:167,14
DA:168,34
DA:171,34
DA:172,0
DA:174,34
DA:175,34
DA:176,34
DA:178,34
DA:179,34
DA:180,34
DA:181,34
DA:182,34
DA:184,34
DA:185,1
DA:186,1
DA:187,1
DA:188,1
DA:189,1
DA:190,0
DA:193,1
DA:195,1
DA:198,33
DA:199,33
DA:200,33
DA:201,33
DA:202,33
DA:203,33
DA:206,34
DA:214,34
DA:217,96
DA:218,96
DA:220,0
DA:223,6
DA:224,0
DA:225,0
DA:228,6
DA:229,6
DA:233,81
DA:234,81
DA:235,162
DA:237,81
DA:240,96
DA:241,96
DA:242,4
DA:243,96
DA:244,4
DA:245,96
DA:247,33
DA:248,36
DA:249,36
DA:250,7
DA:251,4
DA:252,3
DA:253,3
DA:254,3
DA:257,29
DA:258,29
DA:259,0
DA:260,0
DA:261,0
DA:263,3
DA:266,64
DA:269,68
DA:270,68
DA:271,68
DA:272,50
DA:273,50
DA:274,50
DA:277,68
DA:278,34
DA:283,34
DA:289,34
DA:290,34
DA:291,34
DA:292,34
DA:293,30
DA:294,30
DA:295,30
DA:296,30
DA:297,30
DA:298,30
DA:299,30
DA:300,30
DA:303,34
DA:306,16
DA:307,16
DA:308,16
DA:309,16
DA:310,16
DA:311,16
DA:312,14
DA:313,14
DA:314,14
DA:316,16
DA:317,0
DA:320,16
DA:322,16
DA:325,34
DA:326,34
DA:327,144
DA:328,124
DA:330,34
DA:331,34
DA:332,16
DA:333,16
DA:334,16
DA:335,16
DA:336,16
DA:337,16
DA:338,16
DA:339,0
DA:340,0
DA:341,0
DA:342,0
DA:345,16
DA:346,16
DA:347,16
DA:348,16
DA:353,18
DA:354,18
DA:356,34
DA:357,30
DA:358,30
DA:359,30
DA:363,7
LF:228
LH:212
BRDA:32,0,0,3
BRDA:32,0,1,19
BRDA:34,1,0,22
BRDA:34,1,1,0
BRDA:36,2,0,7
BRDA:36,2,1,15
BRDA:38,3,0,7
BRDA:38,3,1,0
BRDA:46,4,0,3
BRDA:46,4,1,20
BRDA:46,5,0,23
BRDA:46,5,1,3
BRDA:57,6,0,5
BRDA:57,6,1,22
BRDA:65,7,0,4
BRDA:65,7,1,10
BRDA:73,8,0,3
BRDA:73,8,1,9
BRDA:83,9,0,1
BRDA:83,9,1,3
BRDA:83,10,0,4
BRDA:83,10,1,1
BRDA:92,11,0,1
BRDA:92,11,1,1
BRDA:99,12,0,1
BRDA:99,12,1,1
BRDA:106,13,0,1
BRDA:106,13,1,1
BRDA:113,14,0,7
BRDA:113,14,1,2
BRDA:113,15,0,9
BRDA:113,15,1,3
BRDA:128,16,0,1
BRDA:128,16,1,12
BRDA:134,17,0,0
BRDA:134,17,1,12
BRDA:138,18,0,0
BRDA:138,18,1,2
BRDA:145,19,0,0
BRDA:145,19,1,2
BRDA:152,20,0,0
BRDA:152,20,1,2
BRDA:162,21,0,34
BRDA:162,21,1,0
BRDA:164,22,0,16
BRDA:164,22,1,18
BRDA:166,23,0,14
BRDA:166,23,1,20
BRDA:171,24,0,0
BRDA:171,24,1,34
BRDA:171,25,0,34
BRDA:171,25,1,4
BRDA:184,26,0,1
BRDA:184,26,1,33
BRDA:189,27,0,0
BRDA:189,27,1,1
BRDA:190,28,0,0
BRDA:190,28,1,0
BRDA:195,29,0,1
BRDA:195,29,1,0
BRDA:202,30,0,33
BRDA:202,30,1,0
BRDA:203,31,0,33
BRDA:203,31,1,0
BRDA:217,32,0,96
BRDA:217,32,1,0
BRDA:223,33,0,0
BRDA:223,33,1,6
BRDA:241,34,0,4
BRDA:241,34,1,92
BRDA:243,35,0,4
BRDA:243,35,1,92
BRDA:249,36,0,7
BRDA:249,36,1,29
BRDA:250,37,0,4
BRDA:250,37,1,3
BRDA:257,38,0,29
BRDA:257,38,1,0
BRDA:266,39,0,1
BRDA:266,39,1,63
BRDA:271,40,0,50
BRDA:271,40,1,18
BRDA:273,41,0,1
BRDA:273,41,1,49
BRDA:274,42,0,1
BRDA:274,42,1,49
BRDA:277,43,0,34
BRDA:277,43,1,34
BRDA:292,44,0,30
BRDA:292,44,1,4
BRDA:296,45,0,1
BRDA:296,45,1,29
BRDA:297,46,0,1
BRDA:297,46,1,29
BRDA:298,47,0,30
BRDA:298,47,1,0
BRDA:300,48,0,1
BRDA:300,48,1,29
BRDA:311,49,0,14
BRDA:311,49,1,2
BRDA:313,50,0,0
BRDA:313,50,1,14
BRDA:314,51,0,0
BRDA:314,51,1,14
BRDA:316,52,0,0
BRDA:316,52,1,16
BRDA:327,53,0,124
BRDA:327,53,1,20
BRDA:328,54,0,50
BRDA:328,54,1,74
BRDA:330,55,0,34
BRDA:330,55,1,0
BRDA:330,56,0,34
BRDA:330,56,1,34
BRDA:331,57,0,16
BRDA:331,57,1,18
BRDA:332,58,0,16
BRDA:332,58,1,0
BRDA:336,59,0,16
BRDA:336,59,1,0
BRDA:338,60,0,0
BRDA:338,60,1,16
BRDA:339,61,0,0
BRDA:339,61,1,0
BRDA:341,62,0,0
BRDA:341,62,1,0
BRDA:345,63,0,16
BRDA:345,63,1,0
BRDA:347,64,0,16
BRDA:347,64,1,0
BRDA:356,65,0,30
BRDA:356,65,1,4
BRDA:356,66,0,34
BRDA:356,66,1,30
BRDA:357,67,0,30
BRDA:357,67,1,0
BRDA:357,68,0,30
BRDA:357,68,1,30
BRF:138
BRH:106
end_of_record
